Building DAG of jobs...
Using shell: /usr/bin/bash
Provided cores: 7
Rules claiming more threads will be scaled down.
Job counts:
	count	jobs
	1	all
	94	merge_results
	95
Select jobs to execute...

[Fri Nov 27 13:02:04 2020]
rule merge_results:
    input: data/var_coords_remapped_report/ENSSSCG00000006337.vars.report, data/complete_coords/ENSSSCG00000006337.complete
    output: data/remapped_vars/ENSSSCG00000006337.remapped, data/unmapped_vars/ENSSSCG00000006337.unmapped
    jobid: 259
    wildcards: id=ENSSSCG00000006337

[Fri Nov 27 13:02:04 2020]
rule merge_results:
    input: data/var_coords_remapped_report/ENSSSCG00000008326.vars.report, data/complete_coords/ENSSSCG00000008326.complete
    output: data/remapped_vars/ENSSSCG00000008326.remapped, data/unmapped_vars/ENSSSCG00000008326.unmapped
    jobid: 1
    wildcards: id=ENSSSCG00000008326

[Fri Nov 27 13:02:04 2020]
rule merge_results:
    input: data/var_coords_remapped_report/ENSSSCG00000009002.vars.report, data/complete_coords/ENSSSCG00000009002.complete
    output: data/remapped_vars/ENSSSCG00000009002.remapped, data/unmapped_vars/ENSSSCG00000009002.unmapped
    jobid: 229
    wildcards: id=ENSSSCG00000009002

[Fri Nov 27 13:02:04 2020]
rule merge_results:
    input: data/var_coords_remapped_report/ENSSSCG00000013369.vars.report, data/complete_coords/ENSSSCG00000013369.complete
    output: data/remapped_vars/ENSSSCG00000013369.remapped, data/unmapped_vars/ENSSSCG00000013369.unmapped
    jobid: 65
    wildcards: id=ENSSSCG00000013369

[Fri Nov 27 13:02:04 2020]
rule merge_results:
    input: data/var_coords_remapped_report/ENSSSCG00000016200.vars.report, data/complete_coords/ENSSSCG00000016200.complete
    output: data/remapped_vars/ENSSSCG00000016200.remapped, data/unmapped_vars/ENSSSCG00000016200.unmapped
    jobid: 183
    wildcards: id=ENSSSCG00000016200

[Fri Nov 27 13:02:04 2020]
rule merge_results:
    input: data/var_coords_remapped_report/ENSSSCG00000026583.vars.report, data/complete_coords/ENSSSCG00000026583.complete
    output: data/remapped_vars/ENSSSCG00000026583.remapped, data/unmapped_vars/ENSSSCG00000026583.unmapped
    jobid: 95
    wildcards: id=ENSSSCG00000026583

[Fri Nov 27 13:02:04 2020]
rule merge_results:
    input: data/var_coords_remapped_report/ENSSSCG00000024689.vars.report, data/complete_coords/ENSSSCG00000024689.complete
    output: data/remapped_vars/ENSSSCG00000024689.remapped, data/unmapped_vars/ENSSSCG00000024689.unmapped
    jobid: 125
    wildcards: id=ENSSSCG00000024689

[Fri Nov 27 13:02:05 2020]
Finished job 229.
1 of 95 steps (1%) done
[Fri Nov 27 13:02:05 2020]
Finished job 183.
2 of 95 steps (2%) done
[Fri Nov 27 13:02:05 2020]
Finished job 1.
3 of 95 steps (3%) done
[Fri Nov 27 13:02:05 2020]
Finished job 259.
4 of 95 steps (4%) done
[Fri Nov 27 13:02:05 2020]
Finished job 65.
5 of 95 steps (5%) done
[Fri Nov 27 13:02:05 2020]
Finished job 125.
6 of 95 steps (6%) done
[Fri Nov 27 13:02:05 2020]
Finished job 95.
7 of 95 steps (7%) done
Select jobs to execute...

[Fri Nov 27 13:02:05 2020]
rule merge_results:
    input: data/var_coords_remapped_report/ENSSSCG00000025058.vars.report, data/complete_coords/ENSSSCG00000025058.complete
    output: data/remapped_vars/ENSSSCG00000025058.remapped, data/unmapped_vars/ENSSSCG00000025058.unmapped
    jobid: 49
    wildcards: id=ENSSSCG00000025058

[Fri Nov 27 13:02:05 2020]
rule merge_results:
    input: data/var_coords_remapped_report/ENSSSCG00000017227.vars.report, data/complete_coords/ENSSSCG00000017227.complete
    output: data/remapped_vars/ENSSSCG00000017227.remapped, data/unmapped_vars/ENSSSCG00000017227.unmapped
    jobid: 137
    wildcards: id=ENSSSCG00000017227


[Fri Nov 27 13:02:05 2020]
rule merge_results:
    input: data/var_coords_remapped_report/ENSSSCG00000011862.vars.report, data/complete_coords/ENSSSCG00000011862.complete
    output: data/remapped_vars/ENSSSCG00000011862.remapped, data/unmapped_vars/ENSSSCG00000011862.unmapped
    jobid: 139
    wildcards: id=ENSSSCG00000011862


[Fri Nov 27 13:02:05 2020]
rule merge_results:
    input: data/var_coords_remapped_report/ENSSSCG00000012077.vars.report, data/complete_coords/ENSSSCG00000012077.complete
    output: data/remapped_vars/ENSSSCG00000012077.remapped, data/unmapped_vars/ENSSSCG00000012077.unmapped
    jobid: 123
    wildcards: id=ENSSSCG00000012077


[Fri Nov 27 13:02:05 2020]
rule merge_results:
    input: data/var_coords_remapped_report/ENSSSCG00000004875.vars.report, data/complete_coords/ENSSSCG00000004875.complete
    output: data/remapped_vars/ENSSSCG00000004875.remapped, data/unmapped_vars/ENSSSCG00000004875.unmapped
    jobid: 93
    wildcards: id=ENSSSCG00000004875

[Fri Nov 27 13:02:05 2020]
rule merge_results:
    input: data/var_coords_remapped_report/ENSSSCG00000015616.vars.report, data/complete_coords/ENSSSCG00000015616.complete
    output: data/remapped_vars/ENSSSCG00000015616.remapped, data/unmapped_vars/ENSSSCG00000015616.unmapped
    jobid: 155
    wildcards: id=ENSSSCG00000015616


[Fri Nov 27 13:02:05 2020]
rule merge_results:
    input: data/var_coords_remapped_report/ENSSSCG00000009477.vars.report, data/complete_coords/ENSSSCG00000009477.complete
    output: data/remapped_vars/ENSSSCG00000009477.remapped, data/unmapped_vars/ENSSSCG00000009477.unmapped
    jobid: 185
    wildcards: id=ENSSSCG00000009477

[Fri Nov 27 13:02:06 2020]
Finished job 137.
8 of 95 steps (8%) done
[Fri Nov 27 13:02:06 2020]
Finished job 123.
9 of 95 steps (9%) done
[Fri Nov 27 13:02:06 2020]
Finished job 155.
10 of 95 steps (11%) done
[Fri Nov 27 13:02:06 2020]
Finished job 49.
11 of 95 steps (12%) done
[Fri Nov 27 13:02:06 2020]
Finished job 139.
12 of 95 steps (13%) done
[Fri Nov 27 13:02:06 2020]
Finished job 93.
13 of 95 steps (14%) done
[Fri Nov 27 13:02:06 2020]
Finished job 185.
14 of 95 steps (15%) done
Select jobs to execute...

[Fri Nov 27 13:02:06 2020]
rule merge_results:
    input: data/var_coords_remapped_report/ENSSSCG00000023666.vars.report, data/complete_coords/ENSSSCG00000023666.complete
    output: data/remapped_vars/ENSSSCG00000023666.remapped, data/unmapped_vars/ENSSSCG00000023666.unmapped
    jobid: 51
    wildcards: id=ENSSSCG00000023666

[Fri Nov 27 13:02:06 2020]
rule merge_results:
    input: data/var_coords_remapped_report/ENSSSCG00000029990.vars.report, data/complete_coords/ENSSSCG00000029990.complete
    output: data/remapped_vars/ENSSSCG00000029990.remapped, data/unmapped_vars/ENSSSCG00000029990.unmapped
    jobid: 153
    wildcards: id=ENSSSCG00000029990


[Fri Nov 27 13:02:06 2020]
rule merge_results:
    input: data/var_coords_remapped_report/ENSSSCG00000007744.vars.report, data/complete_coords/ENSSSCG00000007744.complete
    output: data/remapped_vars/ENSSSCG00000007744.remapped, data/unmapped_vars/ENSSSCG00000007744.unmapped
    jobid: 63
    wildcards: id=ENSSSCG00000007744

[Fri Nov 27 13:02:06 2020]
rule merge_results:
    input: data/var_coords_remapped_report/ENSSSCG00000011147.vars.report, data/complete_coords/ENSSSCG00000011147.complete
    output: data/remapped_vars/ENSSSCG00000011147.remapped, data/unmapped_vars/ENSSSCG00000011147.unmapped
    jobid: 239
    wildcards: id=ENSSSCG00000011147


[Fri Nov 27 13:02:06 2020]
rule merge_results:
    input: data/var_coords_remapped_report/ENSSSCG00000002777.vars.report, data/complete_coords/ENSSSCG00000002777.complete
    output: data/remapped_vars/ENSSSCG00000002777.remapped, data/unmapped_vars/ENSSSCG00000002777.unmapped
    jobid: 151
    wildcards: id=ENSSSCG00000002777

[Fri Nov 27 13:02:06 2020]
rule merge_results:
    input: data/var_coords_remapped_report/ENSSSCG00000007214.vars.report, data/complete_coords/ENSSSCG00000007214.complete
    output: data/remapped_vars/ENSSSCG00000007214.remapped, data/unmapped_vars/ENSSSCG00000007214.unmapped
    jobid: 213
    wildcards: id=ENSSSCG00000007214


[Fri Nov 27 13:02:06 2020]
rule merge_results:
    input: data/var_coords_remapped_report/ENSSSCG00000017103.vars.report, data/complete_coords/ENSSSCG00000017103.complete
    output: data/remapped_vars/ENSSSCG00000017103.remapped, data/unmapped_vars/ENSSSCG00000017103.unmapped
    jobid: 215
    wildcards: id=ENSSSCG00000017103

[Fri Nov 27 13:02:07 2020]
Finished job 153.
15 of 95 steps (16%) done
[Fri Nov 27 13:02:07 2020]
Finished job 51.
16 of 95 steps (17%) done
[Fri Nov 27 13:02:07 2020]
Finished job 215.
17 of 95 steps (18%) done
[Fri Nov 27 13:02:07 2020]
Finished job 63.
18 of 95 steps (19%) done
[Fri Nov 27 13:02:07 2020]
Finished job 151.
19 of 95 steps (20%) done
[Fri Nov 27 13:02:07 2020]
Finished job 213.
20 of 95 steps (21%) done
[Fri Nov 27 13:02:07 2020]
Finished job 239.
21 of 95 steps (22%) done
Select jobs to execute...

[Fri Nov 27 13:02:07 2020]
rule merge_results:
    input: data/var_coords_remapped_report/ENSSSCG00000027555.vars.report, data/complete_coords/ENSSSCG00000027555.complete
    output: data/remapped_vars/ENSSSCG00000027555.remapped, data/unmapped_vars/ENSSSCG00000027555.unmapped
    jobid: 193
    wildcards: id=ENSSSCG00000027555


[Fri Nov 27 13:02:07 2020]
rule merge_results:
    input: data/var_coords_remapped_report/ENSSSCG00000010816.vars.report, data/complete_coords/ENSSSCG00000010816.complete
    output: data/remapped_vars/ENSSSCG00000010816.remapped, data/unmapped_vars/ENSSSCG00000010816.unmapped
    jobid: 19
    wildcards: id=ENSSSCG00000010816

[Fri Nov 27 13:02:07 2020]
rule merge_results:
    input: data/var_coords_remapped_report/ENSSSCG00000023876.vars.report, data/complete_coords/ENSSSCG00000023876.complete
    output: data/remapped_vars/ENSSSCG00000023876.remapped, data/unmapped_vars/ENSSSCG00000023876.unmapped
    jobid: 79
    wildcards: id=ENSSSCG00000023876


[Fri Nov 27 13:02:07 2020]
rule merge_results:
    input: data/var_coords_remapped_report/ENSSSCG00000012118.vars.report, data/complete_coords/ENSSSCG00000012118.complete
    output: data/remapped_vars/ENSSSCG00000012118.remapped, data/unmapped_vars/ENSSSCG00000012118.unmapped
    jobid: 191
    wildcards: id=ENSSSCG00000012118

[Fri Nov 27 13:02:07 2020]
rule merge_results:
    input: data/var_coords_remapped_report/ENSSSCG00000007226.vars.report, data/complete_coords/ENSSSCG00000007226.complete
    output: data/remapped_vars/ENSSSCG00000007226.remapped, data/unmapped_vars/ENSSSCG00000007226.unmapped
    jobid: 101
    wildcards: id=ENSSSCG00000007226

[Fri Nov 27 13:02:07 2020]
rule merge_results:
    input: data/var_coords_remapped_report/ENSSSCG00000003141.vars.report, data/complete_coords/ENSSSCG00000003141.complete
    output: data/remapped_vars/ENSSSCG00000003141.remapped, data/unmapped_vars/ENSSSCG00000003141.unmapped
    jobid: 161
    wildcards: id=ENSSSCG00000003141

[Fri Nov 27 13:02:07 2020]
rule merge_results:
    input: data/var_coords_remapped_report/ENSSSCG00000012257.vars.report, data/complete_coords/ENSSSCG00000012257.complete
    output: data/remapped_vars/ENSSSCG00000012257.remapped, data/unmapped_vars/ENSSSCG00000012257.unmapped
    jobid: 71
    wildcards: id=ENSSSCG00000012257

[Fri Nov 27 13:02:08 2020]
Finished job 79.
22 of 95 steps (23%) done
[Fri Nov 27 13:02:08 2020]
Finished job 193.
23 of 95 steps (24%) done
[Fri Nov 27 13:02:08 2020]
Finished job 191.
24 of 95 steps (25%) done
[Fri Nov 27 13:02:08 2020]
Finished job 101.
25 of 95 steps (26%) done
[Fri Nov 27 13:02:08 2020]
Finished job 161.
26 of 95 steps (27%) done
[Fri Nov 27 13:02:08 2020]
Finished job 71.
27 of 95 steps (28%) done
[Fri Nov 27 13:02:08 2020]
Finished job 19.
28 of 95 steps (29%) done
Select jobs to execute...

[Fri Nov 27 13:02:08 2020]
rule merge_results:
    input: data/var_coords_remapped_report/ENSSSCG00000011436.vars.report, data/complete_coords/ENSSSCG00000011436.complete
    output: data/remapped_vars/ENSSSCG00000011436.remapped, data/unmapped_vars/ENSSSCG00000011436.unmapped
    jobid: 81
    wildcards: id=ENSSSCG00000011436

[Fri Nov 27 13:02:08 2020]
rule merge_results:
    input: data/var_coords_remapped_report/ENSSSCG00000008090.vars.report, data/complete_coords/ENSSSCG00000008090.complete
    output: data/remapped_vars/ENSSSCG00000008090.remapped, data/unmapped_vars/ENSSSCG00000008090.unmapped
    jobid: 199
    wildcards: id=ENSSSCG00000008090

[Fri Nov 27 13:02:08 2020]
rule merge_results:
    input: data/var_coords_remapped_report/ENSSSCG00000016273.vars.report, data/complete_coords/ENSSSCG00000016273.complete
    output: data/remapped_vars/ENSSSCG00000016273.remapped, data/unmapped_vars/ENSSSCG00000016273.unmapped
    jobid: 109
    wildcards: id=ENSSSCG00000016273


[Fri Nov 27 13:02:08 2020]
rule merge_results:
    input: data/var_coords_remapped_report/ENSSSCG00000000038.vars.report, data/complete_coords/ENSSSCG00000000038.complete
    output: data/remapped_vars/ENSSSCG00000000038.remapped, data/unmapped_vars/ENSSSCG00000000038.unmapped
    jobid: 251
    wildcards: id=ENSSSCG00000000038


[Fri Nov 27 13:02:08 2020]
rule merge_results:
    input: data/var_coords_remapped_report/ENSSSCG00000026201.vars.report, data/complete_coords/ENSSSCG00000026201.complete
    output: data/remapped_vars/ENSSSCG00000026201.remapped, data/unmapped_vars/ENSSSCG00000026201.unmapped
    jobid: 41
    wildcards: id=ENSSSCG00000026201


[Fri Nov 27 13:02:08 2020]
rule merge_results:
    input: data/var_coords_remapped_report/ENSSSCG00000007522.vars.report, data/complete_coords/ENSSSCG00000007522.complete
    output: data/remapped_vars/ENSSSCG00000007522.remapped, data/unmapped_vars/ENSSSCG00000007522.unmapped
    jobid: 131
    wildcards: id=ENSSSCG00000007522

[Fri Nov 27 13:02:08 2020]
rule merge_results:
    input: data/var_coords_remapped_report/ENSSSCG00000007146.vars.report, data/complete_coords/ENSSSCG00000007146.complete
    output: data/remapped_vars/ENSSSCG00000007146.remapped, data/unmapped_vars/ENSSSCG00000007146.unmapped
    jobid: 33
    wildcards: id=ENSSSCG00000007146

[Fri Nov 27 13:02:09 2020]
Finished job 199.
29 of 95 steps (31%) done
[Fri Nov 27 13:02:09 2020]
Finished job 109.
30 of 95 steps (32%) done
[Fri Nov 27 13:02:09 2020]
Finished job 33.
31 of 95 steps (33%) done
[Fri Nov 27 13:02:09 2020]
Finished job 251.
32 of 95 steps (34%) done
[Fri Nov 27 13:02:09 2020]
Finished job 131.
33 of 95 steps (35%) done
[Fri Nov 27 13:02:09 2020]
Finished job 81.
34 of 95 steps (36%) done
[Fri Nov 27 13:02:09 2020]
Finished job 41.
35 of 95 steps (37%) done
Select jobs to execute...

[Fri Nov 27 13:02:09 2020]
rule merge_results:
    input: data/var_coords_remapped_report/ENSSSCG00000012593.vars.report, data/complete_coords/ENSSSCG00000012593.complete
    output: data/remapped_vars/ENSSSCG00000012593.remapped, data/unmapped_vars/ENSSSCG00000012593.unmapped
    jobid: 25
    wildcards: id=ENSSSCG00000012593

[Fri Nov 27 13:02:09 2020]
rule merge_results:
    input: data/var_coords_remapped_report/ENSSSCG00000011850.vars.report, data/complete_coords/ENSSSCG00000011850.complete
    output: data/remapped_vars/ENSSSCG00000011850.remapped, data/unmapped_vars/ENSSSCG00000011850.unmapped
    jobid: 85
    wildcards: id=ENSSSCG00000011850

[Fri Nov 27 13:02:09 2020]
rule merge_results:
    input: data/var_coords_remapped_report/ENSSSCG00000024973.vars.report, data/complete_coords/ENSSSCG00000024973.complete
    output: data/remapped_vars/ENSSSCG00000024973.remapped, data/unmapped_vars/ENSSSCG00000024973.unmapped
    jobid: 205
    wildcards: id=ENSSSCG00000024973


[Fri Nov 27 13:02:09 2020]
rule merge_results:
    input: data/var_coords_remapped_report/ENSSSCG00000031002.vars.report, data/complete_coords/ENSSSCG00000031002.complete
    output: data/remapped_vars/ENSSSCG00000031002.remapped, data/unmapped_vars/ENSSSCG00000031002.unmapped
    jobid: 21
    wildcards: id=ENSSSCG00000031002

[Fri Nov 27 13:02:09 2020]
rule merge_results:
    input: data/var_coords_remapped_report/ENSSSCG00000015652.vars.report, data/complete_coords/ENSSSCG00000015652.complete
    output: data/remapped_vars/ENSSSCG00000015652.remapped, data/unmapped_vars/ENSSSCG00000015652.unmapped
    jobid: 197
    wildcards: id=ENSSSCG00000015652


[Fri Nov 27 13:02:09 2020]
rule merge_results:
    input: data/var_coords_remapped_report/ENSSSCG00000012371.vars.report, data/complete_coords/ENSSSCG00000012371.complete
    output: data/remapped_vars/ENSSSCG00000012371.remapped, data/unmapped_vars/ENSSSCG00000012371.unmapped
    jobid: 115
    wildcards: id=ENSSSCG00000012371


[Fri Nov 27 13:02:09 2020]
rule merge_results:
    input: data/var_coords_remapped_report/ENSSSCG00000026214.vars.report, data/complete_coords/ENSSSCG00000026214.complete
    output: data/remapped_vars/ENSSSCG00000026214.remapped, data/unmapped_vars/ENSSSCG00000026214.unmapped
    jobid: 27
    wildcards: id=ENSSSCG00000026214

[Fri Nov 27 13:02:10 2020]
Finished job 85.
36 of 95 steps (38%) done
[Fri Nov 27 13:02:10 2020]
Finished job 197.
37 of 95 steps (39%) done
[Fri Nov 27 13:02:10 2020]
Finished job 205.
38 of 95 steps (40%) done
[Fri Nov 27 13:02:10 2020]
Finished job 21.
39 of 95 steps (41%) done
[Fri Nov 27 13:02:10 2020]
Finished job 27.
40 of 95 steps (42%) done
[Fri Nov 27 13:02:10 2020]
Finished job 115.
41 of 95 steps (43%) done
[Fri Nov 27 13:02:10 2020]
Finished job 25.
42 of 95 steps (44%) done
Select jobs to execute...

[Fri Nov 27 13:02:10 2020]
rule merge_results:
    input: data/var_coords_remapped_report/ENSSSCG00000008842.vars.report, data/complete_coords/ENSSSCG00000008842.complete
    output: data/remapped_vars/ENSSSCG00000008842.remapped, data/unmapped_vars/ENSSSCG00000008842.unmapped
    jobid: 47
    wildcards: id=ENSSSCG00000008842

[Fri Nov 27 13:02:10 2020]
rule merge_results:
    input: data/var_coords_remapped_report/ENSSSCG00000003130.vars.report, data/complete_coords/ENSSSCG00000003130.complete
    output: data/remapped_vars/ENSSSCG00000003130.remapped, data/unmapped_vars/ENSSSCG00000003130.unmapped
    jobid: 227
    wildcards: id=ENSSSCG00000003130


[Fri Nov 27 13:02:10 2020]
rule merge_results:
    input: data/var_coords_remapped_report/ENSSSCG00000002686.vars.report, data/complete_coords/ENSSSCG00000002686.complete
    output: data/remapped_vars/ENSSSCG00000002686.remapped, data/unmapped_vars/ENSSSCG00000002686.unmapped
    jobid: 107
    wildcards: id=ENSSSCG00000002686

[Fri Nov 27 13:02:10 2020]
rule merge_results:
    input: data/var_coords_remapped_report/ENSSSCG00000022432.vars.report, data/complete_coords/ENSSSCG00000022432.complete
    output: data/remapped_vars/ENSSSCG00000022432.remapped, data/unmapped_vars/ENSSSCG00000022432.unmapped
    jobid: 257
    wildcards: id=ENSSSCG00000022432


[Fri Nov 27 13:02:10 2020]
rule merge_results:
    input: data/var_coords_remapped_report/ENSSSCG00000007277.vars.report, data/complete_coords/ENSSSCG00000007277.complete
    output: data/remapped_vars/ENSSSCG00000007277.remapped, data/unmapped_vars/ENSSSCG00000007277.unmapped
    jobid: 167
    wildcards: id=ENSSSCG00000007277

[Fri Nov 27 13:02:10 2020]
rule merge_results:
    input: data/var_coords_remapped_report/ENSSSCG00000005488.vars.report, data/complete_coords/ENSSSCG00000005488.complete
    output: data/remapped_vars/ENSSSCG00000005488.remapped, data/unmapped_vars/ENSSSCG00000005488.unmapped
    jobid: 235
    wildcards: id=ENSSSCG00000005488


[Fri Nov 27 13:02:10 2020]
rule merge_results:
    input: data/var_coords_remapped_report/ENSSSCG00000007217.vars.report, data/complete_coords/ENSSSCG00000007217.complete
    output: data/remapped_vars/ENSSSCG00000007217.remapped, data/unmapped_vars/ENSSSCG00000007217.unmapped
    jobid: 117
    wildcards: id=ENSSSCG00000007217

[Fri Nov 27 13:02:11 2020]
Finished job 107.
43 of 95 steps (45%) done
[Fri Nov 27 13:02:11 2020]
Finished job 227.
44 of 95 steps (46%) done
[Fri Nov 27 13:02:11 2020]
Finished job 117.
45 of 95 steps (47%) done
[Fri Nov 27 13:02:11 2020]
Finished job 235.
46 of 95 steps (48%) done
[Fri Nov 27 13:02:11 2020]
Finished job 47.
47 of 95 steps (49%) done
[Fri Nov 27 13:02:11 2020]
Finished job 167.
48 of 95 steps (51%) done
[Fri Nov 27 13:02:11 2020]
Finished job 257.
49 of 95 steps (52%) done
Select jobs to execute...

[Fri Nov 27 13:02:11 2020]
rule merge_results:
    input: data/var_coords_remapped_report/ENSSSCG00000020924.vars.report, data/complete_coords/ENSSSCG00000020924.complete
    output: data/remapped_vars/ENSSSCG00000020924.remapped, data/unmapped_vars/ENSSSCG00000020924.unmapped
    jobid: 111
    wildcards: id=ENSSSCG00000020924

[Fri Nov 27 13:02:11 2020]
rule merge_results:
    input: data/var_coords_remapped_report/ENSSSCG00000010459.vars.report, data/complete_coords/ENSSSCG00000010459.complete
    output: data/remapped_vars/ENSSSCG00000010459.remapped, data/unmapped_vars/ENSSSCG00000010459.unmapped
    jobid: 103
    wildcards: id=ENSSSCG00000010459


[Fri Nov 27 13:02:11 2020]
rule merge_results:
    input: data/var_coords_remapped_report/ENSSSCG00000006648.vars.report, data/complete_coords/ENSSSCG00000006648.complete
    output: data/remapped_vars/ENSSSCG00000006648.remapped, data/unmapped_vars/ENSSSCG00000006648.unmapped
    jobid: 77
    wildcards: id=ENSSSCG00000006648


[Fri Nov 27 13:02:11 2020]
rule merge_results:
    input: data/var_coords_remapped_report/ENSSSCG00000002749.vars.report, data/complete_coords/ENSSSCG00000002749.complete
    output: data/remapped_vars/ENSSSCG00000002749.remapped, data/unmapped_vars/ENSSSCG00000002749.unmapped
    jobid: 17
    wildcards: id=ENSSSCG00000002749


[Fri Nov 27 13:02:11 2020]
rule merge_results:
    input: data/var_coords_remapped_report/ENSSSCG00000005193.vars.report, data/complete_coords/ENSSSCG00000005193.complete
    output: data/remapped_vars/ENSSSCG00000005193.remapped, data/unmapped_vars/ENSSSCG00000005193.unmapped
    jobid: 141
    wildcards: id=ENSSSCG00000005193

[Fri Nov 27 13:02:11 2020]
rule merge_results:
    input: data/var_coords_remapped_report/ENSSSCG00000026409.vars.report, data/complete_coords/ENSSSCG00000026409.complete
    output: data/remapped_vars/ENSSSCG00000026409.remapped, data/unmapped_vars/ENSSSCG00000026409.unmapped
    jobid: 3
    wildcards: id=ENSSSCG00000026409


[Fri Nov 27 13:02:11 2020]
rule merge_results:
    input: data/var_coords_remapped_report/ENSSSCG00000026109.vars.report, data/complete_coords/ENSSSCG00000026109.complete
    output: data/remapped_vars/ENSSSCG00000026109.remapped, data/unmapped_vars/ENSSSCG00000026109.unmapped
    jobid: 243
    wildcards: id=ENSSSCG00000026109

[Fri Nov 27 13:02:12 2020]
Finished job 17.
50 of 95 steps (53%) done
[Fri Nov 27 13:02:12 2020]
Finished job 77.
51 of 95 steps (54%) done
[Fri Nov 27 13:02:12 2020]
Finished job 111.
52 of 95 steps (55%) done
[Fri Nov 27 13:02:12 2020]
Finished job 243.
53 of 95 steps (56%) done
[Fri Nov 27 13:02:12 2020]
Finished job 103.
54 of 95 steps (57%) done
[Fri Nov 27 13:02:12 2020]
Finished job 3.
55 of 95 steps (58%) done
[Fri Nov 27 13:02:12 2020]
Finished job 141.
56 of 95 steps (59%) done
Select jobs to execute...

[Fri Nov 27 13:02:12 2020]
rule merge_results:
    input: data/var_coords_remapped_report/ENSSSCG00000010310.vars.report, data/complete_coords/ENSSSCG00000010310.complete
    output: data/remapped_vars/ENSSSCG00000010310.remapped, data/unmapped_vars/ENSSSCG00000010310.unmapped
    jobid: 169
    wildcards: id=ENSSSCG00000010310

[Fri Nov 27 13:02:12 2020]
rule merge_results:
    input: data/var_coords_remapped_report/ENSSSCG00000002756.vars.report, data/complete_coords/ENSSSCG00000002756.complete
    output: data/remapped_vars/ENSSSCG00000002756.remapped, data/unmapped_vars/ENSSSCG00000002756.unmapped
    jobid: 171
    wildcards: id=ENSSSCG00000002756


[Fri Nov 27 13:02:12 2020]
rule merge_results:
    input: data/var_coords_remapped_report/ENSSSCG00000023686.vars.report, data/complete_coords/ENSSSCG00000023686.complete
    output: data/remapped_vars/ENSSSCG00000023686.remapped, data/unmapped_vars/ENSSSCG00000023686.unmapped
    jobid: 207
    wildcards: id=ENSSSCG00000023686

[Fri Nov 27 13:02:12 2020]
rule merge_results:
    input: data/var_coords_remapped_report/ENSSSCG00000012840.vars.report, data/complete_coords/ENSSSCG00000012840.complete
    output: data/remapped_vars/ENSSSCG00000012840.remapped, data/unmapped_vars/ENSSSCG00000012840.unmapped
    jobid: 177
    wildcards: id=ENSSSCG00000012840

[Fri Nov 27 13:02:12 2020]
rule merge_results:
    input: data/var_coords_remapped_report/ENSSSCG00000030168.vars.report, data/complete_coords/ENSSSCG00000030168.complete
    output: data/remapped_vars/ENSSSCG00000030168.remapped, data/unmapped_vars/ENSSSCG00000030168.unmapped
    jobid: 159
    wildcards: id=ENSSSCG00000030168

[Fri Nov 27 13:02:12 2020]
rule merge_results:
    input: data/var_coords_remapped_report/ENSSSCG00000029988.vars.report, data/complete_coords/ENSSSCG00000029988.complete
    output: data/remapped_vars/ENSSSCG00000029988.remapped, data/unmapped_vars/ENSSSCG00000029988.unmapped
    jobid: 11
    wildcards: id=ENSSSCG00000029988

[Fri Nov 27 13:02:12 2020]
rule merge_results:
    input: data/var_coords_remapped_report/ENSSSCG00000017399.vars.report, data/complete_coords/ENSSSCG00000017399.complete
    output: data/remapped_vars/ENSSSCG00000017399.remapped, data/unmapped_vars/ENSSSCG00000017399.unmapped
    jobid: 5
    wildcards: id=ENSSSCG00000017399

[Fri Nov 27 13:02:13 2020]
Finished job 169.
57 of 95 steps (60%) done
[Fri Nov 27 13:02:13 2020]
Finished job 177.
58 of 95 steps (61%) done
[Fri Nov 27 13:02:13 2020]
Finished job 207.
59 of 95 steps (62%) done
[Fri Nov 27 13:02:13 2020]
Finished job 171.
60 of 95 steps (63%) done
[Fri Nov 27 13:02:13 2020]
Finished job 5.
61 of 95 steps (64%) done
[Fri Nov 27 13:02:13 2020]
Finished job 11.
62 of 95 steps (65%) done
[Fri Nov 27 13:02:13 2020]
Finished job 159.
63 of 95 steps (66%) done
Select jobs to execute...

[Fri Nov 27 13:02:13 2020]
rule merge_results:
    input: data/var_coords_remapped_report/ENSSSCG00000000481.vars.report, data/complete_coords/ENSSSCG00000000481.complete
    output: data/remapped_vars/ENSSSCG00000000481.remapped, data/unmapped_vars/ENSSSCG00000000481.unmapped
    jobid: 261
    wildcards: id=ENSSSCG00000000481

[Fri Nov 27 13:02:13 2020]
rule merge_results:
    input: data/var_coords_remapped_report/ENSSSCG00000030733.vars.report, data/complete_coords/ENSSSCG00000030733.complete
    output: data/remapped_vars/ENSSSCG00000030733.remapped, data/unmapped_vars/ENSSSCG00000030733.unmapped
    jobid: 133
    wildcards: id=ENSSSCG00000030733


[Fri Nov 27 13:02:13 2020]
rule merge_results:
    input: data/var_coords_remapped_report/ENSSSCG00000014170.vars.report, data/complete_coords/ENSSSCG00000014170.complete
    output: data/remapped_vars/ENSSSCG00000014170.remapped, data/unmapped_vars/ENSSSCG00000014170.unmapped
    jobid: 223
    wildcards: id=ENSSSCG00000014170

[Fri Nov 27 13:02:13 2020]
rule merge_results:
    input: data/var_coords_remapped_report/ENSSSCG00000000932.vars.report, data/complete_coords/ENSSSCG00000000932.complete
    output: data/remapped_vars/ENSSSCG00000000932.remapped, data/unmapped_vars/ENSSSCG00000000932.unmapped
    jobid: 253
    wildcards: id=ENSSSCG00000000932


[Fri Nov 27 13:02:13 2020]
rule merge_results:
    input: data/var_coords_remapped_report/ENSSSCG00000014428.vars.report, data/complete_coords/ENSSSCG00000014428.complete
    output: data/remapped_vars/ENSSSCG00000014428.remapped, data/unmapped_vars/ENSSSCG00000014428.unmapped
    jobid: 53
    wildcards: id=ENSSSCG00000014428


[Fri Nov 27 13:02:13 2020]
rule merge_results:
    input: data/var_coords_remapped_report/ENSSSCG00000011453.vars.report, data/complete_coords/ENSSSCG00000011453.complete
    output: data/remapped_vars/ENSSSCG00000011453.remapped, data/unmapped_vars/ENSSSCG00000011453.unmapped
    jobid: 29
    wildcards: id=ENSSSCG00000011453


[Fri Nov 27 13:02:13 2020]
rule merge_results:
    input: data/var_coords_remapped_report/ENSSSCG00000001743.vars.report, data/complete_coords/ENSSSCG00000001743.complete
    output: data/remapped_vars/ENSSSCG00000001743.remapped, data/unmapped_vars/ENSSSCG00000001743.unmapped
    jobid: 7
    wildcards: id=ENSSSCG00000001743

[Fri Nov 27 13:02:14 2020]
Finished job 223.
64 of 95 steps (67%) done
[Fri Nov 27 13:02:14 2020]
Finished job 261.
65 of 95 steps (68%) done
[Fri Nov 27 13:02:14 2020]
Finished job 133.
66 of 95 steps (69%) done
[Fri Nov 27 13:02:14 2020]
Finished job 253.
67 of 95 steps (71%) done
[Fri Nov 27 13:02:14 2020]
Finished job 29.
68 of 95 steps (72%) done
[Fri Nov 27 13:02:14 2020]
Finished job 7.
69 of 95 steps (73%) done
[Fri Nov 27 13:02:14 2020]
Finished job 53.
70 of 95 steps (74%) done
Select jobs to execute...

[Fri Nov 27 13:02:14 2020]
rule merge_results:
    input: data/var_coords_remapped_report/ENSSSCG00000000866.vars.report, data/complete_coords/ENSSSCG00000000866.complete
    output: data/remapped_vars/ENSSSCG00000000866.remapped, data/unmapped_vars/ENSSSCG00000000866.unmapped
    jobid: 13
    wildcards: id=ENSSSCG00000000866

[Fri Nov 27 13:02:14 2020]
rule merge_results:
    input: data/var_coords_remapped_report/ENSSSCG00000003017.vars.report, data/complete_coords/ENSSSCG00000003017.complete
    output: data/remapped_vars/ENSSSCG00000003017.remapped, data/unmapped_vars/ENSSSCG00000003017.unmapped
    jobid: 247
    wildcards: id=ENSSSCG00000003017


[Fri Nov 27 13:02:14 2020]
rule merge_results:
    input: data/var_coords_remapped_report/ENSSSCG00000008521.vars.report, data/complete_coords/ENSSSCG00000008521.complete
    output: data/remapped_vars/ENSSSCG00000008521.remapped, data/unmapped_vars/ENSSSCG00000008521.unmapped
    jobid: 187
    wildcards: id=ENSSSCG00000008521

[Fri Nov 27 13:02:14 2020]
rule merge_results:
    input: data/var_coords_remapped_report/ENSSSCG00000006386.vars.report, data/complete_coords/ENSSSCG00000006386.complete
    output: data/remapped_vars/ENSSSCG00000006386.remapped, data/unmapped_vars/ENSSSCG00000006386.unmapped
    jobid: 119
    wildcards: id=ENSSSCG00000006386


[Fri Nov 27 13:02:14 2020]
rule merge_results:
    input: data/var_coords_remapped_report/ENSSSCG00000002385.vars.report, data/complete_coords/ENSSSCG00000002385.complete
    output: data/remapped_vars/ENSSSCG00000002385.remapped, data/unmapped_vars/ENSSSCG00000002385.unmapped
    jobid: 59
    wildcards: id=ENSSSCG00000002385


[Fri Nov 27 13:02:14 2020]
rule merge_results:
    input: data/var_coords_remapped_report/ENSSSCG00000005503.vars.report, data/complete_coords/ENSSSCG00000005503.complete
    output: data/remapped_vars/ENSSSCG00000005503.remapped, data/unmapped_vars/ENSSSCG00000005503.unmapped
    jobid: 149
    wildcards: id=ENSSSCG00000005503

[Fri Nov 27 13:02:14 2020]
rule merge_results:
    input: data/var_coords_remapped_report/ENSSSCG00000028629.vars.report, data/complete_coords/ENSSSCG00000028629.complete
    output: data/remapped_vars/ENSSSCG00000028629.remapped, data/unmapped_vars/ENSSSCG00000028629.unmapped
    jobid: 179
    wildcards: id=ENSSSCG00000028629

[Fri Nov 27 13:02:15 2020]
Finished job 13.
71 of 95 steps (75%) done
[Fri Nov 27 13:02:15 2020]
Finished job 187.
72 of 95 steps (76%) done
[Fri Nov 27 13:02:15 2020]
Finished job 149.
73 of 95 steps (77%) done
[Fri Nov 27 13:02:15 2020]
Finished job 119.
74 of 95 steps (78%) done
[Fri Nov 27 13:02:15 2020]
Finished job 59.
75 of 95 steps (79%) done
[Fri Nov 27 13:02:15 2020]
Finished job 179.
76 of 95 steps (80%) done
[Fri Nov 27 13:02:15 2020]
Finished job 247.
77 of 95 steps (81%) done
Select jobs to execute...

[Fri Nov 27 13:02:15 2020]
rule merge_results:
    input: data/var_coords_remapped_report/ENSSSCG00000007153.vars.report, data/complete_coords/ENSSSCG00000007153.complete
    output: data/remapped_vars/ENSSSCG00000007153.remapped, data/unmapped_vars/ENSSSCG00000007153.unmapped
    jobid: 57
    wildcards: id=ENSSSCG00000007153

[Fri Nov 27 13:02:15 2020]
rule merge_results:
    input: data/var_coords_remapped_report/ENSSSCG00000031069.vars.report, data/complete_coords/ENSSSCG00000031069.complete
    output: data/remapped_vars/ENSSSCG00000031069.remapped, data/unmapped_vars/ENSSSCG00000031069.unmapped
    jobid: 203
    wildcards: id=ENSSSCG00000031069


[Fri Nov 27 13:02:15 2020]
rule merge_results:
    input: data/var_coords_remapped_report/ENSSSCG00000009695.vars.report, data/complete_coords/ENSSSCG00000009695.complete
    output: data/remapped_vars/ENSSSCG00000009695.remapped, data/unmapped_vars/ENSSSCG00000009695.unmapped
    jobid: 173
    wildcards: id=ENSSSCG00000009695

[Fri Nov 27 13:02:15 2020]
rule merge_results:
    input: data/var_coords_remapped_report/ENSSSCG00000006719.vars.report, data/complete_coords/ENSSSCG00000006719.complete
    output: data/remapped_vars/ENSSSCG00000006719.remapped, data/unmapped_vars/ENSSSCG00000006719.unmapped
    jobid: 43
    wildcards: id=ENSSSCG00000006719


[Fri Nov 27 13:02:15 2020]
rule merge_results:
    input: data/var_coords_remapped_report/ENSSSCG00000025500.vars.report, data/complete_coords/ENSSSCG00000025500.complete
    output: data/remapped_vars/ENSSSCG00000025500.remapped, data/unmapped_vars/ENSSSCG00000025500.unmapped
    jobid: 143
    wildcards: id=ENSSSCG00000025500


[Fri Nov 27 13:02:15 2020]
rule merge_results:
    input: data/var_coords_remapped_report/ENSSSCG00000030758.vars.report, data/complete_coords/ENSSSCG00000030758.complete
    output: data/remapped_vars/ENSSSCG00000030758.remapped, data/unmapped_vars/ENSSSCG00000030758.unmapped
    jobid: 237
    wildcards: id=ENSSSCG00000030758

[Fri Nov 27 13:02:15 2020]
rule merge_results:
    input: data/var_coords_remapped_report/ENSSSCG00000006924.vars.report, data/complete_coords/ENSSSCG00000006924.complete
    output: data/remapped_vars/ENSSSCG00000006924.remapped, data/unmapped_vars/ENSSSCG00000006924.unmapped
    jobid: 267
    wildcards: id=ENSSSCG00000006924

[Fri Nov 27 13:02:16 2020]
Finished job 43.
78 of 95 steps (82%) done
[Fri Nov 27 13:02:16 2020]
Finished job 57.
79 of 95 steps (83%) done
[Fri Nov 27 13:02:16 2020]
Finished job 203.
80 of 95 steps (84%) done
[Fri Nov 27 13:02:16 2020]
Finished job 173.
81 of 95 steps (85%) done
[Fri Nov 27 13:02:16 2020]
Finished job 237.
82 of 95 steps (86%) done
[Fri Nov 27 13:02:16 2020]
Finished job 143.
83 of 95 steps (87%) done
[Fri Nov 27 13:02:16 2020]
Finished job 267.
84 of 95 steps (88%) done
Select jobs to execute...

[Fri Nov 27 13:02:16 2020]
rule merge_results:
    input: data/var_coords_remapped_report/ENSSSCG00000012117.vars.report, data/complete_coords/ENSSSCG00000012117.complete
    output: data/remapped_vars/ENSSSCG00000012117.remapped, data/unmapped_vars/ENSSSCG00000012117.unmapped
    jobid: 73
    wildcards: id=ENSSSCG00000012117

[Fri Nov 27 13:02:16 2020]
rule merge_results:
    input: data/var_coords_remapped_report/ENSSSCG00000011512.vars.report, data/complete_coords/ENSSSCG00000011512.complete
    output: data/remapped_vars/ENSSSCG00000011512.remapped, data/unmapped_vars/ENSSSCG00000011512.unmapped
    jobid: 83
    wildcards: id=ENSSSCG00000011512

[Fri Nov 27 13:02:16 2020]
rule merge_results:
    input: data/var_coords_remapped_report/ENSSSCG00000027877.vars.report, data/complete_coords/ENSSSCG00000027877.complete
    output: data/remapped_vars/ENSSSCG00000027877.remapped, data/unmapped_vars/ENSSSCG00000027877.unmapped
    jobid: 163
    wildcards: id=ENSSSCG00000027877


[Fri Nov 27 13:02:16 2020]
rule merge_results:
    input: data/var_coords_remapped_report/ENSSSCG00000008948.vars.report, data/complete_coords/ENSSSCG00000008948.complete
    output: data/remapped_vars/ENSSSCG00000008948.remapped, data/unmapped_vars/ENSSSCG00000008948.unmapped
    jobid: 113
    wildcards: id=ENSSSCG00000008948


[Fri Nov 27 13:02:16 2020]
rule merge_results:
    input: data/var_coords_remapped_report/ENSSSCG00000016940.vars.report, data/complete_coords/ENSSSCG00000016940.complete
    output: data/remapped_vars/ENSSSCG00000016940.remapped, data/unmapped_vars/ENSSSCG00000016940.unmapped
    jobid: 35
    wildcards: id=ENSSSCG00000016940


[Fri Nov 27 13:02:16 2020]
rule merge_results:
    input: data/var_coords_remapped_report/ENSSSCG00000010885.vars.report, data/complete_coords/ENSSSCG00000010885.complete
    output: data/remapped_vars/ENSSSCG00000010885.remapped, data/unmapped_vars/ENSSSCG00000010885.unmapped
    jobid: 245
    wildcards: id=ENSSSCG00000010885

[Fri Nov 27 13:02:16 2020]
rule merge_results:
    input: data/var_coords_remapped_report/ENSSSCG00000010929.vars.report, data/complete_coords/ENSSSCG00000010929.complete
    output: data/remapped_vars/ENSSSCG00000010929.remapped, data/unmapped_vars/ENSSSCG00000010929.unmapped
    jobid: 9
    wildcards: id=ENSSSCG00000010929

[Fri Nov 27 13:02:17 2020]
Finished job 73.
85 of 95 steps (89%) done
[Fri Nov 27 13:02:17 2020]
Finished job 113.
86 of 95 steps (91%) done
[Fri Nov 27 13:02:17 2020]
Finished job 83.
87 of 95 steps (92%) done
[Fri Nov 27 13:02:17 2020]
Finished job 163.
88 of 95 steps (93%) done
[Fri Nov 27 13:02:17 2020]
Finished job 35.
89 of 95 steps (94%) done
[Fri Nov 27 13:02:17 2020]
Finished job 245.
90 of 95 steps (95%) done
[Fri Nov 27 13:02:17 2020]
Finished job 9.
91 of 95 steps (96%) done
Select jobs to execute...

[Fri Nov 27 13:02:17 2020]
rule merge_results:
    input: data/var_coords_remapped_report/ENSSSCG00000008088.vars.report, data/complete_coords/ENSSSCG00000008088.complete
    output: data/remapped_vars/ENSSSCG00000008088.remapped, data/unmapped_vars/ENSSSCG00000008088.unmapped
    jobid: 129
    wildcards: id=ENSSSCG00000008088

[Fri Nov 27 13:02:17 2020]
rule merge_results:
    input: data/var_coords_remapped_report/ENSSSCG00000020864.vars.report, data/complete_coords/ENSSSCG00000020864.complete
    output: data/remapped_vars/ENSSSCG00000020864.remapped, data/unmapped_vars/ENSSSCG00000020864.unmapped
    jobid: 157
    wildcards: id=ENSSSCG00000020864

[Fri Nov 27 13:02:17 2020]
rule merge_results:
    input: data/var_coords_remapped_report/ENSSSCG00000031060.vars.report, data/complete_coords/ENSSSCG00000031060.complete
    output: data/remapped_vars/ENSSSCG00000031060.remapped, data/unmapped_vars/ENSSSCG00000031060.unmapped
    jobid: 209
    wildcards: id=ENSSSCG00000031060

[Fri Nov 27 13:02:18 2020]
Finished job 129.
92 of 95 steps (97%) done
[Fri Nov 27 13:02:18 2020]
Finished job 209.
93 of 95 steps (98%) done
[Fri Nov 27 13:02:18 2020]
Finished job 157.
94 of 95 steps (99%) done
Select jobs to execute...

[Fri Nov 27 13:02:18 2020]
localrule all:
    input: data/remapped_vars/ENSSSCG00000008326.remapped, data/remapped_vars/ENSSSCG00000026409.remapped, data/remapped_vars/ENSSSCG00000017399.remapped, data/remapped_vars/ENSSSCG00000001743.remapped, data/remapped_vars/ENSSSCG00000010929.remapped, data/remapped_vars/ENSSSCG00000029988.remapped, data/remapped_vars/ENSSSCG00000000866.remapped, data/remapped_vars/ENSSSCG00000025244.remapped, data/remapped_vars/ENSSSCG00000002749.remapped, data/remapped_vars/ENSSSCG00000010816.remapped, data/remapped_vars/ENSSSCG00000031002.remapped, data/remapped_vars/ENSSSCG00000015070.remapped, data/remapped_vars/ENSSSCG00000012593.remapped, data/remapped_vars/ENSSSCG00000026214.remapped, data/remapped_vars/ENSSSCG00000011453.remapped, data/remapped_vars/ENSSSCG00000005163.remapped, data/remapped_vars/ENSSSCG00000007146.remapped, data/remapped_vars/ENSSSCG00000016940.remapped, data/remapped_vars/ENSSSCG00000002961.remapped, data/remapped_vars/ENSSSCG00000006403.remapped, data/remapped_vars/ENSSSCG00000026201.remapped, data/remapped_vars/ENSSSCG00000006719.remapped, data/remapped_vars/ENSSSCG00000026592.remapped, data/remapped_vars/ENSSSCG00000008842.remapped, data/remapped_vars/ENSSSCG00000025058.remapped, data/remapped_vars/ENSSSCG00000023666.remapped, data/remapped_vars/ENSSSCG00000014428.remapped, data/remapped_vars/ENSSSCG00000015801.remapped, data/remapped_vars/ENSSSCG00000007153.remapped, data/remapped_vars/ENSSSCG00000002385.remapped, data/remapped_vars/ENSSSCG00000015048.remapped, data/remapped_vars/ENSSSCG00000007744.remapped, data/remapped_vars/ENSSSCG00000013369.remapped, data/remapped_vars/ENSSSCG00000001050.remapped, data/remapped_vars/ENSSSCG00000017121.remapped, data/remapped_vars/ENSSSCG00000012257.remapped, data/remapped_vars/ENSSSCG00000012117.remapped, data/remapped_vars/ENSSSCG00000010554.remapped, data/remapped_vars/ENSSSCG00000006648.remapped, data/remapped_vars/ENSSSCG00000023876.remapped, data/remapped_vars/ENSSSCG00000011436.remapped, data/remapped_vars/ENSSSCG00000011512.remapped, data/remapped_vars/ENSSSCG00000011850.remapped, data/remapped_vars/ENSSSCG00000001404.remapped, data/remapped_vars/ENSSSCG00000000922.remapped, data/remapped_vars/ENSSSCG00000001428.remapped, data/remapped_vars/ENSSSCG00000004875.remapped, data/remapped_vars/ENSSSCG00000026583.remapped, data/remapped_vars/ENSSSCG00000006215.remapped, data/remapped_vars/ENSSSCG00000009115.remapped, data/remapped_vars/ENSSSCG00000007226.remapped, data/remapped_vars/ENSSSCG00000010459.remapped, data/remapped_vars/ENSSSCG00000010948.remapped, data/remapped_vars/ENSSSCG00000002686.remapped, data/remapped_vars/ENSSSCG00000016273.remapped, data/remapped_vars/ENSSSCG00000020924.remapped, data/remapped_vars/ENSSSCG00000008948.remapped, data/remapped_vars/ENSSSCG00000012371.remapped, data/remapped_vars/ENSSSCG00000007217.remapped, data/remapped_vars/ENSSSCG00000006386.remapped, data/remapped_vars/ENSSSCG00000028431.remapped, data/remapped_vars/ENSSSCG00000012077.remapped, data/remapped_vars/ENSSSCG00000024689.remapped, data/remapped_vars/ENSSSCG00000007216.remapped, data/remapped_vars/ENSSSCG00000008088.remapped, data/remapped_vars/ENSSSCG00000007522.remapped, data/remapped_vars/ENSSSCG00000030733.remapped, data/remapped_vars/ENSSSCG00000010780.remapped, data/remapped_vars/ENSSSCG00000017227.remapped, data/remapped_vars/ENSSSCG00000011862.remapped, data/remapped_vars/ENSSSCG00000005193.remapped, data/remapped_vars/ENSSSCG00000025500.remapped, data/remapped_vars/ENSSSCG00000010937.remapped, data/remapped_vars/ENSSSCG00000009406.remapped, data/remapped_vars/ENSSSCG00000005503.remapped, data/remapped_vars/ENSSSCG00000002777.remapped, data/remapped_vars/ENSSSCG00000029990.remapped, data/remapped_vars/ENSSSCG00000015616.remapped, data/remapped_vars/ENSSSCG00000020864.remapped, data/remapped_vars/ENSSSCG00000030168.remapped, data/remapped_vars/ENSSSCG00000003141.remapped, data/remapped_vars/ENSSSCG00000027877.remapped, data/remapped_vars/ENSSSCG00000013579.remapped, data/remapped_vars/ENSSSCG00000007277.remapped, data/remapped_vars/ENSSSCG00000010310.remapped, data/remapped_vars/ENSSSCG00000002756.remapped, data/remapped_vars/ENSSSCG00000009695.remapped, data/remapped_vars/ENSSSCG00000011033.remapped, data/remapped_vars/ENSSSCG00000012840.remapped, data/remapped_vars/ENSSSCG00000028629.remapped, data/remapped_vars/ENSSSCG00000004475.remapped, data/remapped_vars/ENSSSCG00000016200.remapped, data/remapped_vars/ENSSSCG00000009477.remapped, data/remapped_vars/ENSSSCG00000008521.remapped, data/remapped_vars/ENSSSCG00000001741.remapped, data/remapped_vars/ENSSSCG00000012118.remapped, data/remapped_vars/ENSSSCG00000027555.remapped, data/remapped_vars/ENSSSCG00000004296.remapped, data/remapped_vars/ENSSSCG00000015652.remapped, data/remapped_vars/ENSSSCG00000008090.remapped, data/remapped_vars/ENSSSCG00000025273.remapped, data/remapped_vars/ENSSSCG00000031069.remapped, data/remapped_vars/ENSSSCG00000024973.remapped, data/remapped_vars/ENSSSCG00000023686.remapped, data/remapped_vars/ENSSSCG00000031060.remapped, data/remapped_vars/ENSSSCG00000004904.remapped, data/remapped_vars/ENSSSCG00000007214.remapped, data/remapped_vars/ENSSSCG00000017103.remapped, data/remapped_vars/ENSSSCG00000021739.remapped, data/remapped_vars/ENSSSCG00000010591.remapped, data/remapped_vars/ENSSSCG00000015053.remapped, data/remapped_vars/ENSSSCG00000014170.remapped, data/remapped_vars/ENSSSCG00000007221.remapped, data/remapped_vars/ENSSSCG00000003130.remapped, data/remapped_vars/ENSSSCG00000009002.remapped, data/remapped_vars/ENSSSCG00000007218.remapped, data/remapped_vars/ENSSSCG00000024497.remapped, data/remapped_vars/ENSSSCG00000005488.remapped, data/remapped_vars/ENSSSCG00000030758.remapped, data/remapped_vars/ENSSSCG00000011147.remapped, data/remapped_vars/ENSSSCG00000027850.remapped, data/remapped_vars/ENSSSCG00000026109.remapped, data/remapped_vars/ENSSSCG00000010885.remapped, data/remapped_vars/ENSSSCG00000003017.remapped, data/remapped_vars/ENSSSCG00000016047.remapped, data/remapped_vars/ENSSSCG00000000038.remapped, data/remapped_vars/ENSSSCG00000000932.remapped, data/remapped_vars/ENSSSCG00000030227.remapped, data/remapped_vars/ENSSSCG00000022432.remapped, data/remapped_vars/ENSSSCG00000006337.remapped, data/remapped_vars/ENSSSCG00000000481.remapped, data/remapped_vars/ENSSSCG00000007215.remapped, data/remapped_vars/ENSSSCG00000010787.remapped, data/remapped_vars/ENSSSCG00000006924.remapped
    jobid: 0

[Fri Nov 27 13:02:18 2020]
Finished job 0.
95 of 95 steps (100%) done
Complete log: /home/pelmo/sscrofa_variant_remapping/.snakemake/log/2020-11-27T130204.183129.snakemake.log
