Building DAG of jobs...
Using shell: /usr/bin/bash
Provided cores: 7
Rules claiming more threads will be scaled down.
Job counts:
	count	jobs
	1	all
	134	get_ncbi
	135

[Thu Nov 19 17:33:07 2020]
rule get_ncbi:
    input: data/complete_coords/ENSSSCG00000016940.complete
    output: data/ncbi_coords/ENSSSCG00000016940.ncbi
    jobid: 35
    wildcards: id=ENSSSCG00000016940

[Thu Nov 19 17:33:07 2020]
rule get_ncbi:
    input: data/complete_coords/ENSSSCG00000015616.complete
    output: data/ncbi_coords/ENSSSCG00000015616.ncbi
    jobid: 155
    wildcards: id=ENSSSCG00000015616

[Thu Nov 19 17:33:07 2020]
rule get_ncbi:
    input: data/complete_coords/ENSSSCG00000024689.complete
    output: data/ncbi_coords/ENSSSCG00000024689.ncbi
    jobid: 125
    wildcards: id=ENSSSCG00000024689

[Thu Nov 19 17:33:07 2020]
rule get_ncbi:
    input: data/complete_coords/ENSSSCG00000026583.complete
    output: data/ncbi_coords/ENSSSCG00000026583.ncbi
    jobid: 95
    wildcards: id=ENSSSCG00000026583

[Thu Nov 19 17:33:07 2020]
rule get_ncbi:
    input: data/complete_coords/ENSSSCG00000010885.complete
    output: data/ncbi_coords/ENSSSCG00000010885.ncbi
    jobid: 245
    wildcards: id=ENSSSCG00000010885

[Thu Nov 19 17:33:07 2020]
rule get_ncbi:
    input: data/complete_coords/ENSSSCG00000026201.complete
    output: data/ncbi_coords/ENSSSCG00000026201.ncbi
    jobid: 41
    wildcards: id=ENSSSCG00000026201

[Thu Nov 19 17:33:07 2020]
rule get_ncbi:
    input: data/complete_coords/ENSSSCG00000005193.complete
    output: data/ncbi_coords/ENSSSCG00000005193.ncbi
    jobid: 141
    wildcards: id=ENSSSCG00000005193

[Thu Nov 19 17:33:08 2020]
Error in rule get_ncbi:
    jobid: 155
    output: data/ncbi_coords/ENSSSCG00000015616.ncbi

RuleException:
CalledProcessError in line 28 of /home/pelmo/tesi/remap_sscrofa/Snakefile:
Command 'set -euo pipefail;  /home/pelmo/anaconda3/envs/snakemake/bin/python3.9 /home/pelmo/tesi/remap_sscrofa/.snakemake/scripts/tmp0nn101ep.get_ncbi.py' returned non-zero exit status 1.
  File "/home/pelmo/anaconda3/envs/snakemake/lib/python3.9/site-packages/snakemake/executors/__init__.py", line 2231, in run_wrapper
  File "/home/pelmo/tesi/remap_sscrofa/Snakefile", line 28, in __rule_get_ncbi
  File "/home/pelmo/anaconda3/envs/snakemake/lib/python3.9/site-packages/snakemake/executors/__init__.py", line 560, in _callback
  File "/home/pelmo/anaconda3/envs/snakemake/lib/python3.9/concurrent/futures/thread.py", line 52, in run
  File "/home/pelmo/anaconda3/envs/snakemake/lib/python3.9/site-packages/snakemake/executors/__init__.py", line 546, in cached_or_run
  File "/home/pelmo/anaconda3/envs/snakemake/lib/python3.9/site-packages/snakemake/executors/__init__.py", line 2262, in run_wrapper
[Thu Nov 19 17:33:08 2020]
Error in rule get_ncbi:
    jobid: 41
    output: data/ncbi_coords/ENSSSCG00000026201.ncbi

RuleException:
CalledProcessError in line 28 of /home/pelmo/tesi/remap_sscrofa/Snakefile:
Command 'set -euo pipefail;  /home/pelmo/anaconda3/envs/snakemake/bin/python3.9 /home/pelmo/tesi/remap_sscrofa/.snakemake/scripts/tmpi76v89ye.get_ncbi.py' returned non-zero exit status 1.
  File "/home/pelmo/anaconda3/envs/snakemake/lib/python3.9/site-packages/snakemake/executors/__init__.py", line 2231, in run_wrapper
  File "/home/pelmo/tesi/remap_sscrofa/Snakefile", line 28, in __rule_get_ncbi
  File "/home/pelmo/anaconda3/envs/snakemake/lib/python3.9/site-packages/snakemake/executors/__init__.py", line 560, in _callback
  File "/home/pelmo/anaconda3/envs/snakemake/lib/python3.9/concurrent/futures/thread.py", line 52, in run
  File "/home/pelmo/anaconda3/envs/snakemake/lib/python3.9/site-packages/snakemake/executors/__init__.py", line 546, in cached_or_run
  File "/home/pelmo/anaconda3/envs/snakemake/lib/python3.9/site-packages/snakemake/executors/__init__.py", line 2262, in run_wrapper
[Thu Nov 19 17:33:08 2020]
Error in rule get_ncbi:
    jobid: 245
    output: data/ncbi_coords/ENSSSCG00000010885.ncbi

RuleException:
CalledProcessError in line 28 of /home/pelmo/tesi/remap_sscrofa/Snakefile:
Command 'set -euo pipefail;  /home/pelmo/anaconda3/envs/snakemake/bin/python3.9 /home/pelmo/tesi/remap_sscrofa/.snakemake/scripts/tmp02rg8axu.get_ncbi.py' returned non-zero exit status 1.
  File "/home/pelmo/anaconda3/envs/snakemake/lib/python3.9/site-packages/snakemake/executors/__init__.py", line 2231, in run_wrapper
  File "/home/pelmo/tesi/remap_sscrofa/Snakefile", line 28, in __rule_get_ncbi
  File "/home/pelmo/anaconda3/envs/snakemake/lib/python3.9/site-packages/snakemake/executors/__init__.py", line 560, in _callback
  File "/home/pelmo/anaconda3/envs/snakemake/lib/python3.9/concurrent/futures/thread.py", line 52, in run
  File "/home/pelmo/anaconda3/envs/snakemake/lib/python3.9/site-packages/snakemake/executors/__init__.py", line 546, in cached_or_run
  File "/home/pelmo/anaconda3/envs/snakemake/lib/python3.9/site-packages/snakemake/executors/__init__.py", line 2262, in run_wrapper
[Thu Nov 19 17:33:08 2020]
Error in rule get_ncbi:
    jobid: 35
    output: data/ncbi_coords/ENSSSCG00000016940.ncbi

RuleException:
CalledProcessError in line 28 of /home/pelmo/tesi/remap_sscrofa/Snakefile:
Command 'set -euo pipefail;  /home/pelmo/anaconda3/envs/snakemake/bin/python3.9 /home/pelmo/tesi/remap_sscrofa/.snakemake/scripts/tmp942wvmkh.get_ncbi.py' returned non-zero exit status 1.
  File "/home/pelmo/anaconda3/envs/snakemake/lib/python3.9/site-packages/snakemake/executors/__init__.py", line 2231, in run_wrapper
  File "/home/pelmo/tesi/remap_sscrofa/Snakefile", line 28, in __rule_get_ncbi
  File "/home/pelmo/anaconda3/envs/snakemake/lib/python3.9/site-packages/snakemake/executors/__init__.py", line 560, in _callback
  File "/home/pelmo/anaconda3/envs/snakemake/lib/python3.9/concurrent/futures/thread.py", line 52, in run
  File "/home/pelmo/anaconda3/envs/snakemake/lib/python3.9/site-packages/snakemake/executors/__init__.py", line 546, in cached_or_run
  File "/home/pelmo/anaconda3/envs/snakemake/lib/python3.9/site-packages/snakemake/executors/__init__.py", line 2262, in run_wrapper
[Thu Nov 19 17:33:08 2020]
Error in rule get_ncbi:
    jobid: 95
    output: data/ncbi_coords/ENSSSCG00000026583.ncbi

RuleException:
CalledProcessError in line 28 of /home/pelmo/tesi/remap_sscrofa/Snakefile:
Command 'set -euo pipefail;  /home/pelmo/anaconda3/envs/snakemake/bin/python3.9 /home/pelmo/tesi/remap_sscrofa/.snakemake/scripts/tmp_3m1gwhk.get_ncbi.py' returned non-zero exit status 1.
  File "/home/pelmo/anaconda3/envs/snakemake/lib/python3.9/site-packages/snakemake/executors/__init__.py", line 2231, in run_wrapper
  File "/home/pelmo/tesi/remap_sscrofa/Snakefile", line 28, in __rule_get_ncbi
  File "/home/pelmo/anaconda3/envs/snakemake/lib/python3.9/site-packages/snakemake/executors/__init__.py", line 560, in _callback
  File "/home/pelmo/anaconda3/envs/snakemake/lib/python3.9/concurrent/futures/thread.py", line 52, in run
  File "/home/pelmo/anaconda3/envs/snakemake/lib/python3.9/site-packages/snakemake/executors/__init__.py", line 546, in cached_or_run
  File "/home/pelmo/anaconda3/envs/snakemake/lib/python3.9/site-packages/snakemake/executors/__init__.py", line 2262, in run_wrapper
[Thu Nov 19 17:33:08 2020]
Error in rule get_ncbi:
    jobid: 141
    output: data/ncbi_coords/ENSSSCG00000005193.ncbi

[Thu Nov 19 17:33:08 2020]
Error in rule get_ncbi:
    jobid: 125
RuleException:
CalledProcessError in line 28 of /home/pelmo/tesi/remap_sscrofa/Snakefile:
Command 'set -euo pipefail;  /home/pelmo/anaconda3/envs/snakemake/bin/python3.9 /home/pelmo/tesi/remap_sscrofa/.snakemake/scripts/tmpjp2l3nsb.get_ncbi.py' returned non-zero exit status 1.
  File "/home/pelmo/anaconda3/envs/snakemake/lib/python3.9/site-packages/snakemake/executors/__init__.py", line 2231, in run_wrapper
  File "/home/pelmo/tesi/remap_sscrofa/Snakefile", line 28, in __rule_get_ncbi
  File "/home/pelmo/anaconda3/envs/snakemake/lib/python3.9/site-packages/snakemake/executors/__init__.py", line 560, in _callback
  File "/home/pelmo/anaconda3/envs/snakemake/lib/python3.9/concurrent/futures/thread.py", line 52, in run
  File "/home/pelmo/anaconda3/envs/snakemake/lib/python3.9/site-packages/snakemake/executors/__init__.py", line 546, in cached_or_run
  File "/home/pelmo/anaconda3/envs/snakemake/lib/python3.9/site-packages/snakemake/executors/__init__.py", line 2262, in run_wrapper
    output: data/ncbi_coords/ENSSSCG00000024689.ncbi

RuleException:
CalledProcessError in line 28 of /home/pelmo/tesi/remap_sscrofa/Snakefile:
Command 'set -euo pipefail;  /home/pelmo/anaconda3/envs/snakemake/bin/python3.9 /home/pelmo/tesi/remap_sscrofa/.snakemake/scripts/tmpare4_vjp.get_ncbi.py' returned non-zero exit status 1.
  File "/home/pelmo/anaconda3/envs/snakemake/lib/python3.9/site-packages/snakemake/executors/__init__.py", line 2231, in run_wrapper
  File "/home/pelmo/tesi/remap_sscrofa/Snakefile", line 28, in __rule_get_ncbi
  File "/home/pelmo/anaconda3/envs/snakemake/lib/python3.9/site-packages/snakemake/executors/__init__.py", line 560, in _callback
  File "/home/pelmo/anaconda3/envs/snakemake/lib/python3.9/concurrent/futures/thread.py", line 52, in run
  File "/home/pelmo/anaconda3/envs/snakemake/lib/python3.9/site-packages/snakemake/executors/__init__.py", line 546, in cached_or_run
  File "/home/pelmo/anaconda3/envs/snakemake/lib/python3.9/site-packages/snakemake/executors/__init__.py", line 2262, in run_wrapper
Shutting down, this might take some time.
Exiting because a job execution failed. Look above for error message
Complete log: /home/pelmo/tesi/remap_sscrofa/.snakemake/log/2020-11-19T173307.619907.snakemake.log
