Building DAG of jobs...
Using shell: /usr/bin/bash
Provided cores: 1 (use --cores to define parallelism)
Rules claiming more threads will be scaled down.
Job counts:
	count	jobs
	1	all
	134	get_coords
	135

[Fri Nov 13 17:23:05 2020]
rule get_coords:
    input: data/starting_files/ENSSSCG00000001404
    output: data/gene_coords/ENSSSCG00000001404.gene, data/var_coords/ENSSSCG00000001404.vars
    jobid: 44
    wildcards: id=ENSSSCG00000001404

[Fri Nov 13 17:23:06 2020]
Finished job 44.
1 of 135 steps (0.74%) done

[Fri Nov 13 17:23:06 2020]
rule get_coords:
    input: data/starting_files/ENSSSCG00000023686
    output: data/gene_coords/ENSSSCG00000023686.gene, data/var_coords/ENSSSCG00000023686.vars
    jobid: 104
    wildcards: id=ENSSSCG00000023686

[Fri Nov 13 17:23:06 2020]
Finished job 104.
2 of 135 steps (1%) done

[Fri Nov 13 17:23:06 2020]
rule get_coords:
    input: data/starting_files/ENSSSCG00000010310
    output: data/gene_coords/ENSSSCG00000010310.gene, data/var_coords/ENSSSCG00000010310.vars
    jobid: 85
    wildcards: id=ENSSSCG00000010310

[Fri Nov 13 17:23:07 2020]
Finished job 85.
3 of 135 steps (2%) done

[Fri Nov 13 17:23:07 2020]
rule get_coords:
    input: data/starting_files/ENSSSCG00000008090
    output: data/gene_coords/ENSSSCG00000008090.gene, data/var_coords/ENSSSCG00000008090.vars
    jobid: 100
    wildcards: id=ENSSSCG00000008090

[Fri Nov 13 17:23:07 2020]
Finished job 100.
4 of 135 steps (3%) done

[Fri Nov 13 17:23:07 2020]
rule get_coords:
    input: data/starting_files/ENSSSCG00000006337
    output: data/gene_coords/ENSSSCG00000006337.gene, data/var_coords/ENSSSCG00000006337.vars
    jobid: 130
    wildcards: id=ENSSSCG00000006337

[Fri Nov 13 17:23:08 2020]
Finished job 130.
5 of 135 steps (4%) done

[Fri Nov 13 17:23:08 2020]
rule get_coords:
    input: data/starting_files/ENSSSCG00000006924
    output: data/gene_coords/ENSSSCG00000006924.gene, data/var_coords/ENSSSCG00000006924.vars
    jobid: 134
    wildcards: id=ENSSSCG00000006924

[Fri Nov 13 17:23:08 2020]
Finished job 134.
6 of 135 steps (4%) done

[Fri Nov 13 17:23:08 2020]
rule get_coords:
    input: data/starting_files/ENSSSCG00000002385
    output: data/gene_coords/ENSSSCG00000002385.gene, data/var_coords/ENSSSCG00000002385.vars
    jobid: 30
    wildcards: id=ENSSSCG00000002385

[Fri Nov 13 17:23:09 2020]
Finished job 30.
7 of 135 steps (5%) done

[Fri Nov 13 17:23:09 2020]
rule get_coords:
    input: data/starting_files/ENSSSCG00000031060
    output: data/gene_coords/ENSSSCG00000031060.gene, data/var_coords/ENSSSCG00000031060.vars
    jobid: 105
    wildcards: id=ENSSSCG00000031060

[Fri Nov 13 17:23:09 2020]
Finished job 105.
8 of 135 steps (6%) done

[Fri Nov 13 17:23:09 2020]
rule get_coords:
    input: data/starting_files/ENSSSCG00000001428
    output: data/gene_coords/ENSSSCG00000001428.gene, data/var_coords/ENSSSCG00000001428.vars
    jobid: 46
    wildcards: id=ENSSSCG00000001428

[Fri Nov 13 17:23:09 2020]
Finished job 46.
9 of 135 steps (7%) done

[Fri Nov 13 17:23:10 2020]
rule get_coords:
    input: data/starting_files/ENSSSCG00000007744
    output: data/gene_coords/ENSSSCG00000007744.gene, data/var_coords/ENSSSCG00000007744.vars
    jobid: 32
    wildcards: id=ENSSSCG00000007744

[Fri Nov 13 17:23:10 2020]
Finished job 32.
10 of 135 steps (7%) done

[Fri Nov 13 17:23:10 2020]
rule get_coords:
    input: data/starting_files/ENSSSCG00000004875
    output: data/gene_coords/ENSSSCG00000004875.gene, data/var_coords/ENSSSCG00000004875.vars
    jobid: 47
    wildcards: id=ENSSSCG00000004875

[Fri Nov 13 17:23:10 2020]
Finished job 47.
11 of 135 steps (8%) done

[Fri Nov 13 17:23:10 2020]
rule get_coords:
    input: data/starting_files/ENSSSCG00000013369
    output: data/gene_coords/ENSSSCG00000013369.gene, data/var_coords/ENSSSCG00000013369.vars
    jobid: 33
    wildcards: id=ENSSSCG00000013369

[Fri Nov 13 17:23:11 2020]
Finished job 33.
12 of 135 steps (9%) done

[Fri Nov 13 17:23:11 2020]
rule get_coords:
    input: data/starting_files/ENSSSCG00000017103
    output: data/gene_coords/ENSSSCG00000017103.gene, data/var_coords/ENSSSCG00000017103.vars
    jobid: 108
    wildcards: id=ENSSSCG00000017103

[Fri Nov 13 17:23:11 2020]
Finished job 108.
13 of 135 steps (10%) done

[Fri Nov 13 17:23:11 2020]
rule get_coords:
    input: data/starting_files/ENSSSCG00000006215
    output: data/gene_coords/ENSSSCG00000006215.gene, data/var_coords/ENSSSCG00000006215.vars
    jobid: 49
    wildcards: id=ENSSSCG00000006215

[Fri Nov 13 17:23:12 2020]
Finished job 49.
14 of 135 steps (10%) done

[Fri Nov 13 17:23:12 2020]
rule get_coords:
    input: data/starting_files/ENSSSCG00000021739
    output: data/gene_coords/ENSSSCG00000021739.gene, data/var_coords/ENSSSCG00000021739.vars
    jobid: 109
    wildcards: id=ENSSSCG00000021739

[Fri Nov 13 17:23:12 2020]
Finished job 109.
15 of 135 steps (11%) done

[Fri Nov 13 17:23:12 2020]
rule get_coords:
    input: data/starting_files/ENSSSCG00000000481
    output: data/gene_coords/ENSSSCG00000000481.gene, data/var_coords/ENSSSCG00000000481.vars
    jobid: 131
    wildcards: id=ENSSSCG00000000481

[Fri Nov 13 17:23:13 2020]
Finished job 131.
16 of 135 steps (12%) done

[Fri Nov 13 17:23:13 2020]
rule get_coords:
    input: data/starting_files/ENSSSCG00000010591
    output: data/gene_coords/ENSSSCG00000010591.gene, data/var_coords/ENSSSCG00000010591.vars
    jobid: 110
    wildcards: id=ENSSSCG00000010591

[Fri Nov 13 17:23:13 2020]
Finished job 110.
17 of 135 steps (13%) done

[Fri Nov 13 17:23:13 2020]
rule get_coords:
    input: data/starting_files/ENSSSCG00000007226
    output: data/gene_coords/ENSSSCG00000007226.gene, data/var_coords/ENSSSCG00000007226.vars
    jobid: 51
    wildcards: id=ENSSSCG00000007226

[Fri Nov 13 17:23:14 2020]
Finished job 51.
18 of 135 steps (13%) done

[Fri Nov 13 17:23:14 2020]
rule get_coords:
    input: data/starting_files/ENSSSCG00000015053
    output: data/gene_coords/ENSSSCG00000015053.gene, data/var_coords/ENSSSCG00000015053.vars
    jobid: 111
    wildcards: id=ENSSSCG00000015053

[Fri Nov 13 17:23:14 2020]
Finished job 111.
19 of 135 steps (14%) done

[Fri Nov 13 17:23:14 2020]
rule get_coords:
    input: data/starting_files/ENSSSCG00000010459
    output: data/gene_coords/ENSSSCG00000010459.gene, data/var_coords/ENSSSCG00000010459.vars
    jobid: 52
    wildcards: id=ENSSSCG00000010459

[Fri Nov 13 17:23:15 2020]
Finished job 52.
20 of 135 steps (15%) done

[Fri Nov 13 17:23:15 2020]
rule get_coords:
    input: data/starting_files/ENSSSCG00000010554
    output: data/gene_coords/ENSSSCG00000010554.gene, data/var_coords/ENSSSCG00000010554.vars
    jobid: 38
    wildcards: id=ENSSSCG00000010554

[Fri Nov 13 17:23:15 2020]
Finished job 38.
21 of 135 steps (16%) done

[Fri Nov 13 17:23:15 2020]
rule get_coords:
    input: data/starting_files/ENSSSCG00000007221
    output: data/gene_coords/ENSSSCG00000007221.gene, data/var_coords/ENSSSCG00000007221.vars
    jobid: 113
    wildcards: id=ENSSSCG00000007221

[Fri Nov 13 17:23:16 2020]
Finished job 113.
22 of 135 steps (16%) done

[Fri Nov 13 17:23:16 2020]
rule get_coords:
    input: data/starting_files/ENSSSCG00000006648
    output: data/gene_coords/ENSSSCG00000006648.gene, data/var_coords/ENSSSCG00000006648.vars
    jobid: 39
    wildcards: id=ENSSSCG00000006648

[Fri Nov 13 17:23:16 2020]
Finished job 39.
23 of 135 steps (17%) done

[Fri Nov 13 17:23:16 2020]
rule get_coords:
    input: data/starting_files/ENSSSCG00000003130
    output: data/gene_coords/ENSSSCG00000003130.gene, data/var_coords/ENSSSCG00000003130.vars
    jobid: 114
    wildcards: id=ENSSSCG00000003130

[Fri Nov 13 17:23:17 2020]
Finished job 114.
24 of 135 steps (18%) done

[Fri Nov 13 17:23:17 2020]
rule get_coords:
    input: data/starting_files/ENSSSCG00000016273
    output: data/gene_coords/ENSSSCG00000016273.gene, data/var_coords/ENSSSCG00000016273.vars
    jobid: 55
    wildcards: id=ENSSSCG00000016273

[Fri Nov 13 17:23:17 2020]
Finished job 55.
25 of 135 steps (19%) done

[Fri Nov 13 17:23:17 2020]
rule get_coords:
    input: data/starting_files/ENSSSCG00000031002
    output: data/gene_coords/ENSSSCG00000031002.gene, data/var_coords/ENSSSCG00000031002.vars
    jobid: 11
    wildcards: id=ENSSSCG00000031002

[Fri Nov 13 17:23:18 2020]
Finished job 11.
26 of 135 steps (19%) done

[Fri Nov 13 17:23:18 2020]
rule get_coords:
    input: data/starting_files/ENSSSCG00000020924
    output: data/gene_coords/ENSSSCG00000020924.gene, data/var_coords/ENSSSCG00000020924.vars
    jobid: 56
    wildcards: id=ENSSSCG00000020924

[Fri Nov 13 17:23:18 2020]
Finished job 56.
27 of 135 steps (20%) done

[Fri Nov 13 17:23:18 2020]
rule get_coords:
    input: data/starting_files/ENSSSCG00000007218
    output: data/gene_coords/ENSSSCG00000007218.gene, data/var_coords/ENSSSCG00000007218.vars
    jobid: 116
    wildcards: id=ENSSSCG00000007218

[Fri Nov 13 17:23:19 2020]
Finished job 116.
28 of 135 steps (21%) done

[Fri Nov 13 17:23:19 2020]
rule get_coords:
    input: data/starting_files/ENSSSCG00000024497
    output: data/gene_coords/ENSSSCG00000024497.gene, data/var_coords/ENSSSCG00000024497.vars
    jobid: 117
    wildcards: id=ENSSSCG00000024497

[Fri Nov 13 17:23:19 2020]
Finished job 117.
29 of 135 steps (21%) done

[Fri Nov 13 17:23:19 2020]
rule get_coords:
    input: data/starting_files/ENSSSCG00000011512
    output: data/gene_coords/ENSSSCG00000011512.gene, data/var_coords/ENSSSCG00000011512.vars
    jobid: 42
    wildcards: id=ENSSSCG00000011512

[Fri Nov 13 17:23:20 2020]
Finished job 42.
30 of 135 steps (22%) done

[Fri Nov 13 17:23:20 2020]
rule get_coords:
    input: data/starting_files/ENSSSCG00000031069
    output: data/gene_coords/ENSSSCG00000031069.gene, data/var_coords/ENSSSCG00000031069.vars
    jobid: 102
    wildcards: id=ENSSSCG00000031069

[Fri Nov 13 17:23:20 2020]
Finished job 102.
31 of 135 steps (23%) done

[Fri Nov 13 17:23:20 2020]
rule get_coords:
    input: data/starting_files/ENSSSCG00000009695
    output: data/gene_coords/ENSSSCG00000009695.gene, data/var_coords/ENSSSCG00000009695.vars
    jobid: 87
    wildcards: id=ENSSSCG00000009695

[Fri Nov 13 17:23:21 2020]
Finished job 87.
32 of 135 steps (24%) done

[Fri Nov 13 17:23:21 2020]
rule get_coords:
    input: data/starting_files/ENSSSCG00000012593
    output: data/gene_coords/ENSSSCG00000012593.gene, data/var_coords/ENSSSCG00000012593.vars
    jobid: 13
    wildcards: id=ENSSSCG00000012593

[Fri Nov 13 17:23:21 2020]
Finished job 13.
33 of 135 steps (24%) done

[Fri Nov 13 17:23:21 2020]
rule get_coords:
    input: data/starting_files/ENSSSCG00000010937
    output: data/gene_coords/ENSSSCG00000010937.gene, data/var_coords/ENSSSCG00000010937.vars
    jobid: 73
    wildcards: id=ENSSSCG00000010937

[Fri Nov 13 17:23:22 2020]
Finished job 73.
34 of 135 steps (25%) done

[Fri Nov 13 17:23:22 2020]
rule get_coords:
    input: data/starting_files/ENSSSCG00000005488
    output: data/gene_coords/ENSSSCG00000005488.gene, data/var_coords/ENSSSCG00000005488.vars
    jobid: 118
    wildcards: id=ENSSSCG00000005488

[Fri Nov 13 17:23:22 2020]
Finished job 118.
35 of 135 steps (26%) done

[Fri Nov 13 17:23:22 2020]
rule get_coords:
    input: data/starting_files/ENSSSCG00000030758
    output: data/gene_coords/ENSSSCG00000030758.gene, data/var_coords/ENSSSCG00000030758.vars
    jobid: 119
    wildcards: id=ENSSSCG00000030758

[Fri Nov 13 17:23:23 2020]
Finished job 119.
36 of 135 steps (27%) done

[Fri Nov 13 17:23:23 2020]
rule get_coords:
    input: data/starting_files/ENSSSCG00000026214
    output: data/gene_coords/ENSSSCG00000026214.gene, data/var_coords/ENSSSCG00000026214.vars
    jobid: 14
    wildcards: id=ENSSSCG00000026214

[Fri Nov 13 17:23:23 2020]
Finished job 14.
37 of 135 steps (27%) done

[Fri Nov 13 17:23:23 2020]
rule get_coords:
    input: data/starting_files/ENSSSCG00000007217
    output: data/gene_coords/ENSSSCG00000007217.gene, data/var_coords/ENSSSCG00000007217.vars
    jobid: 59
    wildcards: id=ENSSSCG00000007217

[Fri Nov 13 17:23:24 2020]
Finished job 59.
38 of 135 steps (28%) done

[Fri Nov 13 17:23:24 2020]
rule get_coords:
    input: data/starting_files/ENSSSCG00000012371
    output: data/gene_coords/ENSSSCG00000012371.gene, data/var_coords/ENSSSCG00000012371.vars
    jobid: 58
    wildcards: id=ENSSSCG00000012371

[Fri Nov 13 17:23:24 2020]
Finished job 58.
39 of 135 steps (29%) done

[Fri Nov 13 17:23:24 2020]
rule get_coords:
    input: data/starting_files/ENSSSCG00000009406
    output: data/gene_coords/ENSSSCG00000009406.gene, data/var_coords/ENSSSCG00000009406.vars
    jobid: 74
    wildcards: id=ENSSSCG00000009406

[Fri Nov 13 17:23:25 2020]
Finished job 74.
40 of 135 steps (30%) done

[Fri Nov 13 17:23:25 2020]
rule get_coords:
    input: data/starting_files/ENSSSCG00000012840
    output: data/gene_coords/ENSSSCG00000012840.gene, data/var_coords/ENSSSCG00000012840.vars
    jobid: 89
    wildcards: id=ENSSSCG00000012840

[Fri Nov 13 17:23:25 2020]
Finished job 89.
41 of 135 steps (30%) done

[Fri Nov 13 17:23:25 2020]
rule get_coords:
    input: data/starting_files/ENSSSCG00000028629
    output: data/gene_coords/ENSSSCG00000028629.gene, data/var_coords/ENSSSCG00000028629.vars
    jobid: 90
    wildcards: id=ENSSSCG00000028629

[Fri Nov 13 17:23:26 2020]
Finished job 90.
42 of 135 steps (31%) done

[Fri Nov 13 17:23:26 2020]
rule get_coords:
    input: data/starting_files/ENSSSCG00000011033
    output: data/gene_coords/ENSSSCG00000011033.gene, data/var_coords/ENSSSCG00000011033.vars
    jobid: 88
    wildcards: id=ENSSSCG00000011033

[Fri Nov 13 17:23:26 2020]
Finished job 88.
43 of 135 steps (32%) done

[Fri Nov 13 17:23:26 2020]
rule get_coords:
    input: data/starting_files/ENSSSCG00000005503
    output: data/gene_coords/ENSSSCG00000005503.gene, data/var_coords/ENSSSCG00000005503.vars
    jobid: 75
    wildcards: id=ENSSSCG00000005503

[Fri Nov 13 17:23:27 2020]
Finished job 75.
44 of 135 steps (33%) done

[Fri Nov 13 17:23:27 2020]
rule get_coords:
    input: data/starting_files/ENSSSCG00000011453
    output: data/gene_coords/ENSSSCG00000011453.gene, data/var_coords/ENSSSCG00000011453.vars
    jobid: 15
    wildcards: id=ENSSSCG00000011453

[Fri Nov 13 17:23:27 2020]
Finished job 15.
45 of 135 steps (33%) done

[Fri Nov 13 17:23:27 2020]
rule get_coords:
    input: data/starting_files/ENSSSCG00000006386
    output: data/gene_coords/ENSSSCG00000006386.gene, data/var_coords/ENSSSCG00000006386.vars
    jobid: 60
    wildcards: id=ENSSSCG00000006386

[Fri Nov 13 17:23:28 2020]
Finished job 60.
46 of 135 steps (34%) done

[Fri Nov 13 17:23:28 2020]
rule get_coords:
    input: data/starting_files/ENSSSCG00000007215
    output: data/gene_coords/ENSSSCG00000007215.gene, data/var_coords/ENSSSCG00000007215.vars
    jobid: 132
    wildcards: id=ENSSSCG00000007215

[Fri Nov 13 17:23:28 2020]
Finished job 132.
47 of 135 steps (35%) done

[Fri Nov 13 17:23:28 2020]
rule get_coords:
    input: data/starting_files/ENSSSCG00000014428
    output: data/gene_coords/ENSSSCG00000014428.gene, data/var_coords/ENSSSCG00000014428.vars
    jobid: 27
    wildcards: id=ENSSSCG00000014428

[Fri Nov 13 17:23:29 2020]
Finished job 27.
48 of 135 steps (36%) done

[Fri Nov 13 17:23:29 2020]
rule get_coords:
    input: data/starting_files/ENSSSCG00000015801
    output: data/gene_coords/ENSSSCG00000015801.gene, data/var_coords/ENSSSCG00000015801.vars
    jobid: 28
    wildcards: id=ENSSSCG00000015801

[Fri Nov 13 17:23:29 2020]
Finished job 28.
49 of 135 steps (36%) done

[Fri Nov 13 17:23:29 2020]
rule get_coords:
    input: data/starting_files/ENSSSCG00000011850
    output: data/gene_coords/ENSSSCG00000011850.gene, data/var_coords/ENSSSCG00000011850.vars
    jobid: 43
    wildcards: id=ENSSSCG00000011850

[Fri Nov 13 17:23:29 2020]
Finished job 43.
50 of 135 steps (37%) done

[Fri Nov 13 17:23:29 2020]
rule get_coords:
    input: data/starting_files/ENSSSCG00000028431
    output: data/gene_coords/ENSSSCG00000028431.gene, data/var_coords/ENSSSCG00000028431.vars
    jobid: 61
    wildcards: id=ENSSSCG00000028431

[Fri Nov 13 17:23:30 2020]
Finished job 61.
51 of 135 steps (38%) done

[Fri Nov 13 17:23:30 2020]
rule get_coords:
    input: data/starting_files/ENSSSCG00000002777
    output: data/gene_coords/ENSSSCG00000002777.gene, data/var_coords/ENSSSCG00000002777.vars
    jobid: 76
    wildcards: id=ENSSSCG00000002777

[Fri Nov 13 17:23:31 2020]
Finished job 76.
52 of 135 steps (39%) done

[Fri Nov 13 17:23:31 2020]
rule get_coords:
    input: data/starting_files/ENSSSCG00000004475
    output: data/gene_coords/ENSSSCG00000004475.gene, data/var_coords/ENSSSCG00000004475.vars
    jobid: 91
    wildcards: id=ENSSSCG00000004475

[Fri Nov 13 17:23:31 2020]
Finished job 91.
53 of 135 steps (39%) done

[Fri Nov 13 17:23:31 2020]
rule get_coords:
    input: data/starting_files/ENSSSCG00000027850
    output: data/gene_coords/ENSSSCG00000027850.gene, data/var_coords/ENSSSCG00000027850.vars
    jobid: 121
    wildcards: id=ENSSSCG00000027850

[Fri Nov 13 17:23:32 2020]
Finished job 121.
54 of 135 steps (40%) done

[Fri Nov 13 17:23:32 2020]
rule get_coords:
    input: data/starting_files/ENSSSCG00000005163
    output: data/gene_coords/ENSSSCG00000005163.gene, data/var_coords/ENSSSCG00000005163.vars
    jobid: 16
    wildcards: id=ENSSSCG00000005163

[Fri Nov 13 17:23:32 2020]
Finished job 16.
55 of 135 steps (41%) done

[Fri Nov 13 17:23:32 2020]
rule get_coords:
    input: data/starting_files/ENSSSCG00000026409
    output: data/gene_coords/ENSSSCG00000026409.gene, data/var_coords/ENSSSCG00000026409.vars
    jobid: 2
    wildcards: id=ENSSSCG00000026409

[Fri Nov 13 17:23:33 2020]
Finished job 2.
56 of 135 steps (41%) done

[Fri Nov 13 17:23:33 2020]
rule get_coords:
    input: data/starting_files/ENSSSCG00000007146
    output: data/gene_coords/ENSSSCG00000007146.gene, data/var_coords/ENSSSCG00000007146.vars
    jobid: 17
    wildcards: id=ENSSSCG00000007146

[Fri Nov 13 17:23:33 2020]
Finished job 17.
57 of 135 steps (42%) done

[Fri Nov 13 17:23:33 2020]
rule get_coords:
    input: data/starting_files/ENSSSCG00000012077
    output: data/gene_coords/ENSSSCG00000012077.gene, data/var_coords/ENSSSCG00000012077.vars
    jobid: 62
    wildcards: id=ENSSSCG00000012077

[Fri Nov 13 17:23:33 2020]
Finished job 62.
58 of 135 steps (43%) done

[Fri Nov 13 17:23:34 2020]
rule get_coords:
    input: data/starting_files/ENSSSCG00000007522
    output: data/gene_coords/ENSSSCG00000007522.gene, data/var_coords/ENSSSCG00000007522.vars
    jobid: 66
    wildcards: id=ENSSSCG00000007522

[Fri Nov 13 17:23:34 2020]
Finished job 66.
59 of 135 steps (44%) done

[Fri Nov 13 17:23:34 2020]
rule get_coords:
    input: data/starting_files/ENSSSCG00000003141
    output: data/gene_coords/ENSSSCG00000003141.gene, data/var_coords/ENSSSCG00000003141.vars
    jobid: 81
    wildcards: id=ENSSSCG00000003141

[Fri Nov 13 17:23:35 2020]
Finished job 81.
60 of 135 steps (44%) done

[Fri Nov 13 17:23:35 2020]
rule get_coords:
    input: data/starting_files/ENSSSCG00000012118
    output: data/gene_coords/ENSSSCG00000012118.gene, data/var_coords/ENSSSCG00000012118.vars
    jobid: 96
    wildcards: id=ENSSSCG00000012118

[Fri Nov 13 17:23:35 2020]
Finished job 96.
61 of 135 steps (45%) done

[Fri Nov 13 17:23:35 2020]
rule get_coords:
    input: data/starting_files/ENSSSCG00000000038
    output: data/gene_coords/ENSSSCG00000000038.gene, data/var_coords/ENSSSCG00000000038.vars
    jobid: 126
    wildcards: id=ENSSSCG00000000038

[Fri Nov 13 17:23:36 2020]
Finished job 126.
62 of 135 steps (46%) done

[Fri Nov 13 17:23:36 2020]
rule get_coords:
    input: data/starting_files/ENSSSCG00000026201
    output: data/gene_coords/ENSSSCG00000026201.gene, data/var_coords/ENSSSCG00000026201.vars
    jobid: 21
    wildcards: id=ENSSSCG00000026201

[Fri Nov 13 17:23:36 2020]
Finished job 21.
63 of 135 steps (47%) done

[Fri Nov 13 17:23:36 2020]
rule get_coords:
    input: data/starting_files/ENSSSCG00000007153
    output: data/gene_coords/ENSSSCG00000007153.gene, data/var_coords/ENSSSCG00000007153.vars
    jobid: 29
    wildcards: id=ENSSSCG00000007153

[Fri Nov 13 17:23:36 2020]
Finished job 29.
64 of 135 steps (47%) done

[Fri Nov 13 17:23:36 2020]
rule get_coords:
    input: data/starting_files/ENSSSCG00000012117
    output: data/gene_coords/ENSSSCG00000012117.gene, data/var_coords/ENSSSCG00000012117.vars
    jobid: 37
    wildcards: id=ENSSSCG00000012117

[Fri Nov 13 17:23:37 2020]
Finished job 37.
65 of 135 steps (48%) done

[Fri Nov 13 17:23:37 2020]
rule get_coords:
    input: data/starting_files/ENSSSCG00000014170
    output: data/gene_coords/ENSSSCG00000014170.gene, data/var_coords/ENSSSCG00000014170.vars
    jobid: 112
    wildcards: id=ENSSSCG00000014170

[Fri Nov 13 17:23:37 2020]
Finished job 112.
66 of 135 steps (49%) done

[Fri Nov 13 17:23:38 2020]
rule get_coords:
    input: data/starting_files/ENSSSCG00000029988
    output: data/gene_coords/ENSSSCG00000029988.gene, data/var_coords/ENSSSCG00000029988.vars
    jobid: 6
    wildcards: id=ENSSSCG00000029988

[Fri Nov 13 17:23:38 2020]
Finished job 6.
67 of 135 steps (50%) done

[Fri Nov 13 17:23:38 2020]
rule get_coords:
    input: data/starting_files/ENSSSCG00000000866
    output: data/gene_coords/ENSSSCG00000000866.gene, data/var_coords/ENSSSCG00000000866.vars
    jobid: 7
    wildcards: id=ENSSSCG00000000866

[Fri Nov 13 17:23:38 2020]
Finished job 7.
68 of 135 steps (50%) done

[Fri Nov 13 17:23:38 2020]
rule get_coords:
    input: data/starting_files/ENSSSCG00000004296
    output: data/gene_coords/ENSSSCG00000004296.gene, data/var_coords/ENSSSCG00000004296.vars
    jobid: 98
    wildcards: id=ENSSSCG00000004296

[Fri Nov 13 17:23:39 2020]
Finished job 98.
69 of 135 steps (51%) done

[Fri Nov 13 17:23:39 2020]
rule get_coords:
    input: data/starting_files/ENSSSCG00000030227
    output: data/gene_coords/ENSSSCG00000030227.gene, data/var_coords/ENSSSCG00000030227.vars
    jobid: 128
    wildcards: id=ENSSSCG00000030227

[Fri Nov 13 17:23:39 2020]
Finished job 128.
70 of 135 steps (52%) done

[Fri Nov 13 17:23:39 2020]
rule get_coords:
    input: data/starting_files/ENSSSCG00000013579
    output: data/gene_coords/ENSSSCG00000013579.gene, data/var_coords/ENSSSCG00000013579.vars
    jobid: 83
    wildcards: id=ENSSSCG00000013579

[Fri Nov 13 17:23:40 2020]
Finished job 83.
71 of 135 steps (53%) done

[Fri Nov 13 17:23:40 2020]
rule get_coords:
    input: data/starting_files/ENSSSCG00000015048
    output: data/gene_coords/ENSSSCG00000015048.gene, data/var_coords/ENSSSCG00000015048.vars
    jobid: 31
    wildcards: id=ENSSSCG00000015048

[Fri Nov 13 17:23:40 2020]
Finished job 31.
72 of 135 steps (53%) done

[Fri Nov 13 17:23:40 2020]
rule get_coords:
    input: data/starting_files/ENSSSCG00000010780
    output: data/gene_coords/ENSSSCG00000010780.gene, data/var_coords/ENSSSCG00000010780.vars
    jobid: 68
    wildcards: id=ENSSSCG00000010780

[Fri Nov 13 17:23:41 2020]
Finished job 68.
73 of 135 steps (54%) done

[Fri Nov 13 17:23:41 2020]
rule get_coords:
    input: data/starting_files/ENSSSCG00000004904
    output: data/gene_coords/ENSSSCG00000004904.gene, data/var_coords/ENSSSCG00000004904.vars
    jobid: 106
    wildcards: id=ENSSSCG00000004904

[Fri Nov 13 17:23:41 2020]
Finished job 106.
74 of 135 steps (55%) done

[Fri Nov 13 17:23:41 2020]
rule get_coords:
    input: data/starting_files/ENSSSCG00000026592
    output: data/gene_coords/ENSSSCG00000026592.gene, data/var_coords/ENSSSCG00000026592.vars
    jobid: 23
    wildcards: id=ENSSSCG00000026592

[Fri Nov 13 17:23:42 2020]
Finished job 23.
75 of 135 steps (56%) done

[Fri Nov 13 17:23:42 2020]
rule get_coords:
    input: data/starting_files/ENSSSCG00000002686
    output: data/gene_coords/ENSSSCG00000002686.gene, data/var_coords/ENSSSCG00000002686.vars
    jobid: 54
    wildcards: id=ENSSSCG00000002686

[Fri Nov 13 17:23:42 2020]
Finished job 54.
76 of 135 steps (56%) done

[Fri Nov 13 17:23:42 2020]
rule get_coords:
    input: data/starting_files/ENSSSCG00000025244
    output: data/gene_coords/ENSSSCG00000025244.gene, data/var_coords/ENSSSCG00000025244.vars
    jobid: 8
    wildcards: id=ENSSSCG00000025244

[Fri Nov 13 17:23:43 2020]
Finished job 8.
77 of 135 steps (57%) done

[Fri Nov 13 17:23:43 2020]
rule get_coords:
    input: data/starting_files/ENSSSCG00000008326
    output: data/gene_coords/ENSSSCG00000008326.gene, data/var_coords/ENSSSCG00000008326.vars
    jobid: 1
    wildcards: id=ENSSSCG00000008326

[Fri Nov 13 17:23:43 2020]
Finished job 1.
78 of 135 steps (58%) done

[Fri Nov 13 17:23:43 2020]
rule get_coords:
    input: data/starting_files/ENSSSCG00000011147
    output: data/gene_coords/ENSSSCG00000011147.gene, data/var_coords/ENSSSCG00000011147.vars
    jobid: 120
    wildcards: id=ENSSSCG00000011147

[Fri Nov 13 17:23:44 2020]
Finished job 120.
79 of 135 steps (59%) done

[Fri Nov 13 17:23:44 2020]
rule get_coords:
    input: data/starting_files/ENSSSCG00000002749
    output: data/gene_coords/ENSSSCG00000002749.gene, data/var_coords/ENSSSCG00000002749.vars
    jobid: 9
    wildcards: id=ENSSSCG00000002749

[Fri Nov 13 17:23:44 2020]
Finished job 9.
80 of 135 steps (59%) done

[Fri Nov 13 17:23:44 2020]
rule get_coords:
    input: data/starting_files/ENSSSCG00000010948
    output: data/gene_coords/ENSSSCG00000010948.gene, data/var_coords/ENSSSCG00000010948.vars
    jobid: 53
    wildcards: id=ENSSSCG00000010948

[Fri Nov 13 17:23:45 2020]
Finished job 53.
81 of 135 steps (60%) done

[Fri Nov 13 17:23:45 2020]
rule get_coords:
    input: data/starting_files/ENSSSCG00000008842
    output: data/gene_coords/ENSSSCG00000008842.gene, data/var_coords/ENSSSCG00000008842.vars
    jobid: 24
    wildcards: id=ENSSSCG00000008842

[Fri Nov 13 17:23:45 2020]
Finished job 24.
82 of 135 steps (61%) done

[Fri Nov 13 17:23:45 2020]
rule get_coords:
    input: data/starting_files/ENSSSCG00000000922
    output: data/gene_coords/ENSSSCG00000000922.gene, data/var_coords/ENSSSCG00000000922.vars
    jobid: 45
    wildcards: id=ENSSSCG00000000922

[Fri Nov 13 17:23:46 2020]
Finished job 45.
83 of 135 steps (61%) done

[Fri Nov 13 17:23:46 2020]
rule get_coords:
    input: data/starting_files/ENSSSCG00000017227
    output: data/gene_coords/ENSSSCG00000017227.gene, data/var_coords/ENSSSCG00000017227.vars
    jobid: 69
    wildcards: id=ENSSSCG00000017227

[Fri Nov 13 17:23:46 2020]
Finished job 69.
84 of 135 steps (62%) done

[Fri Nov 13 17:23:46 2020]
rule get_coords:
    input: data/starting_files/ENSSSCG00000003017
    output: data/gene_coords/ENSSSCG00000003017.gene, data/var_coords/ENSSSCG00000003017.vars
    jobid: 124
    wildcards: id=ENSSSCG00000003017

[Fri Nov 13 17:23:47 2020]
Finished job 124.
85 of 135 steps (63%) done

[Fri Nov 13 17:23:47 2020]
rule get_coords:
    input: data/starting_files/ENSSSCG00000007277
    output: data/gene_coords/ENSSSCG00000007277.gene, data/var_coords/ENSSSCG00000007277.vars
    jobid: 84
    wildcards: id=ENSSSCG00000007277

[Fri Nov 13 17:23:47 2020]
Finished job 84.
86 of 135 steps (64%) done

[Fri Nov 13 17:23:47 2020]
rule get_coords:
    input: data/starting_files/ENSSSCG00000011436
    output: data/gene_coords/ENSSSCG00000011436.gene, data/var_coords/ENSSSCG00000011436.vars
    jobid: 41
    wildcards: id=ENSSSCG00000011436

[Fri Nov 13 17:23:48 2020]
Finished job 41.
87 of 135 steps (64%) done

[Fri Nov 13 17:23:48 2020]
rule get_coords:
    input: data/starting_files/ENSSSCG00000005193
    output: data/gene_coords/ENSSSCG00000005193.gene, data/var_coords/ENSSSCG00000005193.vars
    jobid: 71
    wildcards: id=ENSSSCG00000005193

[Fri Nov 13 17:23:48 2020]
Finished job 71.
88 of 135 steps (65%) done

[Fri Nov 13 17:23:48 2020]
rule get_coords:
    input: data/starting_files/ENSSSCG00000022432
    output: data/gene_coords/ENSSSCG00000022432.gene, data/var_coords/ENSSSCG00000022432.vars
    jobid: 129
    wildcards: id=ENSSSCG00000022432

[Fri Nov 13 17:23:49 2020]
Finished job 129.
89 of 135 steps (66%) done

[Fri Nov 13 17:23:49 2020]
rule get_coords:
    input: data/starting_files/ENSSSCG00000029990
    output: data/gene_coords/ENSSSCG00000029990.gene, data/var_coords/ENSSSCG00000029990.vars
    jobid: 77
    wildcards: id=ENSSSCG00000029990

[Fri Nov 13 17:23:49 2020]
Finished job 77.
90 of 135 steps (67%) done

[Fri Nov 13 17:23:49 2020]
rule get_coords:
    input: data/starting_files/ENSSSCG00000015652
    output: data/gene_coords/ENSSSCG00000015652.gene, data/var_coords/ENSSSCG00000015652.vars
    jobid: 99
    wildcards: id=ENSSSCG00000015652

[Fri Nov 13 17:23:49 2020]
Finished job 99.
91 of 135 steps (67%) done

[Fri Nov 13 17:23:49 2020]
rule get_coords:
    input: data/starting_files/ENSSSCG00000016200
    output: data/gene_coords/ENSSSCG00000016200.gene, data/var_coords/ENSSSCG00000016200.vars
    jobid: 92
    wildcards: id=ENSSSCG00000016200

Terminating processes on user request, this might take some time.
[Fri Nov 13 17:23:50 2020]
Error in rule get_coords:
    jobid: 92
    output: data/gene_coords/ENSSSCG00000016200.gene, data/var_coords/ENSSSCG00000016200.vars

RuleException:
CalledProcessError in line 18 of /home/pelmo/tesi/remap_sscrofa/Snakefile:
Command 'set -euo pipefail;  /home/pelmo/anaconda3/envs/snakemake/bin/python3.9 /home/pelmo/tesi/remap_sscrofa/.snakemake/scripts/tmpmd9t1by5.get_coords.py' died with <Signals.SIGINT: 2>.
  File "/home/pelmo/anaconda3/envs/snakemake/lib/python3.9/site-packages/snakemake/executors/__init__.py", line 2231, in run_wrapper
  File "/home/pelmo/tesi/remap_sscrofa/Snakefile", line 18, in __rule_get_coords
  File "/home/pelmo/anaconda3/envs/snakemake/lib/python3.9/site-packages/snakemake/executors/__init__.py", line 560, in _callback
  File "/home/pelmo/anaconda3/envs/snakemake/lib/python3.9/concurrent/futures/thread.py", line 52, in run
  File "/home/pelmo/anaconda3/envs/snakemake/lib/python3.9/site-packages/snakemake/executors/__init__.py", line 546, in cached_or_run
  File "/home/pelmo/anaconda3/envs/snakemake/lib/python3.9/site-packages/snakemake/executors/__init__.py", line 2262, in run_wrapper
Complete log: /home/pelmo/tesi/remap_sscrofa/.snakemake/log/2020-11-13T172305.658816.snakemake.log
