Building DAG of jobs...
Using shell: /usr/bin/bash
Provided cores: 1 (use --cores to define parallelism)
Rules claiming more threads will be scaled down.
Job counts:
	count	jobs
	1	all
	7	verify_vars
	8
Select jobs to execute...

[Thu Dec  3 09:58:12 2020]
rule verify_vars:
    input: data/remapped_vars/ENSSSCG00000010885.remapped
    output: data/verified_vars/ENSSSCG00000010885.verified
    jobid: 391
    wildcards: id=ENSSSCG00000010885

[Thu Dec  3 10:03:26 2020]
Finished job 391.
1 of 8 steps (12%) done
Select jobs to execute...

[Thu Dec  3 10:03:26 2020]
rule verify_vars:
    input: data/remapped_vars/ENSSSCG00000002756.remapped
    output: data/verified_vars/ENSSSCG00000002756.verified
    jobid: 354
    wildcards: id=ENSSSCG00000002756

[Thu Dec  3 10:03:26 2020]
Error in rule verify_vars:
    jobid: 354
    output: data/verified_vars/ENSSSCG00000002756.verified

RuleException:
CalledProcessError in line 41 of /home/pelmo/sscrofa_variant_remapping/Snakefile:
Command 'set -euo pipefail;  /home/pelmo/anaconda3/envs/snakemake/bin/python3.9 /home/pelmo/sscrofa_variant_remapping/.snakemake/scripts/tmpdmltee3s.var_confirmation.py' returned non-zero exit status 1.
  File "/home/pelmo/anaconda3/envs/snakemake/lib/python3.9/site-packages/snakemake/executors/__init__.py", line 2273, in run_wrapper
  File "/home/pelmo/sscrofa_variant_remapping/Snakefile", line 41, in __rule_verify_vars
  File "/home/pelmo/anaconda3/envs/snakemake/lib/python3.9/site-packages/snakemake/executors/__init__.py", line 560, in _callback
  File "/home/pelmo/anaconda3/envs/snakemake/lib/python3.9/concurrent/futures/thread.py", line 52, in run
  File "/home/pelmo/anaconda3/envs/snakemake/lib/python3.9/site-packages/snakemake/executors/__init__.py", line 546, in cached_or_run
  File "/home/pelmo/anaconda3/envs/snakemake/lib/python3.9/site-packages/snakemake/executors/__init__.py", line 2304, in run_wrapper
Shutting down, this might take some time.
Exiting because a job execution failed. Look above for error message
Complete log: /home/pelmo/sscrofa_variant_remapping/.snakemake/log/2020-12-03T095811.919068.snakemake.log
