Building DAG of jobs...
Using shell: /usr/bin/bash
Provided cores: 1 (use --cores to define parallelism)
Rules claiming more threads will be scaled down.
Job counts:
	count	jobs
	1	all
	49	verified_stats
	50
Select jobs to execute...

[Fri Dec  4 12:23:50 2020]
rule verified_stats:
    input: data/verified_vars/ENSSSCG00000027850.verified
    output: data/verified_stats/ENSSSCG00000027850.stats
    jobid: 481
    wildcards: id=ENSSSCG00000027850

[Fri Dec  4 12:23:51 2020]
Finished job 481.
1 of 50 steps (2%) done
Select jobs to execute...

[Fri Dec  4 12:23:51 2020]
rule verified_stats:
    input: data/verified_vars/ENSSSCG00000026109.verified
    output: data/verified_stats/ENSSSCG00000026109.stats
    jobid: 485
    wildcards: id=ENSSSCG00000026109

[Fri Dec  4 12:23:51 2020]
Finished job 485.
2 of 50 steps (4%) done
Select jobs to execute...

[Fri Dec  4 12:23:51 2020]
rule verified_stats:
    input: data/verified_vars/ENSSSCG00000001743.verified
    output: data/verified_stats/ENSSSCG00000001743.stats
    jobid: 13
    wildcards: id=ENSSSCG00000001743

[Fri Dec  4 12:23:52 2020]
Finished job 13.
3 of 50 steps (6%) done
Select jobs to execute...

[Fri Dec  4 12:23:52 2020]
rule verified_stats:
    input: data/verified_vars/ENSSSCG00000007277.verified
    output: data/verified_stats/ENSSSCG00000007277.stats
    jobid: 333
    wildcards: id=ENSSSCG00000007277

[Fri Dec  4 12:23:52 2020]
Error in rule verified_stats:
    jobid: 333
    output: data/verified_stats/ENSSSCG00000007277.stats

RuleException:
CalledProcessError in line 49 of /home/pelmo/sscrofa_variant_remapping/Snakefile:
Command 'set -euo pipefail;  /home/pelmo/anaconda3/envs/snakemake/bin/python3.9 /home/pelmo/sscrofa_variant_remapping/.snakemake/scripts/tmpuhxu3cie.verified_stats.py' returned non-zero exit status 1.
  File "/home/pelmo/anaconda3/envs/snakemake/lib/python3.9/site-packages/snakemake/executors/__init__.py", line 2273, in run_wrapper
  File "/home/pelmo/sscrofa_variant_remapping/Snakefile", line 49, in __rule_verified_stats
  File "/home/pelmo/anaconda3/envs/snakemake/lib/python3.9/site-packages/snakemake/executors/__init__.py", line 560, in _callback
  File "/home/pelmo/anaconda3/envs/snakemake/lib/python3.9/concurrent/futures/thread.py", line 52, in run
  File "/home/pelmo/anaconda3/envs/snakemake/lib/python3.9/site-packages/snakemake/executors/__init__.py", line 546, in cached_or_run
  File "/home/pelmo/anaconda3/envs/snakemake/lib/python3.9/site-packages/snakemake/executors/__init__.py", line 2304, in run_wrapper
Shutting down, this might take some time.
Exiting because a job execution failed. Look above for error message
Complete log: /home/pelmo/sscrofa_variant_remapping/.snakemake/log/2020-12-04T122350.472065.snakemake.log
