Building DAG of jobs...
Using shell: /usr/bin/bash
Provided cores: 1 (use --cores to define parallelism)
Rules claiming more threads will be scaled down.
Job counts:
	count	jobs
	1	all
	124	verify_vars
	125
Select jobs to execute...

[Tue Dec  1 16:36:38 2020]
rule verify_vars:
    input: data/remapped_vars/ENSSSCG00000017121.remapped
    output: data/verified_vars/ENSSSCG00000017121.verified
    jobid: 303
    wildcards: id=ENSSSCG00000017121

Terminating processes on user request, this might take some time.
[Tue Dec  1 16:39:20 2020]
Error in rule verify_vars:
    jobid: 303
    output: data/verified_vars/ENSSSCG00000017121.verified

RuleException:
CalledProcessError in line 41 of /home/pelmo/sscrofa_variant_remapping/Snakefile:
Command 'set -euo pipefail;  /home/pelmo/anaconda3/envs/snakemake/bin/python3.9 /home/pelmo/sscrofa_variant_remapping/.snakemake/scripts/tmp0lqafckq.var_confirmation.py' died with <Signals.SIGINT: 2>.
  File "/home/pelmo/anaconda3/envs/snakemake/lib/python3.9/site-packages/snakemake/executors/__init__.py", line 2273, in run_wrapper
  File "/home/pelmo/sscrofa_variant_remapping/Snakefile", line 41, in __rule_verify_vars
  File "/home/pelmo/anaconda3/envs/snakemake/lib/python3.9/site-packages/snakemake/executors/__init__.py", line 560, in _callback
  File "/home/pelmo/anaconda3/envs/snakemake/lib/python3.9/concurrent/futures/thread.py", line 52, in run
  File "/home/pelmo/anaconda3/envs/snakemake/lib/python3.9/site-packages/snakemake/executors/__init__.py", line 546, in cached_or_run
  File "/home/pelmo/anaconda3/envs/snakemake/lib/python3.9/site-packages/snakemake/executors/__init__.py", line 2304, in run_wrapper
Complete log: /home/pelmo/sscrofa_variant_remapping/.snakemake/log/2020-12-01T163638.190872.snakemake.log
