Building DAG of jobs...
Using shell: /usr/bin/bash
Provided cores: 7
Rules claiming more threads will be scaled down.
Job counts:
	count	jobs
	1	all
	1	final_files
	134	merge_results
	136
Select jobs to execute...

[Tue Nov 24 12:01:26 2020]
rule merge_results:
    input: data/var_coords_remapped_report/ENSSSCG00000031060.vars.report, data/complete_coords/ENSSSCG00000031060.complete
    output: data/remapped_vars/ENSSSCG00000031060.remapped, data/unmapped_vars/ENSSSCG00000031060.unmapped
    jobid: 210
    wildcards: id=ENSSSCG00000031060

[Tue Nov 24 12:01:26 2020]
rule merge_results:
    input: data/var_coords_remapped_report/ENSSSCG00000008326.vars.report, data/complete_coords/ENSSSCG00000008326.complete
    output: data/remapped_vars/ENSSSCG00000008326.remapped, data/unmapped_vars/ENSSSCG00000008326.unmapped
    jobid: 2
    wildcards: id=ENSSSCG00000008326

[Tue Nov 24 12:01:26 2020]
rule merge_results:
    input: data/var_coords_remapped_report/ENSSSCG00000027850.vars.report, data/complete_coords/ENSSSCG00000027850.complete
    output: data/remapped_vars/ENSSSCG00000027850.remapped, data/unmapped_vars/ENSSSCG00000027850.unmapped
    jobid: 242
    wildcards: id=ENSSSCG00000027850

[Tue Nov 24 12:01:26 2020]
rule merge_results:
    input: data/var_coords_remapped_report/ENSSSCG00000005163.vars.report, data/complete_coords/ENSSSCG00000005163.complete
    output: data/remapped_vars/ENSSSCG00000005163.remapped, data/unmapped_vars/ENSSSCG00000005163.unmapped
    jobid: 32
    wildcards: id=ENSSSCG00000005163

[Tue Nov 24 12:01:26 2020]
rule merge_results:
    input: data/var_coords_remapped_report/ENSSSCG00000002777.vars.report, data/complete_coords/ENSSSCG00000002777.complete
    output: data/remapped_vars/ENSSSCG00000002777.remapped, data/unmapped_vars/ENSSSCG00000002777.unmapped
    jobid: 152
    wildcards: id=ENSSSCG00000002777

[Tue Nov 24 12:01:26 2020]
rule merge_results:
    input: data/var_coords_remapped_report/ENSSSCG00000013579.vars.report, data/complete_coords/ENSSSCG00000013579.complete
    output: data/remapped_vars/ENSSSCG00000013579.remapped, data/unmapped_vars/ENSSSCG00000013579.unmapped
    jobid: 166
    wildcards: id=ENSSSCG00000013579

[Tue Nov 24 12:01:26 2020]
rule merge_results:
    input: data/var_coords_remapped_report/ENSSSCG00000010780.vars.report, data/complete_coords/ENSSSCG00000010780.complete
    output: data/remapped_vars/ENSSSCG00000010780.remapped, data/unmapped_vars/ENSSSCG00000010780.unmapped
    jobid: 136
    wildcards: id=ENSSSCG00000010780

[Tue Nov 24 12:01:27 2020]
Finished job 2.
1 of 136 steps (0.74%) done
[Tue Nov 24 12:01:27 2020]
Finished job 32.
2 of 136 steps (1%) done
[Tue Nov 24 12:01:27 2020]
Finished job 242.
3 of 136 steps (2%) done
[Tue Nov 24 12:01:27 2020]
Finished job 210.
4 of 136 steps (3%) done
[Tue Nov 24 12:01:27 2020]
Finished job 166.
5 of 136 steps (4%) done
[Tue Nov 24 12:01:27 2020]
Finished job 152.
6 of 136 steps (4%) done
[Tue Nov 24 12:01:27 2020]
Finished job 136.
7 of 136 steps (5%) done
Select jobs to execute...

[Tue Nov 24 12:01:27 2020]
rule merge_results:
    input: data/var_coords_remapped_report/ENSSSCG00000026109.vars.report, data/complete_coords/ENSSSCG00000026109.complete
    output: data/remapped_vars/ENSSSCG00000026109.remapped, data/unmapped_vars/ENSSSCG00000026109.unmapped
    jobid: 244
    wildcards: id=ENSSSCG00000026109

[Tue Nov 24 12:01:27 2020]
rule merge_results:
    input: data/var_coords_remapped_report/ENSSSCG00000007146.vars.report, data/complete_coords/ENSSSCG00000007146.complete
    output: data/remapped_vars/ENSSSCG00000007146.remapped, data/unmapped_vars/ENSSSCG00000007146.unmapped
    jobid: 34
    wildcards: id=ENSSSCG00000007146

[Tue Nov 24 12:01:27 2020]
rule merge_results:
    input: data/var_coords_remapped_report/ENSSSCG00000026409.vars.report, data/complete_coords/ENSSSCG00000026409.complete
    output: data/remapped_vars/ENSSSCG00000026409.remapped, data/unmapped_vars/ENSSSCG00000026409.unmapped
    jobid: 4
    wildcards: id=ENSSSCG00000026409

[Tue Nov 24 12:01:27 2020]
rule merge_results:
    input: data/var_coords_remapped_report/ENSSSCG00000004475.vars.report, data/complete_coords/ENSSSCG00000004475.complete
    output: data/remapped_vars/ENSSSCG00000004475.remapped, data/unmapped_vars/ENSSSCG00000004475.unmapped
    jobid: 182
    wildcards: id=ENSSSCG00000004475


[Tue Nov 24 12:01:27 2020]
rule merge_results:
    input: data/var_coords_remapped_report/ENSSSCG00000004875.vars.report, data/complete_coords/ENSSSCG00000004875.complete
    output: data/remapped_vars/ENSSSCG00000004875.remapped, data/unmapped_vars/ENSSSCG00000004875.unmapped
    jobid: 94
    wildcards: id=ENSSSCG00000004875

[Tue Nov 24 12:01:27 2020]
rule merge_results:
    input: data/var_coords_remapped_report/ENSSSCG00000012077.vars.report, data/complete_coords/ENSSSCG00000012077.complete
    output: data/remapped_vars/ENSSSCG00000012077.remapped, data/unmapped_vars/ENSSSCG00000012077.unmapped
    jobid: 124
    wildcards: id=ENSSSCG00000012077

[Tue Nov 24 12:01:27 2020]
rule merge_results:
    input: data/var_coords_remapped_report/ENSSSCG00000004296.vars.report, data/complete_coords/ENSSSCG00000004296.complete
    output: data/remapped_vars/ENSSSCG00000004296.remapped, data/unmapped_vars/ENSSSCG00000004296.unmapped
    jobid: 196
    wildcards: id=ENSSSCG00000004296

[Tue Nov 24 12:01:27 2020]
Finished job 34.
8 of 136 steps (6%) done
[Tue Nov 24 12:01:28 2020]
Finished job 244.
9 of 136 steps (7%) done
[Tue Nov 24 12:01:28 2020]
Finished job 94.
10 of 136 steps (7%) done
[Tue Nov 24 12:01:28 2020]
Finished job 182.
11 of 136 steps (8%) done
[Tue Nov 24 12:01:28 2020]
Finished job 196.
12 of 136 steps (9%) done
[Tue Nov 24 12:01:28 2020]
Finished job 124.
13 of 136 steps (10%) done
[Tue Nov 24 12:01:28 2020]
Finished job 4.
14 of 136 steps (10%) done
Select jobs to execute...

[Tue Nov 24 12:01:28 2020]
rule merge_results:
    input: data/var_coords_remapped_report/ENSSSCG00000015048.vars.report, data/complete_coords/ENSSSCG00000015048.complete
    output: data/remapped_vars/ENSSSCG00000015048.remapped, data/unmapped_vars/ENSSSCG00000015048.unmapped
    jobid: 62
    wildcards: id=ENSSSCG00000015048


[Tue Nov 24 12:01:28 2020]
rule merge_results:
    input: data/var_coords_remapped_report/ENSSSCG00000015616.vars.report, data/complete_coords/ENSSSCG00000015616.complete
    output: data/remapped_vars/ENSSSCG00000015616.remapped, data/unmapped_vars/ENSSSCG00000015616.unmapped
    jobid: 156
    wildcards: id=ENSSSCG00000015616

[Tue Nov 24 12:01:28 2020]
rule merge_results:
    input: data/var_coords_remapped_report/ENSSSCG00000011862.vars.report, data/complete_coords/ENSSSCG00000011862.complete
    output: data/remapped_vars/ENSSSCG00000011862.remapped, data/unmapped_vars/ENSSSCG00000011862.unmapped
    jobid: 140
    wildcards: id=ENSSSCG00000011862

[Tue Nov 24 12:01:28 2020]
rule merge_results:
    input: data/var_coords_remapped_report/ENSSSCG00000009002.vars.report, data/complete_coords/ENSSSCG00000009002.complete
    output: data/remapped_vars/ENSSSCG00000009002.remapped, data/unmapped_vars/ENSSSCG00000009002.unmapped
    jobid: 230
    wildcards: id=ENSSSCG00000009002


[Tue Nov 24 12:01:28 2020]
rule merge_results:
    input: data/var_coords_remapped_report/ENSSSCG00000010310.vars.report, data/complete_coords/ENSSSCG00000010310.complete
    output: data/remapped_vars/ENSSSCG00000010310.remapped, data/unmapped_vars/ENSSSCG00000010310.unmapped
    jobid: 170
    wildcards: id=ENSSSCG00000010310


[Tue Nov 24 12:01:28 2020]
rule merge_results:
    input: data/var_coords_remapped_report/ENSSSCG00000008842.vars.report, data/complete_coords/ENSSSCG00000008842.complete
    output: data/remapped_vars/ENSSSCG00000008842.remapped, data/unmapped_vars/ENSSSCG00000008842.unmapped
    jobid: 48
    wildcards: id=ENSSSCG00000008842

[Tue Nov 24 12:01:28 2020]
rule merge_results:
    input: data/var_coords_remapped_report/ENSSSCG00000006337.vars.report, data/complete_coords/ENSSSCG00000006337.complete
    output: data/remapped_vars/ENSSSCG00000006337.remapped, data/unmapped_vars/ENSSSCG00000006337.unmapped
    jobid: 260
    wildcards: id=ENSSSCG00000006337

[Tue Nov 24 12:01:28 2020]
Finished job 62.
15 of 136 steps (11%) done
[Tue Nov 24 12:01:29 2020]
Finished job 156.
16 of 136 steps (12%) done
[Tue Nov 24 12:01:29 2020]
Finished job 170.
17 of 136 steps (12%) done
[Tue Nov 24 12:01:29 2020]
Finished job 230.
18 of 136 steps (13%) done
[Tue Nov 24 12:01:29 2020]
Finished job 140.
19 of 136 steps (14%) done
[Tue Nov 24 12:01:29 2020]
Finished job 260.
20 of 136 steps (15%) done
[Tue Nov 24 12:01:29 2020]
Finished job 48.
21 of 136 steps (15%) done
Select jobs to execute...

[Tue Nov 24 12:01:29 2020]
rule merge_results:
    input: data/var_coords_remapped_report/ENSSSCG00000029990.vars.report, data/complete_coords/ENSSSCG00000029990.complete
    output: data/remapped_vars/ENSSSCG00000029990.remapped, data/unmapped_vars/ENSSSCG00000029990.unmapped
    jobid: 154
    wildcards: id=ENSSSCG00000029990

[Tue Nov 24 12:01:29 2020]
rule merge_results:
    input: data/var_coords_remapped_report/ENSSSCG00000024689.vars.report, data/complete_coords/ENSSSCG00000024689.complete
    output: data/remapped_vars/ENSSSCG00000024689.remapped, data/unmapped_vars/ENSSSCG00000024689.unmapped
    jobid: 126
    wildcards: id=ENSSSCG00000024689


[Tue Nov 24 12:01:29 2020]
rule merge_results:
    input: data/var_coords_remapped_report/ENSSSCG00000004904.vars.report, data/complete_coords/ENSSSCG00000004904.complete
    output: data/remapped_vars/ENSSSCG00000004904.remapped, data/unmapped_vars/ENSSSCG00000004904.unmapped
    jobid: 212
    wildcards: id=ENSSSCG00000004904

[Tue Nov 24 12:01:29 2020]
rule merge_results:
    input: data/var_coords_remapped_report/ENSSSCG00000010885.vars.report, data/complete_coords/ENSSSCG00000010885.complete
    output: data/remapped_vars/ENSSSCG00000010885.remapped, data/unmapped_vars/ENSSSCG00000010885.unmapped
    jobid: 246
    wildcards: id=ENSSSCG00000010885

[Tue Nov 24 12:01:29 2020]
rule merge_results:
    input: data/var_coords_remapped_report/ENSSSCG00000023666.vars.report, data/complete_coords/ENSSSCG00000023666.complete
    output: data/remapped_vars/ENSSSCG00000023666.remapped, data/unmapped_vars/ENSSSCG00000023666.unmapped
    jobid: 52
    wildcards: id=ENSSSCG00000023666


[Tue Nov 24 12:01:29 2020]
rule merge_results:
    input: data/var_coords_remapped_report/ENSSSCG00000005193.vars.report, data/complete_coords/ENSSSCG00000005193.complete
    output: data/remapped_vars/ENSSSCG00000005193.remapped, data/unmapped_vars/ENSSSCG00000005193.unmapped
    jobid: 142
    wildcards: id=ENSSSCG00000005193


[Tue Nov 24 12:01:29 2020]
rule merge_results:
    input: data/var_coords_remapped_report/ENSSSCG00000002756.vars.report, data/complete_coords/ENSSSCG00000002756.complete
    output: data/remapped_vars/ENSSSCG00000002756.remapped, data/unmapped_vars/ENSSSCG00000002756.unmapped
    jobid: 172
    wildcards: id=ENSSSCG00000002756

[Tue Nov 24 12:01:30 2020]
Finished job 212.
22 of 136 steps (16%) done
[Tue Nov 24 12:01:30 2020]
Finished job 52.
23 of 136 steps (17%) done
[Tue Nov 24 12:01:30 2020]
Finished job 154.
24 of 136 steps (18%) done
[Tue Nov 24 12:01:30 2020]
Finished job 126.
25 of 136 steps (18%) done
[Tue Nov 24 12:01:30 2020]
Finished job 142.
26 of 136 steps (19%) done
[Tue Nov 24 12:01:30 2020]
Finished job 172.
27 of 136 steps (20%) done
[Tue Nov 24 12:01:30 2020]
Finished job 246.
28 of 136 steps (21%) done
Select jobs to execute...

[Tue Nov 24 12:01:30 2020]
rule merge_results:
    input: data/var_coords_remapped_report/ENSSSCG00000020864.vars.report, data/complete_coords/ENSSSCG00000020864.complete
    output: data/remapped_vars/ENSSSCG00000020864.remapped, data/unmapped_vars/ENSSSCG00000020864.unmapped
    jobid: 158
    wildcards: id=ENSSSCG00000020864

[Tue Nov 24 12:01:30 2020]
rule merge_results:
    input: data/var_coords_remapped_report/ENSSSCG00000008521.vars.report, data/complete_coords/ENSSSCG00000008521.complete
    output: data/remapped_vars/ENSSSCG00000008521.remapped, data/unmapped_vars/ENSSSCG00000008521.unmapped
    jobid: 188
    wildcards: id=ENSSSCG00000008521


[Tue Nov 24 12:01:30 2020]
rule merge_results:
    input: data/var_coords_remapped_report/ENSSSCG00000009477.vars.report, data/complete_coords/ENSSSCG00000009477.complete
    output: data/remapped_vars/ENSSSCG00000009477.remapped, data/unmapped_vars/ENSSSCG00000009477.unmapped
    jobid: 186
    wildcards: id=ENSSSCG00000009477

[Tue Nov 24 12:01:30 2020]
rule merge_results:
    input: data/var_coords_remapped_report/ENSSSCG00000001743.vars.report, data/complete_coords/ENSSSCG00000001743.complete
    output: data/remapped_vars/ENSSSCG00000001743.remapped, data/unmapped_vars/ENSSSCG00000001743.unmapped
    jobid: 8
    wildcards: id=ENSSSCG00000001743

[Tue Nov 24 12:01:30 2020]
rule merge_results:
    input: data/var_coords_remapped_report/ENSSSCG00000002961.vars.report, data/complete_coords/ENSSSCG00000002961.complete
    output: data/remapped_vars/ENSSSCG00000002961.remapped, data/unmapped_vars/ENSSSCG00000002961.unmapped
    jobid: 38
    wildcards: id=ENSSSCG00000002961


[Tue Nov 24 12:01:30 2020]
rule merge_results:
    input: data/var_coords_remapped_report/ENSSSCG00000006215.vars.report, data/complete_coords/ENSSSCG00000006215.complete
    output: data/remapped_vars/ENSSSCG00000006215.remapped, data/unmapped_vars/ENSSSCG00000006215.unmapped
    jobid: 98
    wildcards: id=ENSSSCG00000006215

[Tue Nov 24 12:01:30 2020]
rule merge_results:
    input: data/var_coords_remapped_report/ENSSSCG00000007218.vars.report, data/complete_coords/ENSSSCG00000007218.complete
    output: data/remapped_vars/ENSSSCG00000007218.remapped, data/unmapped_vars/ENSSSCG00000007218.unmapped
    jobid: 232
    wildcards: id=ENSSSCG00000007218

[Tue Nov 24 12:01:30 2020]
Finished job 158.
29 of 136 steps (21%) done
[Tue Nov 24 12:01:31 2020]
Finished job 8.
30 of 136 steps (22%) done
[Tue Nov 24 12:01:31 2020]
Finished job 186.
31 of 136 steps (23%) done
[Tue Nov 24 12:01:31 2020]
Finished job 188.
32 of 136 steps (24%) done
[Tue Nov 24 12:01:31 2020]
Finished job 98.
33 of 136 steps (24%) done
[Tue Nov 24 12:01:31 2020]
Finished job 232.
34 of 136 steps (25%) done
[Tue Nov 24 12:01:31 2020]
Finished job 38.
35 of 136 steps (26%) done
Select jobs to execute...

[Tue Nov 24 12:01:31 2020]
rule merge_results:
    input: data/var_coords_remapped_report/ENSSSCG00000007216.vars.report, data/complete_coords/ENSSSCG00000007216.complete
    output: data/remapped_vars/ENSSSCG00000007216.remapped, data/unmapped_vars/ENSSSCG00000007216.unmapped
    jobid: 128
    wildcards: id=ENSSSCG00000007216

[Tue Nov 24 12:01:31 2020]
rule merge_results:
    input: data/var_coords_remapped_report/ENSSSCG00000016940.vars.report, data/complete_coords/ENSSSCG00000016940.complete
    output: data/remapped_vars/ENSSSCG00000016940.remapped, data/unmapped_vars/ENSSSCG00000016940.unmapped
    jobid: 36
    wildcards: id=ENSSSCG00000016940


[Tue Nov 24 12:01:31 2020]
rule merge_results:
    input: data/var_coords_remapped_report/ENSSSCG00000024497.vars.report, data/complete_coords/ENSSSCG00000024497.complete
    output: data/remapped_vars/ENSSSCG00000024497.remapped, data/unmapped_vars/ENSSSCG00000024497.unmapped
    jobid: 234
    wildcards: id=ENSSSCG00000024497


[Tue Nov 24 12:01:31 2020]
rule merge_results:
    input: data/var_coords_remapped_report/ENSSSCG00000025500.vars.report, data/complete_coords/ENSSSCG00000025500.complete
    output: data/remapped_vars/ENSSSCG00000025500.remapped, data/unmapped_vars/ENSSSCG00000025500.unmapped
    jobid: 144
    wildcards: id=ENSSSCG00000025500


[Tue Nov 24 12:01:31 2020]
rule merge_results:
    input: data/var_coords_remapped_report/ENSSSCG00000015070.vars.report, data/complete_coords/ENSSSCG00000015070.complete
    output: data/remapped_vars/ENSSSCG00000015070.remapped, data/unmapped_vars/ENSSSCG00000015070.unmapped
    jobid: 24
    wildcards: id=ENSSSCG00000015070


[Tue Nov 24 12:01:31 2020]
rule merge_results:
    input: data/var_coords_remapped_report/ENSSSCG00000009695.vars.report, data/complete_coords/ENSSSCG00000009695.complete
    output: data/remapped_vars/ENSSSCG00000009695.remapped, data/unmapped_vars/ENSSSCG00000009695.unmapped
    jobid: 174
    wildcards: id=ENSSSCG00000009695


[Tue Nov 24 12:01:31 2020]
rule merge_results:
    input: data/var_coords_remapped_report/ENSSSCG00000014428.vars.report, data/complete_coords/ENSSSCG00000014428.complete
    output: data/remapped_vars/ENSSSCG00000014428.remapped, data/unmapped_vars/ENSSSCG00000014428.unmapped
    jobid: 54
    wildcards: id=ENSSSCG00000014428

[Tue Nov 24 12:01:31 2020]
Finished job 24.
36 of 136 steps (26%) done
[Tue Nov 24 12:01:32 2020]
Finished job 128.
37 of 136 steps (27%) done
[Tue Nov 24 12:01:32 2020]
Finished job 36.
38 of 136 steps (28%) done
[Tue Nov 24 12:01:32 2020]
Finished job 144.
39 of 136 steps (29%) done
[Tue Nov 24 12:01:32 2020]
Finished job 234.
40 of 136 steps (29%) done
[Tue Nov 24 12:01:32 2020]
Finished job 174.
41 of 136 steps (30%) done
[Tue Nov 24 12:01:32 2020]
Finished job 54.
42 of 136 steps (31%) done
Select jobs to execute...

[Tue Nov 24 12:01:32 2020]
rule merge_results:
    input: data/var_coords_remapped_report/ENSSSCG00000003017.vars.report, data/complete_coords/ENSSSCG00000003017.complete
    output: data/remapped_vars/ENSSSCG00000003017.remapped, data/unmapped_vars/ENSSSCG00000003017.unmapped
    jobid: 248
    wildcards: id=ENSSSCG00000003017

[Tue Nov 24 12:01:32 2020]
rule merge_results:
    input: data/var_coords_remapped_report/ENSSSCG00000010816.vars.report, data/complete_coords/ENSSSCG00000010816.complete
    output: data/remapped_vars/ENSSSCG00000010816.remapped, data/unmapped_vars/ENSSSCG00000010816.unmapped
    jobid: 20
    wildcards: id=ENSSSCG00000010816

[Tue Nov 24 12:01:32 2020]
rule merge_results:
    input: data/var_coords_remapped_report/ENSSSCG00000031002.vars.report, data/complete_coords/ENSSSCG00000031002.complete
    output: data/remapped_vars/ENSSSCG00000031002.remapped, data/unmapped_vars/ENSSSCG00000031002.unmapped
    jobid: 22
    wildcards: id=ENSSSCG00000031002


[Tue Nov 24 12:01:32 2020]
rule merge_results:
    input: data/var_coords_remapped_report/ENSSSCG00000002686.vars.report, data/complete_coords/ENSSSCG00000002686.complete
    output: data/remapped_vars/ENSSSCG00000002686.remapped, data/unmapped_vars/ENSSSCG00000002686.unmapped
    jobid: 108
    wildcards: id=ENSSSCG00000002686


[Tue Nov 24 12:01:32 2020]
rule merge_results:
    input: data/var_coords_remapped_report/ENSSSCG00000011436.vars.report, data/complete_coords/ENSSSCG00000011436.complete
    output: data/remapped_vars/ENSSSCG00000011436.remapped, data/unmapped_vars/ENSSSCG00000011436.unmapped
    jobid: 82
    wildcards: id=ENSSSCG00000011436

[Tue Nov 24 12:01:32 2020]
rule merge_results:
    input: data/var_coords_remapped_report/ENSSSCG00000011512.vars.report, data/complete_coords/ENSSSCG00000011512.complete
    output: data/remapped_vars/ENSSSCG00000011512.remapped, data/unmapped_vars/ENSSSCG00000011512.unmapped
    jobid: 84
    wildcards: id=ENSSSCG00000011512


[Tue Nov 24 12:01:32 2020]
rule merge_results:
    input: data/var_coords_remapped_report/ENSSSCG00000007215.vars.report, data/complete_coords/ENSSSCG00000007215.complete
    output: data/remapped_vars/ENSSSCG00000007215.remapped, data/unmapped_vars/ENSSSCG00000007215.unmapped
    jobid: 264
    wildcards: id=ENSSSCG00000007215

[Tue Nov 24 12:01:33 2020]
Finished job 248.
43 of 136 steps (32%) done
[Tue Nov 24 12:01:33 2020]
Finished job 108.
44 of 136 steps (32%) done
[Tue Nov 24 12:01:33 2020]
Finished job 82.
45 of 136 steps (33%) done
[Tue Nov 24 12:01:33 2020]
Finished job 22.
46 of 136 steps (34%) done
[Tue Nov 24 12:01:33 2020]
Finished job 264.
47 of 136 steps (35%) done
[Tue Nov 24 12:01:33 2020]
Finished job 84.
48 of 136 steps (35%) done
[Tue Nov 24 12:01:33 2020]
Finished job 20.
49 of 136 steps (36%) done
Select jobs to execute...

[Tue Nov 24 12:01:33 2020]
rule merge_results:
    input: data/var_coords_remapped_report/ENSSSCG00000017399.vars.report, data/complete_coords/ENSSSCG00000017399.complete
    output: data/remapped_vars/ENSSSCG00000017399.remapped, data/unmapped_vars/ENSSSCG00000017399.unmapped
    jobid: 6
    wildcards: id=ENSSSCG00000017399

[Tue Nov 24 12:01:33 2020]
rule merge_results:
    input: data/var_coords_remapped_report/ENSSSCG00000016047.vars.report, data/complete_coords/ENSSSCG00000016047.complete
    output: data/remapped_vars/ENSSSCG00000016047.remapped, data/unmapped_vars/ENSSSCG00000016047.unmapped
    jobid: 250
    wildcards: id=ENSSSCG00000016047

[Tue Nov 24 12:01:33 2020]
rule merge_results:
    input: data/var_coords_remapped_report/ENSSSCG00000026583.vars.report, data/complete_coords/ENSSSCG00000026583.complete
    output: data/remapped_vars/ENSSSCG00000026583.remapped, data/unmapped_vars/ENSSSCG00000026583.unmapped
    jobid: 96
    wildcards: id=ENSSSCG00000026583

[Tue Nov 24 12:01:33 2020]
rule merge_results:
    input: data/var_coords_remapped_report/ENSSSCG00000010929.vars.report, data/complete_coords/ENSSSCG00000010929.complete
    output: data/remapped_vars/ENSSSCG00000010929.remapped, data/unmapped_vars/ENSSSCG00000010929.unmapped
    jobid: 10
    wildcards: id=ENSSSCG00000010929


[Tue Nov 24 12:01:33 2020]
rule merge_results:
    input: data/var_coords_remapped_report/ENSSSCG00000006403.vars.report, data/complete_coords/ENSSSCG00000006403.complete
    output: data/remapped_vars/ENSSSCG00000006403.remapped, data/unmapped_vars/ENSSSCG00000006403.unmapped
    jobid: 40
    wildcards: id=ENSSSCG00000006403

[Tue Nov 24 12:01:33 2020]
rule merge_results:
    input: data/var_coords_remapped_report/ENSSSCG00000000481.vars.report, data/complete_coords/ENSSSCG00000000481.complete
    output: data/remapped_vars/ENSSSCG00000000481.remapped, data/unmapped_vars/ENSSSCG00000000481.unmapped
    jobid: 262
    wildcards: id=ENSSSCG00000000481

[Tue Nov 24 12:01:33 2020]
rule merge_results:
    input: data/var_coords_remapped_report/ENSSSCG00000007277.vars.report, data/complete_coords/ENSSSCG00000007277.complete
    output: data/remapped_vars/ENSSSCG00000007277.remapped, data/unmapped_vars/ENSSSCG00000007277.unmapped
    jobid: 168
    wildcards: id=ENSSSCG00000007277

[Tue Nov 24 12:01:34 2020]
Finished job 96.
50 of 136 steps (37%) done
[Tue Nov 24 12:01:34 2020]
Finished job 6.
51 of 136 steps (38%) done
[Tue Nov 24 12:01:34 2020]
Finished job 250.
52 of 136 steps (38%) done
[Tue Nov 24 12:01:34 2020]
Finished job 262.
53 of 136 steps (39%) done
[Tue Nov 24 12:01:34 2020]
Finished job 10.
54 of 136 steps (40%) done
[Tue Nov 24 12:01:34 2020]
Finished job 168.
55 of 136 steps (40%) done
[Tue Nov 24 12:01:34 2020]
Finished job 40.
56 of 136 steps (41%) done
Select jobs to execute...

[Tue Nov 24 12:01:34 2020]
rule merge_results:
    input: data/var_coords_remapped_report/ENSSSCG00000016200.vars.report, data/complete_coords/ENSSSCG00000016200.complete
    output: data/remapped_vars/ENSSSCG00000016200.remapped, data/unmapped_vars/ENSSSCG00000016200.unmapped
    jobid: 184
    wildcards: id=ENSSSCG00000016200

[Tue Nov 24 12:01:34 2020]
rule merge_results:
    input: data/var_coords_remapped_report/ENSSSCG00000009115.vars.report, data/complete_coords/ENSSSCG00000009115.complete
    output: data/remapped_vars/ENSSSCG00000009115.remapped, data/unmapped_vars/ENSSSCG00000009115.unmapped
    jobid: 100
    wildcards: id=ENSSSCG00000009115


[Tue Nov 24 12:01:34 2020]
rule merge_results:
    input: data/var_coords_remapped_report/ENSSSCG00000008088.vars.report, data/complete_coords/ENSSSCG00000008088.complete
    output: data/remapped_vars/ENSSSCG00000008088.remapped, data/unmapped_vars/ENSSSCG00000008088.unmapped
    jobid: 130
    wildcards: id=ENSSSCG00000008088

[Tue Nov 24 12:01:34 2020]
rule merge_results:
    input: data/var_coords_remapped_report/ENSSSCG00000023876.vars.report, data/complete_coords/ENSSSCG00000023876.complete
    output: data/remapped_vars/ENSSSCG00000023876.remapped, data/unmapped_vars/ENSSSCG00000023876.unmapped
    jobid: 80
    wildcards: id=ENSSSCG00000023876


[Tue Nov 24 12:01:34 2020]
rule merge_results:
    input: data/var_coords_remapped_report/ENSSSCG00000010948.vars.report, data/complete_coords/ENSSSCG00000010948.complete
    output: data/remapped_vars/ENSSSCG00000010948.remapped, data/unmapped_vars/ENSSSCG00000010948.unmapped
    jobid: 106
    wildcards: id=ENSSSCG00000010948

[Tue Nov 24 12:01:34 2020]
rule merge_results:
    input: data/var_coords_remapped_report/ENSSSCG00000025058.vars.report, data/complete_coords/ENSSSCG00000025058.complete
    output: data/remapped_vars/ENSSSCG00000025058.remapped, data/unmapped_vars/ENSSSCG00000025058.unmapped
    jobid: 50
    wildcards: id=ENSSSCG00000025058

[Tue Nov 24 12:01:34 2020]
rule merge_results:
    input: data/var_coords_remapped_report/ENSSSCG00000022432.vars.report, data/complete_coords/ENSSSCG00000022432.complete
    output: data/remapped_vars/ENSSSCG00000022432.remapped, data/unmapped_vars/ENSSSCG00000022432.unmapped
    jobid: 258
    wildcards: id=ENSSSCG00000022432

[Tue Nov 24 12:01:35 2020]
Finished job 130.
57 of 136 steps (42%) done
[Tue Nov 24 12:01:35 2020]
Finished job 258.
58 of 136 steps (43%) done
[Tue Nov 24 12:01:35 2020]
Finished job 184.
59 of 136 steps (43%) done
[Tue Nov 24 12:01:35 2020]
Finished job 106.
60 of 136 steps (44%) done
[Tue Nov 24 12:01:35 2020]
Finished job 50.
61 of 136 steps (45%) done
[Tue Nov 24 12:01:35 2020]
Finished job 100.
62 of 136 steps (46%) done
[Tue Nov 24 12:01:35 2020]
Finished job 80.
63 of 136 steps (46%) done
Select jobs to execute...

[Tue Nov 24 12:01:35 2020]
rule merge_results:
    input: data/var_coords_remapped_report/ENSSSCG00000017227.vars.report, data/complete_coords/ENSSSCG00000017227.complete
    output: data/remapped_vars/ENSSSCG00000017227.remapped, data/unmapped_vars/ENSSSCG00000017227.unmapped
    jobid: 138
    wildcards: id=ENSSSCG00000017227

[Tue Nov 24 12:01:35 2020]
rule merge_results:
    input: data/var_coords_remapped_report/ENSSSCG00000002749.vars.report, data/complete_coords/ENSSSCG00000002749.complete
    output: data/remapped_vars/ENSSSCG00000002749.remapped, data/unmapped_vars/ENSSSCG00000002749.unmapped
    jobid: 18
    wildcards: id=ENSSSCG00000002749


[Tue Nov 24 12:01:35 2020]
rule merge_results:
    input: data/var_coords_remapped_report/ENSSSCG00000012371.vars.report, data/complete_coords/ENSSSCG00000012371.complete
    output: data/remapped_vars/ENSSSCG00000012371.remapped, data/unmapped_vars/ENSSSCG00000012371.unmapped
    jobid: 116
    wildcards: id=ENSSSCG00000012371


[Tue Nov 24 12:01:35 2020]
rule merge_results:
    input: data/var_coords_remapped_report/ENSSSCG00000006648.vars.report, data/complete_coords/ENSSSCG00000006648.complete
    output: data/remapped_vars/ENSSSCG00000006648.remapped, data/unmapped_vars/ENSSSCG00000006648.unmapped
    jobid: 78
    wildcards: id=ENSSSCG00000006648


[Tue Nov 24 12:01:35 2020]
rule merge_results:
    input: data/var_coords_remapped_report/ENSSSCG00000003130.vars.report, data/complete_coords/ENSSSCG00000003130.complete
    output: data/remapped_vars/ENSSSCG00000003130.remapped, data/unmapped_vars/ENSSSCG00000003130.unmapped
    jobid: 228
    wildcards: id=ENSSSCG00000003130


[Tue Nov 24 12:01:35 2020]
rule merge_results:
    input: data/var_coords_remapped_report/ENSSSCG00000012593.vars.report, data/complete_coords/ENSSSCG00000012593.complete
    output: data/remapped_vars/ENSSSCG00000012593.remapped, data/unmapped_vars/ENSSSCG00000012593.unmapped
    jobid: 26
    wildcards: id=ENSSSCG00000012593

[Tue Nov 24 12:01:35 2020]
rule merge_results:
    input: data/var_coords_remapped_report/ENSSSCG00000015801.vars.report, data/complete_coords/ENSSSCG00000015801.complete
    output: data/remapped_vars/ENSSSCG00000015801.remapped, data/unmapped_vars/ENSSSCG00000015801.unmapped
    jobid: 56
    wildcards: id=ENSSSCG00000015801

[Tue Nov 24 12:01:36 2020]
Finished job 78.
64 of 136 steps (47%) done
[Tue Nov 24 12:01:36 2020]
Finished job 138.
65 of 136 steps (48%) done
[Tue Nov 24 12:01:36 2020]
Finished job 18.
66 of 136 steps (49%) done
[Tue Nov 24 12:01:36 2020]
Finished job 56.
67 of 136 steps (49%) done
[Tue Nov 24 12:01:36 2020]
Finished job 228.
68 of 136 steps (50%) done
[Tue Nov 24 12:01:36 2020]
Finished job 116.
69 of 136 steps (51%) done
[Tue Nov 24 12:01:36 2020]
Finished job 26.
70 of 136 steps (51%) done
Select jobs to execute...

[Tue Nov 24 12:01:36 2020]
rule merge_results:
    input: data/var_coords_remapped_report/ENSSSCG00000001741.vars.report, data/complete_coords/ENSSSCG00000001741.complete
    output: data/remapped_vars/ENSSSCG00000001741.remapped, data/unmapped_vars/ENSSSCG00000001741.unmapped
    jobid: 190
    wildcards: id=ENSSSCG00000001741

[Tue Nov 24 12:01:36 2020]
rule merge_results:
    input: data/var_coords_remapped_report/ENSSSCG00000028431.vars.report, data/complete_coords/ENSSSCG00000028431.complete
    output: data/remapped_vars/ENSSSCG00000028431.remapped, data/unmapped_vars/ENSSSCG00000028431.unmapped
    jobid: 122
    wildcards: id=ENSSSCG00000028431

[Tue Nov 24 12:01:36 2020]
rule merge_results:
    input: data/var_coords_remapped_report/ENSSSCG00000030168.vars.report, data/complete_coords/ENSSSCG00000030168.complete
    output: data/remapped_vars/ENSSSCG00000030168.remapped, data/unmapped_vars/ENSSSCG00000030168.unmapped
    jobid: 160
    wildcards: id=ENSSSCG00000030168


[Tue Nov 24 12:01:36 2020]
rule merge_results:
    input: data/var_coords_remapped_report/ENSSSCG00000017103.vars.report, data/complete_coords/ENSSSCG00000017103.complete
    output: data/remapped_vars/ENSSSCG00000017103.remapped, data/unmapped_vars/ENSSSCG00000017103.unmapped
    jobid: 216
    wildcards: id=ENSSSCG00000017103

[Tue Nov 24 12:01:36 2020]
rule merge_results:
    input: data/var_coords_remapped_report/ENSSSCG00000001428.vars.report, data/complete_coords/ENSSSCG00000001428.complete
    output: data/remapped_vars/ENSSSCG00000001428.remapped, data/unmapped_vars/ENSSSCG00000001428.unmapped
    jobid: 92
    wildcards: id=ENSSSCG00000001428


[Tue Nov 24 12:01:36 2020]
rule merge_results:
    input: data/var_coords_remapped_report/ENSSSCG00000000038.vars.report, data/complete_coords/ENSSSCG00000000038.complete
    output: data/remapped_vars/ENSSSCG00000000038.remapped, data/unmapped_vars/ENSSSCG00000000038.unmapped
    jobid: 252
    wildcards: id=ENSSSCG00000000038

[Tue Nov 24 12:01:36 2020]
rule merge_results:
    input: data/var_coords_remapped_report/ENSSSCG00000007744.vars.report, data/complete_coords/ENSSSCG00000007744.complete
    output: data/remapped_vars/ENSSSCG00000007744.remapped, data/unmapped_vars/ENSSSCG00000007744.unmapped
    jobid: 64
    wildcards: id=ENSSSCG00000007744

[Tue Nov 24 12:01:37 2020]
Finished job 160.
71 of 136 steps (52%) done
[Tue Nov 24 12:01:37 2020]
Finished job 216.
72 of 136 steps (53%) done
[Tue Nov 24 12:01:37 2020]
Finished job 190.
73 of 136 steps (54%) done
[Tue Nov 24 12:01:37 2020]
Finished job 64.
74 of 136 steps (54%) done
[Tue Nov 24 12:01:37 2020]
Finished job 122.
75 of 136 steps (55%) done
[Tue Nov 24 12:01:37 2020]
Finished job 252.
76 of 136 steps (56%) done
[Tue Nov 24 12:01:37 2020]
Finished job 92.
77 of 136 steps (57%) done
Select jobs to execute...

[Tue Nov 24 12:01:37 2020]
rule merge_results:
    input: data/var_coords_remapped_report/ENSSSCG00000010591.vars.report, data/complete_coords/ENSSSCG00000010591.complete
    output: data/remapped_vars/ENSSSCG00000010591.remapped, data/unmapped_vars/ENSSSCG00000010591.unmapped
    jobid: 220
    wildcards: id=ENSSSCG00000010591

[Tue Nov 24 12:01:37 2020]
rule merge_results:
    input: data/var_coords_remapped_report/ENSSSCG00000017121.vars.report, data/complete_coords/ENSSSCG00000017121.complete
    output: data/remapped_vars/ENSSSCG00000017121.remapped, data/unmapped_vars/ENSSSCG00000017121.unmapped
    jobid: 70
    wildcards: id=ENSSSCG00000017121

[Tue Nov 24 12:01:37 2020]
rule merge_results:
    input: data/var_coords_remapped_report/ENSSSCG00000026214.vars.report, data/complete_coords/ENSSSCG00000026214.complete
    output: data/remapped_vars/ENSSSCG00000026214.remapped, data/unmapped_vars/ENSSSCG00000026214.unmapped
    jobid: 28
    wildcards: id=ENSSSCG00000026214


[Tue Nov 24 12:01:37 2020]
rule merge_results:
    input: data/var_coords_remapped_report/ENSSSCG00000029988.vars.report, data/complete_coords/ENSSSCG00000029988.complete
    output: data/remapped_vars/ENSSSCG00000029988.remapped, data/unmapped_vars/ENSSSCG00000029988.unmapped
    jobid: 12
    wildcards: id=ENSSSCG00000029988

[Tue Nov 24 12:01:37 2020]
rule merge_results:
    input: data/var_coords_remapped_report/ENSSSCG00000007221.vars.report, data/complete_coords/ENSSSCG00000007221.complete
    output: data/remapped_vars/ENSSSCG00000007221.remapped, data/unmapped_vars/ENSSSCG00000007221.unmapped
    jobid: 226
    wildcards: id=ENSSSCG00000007221

[Tue Nov 24 12:01:37 2020]
rule merge_results:
    input: data/var_coords_remapped_report/ENSSSCG00000015652.vars.report, data/complete_coords/ENSSSCG00000015652.complete
    output: data/remapped_vars/ENSSSCG00000015652.remapped, data/unmapped_vars/ENSSSCG00000015652.unmapped
    jobid: 198
    wildcards: id=ENSSSCG00000015652

[Tue Nov 24 12:01:37 2020]
rule merge_results:
    input: data/var_coords_remapped_report/ENSSSCG00000024973.vars.report, data/complete_coords/ENSSSCG00000024973.complete
    output: data/remapped_vars/ENSSSCG00000024973.remapped, data/unmapped_vars/ENSSSCG00000024973.unmapped
    jobid: 206
    wildcards: id=ENSSSCG00000024973

[Tue Nov 24 12:01:38 2020]
Finished job 70.
78 of 136 steps (57%) done
[Tue Nov 24 12:01:38 2020]
Finished job 220.
79 of 136 steps (58%) done
[Tue Nov 24 12:01:38 2020]
Finished job 12.
80 of 136 steps (59%) done
[Tue Nov 24 12:01:38 2020]
Finished job 198.
81 of 136 steps (60%) done
[Tue Nov 24 12:01:38 2020]
Finished job 226.
82 of 136 steps (60%) done
[Tue Nov 24 12:01:38 2020]
Finished job 206.
83 of 136 steps (61%) done
[Tue Nov 24 12:01:38 2020]
Finished job 28.
84 of 136 steps (62%) done
Select jobs to execute...

[Tue Nov 24 12:01:38 2020]
rule merge_results:
    input: data/var_coords_remapped_report/ENSSSCG00000007226.vars.report, data/complete_coords/ENSSSCG00000007226.complete
    output: data/remapped_vars/ENSSSCG00000007226.remapped, data/unmapped_vars/ENSSSCG00000007226.unmapped
    jobid: 102
    wildcards: id=ENSSSCG00000007226

[Tue Nov 24 12:01:38 2020]
rule merge_results:
    input: data/var_coords_remapped_report/ENSSSCG00000010937.vars.report, data/complete_coords/ENSSSCG00000010937.complete
    output: data/remapped_vars/ENSSSCG00000010937.remapped, data/unmapped_vars/ENSSSCG00000010937.unmapped
    jobid: 146
    wildcards: id=ENSSSCG00000010937


[Tue Nov 24 12:01:38 2020]
rule merge_results:
    input: data/var_coords_remapped_report/ENSSSCG00000011850.vars.report, data/complete_coords/ENSSSCG00000011850.complete
    output: data/remapped_vars/ENSSSCG00000011850.remapped, data/unmapped_vars/ENSSSCG00000011850.unmapped
    jobid: 86
    wildcards: id=ENSSSCG00000011850

[Tue Nov 24 12:01:38 2020]
rule merge_results:
    input: data/var_coords_remapped_report/ENSSSCG00000026592.vars.report, data/complete_coords/ENSSSCG00000026592.complete
    output: data/remapped_vars/ENSSSCG00000026592.remapped, data/unmapped_vars/ENSSSCG00000026592.unmapped
    jobid: 46
    wildcards: id=ENSSSCG00000026592


[Tue Nov 24 12:01:38 2020]
rule merge_results:
    input: data/var_coords_remapped_report/ENSSSCG00000011033.vars.report, data/complete_coords/ENSSSCG00000011033.complete
    output: data/remapped_vars/ENSSSCG00000011033.remapped, data/unmapped_vars/ENSSSCG00000011033.unmapped
    jobid: 176
    wildcards: id=ENSSSCG00000011033

[Tue Nov 24 12:01:38 2020]
rule merge_results:
    input: data/var_coords_remapped_report/ENSSSCG00000010554.vars.report, data/complete_coords/ENSSSCG00000010554.complete
    output: data/remapped_vars/ENSSSCG00000010554.remapped, data/unmapped_vars/ENSSSCG00000010554.unmapped
    jobid: 76
    wildcards: id=ENSSSCG00000010554

[Tue Nov 24 12:01:38 2020]
rule merge_results:
    input: data/var_coords_remapped_report/ENSSSCG00000005488.vars.report, data/complete_coords/ENSSSCG00000005488.complete
    output: data/remapped_vars/ENSSSCG00000005488.remapped, data/unmapped_vars/ENSSSCG00000005488.unmapped
    jobid: 236
    wildcards: id=ENSSSCG00000005488

[Tue Nov 24 12:01:39 2020]
Finished job 76.
85 of 136 steps (62%) done
[Tue Nov 24 12:01:39 2020]
Finished job 102.
86 of 136 steps (63%) done
[Tue Nov 24 12:01:39 2020]
Finished job 46.
87 of 136 steps (64%) done
[Tue Nov 24 12:01:39 2020]
Finished job 86.
88 of 136 steps (65%) done
[Tue Nov 24 12:01:39 2020]
Finished job 176.
89 of 136 steps (65%) done
[Tue Nov 24 12:01:39 2020]
Finished job 236.
90 of 136 steps (66%) done
[Tue Nov 24 12:01:39 2020]
Finished job 146.
91 of 136 steps (67%) done
Select jobs to execute...

[Tue Nov 24 12:01:39 2020]
rule merge_results:
    input: data/var_coords_remapped_report/ENSSSCG00000013369.vars.report, data/complete_coords/ENSSSCG00000013369.complete
    output: data/remapped_vars/ENSSSCG00000013369.remapped, data/unmapped_vars/ENSSSCG00000013369.unmapped
    jobid: 66
    wildcards: id=ENSSSCG00000013369

[Tue Nov 24 12:01:39 2020]
rule merge_results:
    input: data/var_coords_remapped_report/ENSSSCG00000007214.vars.report, data/complete_coords/ENSSSCG00000007214.complete
    output: data/remapped_vars/ENSSSCG00000007214.remapped, data/unmapped_vars/ENSSSCG00000007214.unmapped
    jobid: 214
    wildcards: id=ENSSSCG00000007214


[Tue Nov 24 12:01:39 2020]
rule merge_results:
    input: data/var_coords_remapped_report/ENSSSCG00000003141.vars.report, data/complete_coords/ENSSSCG00000003141.complete
    output: data/remapped_vars/ENSSSCG00000003141.remapped, data/unmapped_vars/ENSSSCG00000003141.unmapped
    jobid: 162
    wildcards: id=ENSSSCG00000003141


[Tue Nov 24 12:01:39 2020]
rule merge_results:
    input: data/var_coords_remapped_report/ENSSSCG00000031069.vars.report, data/complete_coords/ENSSSCG00000031069.complete
    output: data/remapped_vars/ENSSSCG00000031069.remapped, data/unmapped_vars/ENSSSCG00000031069.unmapped
    jobid: 204
    wildcards: id=ENSSSCG00000031069


[Tue Nov 24 12:01:39 2020]
rule merge_results:
    input: data/var_coords_remapped_report/ENSSSCG00000010787.vars.report, data/complete_coords/ENSSSCG00000010787.complete
    output: data/remapped_vars/ENSSSCG00000010787.remapped, data/unmapped_vars/ENSSSCG00000010787.unmapped
    jobid: 266
    wildcards: id=ENSSSCG00000010787


[Tue Nov 24 12:01:39 2020]
rule merge_results:
    input: data/var_coords_remapped_report/ENSSSCG00000030227.vars.report, data/complete_coords/ENSSSCG00000030227.complete
    output: data/remapped_vars/ENSSSCG00000030227.remapped, data/unmapped_vars/ENSSSCG00000030227.unmapped
    jobid: 256
    wildcards: id=ENSSSCG00000030227


[Tue Nov 24 12:01:39 2020]
rule merge_results:
    input: data/var_coords_remapped_report/ENSSSCG00000025244.vars.report, data/complete_coords/ENSSSCG00000025244.complete
    output: data/remapped_vars/ENSSSCG00000025244.remapped, data/unmapped_vars/ENSSSCG00000025244.unmapped
    jobid: 16
    wildcards: id=ENSSSCG00000025244

[Tue Nov 24 12:01:40 2020]
Finished job 162.
92 of 136 steps (68%) done
[Tue Nov 24 12:01:40 2020]
Finished job 214.
93 of 136 steps (68%) done
[Tue Nov 24 12:01:40 2020]
Finished job 204.
94 of 136 steps (69%) done
[Tue Nov 24 12:01:40 2020]
Finished job 256.
95 of 136 steps (70%) done
[Tue Nov 24 12:01:40 2020]
Finished job 66.
96 of 136 steps (71%) done
[Tue Nov 24 12:01:40 2020]
Finished job 16.
97 of 136 steps (71%) done
[Tue Nov 24 12:01:40 2020]
Finished job 266.
98 of 136 steps (72%) done
Select jobs to execute...

[Tue Nov 24 12:01:40 2020]
rule merge_results:
    input: data/var_coords_remapped_report/ENSSSCG00000012257.vars.report, data/complete_coords/ENSSSCG00000012257.complete
    output: data/remapped_vars/ENSSSCG00000012257.remapped, data/unmapped_vars/ENSSSCG00000012257.unmapped
    jobid: 72
    wildcards: id=ENSSSCG00000012257

[Tue Nov 24 12:01:40 2020]
rule merge_results:
    input: data/var_coords_remapped_report/ENSSSCG00000001404.vars.report, data/complete_coords/ENSSSCG00000001404.complete
    output: data/remapped_vars/ENSSSCG00000001404.remapped, data/unmapped_vars/ENSSSCG00000001404.unmapped
    jobid: 88
    wildcards: id=ENSSSCG00000001404

[Tue Nov 24 12:01:40 2020]
rule merge_results:
    input: data/var_coords_remapped_report/ENSSSCG00000011147.vars.report, data/complete_coords/ENSSSCG00000011147.complete
    output: data/remapped_vars/ENSSSCG00000011147.remapped, data/unmapped_vars/ENSSSCG00000011147.unmapped
    jobid: 240
    wildcards: id=ENSSSCG00000011147


[Tue Nov 24 12:01:40 2020]
rule merge_results:
    input: data/var_coords_remapped_report/ENSSSCG00000015053.vars.report, data/complete_coords/ENSSSCG00000015053.complete
    output: data/remapped_vars/ENSSSCG00000015053.remapped, data/unmapped_vars/ENSSSCG00000015053.unmapped
    jobid: 222
    wildcards: id=ENSSSCG00000015053

[Tue Nov 24 12:01:40 2020]
rule merge_results:
    input: data/var_coords_remapped_report/ENSSSCG00000026201.vars.report, data/complete_coords/ENSSSCG00000026201.complete
    output: data/remapped_vars/ENSSSCG00000026201.remapped, data/unmapped_vars/ENSSSCG00000026201.unmapped
    jobid: 42
    wildcards: id=ENSSSCG00000026201

[Tue Nov 24 12:01:40 2020]
rule merge_results:
    input: data/var_coords_remapped_report/ENSSSCG00000008948.vars.report, data/complete_coords/ENSSSCG00000008948.complete
    output: data/remapped_vars/ENSSSCG00000008948.remapped, data/unmapped_vars/ENSSSCG00000008948.unmapped
    jobid: 114
    wildcards: id=ENSSSCG00000008948


[Tue Nov 24 12:01:40 2020]
rule merge_results:
    input: data/var_coords_remapped_report/ENSSSCG00000014170.vars.report, data/complete_coords/ENSSSCG00000014170.complete
    output: data/remapped_vars/ENSSSCG00000014170.remapped, data/unmapped_vars/ENSSSCG00000014170.unmapped
    jobid: 224
    wildcards: id=ENSSSCG00000014170

[Tue Nov 24 12:01:41 2020]
Finished job 88.
99 of 136 steps (73%) done
[Tue Nov 24 12:01:41 2020]
Finished job 240.
100 of 136 steps (74%) done
[Tue Nov 24 12:01:41 2020]
Finished job 222.
101 of 136 steps (74%) done
[Tue Nov 24 12:01:41 2020]
Finished job 72.
102 of 136 steps (75%) done
[Tue Nov 24 12:01:41 2020]
Finished job 114.
103 of 136 steps (76%) done
[Tue Nov 24 12:01:41 2020]
Finished job 42.
104 of 136 steps (76%) done
[Tue Nov 24 12:01:41 2020]
Finished job 224.
105 of 136 steps (77%) done
Select jobs to execute...

[Tue Nov 24 12:01:41 2020]
rule merge_results:
    input: data/var_coords_remapped_report/ENSSSCG00000030758.vars.report, data/complete_coords/ENSSSCG00000030758.complete
    output: data/remapped_vars/ENSSSCG00000030758.remapped, data/unmapped_vars/ENSSSCG00000030758.unmapped
    jobid: 238
    wildcards: id=ENSSSCG00000030758

[Tue Nov 24 12:01:41 2020]
rule merge_results:
    input: data/var_coords_remapped_report/ENSSSCG00000009406.vars.report, data/complete_coords/ENSSSCG00000009406.complete
    output: data/remapped_vars/ENSSSCG00000009406.remapped, data/unmapped_vars/ENSSSCG00000009406.unmapped
    jobid: 148
    wildcards: id=ENSSSCG00000009406

[Tue Nov 24 12:01:41 2020]
rule merge_results:
    input: data/var_coords_remapped_report/ENSSSCG00000012840.vars.report, data/complete_coords/ENSSSCG00000012840.complete
    output: data/remapped_vars/ENSSSCG00000012840.remapped, data/unmapped_vars/ENSSSCG00000012840.unmapped
    jobid: 178
    wildcards: id=ENSSSCG00000012840

[Tue Nov 24 12:01:41 2020]
rule merge_results:
    input: data/var_coords_remapped_report/ENSSSCG00000011453.vars.report, data/complete_coords/ENSSSCG00000011453.complete
    output: data/remapped_vars/ENSSSCG00000011453.remapped, data/unmapped_vars/ENSSSCG00000011453.unmapped
    jobid: 30
    wildcards: id=ENSSSCG00000011453

[Tue Nov 24 12:01:41 2020]
rule merge_results:
    input: data/var_coords_remapped_report/ENSSSCG00000010459.vars.report, data/complete_coords/ENSSSCG00000010459.complete
    output: data/remapped_vars/ENSSSCG00000010459.remapped, data/unmapped_vars/ENSSSCG00000010459.unmapped
    jobid: 104
    wildcards: id=ENSSSCG00000010459


[Tue Nov 24 12:01:41 2020]
rule merge_results:
    input: data/var_coords_remapped_report/ENSSSCG00000027555.vars.report, data/complete_coords/ENSSSCG00000027555.complete
    output: data/remapped_vars/ENSSSCG00000027555.remapped, data/unmapped_vars/ENSSSCG00000027555.unmapped
    jobid: 194
    wildcards: id=ENSSSCG00000027555

[Tue Nov 24 12:01:41 2020]
rule merge_results:
    input: data/var_coords_remapped_report/ENSSSCG00000020924.vars.report, data/complete_coords/ENSSSCG00000020924.complete
    output: data/remapped_vars/ENSSSCG00000020924.remapped, data/unmapped_vars/ENSSSCG00000020924.unmapped
    jobid: 112
    wildcards: id=ENSSSCG00000020924

[Tue Nov 24 12:01:42 2020]
Finished job 30.
106 of 136 steps (78%) done
[Tue Nov 24 12:01:42 2020]
Finished job 238.
107 of 136 steps (79%) done
[Tue Nov 24 12:01:42 2020]
Finished job 178.
108 of 136 steps (79%) done
[Tue Nov 24 12:01:42 2020]
Finished job 194.
109 of 136 steps (80%) done
[Tue Nov 24 12:01:42 2020]
Finished job 112.
110 of 136 steps (81%) done
[Tue Nov 24 12:01:42 2020]
Finished job 148.
111 of 136 steps (82%) done
[Tue Nov 24 12:01:42 2020]
Finished job 104.
112 of 136 steps (82%) done
Select jobs to execute...

[Tue Nov 24 12:01:42 2020]
rule merge_results:
    input: data/var_coords_remapped_report/ENSSSCG00000012118.vars.report, data/complete_coords/ENSSSCG00000012118.complete
    output: data/remapped_vars/ENSSSCG00000012118.remapped, data/unmapped_vars/ENSSSCG00000012118.unmapped
    jobid: 192
    wildcards: id=ENSSSCG00000012118

[Tue Nov 24 12:01:42 2020]
rule merge_results:
    input: data/var_coords_remapped_report/ENSSSCG00000012117.vars.report, data/complete_coords/ENSSSCG00000012117.complete
    output: data/remapped_vars/ENSSSCG00000012117.remapped, data/unmapped_vars/ENSSSCG00000012117.unmapped
    jobid: 74
    wildcards: id=ENSSSCG00000012117

[Tue Nov 24 12:01:42 2020]
rule merge_results:
    input: data/var_coords_remapped_report/ENSSSCG00000000866.vars.report, data/complete_coords/ENSSSCG00000000866.complete
    output: data/remapped_vars/ENSSSCG00000000866.remapped, data/unmapped_vars/ENSSSCG00000000866.unmapped
    jobid: 14
    wildcards: id=ENSSSCG00000000866


[Tue Nov 24 12:01:42 2020]
rule merge_results:
    input: data/var_coords_remapped_report/ENSSSCG00000006719.vars.report, data/complete_coords/ENSSSCG00000006719.complete
    output: data/remapped_vars/ENSSSCG00000006719.remapped, data/unmapped_vars/ENSSSCG00000006719.unmapped
    jobid: 44
    wildcards: id=ENSSSCG00000006719

[Tue Nov 24 12:01:42 2020]
rule merge_results:
    input: data/var_coords_remapped_report/ENSSSCG00000025273.vars.report, data/complete_coords/ENSSSCG00000025273.complete
    output: data/remapped_vars/ENSSSCG00000025273.remapped, data/unmapped_vars/ENSSSCG00000025273.unmapped
    jobid: 202
    wildcards: id=ENSSSCG00000025273


[Tue Nov 24 12:01:42 2020]
rule merge_results:
    input: data/var_coords_remapped_report/ENSSSCG00000000932.vars.report, data/complete_coords/ENSSSCG00000000932.complete
    output: data/remapped_vars/ENSSSCG00000000932.remapped, data/unmapped_vars/ENSSSCG00000000932.unmapped
    jobid: 254
    wildcards: id=ENSSSCG00000000932

[Tue Nov 24 12:01:42 2020]
rule merge_results:
    input: data/var_coords_remapped_report/ENSSSCG00000030733.vars.report, data/complete_coords/ENSSSCG00000030733.complete
    output: data/remapped_vars/ENSSSCG00000030733.remapped, data/unmapped_vars/ENSSSCG00000030733.unmapped
    jobid: 134
    wildcards: id=ENSSSCG00000030733

[Tue Nov 24 12:01:43 2020]
Finished job 14.
113 of 136 steps (83%) done
[Tue Nov 24 12:01:43 2020]
Finished job 192.
114 of 136 steps (84%) done
[Tue Nov 24 12:01:43 2020]
Finished job 44.
115 of 136 steps (85%) done
[Tue Nov 24 12:01:43 2020]
Finished job 74.
116 of 136 steps (85%) done
[Tue Nov 24 12:01:43 2020]
Finished job 202.
117 of 136 steps (86%) done
[Tue Nov 24 12:01:43 2020]
Finished job 254.
118 of 136 steps (87%) done
[Tue Nov 24 12:01:43 2020]
Finished job 134.
119 of 136 steps (88%) done
Select jobs to execute...

[Tue Nov 24 12:01:43 2020]
rule merge_results:
    input: data/var_coords_remapped_report/ENSSSCG00000023686.vars.report, data/complete_coords/ENSSSCG00000023686.complete
    output: data/remapped_vars/ENSSSCG00000023686.remapped, data/unmapped_vars/ENSSSCG00000023686.unmapped
    jobid: 208
    wildcards: id=ENSSSCG00000023686

[Tue Nov 24 12:01:43 2020]
rule merge_results:
    input: data/var_coords_remapped_report/ENSSSCG00000006924.vars.report, data/complete_coords/ENSSSCG00000006924.complete
    output: data/remapped_vars/ENSSSCG00000006924.remapped, data/unmapped_vars/ENSSSCG00000006924.unmapped
    jobid: 268
    wildcards: id=ENSSSCG00000006924

[Tue Nov 24 12:01:43 2020]
rule merge_results:
    input: data/var_coords_remapped_report/ENSSSCG00000007522.vars.report, data/complete_coords/ENSSSCG00000007522.complete
    output: data/remapped_vars/ENSSSCG00000007522.remapped, data/unmapped_vars/ENSSSCG00000007522.unmapped
    jobid: 132
    wildcards: id=ENSSSCG00000007522


[Tue Nov 24 12:01:43 2020]
rule merge_results:
    input: data/var_coords_remapped_report/ENSSSCG00000028629.vars.report, data/complete_coords/ENSSSCG00000028629.complete
    output: data/remapped_vars/ENSSSCG00000028629.remapped, data/unmapped_vars/ENSSSCG00000028629.unmapped
    jobid: 180
    wildcards: id=ENSSSCG00000028629

[Tue Nov 24 12:01:43 2020]
rule merge_results:
    input: data/var_coords_remapped_report/ENSSSCG00000016273.vars.report, data/complete_coords/ENSSSCG00000016273.complete
    output: data/remapped_vars/ENSSSCG00000016273.remapped, data/unmapped_vars/ENSSSCG00000016273.unmapped
    jobid: 110
    wildcards: id=ENSSSCG00000016273


[Tue Nov 24 12:01:43 2020]
rule merge_results:
    input: data/var_coords_remapped_report/ENSSSCG00000008090.vars.report, data/complete_coords/ENSSSCG00000008090.complete
    output: data/remapped_vars/ENSSSCG00000008090.remapped, data/unmapped_vars/ENSSSCG00000008090.unmapped
    jobid: 200
    wildcards: id=ENSSSCG00000008090

[Tue Nov 24 12:01:43 2020]
rule merge_results:
    input: data/var_coords_remapped_report/ENSSSCG00000027877.vars.report, data/complete_coords/ENSSSCG00000027877.complete
    output: data/remapped_vars/ENSSSCG00000027877.remapped, data/unmapped_vars/ENSSSCG00000027877.unmapped
    jobid: 164
    wildcards: id=ENSSSCG00000027877

[Tue Nov 24 12:01:44 2020]
Finished job 268.
120 of 136 steps (88%) done
[Tue Nov 24 12:01:44 2020]
Finished job 208.
121 of 136 steps (89%) done
[Tue Nov 24 12:01:44 2020]
Finished job 132.
122 of 136 steps (90%) done
[Tue Nov 24 12:01:44 2020]
Finished job 180.
123 of 136 steps (90%) done
[Tue Nov 24 12:01:44 2020]
Finished job 110.
124 of 136 steps (91%) done
[Tue Nov 24 12:01:44 2020]
Finished job 200.
125 of 136 steps (92%) done
[Tue Nov 24 12:01:44 2020]
Finished job 164.
126 of 136 steps (93%) done
Select jobs to execute...

[Tue Nov 24 12:01:44 2020]
rule merge_results:
    input: data/var_coords_remapped_report/ENSSSCG00000001050.vars.report, data/complete_coords/ENSSSCG00000001050.complete
    output: data/remapped_vars/ENSSSCG00000001050.remapped, data/unmapped_vars/ENSSSCG00000001050.unmapped
    jobid: 68
    wildcards: id=ENSSSCG00000001050


[Tue Nov 24 12:01:44 2020]
rule merge_results:
    input: data/var_coords_remapped_report/ENSSSCG00000021739.vars.report, data/complete_coords/ENSSSCG00000021739.complete
    output: data/remapped_vars/ENSSSCG00000021739.remapped, data/unmapped_vars/ENSSSCG00000021739.unmapped
    jobid: 218
    wildcards: id=ENSSSCG00000021739

[Tue Nov 24 12:01:44 2020]
rule merge_results:
    input: data/var_coords_remapped_report/ENSSSCG00000007153.vars.report, data/complete_coords/ENSSSCG00000007153.complete
    output: data/remapped_vars/ENSSSCG00000007153.remapped, data/unmapped_vars/ENSSSCG00000007153.unmapped
    jobid: 58
    wildcards: id=ENSSSCG00000007153


[Tue Nov 24 12:01:44 2020]
rule merge_results:
    input: data/var_coords_remapped_report/ENSSSCG00000002385.vars.report, data/complete_coords/ENSSSCG00000002385.complete
    output: data/remapped_vars/ENSSSCG00000002385.remapped, data/unmapped_vars/ENSSSCG00000002385.unmapped
    jobid: 60
    wildcards: id=ENSSSCG00000002385


[Tue Nov 24 12:01:44 2020]
rule merge_results:
    input: data/var_coords_remapped_report/ENSSSCG00000007217.vars.report, data/complete_coords/ENSSSCG00000007217.complete
    output: data/remapped_vars/ENSSSCG00000007217.remapped, data/unmapped_vars/ENSSSCG00000007217.unmapped
    jobid: 118
    wildcards: id=ENSSSCG00000007217

[Tue Nov 24 12:01:44 2020]
rule merge_results:
    input: data/var_coords_remapped_report/ENSSSCG00000005503.vars.report, data/complete_coords/ENSSSCG00000005503.complete
    output: data/remapped_vars/ENSSSCG00000005503.remapped, data/unmapped_vars/ENSSSCG00000005503.unmapped
    jobid: 150
    wildcards: id=ENSSSCG00000005503

[Tue Nov 24 12:01:44 2020]
rule merge_results:
    input: data/var_coords_remapped_report/ENSSSCG00000000922.vars.report, data/complete_coords/ENSSSCG00000000922.complete
    output: data/remapped_vars/ENSSSCG00000000922.remapped, data/unmapped_vars/ENSSSCG00000000922.unmapped
    jobid: 90
    wildcards: id=ENSSSCG00000000922

[Tue Nov 24 12:01:45 2020]
Finished job 90.
127 of 136 steps (93%) done
[Tue Nov 24 12:01:45 2020]
Finished job 68.
128 of 136 steps (94%) done
[Tue Nov 24 12:01:45 2020]
Finished job 118.
129 of 136 steps (95%) done
[Tue Nov 24 12:01:45 2020]
Finished job 60.
130 of 136 steps (96%) done
[Tue Nov 24 12:01:45 2020]
Finished job 150.
131 of 136 steps (96%) done
[Tue Nov 24 12:01:45 2020]
Finished job 58.
132 of 136 steps (97%) done
[Tue Nov 24 12:01:45 2020]
Finished job 218.
133 of 136 steps (98%) done
Select jobs to execute...

[Tue Nov 24 12:01:45 2020]
rule merge_results:
    input: data/var_coords_remapped_report/ENSSSCG00000006386.vars.report, data/complete_coords/ENSSSCG00000006386.complete
    output: data/remapped_vars/ENSSSCG00000006386.remapped, data/unmapped_vars/ENSSSCG00000006386.unmapped
    jobid: 120
    wildcards: id=ENSSSCG00000006386

[Tue Nov 24 12:01:46 2020]
Finished job 120.
134 of 136 steps (99%) done
Select jobs to execute...

[Tue Nov 24 12:01:46 2020]
rule final_files:
    input: data/remapped_vars/ENSSSCG00000008326.remapped, data/remapped_vars/ENSSSCG00000026409.remapped, data/remapped_vars/ENSSSCG00000017399.remapped, data/remapped_vars/ENSSSCG00000001743.remapped, data/remapped_vars/ENSSSCG00000010929.remapped, data/remapped_vars/ENSSSCG00000029988.remapped, data/remapped_vars/ENSSSCG00000000866.remapped, data/remapped_vars/ENSSSCG00000025244.remapped, data/remapped_vars/ENSSSCG00000002749.remapped, data/remapped_vars/ENSSSCG00000010816.remapped, data/remapped_vars/ENSSSCG00000031002.remapped, data/remapped_vars/ENSSSCG00000015070.remapped, data/remapped_vars/ENSSSCG00000012593.remapped, data/remapped_vars/ENSSSCG00000026214.remapped, data/remapped_vars/ENSSSCG00000011453.remapped, data/remapped_vars/ENSSSCG00000005163.remapped, data/remapped_vars/ENSSSCG00000007146.remapped, data/remapped_vars/ENSSSCG00000016940.remapped, data/remapped_vars/ENSSSCG00000002961.remapped, data/remapped_vars/ENSSSCG00000006403.remapped, data/remapped_vars/ENSSSCG00000026201.remapped, data/remapped_vars/ENSSSCG00000006719.remapped, data/remapped_vars/ENSSSCG00000026592.remapped, data/remapped_vars/ENSSSCG00000008842.remapped, data/remapped_vars/ENSSSCG00000025058.remapped, data/remapped_vars/ENSSSCG00000023666.remapped, data/remapped_vars/ENSSSCG00000014428.remapped, data/remapped_vars/ENSSSCG00000015801.remapped, data/remapped_vars/ENSSSCG00000007153.remapped, data/remapped_vars/ENSSSCG00000002385.remapped, data/remapped_vars/ENSSSCG00000015048.remapped, data/remapped_vars/ENSSSCG00000007744.remapped, data/remapped_vars/ENSSSCG00000013369.remapped, data/remapped_vars/ENSSSCG00000001050.remapped, data/remapped_vars/ENSSSCG00000017121.remapped, data/remapped_vars/ENSSSCG00000012257.remapped, data/remapped_vars/ENSSSCG00000012117.remapped, data/remapped_vars/ENSSSCG00000010554.remapped, data/remapped_vars/ENSSSCG00000006648.remapped, data/remapped_vars/ENSSSCG00000023876.remapped, data/remapped_vars/ENSSSCG00000011436.remapped, data/remapped_vars/ENSSSCG00000011512.remapped, data/remapped_vars/ENSSSCG00000011850.remapped, data/remapped_vars/ENSSSCG00000001404.remapped, data/remapped_vars/ENSSSCG00000000922.remapped, data/remapped_vars/ENSSSCG00000001428.remapped, data/remapped_vars/ENSSSCG00000004875.remapped, data/remapped_vars/ENSSSCG00000026583.remapped, data/remapped_vars/ENSSSCG00000006215.remapped, data/remapped_vars/ENSSSCG00000009115.remapped, data/remapped_vars/ENSSSCG00000007226.remapped, data/remapped_vars/ENSSSCG00000010459.remapped, data/remapped_vars/ENSSSCG00000010948.remapped, data/remapped_vars/ENSSSCG00000002686.remapped, data/remapped_vars/ENSSSCG00000016273.remapped, data/remapped_vars/ENSSSCG00000020924.remapped, data/remapped_vars/ENSSSCG00000008948.remapped, data/remapped_vars/ENSSSCG00000012371.remapped, data/remapped_vars/ENSSSCG00000007217.remapped, data/remapped_vars/ENSSSCG00000006386.remapped, data/remapped_vars/ENSSSCG00000028431.remapped, data/remapped_vars/ENSSSCG00000012077.remapped, data/remapped_vars/ENSSSCG00000024689.remapped, data/remapped_vars/ENSSSCG00000007216.remapped, data/remapped_vars/ENSSSCG00000008088.remapped, data/remapped_vars/ENSSSCG00000007522.remapped, data/remapped_vars/ENSSSCG00000030733.remapped, data/remapped_vars/ENSSSCG00000010780.remapped, data/remapped_vars/ENSSSCG00000017227.remapped, data/remapped_vars/ENSSSCG00000011862.remapped, data/remapped_vars/ENSSSCG00000005193.remapped, data/remapped_vars/ENSSSCG00000025500.remapped, data/remapped_vars/ENSSSCG00000010937.remapped, data/remapped_vars/ENSSSCG00000009406.remapped, data/remapped_vars/ENSSSCG00000005503.remapped, data/remapped_vars/ENSSSCG00000002777.remapped, data/remapped_vars/ENSSSCG00000029990.remapped, data/remapped_vars/ENSSSCG00000015616.remapped, data/remapped_vars/ENSSSCG00000020864.remapped, data/remapped_vars/ENSSSCG00000030168.remapped, data/remapped_vars/ENSSSCG00000003141.remapped, data/remapped_vars/ENSSSCG00000027877.remapped, data/remapped_vars/ENSSSCG00000013579.remapped, data/remapped_vars/ENSSSCG00000007277.remapped, data/remapped_vars/ENSSSCG00000010310.remapped, data/remapped_vars/ENSSSCG00000002756.remapped, data/remapped_vars/ENSSSCG00000009695.remapped, data/remapped_vars/ENSSSCG00000011033.remapped, data/remapped_vars/ENSSSCG00000012840.remapped, data/remapped_vars/ENSSSCG00000028629.remapped, data/remapped_vars/ENSSSCG00000004475.remapped, data/remapped_vars/ENSSSCG00000016200.remapped, data/remapped_vars/ENSSSCG00000009477.remapped, data/remapped_vars/ENSSSCG00000008521.remapped, data/remapped_vars/ENSSSCG00000001741.remapped, data/remapped_vars/ENSSSCG00000012118.remapped, data/remapped_vars/ENSSSCG00000027555.remapped, data/remapped_vars/ENSSSCG00000004296.remapped, data/remapped_vars/ENSSSCG00000015652.remapped, data/remapped_vars/ENSSSCG00000008090.remapped, data/remapped_vars/ENSSSCG00000025273.remapped, data/remapped_vars/ENSSSCG00000031069.remapped, data/remapped_vars/ENSSSCG00000024973.remapped, data/remapped_vars/ENSSSCG00000023686.remapped, data/remapped_vars/ENSSSCG00000031060.remapped, data/remapped_vars/ENSSSCG00000004904.remapped, data/remapped_vars/ENSSSCG00000007214.remapped, data/remapped_vars/ENSSSCG00000017103.remapped, data/remapped_vars/ENSSSCG00000021739.remapped, data/remapped_vars/ENSSSCG00000010591.remapped, data/remapped_vars/ENSSSCG00000015053.remapped, data/remapped_vars/ENSSSCG00000014170.remapped, data/remapped_vars/ENSSSCG00000007221.remapped, data/remapped_vars/ENSSSCG00000003130.remapped, data/remapped_vars/ENSSSCG00000009002.remapped, data/remapped_vars/ENSSSCG00000007218.remapped, data/remapped_vars/ENSSSCG00000024497.remapped, data/remapped_vars/ENSSSCG00000005488.remapped, data/remapped_vars/ENSSSCG00000030758.remapped, data/remapped_vars/ENSSSCG00000011147.remapped, data/remapped_vars/ENSSSCG00000027850.remapped, data/remapped_vars/ENSSSCG00000026109.remapped, data/remapped_vars/ENSSSCG00000010885.remapped, data/remapped_vars/ENSSSCG00000003017.remapped, data/remapped_vars/ENSSSCG00000016047.remapped, data/remapped_vars/ENSSSCG00000000038.remapped, data/remapped_vars/ENSSSCG00000000932.remapped, data/remapped_vars/ENSSSCG00000030227.remapped, data/remapped_vars/ENSSSCG00000022432.remapped, data/remapped_vars/ENSSSCG00000006337.remapped, data/remapped_vars/ENSSSCG00000000481.remapped, data/remapped_vars/ENSSSCG00000007215.remapped, data/remapped_vars/ENSSSCG00000010787.remapped, data/remapped_vars/ENSSSCG00000006924.remapped, data/unmapped_vars/ENSSSCG00000008326.unmapped, data/unmapped_vars/ENSSSCG00000026409.unmapped, data/unmapped_vars/ENSSSCG00000017399.unmapped, data/unmapped_vars/ENSSSCG00000001743.unmapped, data/unmapped_vars/ENSSSCG00000010929.unmapped, data/unmapped_vars/ENSSSCG00000029988.unmapped, data/unmapped_vars/ENSSSCG00000000866.unmapped, data/unmapped_vars/ENSSSCG00000025244.unmapped, data/unmapped_vars/ENSSSCG00000002749.unmapped, data/unmapped_vars/ENSSSCG00000010816.unmapped, data/unmapped_vars/ENSSSCG00000031002.unmapped, data/unmapped_vars/ENSSSCG00000015070.unmapped, data/unmapped_vars/ENSSSCG00000012593.unmapped, data/unmapped_vars/ENSSSCG00000026214.unmapped, data/unmapped_vars/ENSSSCG00000011453.unmapped, data/unmapped_vars/ENSSSCG00000005163.unmapped, data/unmapped_vars/ENSSSCG00000007146.unmapped, data/unmapped_vars/ENSSSCG00000016940.unmapped, data/unmapped_vars/ENSSSCG00000002961.unmapped, data/unmapped_vars/ENSSSCG00000006403.unmapped, data/unmapped_vars/ENSSSCG00000026201.unmapped, data/unmapped_vars/ENSSSCG00000006719.unmapped, data/unmapped_vars/ENSSSCG00000026592.unmapped, data/unmapped_vars/ENSSSCG00000008842.unmapped, data/unmapped_vars/ENSSSCG00000025058.unmapped, data/unmapped_vars/ENSSSCG00000023666.unmapped, data/unmapped_vars/ENSSSCG00000014428.unmapped, data/unmapped_vars/ENSSSCG00000015801.unmapped, data/unmapped_vars/ENSSSCG00000007153.unmapped, data/unmapped_vars/ENSSSCG00000002385.unmapped, data/unmapped_vars/ENSSSCG00000015048.unmapped, data/unmapped_vars/ENSSSCG00000007744.unmapped, data/unmapped_vars/ENSSSCG00000013369.unmapped, data/unmapped_vars/ENSSSCG00000001050.unmapped, data/unmapped_vars/ENSSSCG00000017121.unmapped, data/unmapped_vars/ENSSSCG00000012257.unmapped, data/unmapped_vars/ENSSSCG00000012117.unmapped, data/unmapped_vars/ENSSSCG00000010554.unmapped, data/unmapped_vars/ENSSSCG00000006648.unmapped, data/unmapped_vars/ENSSSCG00000023876.unmapped, data/unmapped_vars/ENSSSCG00000011436.unmapped, data/unmapped_vars/ENSSSCG00000011512.unmapped, data/unmapped_vars/ENSSSCG00000011850.unmapped, data/unmapped_vars/ENSSSCG00000001404.unmapped, data/unmapped_vars/ENSSSCG00000000922.unmapped, data/unmapped_vars/ENSSSCG00000001428.unmapped, data/unmapped_vars/ENSSSCG00000004875.unmapped, data/unmapped_vars/ENSSSCG00000026583.unmapped, data/unmapped_vars/ENSSSCG00000006215.unmapped, data/unmapped_vars/ENSSSCG00000009115.unmapped, data/unmapped_vars/ENSSSCG00000007226.unmapped, data/unmapped_vars/ENSSSCG00000010459.unmapped, data/unmapped_vars/ENSSSCG00000010948.unmapped, data/unmapped_vars/ENSSSCG00000002686.unmapped, data/unmapped_vars/ENSSSCG00000016273.unmapped, data/unmapped_vars/ENSSSCG00000020924.unmapped, data/unmapped_vars/ENSSSCG00000008948.unmapped, data/unmapped_vars/ENSSSCG00000012371.unmapped, data/unmapped_vars/ENSSSCG00000007217.unmapped, data/unmapped_vars/ENSSSCG00000006386.unmapped, data/unmapped_vars/ENSSSCG00000028431.unmapped, data/unmapped_vars/ENSSSCG00000012077.unmapped, data/unmapped_vars/ENSSSCG00000024689.unmapped, data/unmapped_vars/ENSSSCG00000007216.unmapped, data/unmapped_vars/ENSSSCG00000008088.unmapped, data/unmapped_vars/ENSSSCG00000007522.unmapped, data/unmapped_vars/ENSSSCG00000030733.unmapped, data/unmapped_vars/ENSSSCG00000010780.unmapped, data/unmapped_vars/ENSSSCG00000017227.unmapped, data/unmapped_vars/ENSSSCG00000011862.unmapped, data/unmapped_vars/ENSSSCG00000005193.unmapped, data/unmapped_vars/ENSSSCG00000025500.unmapped, data/unmapped_vars/ENSSSCG00000010937.unmapped, data/unmapped_vars/ENSSSCG00000009406.unmapped, data/unmapped_vars/ENSSSCG00000005503.unmapped, data/unmapped_vars/ENSSSCG00000002777.unmapped, data/unmapped_vars/ENSSSCG00000029990.unmapped, data/unmapped_vars/ENSSSCG00000015616.unmapped, data/unmapped_vars/ENSSSCG00000020864.unmapped, data/unmapped_vars/ENSSSCG00000030168.unmapped, data/unmapped_vars/ENSSSCG00000003141.unmapped, data/unmapped_vars/ENSSSCG00000027877.unmapped, data/unmapped_vars/ENSSSCG00000013579.unmapped, data/unmapped_vars/ENSSSCG00000007277.unmapped, data/unmapped_vars/ENSSSCG00000010310.unmapped, data/unmapped_vars/ENSSSCG00000002756.unmapped, data/unmapped_vars/ENSSSCG00000009695.unmapped, data/unmapped_vars/ENSSSCG00000011033.unmapped, data/unmapped_vars/ENSSSCG00000012840.unmapped, data/unmapped_vars/ENSSSCG00000028629.unmapped, data/unmapped_vars/ENSSSCG00000004475.unmapped, data/unmapped_vars/ENSSSCG00000016200.unmapped, data/unmapped_vars/ENSSSCG00000009477.unmapped, data/unmapped_vars/ENSSSCG00000008521.unmapped, data/unmapped_vars/ENSSSCG00000001741.unmapped, data/unmapped_vars/ENSSSCG00000012118.unmapped, data/unmapped_vars/ENSSSCG00000027555.unmapped, data/unmapped_vars/ENSSSCG00000004296.unmapped, data/unmapped_vars/ENSSSCG00000015652.unmapped, data/unmapped_vars/ENSSSCG00000008090.unmapped, data/unmapped_vars/ENSSSCG00000025273.unmapped, data/unmapped_vars/ENSSSCG00000031069.unmapped, data/unmapped_vars/ENSSSCG00000024973.unmapped, data/unmapped_vars/ENSSSCG00000023686.unmapped, data/unmapped_vars/ENSSSCG00000031060.unmapped, data/unmapped_vars/ENSSSCG00000004904.unmapped, data/unmapped_vars/ENSSSCG00000007214.unmapped, data/unmapped_vars/ENSSSCG00000017103.unmapped, data/unmapped_vars/ENSSSCG00000021739.unmapped, data/unmapped_vars/ENSSSCG00000010591.unmapped, data/unmapped_vars/ENSSSCG00000015053.unmapped, data/unmapped_vars/ENSSSCG00000014170.unmapped, data/unmapped_vars/ENSSSCG00000007221.unmapped, data/unmapped_vars/ENSSSCG00000003130.unmapped, data/unmapped_vars/ENSSSCG00000009002.unmapped, data/unmapped_vars/ENSSSCG00000007218.unmapped, data/unmapped_vars/ENSSSCG00000024497.unmapped, data/unmapped_vars/ENSSSCG00000005488.unmapped, data/unmapped_vars/ENSSSCG00000030758.unmapped, data/unmapped_vars/ENSSSCG00000011147.unmapped, data/unmapped_vars/ENSSSCG00000027850.unmapped, data/unmapped_vars/ENSSSCG00000026109.unmapped, data/unmapped_vars/ENSSSCG00000010885.unmapped, data/unmapped_vars/ENSSSCG00000003017.unmapped, data/unmapped_vars/ENSSSCG00000016047.unmapped, data/unmapped_vars/ENSSSCG00000000038.unmapped, data/unmapped_vars/ENSSSCG00000000932.unmapped, data/unmapped_vars/ENSSSCG00000030227.unmapped, data/unmapped_vars/ENSSSCG00000022432.unmapped, data/unmapped_vars/ENSSSCG00000006337.unmapped, data/unmapped_vars/ENSSSCG00000000481.unmapped, data/unmapped_vars/ENSSSCG00000007215.unmapped, data/unmapped_vars/ENSSSCG00000010787.unmapped, data/unmapped_vars/ENSSSCG00000006924.unmapped
    output: data/final_files/all_remapped_vars.csv, data/final_files/all_unmapped_vars.csv
    jobid: 1

Shutting down, this might take some time.
Exiting because a job execution failed. Look above for error message
Complete log: /home/pelmo/sscrofa_variant_remapping/.snakemake/log/2020-11-24T120125.875408.snakemake.log
