Building DAG of jobs...
Using shell: /usr/bin/bash
Provided cores: 1 (use --cores to define parallelism)
Rules claiming more threads will be scaled down.
Job counts:
	count	jobs
	1	split_file
	1

[Tue Nov 10 23:26:03 2020]
rule split_file:
    input: data/starting_file.txt
    output: data/gene_dirs
    jobid: 0

Waiting at most 5 seconds for missing files.
MissingOutputException in line 1 of /home/pelmo/tesi/remap_sscrofa/Snakefile:
Job Missing files after 5 seconds:
data/gene_dirs
This might be due to filesystem latency. If that is the case, consider to increase the wait time with --latency-wait. completed successfully, but some output files are missing. 0
  File "/home/pelmo/anaconda3/envs/snakemake/lib/python3.9/site-packages/snakemake/executors/__init__.py", line 575, in handle_job_success
  File "/home/pelmo/anaconda3/envs/snakemake/lib/python3.9/site-packages/snakemake/executors/__init__.py", line 247, in handle_job_success
Shutting down, this might take some time.
Exiting because a job execution failed. Look above for error message
Complete log: /home/pelmo/tesi/remap_sscrofa/.snakemake/log/2020-11-10T232603.961280.snakemake.log
