Building DAG of jobs...
Using shell: /usr/bin/bash
Provided cores: 1 (use --cores to define parallelism)
Rules claiming more threads will be scaled down.
Job counts:
	count	jobs
	1	all
	134	verify_vars
	135
Select jobs to execute...

[Tue Dec  1 16:19:18 2020]
rule verify_vars:
    input: data/remapped_vars/ENSSSCG00000001743.remapped
    output: data/verified_vars/ENSSSCG00000001743.verified
    jobid: 272
    wildcards: id=ENSSSCG00000001743

[Tue Dec  1 16:20:53 2020]
Finished job 272.
1 of 135 steps (0.74%) done
Select jobs to execute...

[Tue Dec  1 16:20:53 2020]
rule verify_vars:
    input: data/remapped_vars/ENSSSCG00000007146.remapped
    output: data/verified_vars/ENSSSCG00000007146.verified
    jobid: 285
    wildcards: id=ENSSSCG00000007146

Terminating processes on user request, this might take some time.
[Tue Dec  1 16:26:22 2020]
Error in rule verify_vars:
    jobid: 285
    output: data/verified_vars/ENSSSCG00000007146.verified

RuleException:
CalledProcessError in line 41 of /home/pelmo/sscrofa_variant_remapping/Snakefile:
Command 'set -euo pipefail;  /home/pelmo/anaconda3/envs/snakemake/bin/python3.9 /home/pelmo/sscrofa_variant_remapping/.snakemake/scripts/tmpdaxyxemi.var_confirmation.py' died with <Signals.SIGINT: 2>.
  File "/home/pelmo/anaconda3/envs/snakemake/lib/python3.9/site-packages/snakemake/executors/__init__.py", line 2273, in run_wrapper
  File "/home/pelmo/sscrofa_variant_remapping/Snakefile", line 41, in __rule_verify_vars
  File "/home/pelmo/anaconda3/envs/snakemake/lib/python3.9/site-packages/snakemake/executors/__init__.py", line 560, in _callback
  File "/home/pelmo/anaconda3/envs/snakemake/lib/python3.9/concurrent/futures/thread.py", line 52, in run
  File "/home/pelmo/anaconda3/envs/snakemake/lib/python3.9/site-packages/snakemake/executors/__init__.py", line 546, in cached_or_run
  File "/home/pelmo/anaconda3/envs/snakemake/lib/python3.9/site-packages/snakemake/executors/__init__.py", line 2304, in run_wrapper
Complete log: /home/pelmo/sscrofa_variant_remapping/.snakemake/log/2020-12-01T161918.034978.snakemake.log
