Building DAG of jobs...
Using shell: /usr/bin/bash
Provided cores: 7
Rules claiming more threads will be scaled down.
Job counts:
	count	jobs
	1	all
	134	merge_results
	135
Select jobs to execute...

[Mon Nov 23 12:56:27 2020]
rule merge_results:
    input: data/var_coords_remapped_report/ENSSSCG00000025500.vars.report, data/complete_coords/ENSSSCG00000025500.complete
    output: data/remapped_vars/ENSSSCG00000025500.remapped
    jobid: 143
    wildcards: id=ENSSSCG00000025500

[Mon Nov 23 12:56:27 2020]
rule merge_results:
    input: data/var_coords_remapped_report/ENSSSCG00000031069.vars.report, data/complete_coords/ENSSSCG00000031069.complete
    output: data/remapped_vars/ENSSSCG00000031069.remapped
    jobid: 203
    wildcards: id=ENSSSCG00000031069

[Mon Nov 23 12:56:27 2020]
rule merge_results:
    input: data/var_coords_remapped_report/ENSSSCG00000007215.vars.report, data/complete_coords/ENSSSCG00000007215.complete
    output: data/remapped_vars/ENSSSCG00000007215.remapped
    jobid: 263
    wildcards: id=ENSSSCG00000007215

[Mon Nov 23 12:56:27 2020]
rule merge_results:
    input: data/var_coords_remapped_report/ENSSSCG00000009695.vars.report, data/complete_coords/ENSSSCG00000009695.complete
    output: data/remapped_vars/ENSSSCG00000009695.remapped
    jobid: 173
    wildcards: id=ENSSSCG00000009695

[Mon Nov 23 12:56:27 2020]
rule merge_results:
    input: data/var_coords_remapped_report/ENSSSCG00000002385.vars.report, data/complete_coords/ENSSSCG00000002385.complete
    output: data/remapped_vars/ENSSSCG00000002385.remapped
    jobid: 59
    wildcards: id=ENSSSCG00000002385

[Mon Nov 23 12:56:27 2020]
rule merge_results:
    input: data/var_coords_remapped_report/ENSSSCG00000010929.vars.report, data/complete_coords/ENSSSCG00000010929.complete
    output: data/remapped_vars/ENSSSCG00000010929.remapped
    jobid: 9
    wildcards: id=ENSSSCG00000010929

[Mon Nov 23 12:56:27 2020]
rule merge_results:
    input: data/var_coords_remapped_report/ENSSSCG00000009115.vars.report, data/complete_coords/ENSSSCG00000009115.complete
    output: data/remapped_vars/ENSSSCG00000009115.remapped
    jobid: 99
    wildcards: id=ENSSSCG00000009115

[Mon Nov 23 12:56:28 2020]
Finished job 59.
1 of 135 steps (0.74%) done
[Mon Nov 23 12:56:28 2020]
Finished job 143.
2 of 135 steps (1%) done
[Mon Nov 23 12:56:28 2020]
Finished job 203.
3 of 135 steps (2%) done
[Mon Nov 23 12:56:28 2020]
Finished job 9.
4 of 135 steps (3%) done
[Mon Nov 23 12:56:28 2020]
Finished job 263.
5 of 135 steps (4%) done
[Mon Nov 23 12:56:28 2020]
Finished job 173.
6 of 135 steps (4%) done
[Mon Nov 23 12:56:28 2020]
Finished job 99.
7 of 135 steps (5%) done
Select jobs to execute...

[Mon Nov 23 12:56:28 2020]
rule merge_results:
    input: data/var_coords_remapped_report/ENSSSCG00000023686.vars.report, data/complete_coords/ENSSSCG00000023686.complete
    output: data/remapped_vars/ENSSSCG00000023686.remapped
    jobid: 207
    wildcards: id=ENSSSCG00000023686

[Mon Nov 23 12:56:28 2020]
rule merge_results:
    input: data/var_coords_remapped_report/ENSSSCG00000007226.vars.report, data/complete_coords/ENSSSCG00000007226.complete
    output: data/remapped_vars/ENSSSCG00000007226.remapped
    jobid: 101
    wildcards: id=ENSSSCG00000007226

[Mon Nov 23 12:56:28 2020]
rule merge_results:
    input: data/var_coords_remapped_report/ENSSSCG00000001741.vars.report, data/complete_coords/ENSSSCG00000001741.complete
    output: data/remapped_vars/ENSSSCG00000001741.remapped
    jobid: 189
    wildcards: id=ENSSSCG00000001741


[Mon Nov 23 12:56:28 2020]
rule merge_results:
    input: data/var_coords_remapped_report/ENSSSCG00000012257.vars.report, data/complete_coords/ENSSSCG00000012257.complete
    output: data/remapped_vars/ENSSSCG00000012257.remapped
    jobid: 71
    wildcards: id=ENSSSCG00000012257


[Mon Nov 23 12:56:28 2020]
rule merge_results:
    input: data/var_coords_remapped_report/ENSSSCG00000028629.vars.report, data/complete_coords/ENSSSCG00000028629.complete
    output: data/remapped_vars/ENSSSCG00000028629.remapped
    jobid: 179
    wildcards: id=ENSSSCG00000028629

[Mon Nov 23 12:56:28 2020]
rule merge_results:
    input: data/var_coords_remapped_report/ENSSSCG00000012118.vars.report, data/complete_coords/ENSSSCG00000012118.complete
    output: data/remapped_vars/ENSSSCG00000012118.remapped
    jobid: 191
    wildcards: id=ENSSSCG00000012118


[Mon Nov 23 12:56:28 2020]
rule merge_results:
    input: data/var_coords_remapped_report/ENSSSCG00000015053.vars.report, data/complete_coords/ENSSSCG00000015053.complete
    output: data/remapped_vars/ENSSSCG00000015053.remapped
    jobid: 221
    wildcards: id=ENSSSCG00000015053

[Mon Nov 23 12:56:29 2020]
Finished job 189.
8 of 135 steps (6%) done
[Mon Nov 23 12:56:29 2020]
Finished job 101.
9 of 135 steps (7%) done
[Mon Nov 23 12:56:29 2020]
Finished job 221.
10 of 135 steps (7%) done
[Mon Nov 23 12:56:29 2020]
Finished job 207.
11 of 135 steps (8%) done
[Mon Nov 23 12:56:29 2020]
Finished job 179.
12 of 135 steps (9%) done
[Mon Nov 23 12:56:29 2020]
Finished job 191.
13 of 135 steps (10%) done
[Mon Nov 23 12:56:29 2020]
Finished job 71.
14 of 135 steps (10%) done
Select jobs to execute...

[Mon Nov 23 12:56:29 2020]
rule merge_results:
    input: data/var_coords_remapped_report/ENSSSCG00000010459.vars.report, data/complete_coords/ENSSSCG00000010459.complete
    output: data/remapped_vars/ENSSSCG00000010459.remapped
    jobid: 103
    wildcards: id=ENSSSCG00000010459

[Mon Nov 23 12:56:29 2020]
rule merge_results:
    input: data/var_coords_remapped_report/ENSSSCG00000024973.vars.report, data/complete_coords/ENSSSCG00000024973.complete
    output: data/remapped_vars/ENSSSCG00000024973.remapped
    jobid: 205
    wildcards: id=ENSSSCG00000024973

[Mon Nov 23 12:56:29 2020]
rule merge_results:
    input: data/var_coords_remapped_report/ENSSSCG00000000866.vars.report, data/complete_coords/ENSSSCG00000000866.complete
    output: data/remapped_vars/ENSSSCG00000000866.remapped
    jobid: 13
    wildcards: id=ENSSSCG00000000866


[Mon Nov 23 12:56:29 2020]
rule merge_results:
    input: data/var_coords_remapped_report/ENSSSCG00000014170.vars.report, data/complete_coords/ENSSSCG00000014170.complete
    output: data/remapped_vars/ENSSSCG00000014170.remapped
    jobid: 223
    wildcards: id=ENSSSCG00000014170

[Mon Nov 23 12:56:29 2020]
rule merge_results:
    input: data/var_coords_remapped_report/ENSSSCG00000012117.vars.report, data/complete_coords/ENSSSCG00000012117.complete
    output: data/remapped_vars/ENSSSCG00000012117.remapped
    jobid: 73
    wildcards: id=ENSSSCG00000012117

[Mon Nov 23 12:56:29 2020]
rule merge_results:
    input: data/var_coords_remapped_report/ENSSSCG00000031060.vars.report, data/complete_coords/ENSSSCG00000031060.complete
    output: data/remapped_vars/ENSSSCG00000031060.remapped
    jobid: 209
    wildcards: id=ENSSSCG00000031060


[Mon Nov 23 12:56:29 2020]
rule merge_results:
    input: data/var_coords_remapped_report/ENSSSCG00000006386.vars.report, data/complete_coords/ENSSSCG00000006386.complete
    output: data/remapped_vars/ENSSSCG00000006386.remapped
    jobid: 119
    wildcards: id=ENSSSCG00000006386

[Mon Nov 23 12:56:30 2020]
Finished job 209.
15 of 135 steps (11%) done
[Mon Nov 23 12:56:30 2020]
Finished job 205.
16 of 135 steps (12%) done
[Mon Nov 23 12:56:30 2020]
Finished job 223.
17 of 135 steps (13%) done
[Mon Nov 23 12:56:30 2020]
Finished job 73.
18 of 135 steps (13%) done
[Mon Nov 23 12:56:30 2020]
Finished job 13.
19 of 135 steps (14%) done
[Mon Nov 23 12:56:30 2020]
Finished job 119.
20 of 135 steps (15%) done
[Mon Nov 23 12:56:30 2020]
Finished job 103.
21 of 135 steps (16%) done
Select jobs to execute...

[Mon Nov 23 12:56:30 2020]
rule merge_results:
    input: data/var_coords_remapped_report/ENSSSCG00000007221.vars.report, data/complete_coords/ENSSSCG00000007221.complete
    output: data/remapped_vars/ENSSSCG00000007221.remapped
    jobid: 225
    wildcards: id=ENSSSCG00000007221

[Mon Nov 23 12:56:30 2020]
rule merge_results:
    input: data/var_coords_remapped_report/ENSSSCG00000008326.vars.report, data/complete_coords/ENSSSCG00000008326.complete
    output: data/remapped_vars/ENSSSCG00000008326.remapped
    jobid: 1
    wildcards: id=ENSSSCG00000008326


[Mon Nov 23 12:56:30 2020]
rule merge_results:
    input: data/var_coords_remapped_report/ENSSSCG00000010948.vars.report, data/complete_coords/ENSSSCG00000010948.complete
    output: data/remapped_vars/ENSSSCG00000010948.remapped
    jobid: 105
    wildcards: id=ENSSSCG00000010948

[Mon Nov 23 12:56:30 2020]
rule merge_results:
    input: data/var_coords_remapped_report/ENSSSCG00000026201.vars.report, data/complete_coords/ENSSSCG00000026201.complete
    output: data/remapped_vars/ENSSSCG00000026201.remapped
    jobid: 41
    wildcards: id=ENSSSCG00000026201

[Mon Nov 23 12:56:30 2020]
rule merge_results:
    input: data/var_coords_remapped_report/ENSSSCG00000028431.vars.report, data/complete_coords/ENSSSCG00000028431.complete
    output: data/remapped_vars/ENSSSCG00000028431.remapped
    jobid: 121
    wildcards: id=ENSSSCG00000028431


[Mon Nov 23 12:56:30 2020]
rule merge_results:
    input: data/var_coords_remapped_report/ENSSSCG00000002777.vars.report, data/complete_coords/ENSSSCG00000002777.complete
    output: data/remapped_vars/ENSSSCG00000002777.remapped
    jobid: 151
    wildcards: id=ENSSSCG00000002777

[Mon Nov 23 12:56:30 2020]
rule merge_results:
    input: data/var_coords_remapped_report/ENSSSCG00000027850.vars.report, data/complete_coords/ENSSSCG00000027850.complete
    output: data/remapped_vars/ENSSSCG00000027850.remapped
    jobid: 241
    wildcards: id=ENSSSCG00000027850

[Mon Nov 23 12:56:31 2020]
Finished job 1.
22 of 135 steps (16%) done
[Mon Nov 23 12:56:31 2020]
Finished job 41.
23 of 135 steps (17%) done
[Mon Nov 23 12:56:31 2020]
Finished job 121.
24 of 135 steps (18%) done
[Mon Nov 23 12:56:31 2020]
Finished job 225.
25 of 135 steps (19%) done
[Mon Nov 23 12:56:31 2020]
Finished job 241.
26 of 135 steps (19%) done
[Mon Nov 23 12:56:31 2020]
Finished job 105.
27 of 135 steps (20%) done
[Mon Nov 23 12:56:31 2020]
Finished job 151.
28 of 135 steps (21%) done
Select jobs to execute...

[Mon Nov 23 12:56:31 2020]
rule merge_results:
    input: data/var_coords_remapped_report/ENSSSCG00000002686.vars.report, data/complete_coords/ENSSSCG00000002686.complete
    output: data/remapped_vars/ENSSSCG00000002686.remapped
    jobid: 107
    wildcards: id=ENSSSCG00000002686

[Mon Nov 23 12:56:31 2020]
rule merge_results:
    input: data/var_coords_remapped_report/ENSSSCG00000016273.vars.report, data/complete_coords/ENSSSCG00000016273.complete
    output: data/remapped_vars/ENSSSCG00000016273.remapped
    jobid: 109
    wildcards: id=ENSSSCG00000016273


[Mon Nov 23 12:56:31 2020]
rule merge_results:
    input: data/var_coords_remapped_report/ENSSSCG00000023876.vars.report, data/complete_coords/ENSSSCG00000023876.complete
    output: data/remapped_vars/ENSSSCG00000023876.remapped
    jobid: 79
    wildcards: id=ENSSSCG00000023876


[Mon Nov 23 12:56:31 2020]
rule merge_results:
    input: data/var_coords_remapped_report/ENSSSCG00000026109.vars.report, data/complete_coords/ENSSSCG00000026109.complete
    output: data/remapped_vars/ENSSSCG00000026109.remapped
    jobid: 243
    wildcards: id=ENSSSCG00000026109

[Mon Nov 23 12:56:31 2020]
rule merge_results:
    input: data/var_coords_remapped_report/ENSSSCG00000012077.vars.report, data/complete_coords/ENSSSCG00000012077.complete
    output: data/remapped_vars/ENSSSCG00000012077.remapped
    jobid: 123
    wildcards: id=ENSSSCG00000012077

[Mon Nov 23 12:56:31 2020]
rule merge_results:
    input: data/var_coords_remapped_report/ENSSSCG00000005503.vars.report, data/complete_coords/ENSSSCG00000005503.complete
    output: data/remapped_vars/ENSSSCG00000005503.remapped
    jobid: 149
    wildcards: id=ENSSSCG00000005503

[Mon Nov 23 12:56:31 2020]
rule merge_results:
    input: data/var_coords_remapped_report/ENSSSCG00000029990.vars.report, data/complete_coords/ENSSSCG00000029990.complete
    output: data/remapped_vars/ENSSSCG00000029990.remapped
    jobid: 153
    wildcards: id=ENSSSCG00000029990

[Mon Nov 23 12:56:32 2020]
Finished job 107.
29 of 135 steps (21%) done
[Mon Nov 23 12:56:32 2020]
Finished job 243.
30 of 135 steps (22%) done
[Mon Nov 23 12:56:32 2020]
Finished job 109.
31 of 135 steps (23%) done
[Mon Nov 23 12:56:32 2020]
Finished job 153.
32 of 135 steps (24%) done
[Mon Nov 23 12:56:32 2020]
Finished job 123.
33 of 135 steps (24%) done
[Mon Nov 23 12:56:32 2020]
Finished job 149.
34 of 135 steps (25%) done
[Mon Nov 23 12:56:32 2020]
Finished job 79.
35 of 135 steps (26%) done
Select jobs to execute...

[Mon Nov 23 12:56:32 2020]
rule merge_results:
    input: data/var_coords_remapped_report/ENSSSCG00000010816.vars.report, data/complete_coords/ENSSSCG00000010816.complete
    output: data/remapped_vars/ENSSSCG00000010816.remapped
    jobid: 19
    wildcards: id=ENSSSCG00000010816


[Mon Nov 23 12:56:32 2020]
rule merge_results:
    input: data/var_coords_remapped_report/ENSSSCG00000025244.vars.report, data/complete_coords/ENSSSCG00000025244.complete
    output: data/remapped_vars/ENSSSCG00000025244.remapped
    jobid: 15
    wildcards: id=ENSSSCG00000025244

[Mon Nov 23 12:56:32 2020]
rule merge_results:
    input: data/var_coords_remapped_report/ENSSSCG00000031002.vars.report, data/complete_coords/ENSSSCG00000031002.complete
    output: data/remapped_vars/ENSSSCG00000031002.remapped
    jobid: 21
    wildcards: id=ENSSSCG00000031002


[Mon Nov 23 12:56:32 2020]
rule merge_results:
    input: data/var_coords_remapped_report/ENSSSCG00000020924.vars.report, data/complete_coords/ENSSSCG00000020924.complete
    output: data/remapped_vars/ENSSSCG00000020924.remapped
    jobid: 111
    wildcards: id=ENSSSCG00000020924


[Mon Nov 23 12:56:32 2020]
rule merge_results:
    input: data/var_coords_remapped_report/ENSSSCG00000015616.vars.report, data/complete_coords/ENSSSCG00000015616.complete
    output: data/remapped_vars/ENSSSCG00000015616.remapped
    jobid: 155
    wildcards: id=ENSSSCG00000015616

[Mon Nov 23 12:56:32 2020]
rule merge_results:
    input: data/var_coords_remapped_report/ENSSSCG00000010885.vars.report, data/complete_coords/ENSSSCG00000010885.complete
    output: data/remapped_vars/ENSSSCG00000010885.remapped
    jobid: 245
    wildcards: id=ENSSSCG00000010885

[Mon Nov 23 12:56:32 2020]
rule merge_results:
    input: data/var_coords_remapped_report/ENSSSCG00000024689.vars.report, data/complete_coords/ENSSSCG00000024689.complete
    output: data/remapped_vars/ENSSSCG00000024689.remapped
    jobid: 125
    wildcards: id=ENSSSCG00000024689

[Mon Nov 23 12:56:33 2020]
Finished job 15.
36 of 135 steps (27%) done
[Mon Nov 23 12:56:33 2020]
Finished job 21.
37 of 135 steps (27%) done
[Mon Nov 23 12:56:33 2020]
Finished job 111.
38 of 135 steps (28%) done
[Mon Nov 23 12:56:33 2020]
Finished job 245.
39 of 135 steps (29%) done
[Mon Nov 23 12:56:33 2020]
Finished job 155.
40 of 135 steps (30%) done
[Mon Nov 23 12:56:33 2020]
Finished job 19.
41 of 135 steps (30%) done
[Mon Nov 23 12:56:33 2020]
Finished job 125.
42 of 135 steps (31%) done
Select jobs to execute...

[Mon Nov 23 12:56:33 2020]
rule merge_results:
    input: data/var_coords_remapped_report/ENSSSCG00000003130.vars.report, data/complete_coords/ENSSSCG00000003130.complete
    output: data/remapped_vars/ENSSSCG00000003130.remapped
    jobid: 227
    wildcards: id=ENSSSCG00000003130

[Mon Nov 23 12:56:33 2020]
rule merge_results:
    input: data/var_coords_remapped_report/ENSSSCG00000007153.vars.report, data/complete_coords/ENSSSCG00000007153.complete
    output: data/remapped_vars/ENSSSCG00000007153.remapped
    jobid: 57
    wildcards: id=ENSSSCG00000007153


[Mon Nov 23 12:56:33 2020]
rule merge_results:
    input: data/var_coords_remapped_report/ENSSSCG00000026592.vars.report, data/complete_coords/ENSSSCG00000026592.complete
    output: data/remapped_vars/ENSSSCG00000026592.remapped
    jobid: 45
    wildcards: id=ENSSSCG00000026592


[Mon Nov 23 12:56:33 2020]
rule merge_results:
    input: data/var_coords_remapped_report/ENSSSCG00000009002.vars.report, data/complete_coords/ENSSSCG00000009002.complete
    output: data/remapped_vars/ENSSSCG00000009002.remapped
    jobid: 229
    wildcards: id=ENSSSCG00000009002


[Mon Nov 23 12:56:33 2020]
rule merge_results:
    input: data/var_coords_remapped_report/ENSSSCG00000002749.vars.report, data/complete_coords/ENSSSCG00000002749.complete
    output: data/remapped_vars/ENSSSCG00000002749.remapped
    jobid: 17
    wildcards: id=ENSSSCG00000002749


[Mon Nov 23 12:56:33 2020]
rule merge_results:
    input: data/var_coords_remapped_report/ENSSSCG00000007218.vars.report, data/complete_coords/ENSSSCG00000007218.complete
    output: data/remapped_vars/ENSSSCG00000007218.remapped
    jobid: 231
    wildcards: id=ENSSSCG00000007218


[Mon Nov 23 12:56:33 2020]
rule merge_results:
    input: data/var_coords_remapped_report/ENSSSCG00000011436.vars.report, data/complete_coords/ENSSSCG00000011436.complete
    output: data/remapped_vars/ENSSSCG00000011436.remapped
    jobid: 81
    wildcards: id=ENSSSCG00000011436

[Mon Nov 23 12:56:34 2020]
Finished job 45.
43 of 135 steps (32%) done
[Mon Nov 23 12:56:34 2020]
Finished job 227.
44 of 135 steps (33%) done
[Mon Nov 23 12:56:34 2020]
Finished job 17.
45 of 135 steps (33%) done
[Mon Nov 23 12:56:34 2020]
Finished job 81.
46 of 135 steps (34%) done
[Mon Nov 23 12:56:34 2020]
Finished job 231.
47 of 135 steps (35%) done
[Mon Nov 23 12:56:34 2020]
Finished job 229.
48 of 135 steps (36%) done
[Mon Nov 23 12:56:35 2020]
Finished job 57.
49 of 135 steps (36%) done
Select jobs to execute...

[Mon Nov 23 12:56:35 2020]
rule merge_results:
    input: data/var_coords_remapped_report/ENSSSCG00000010554.vars.report, data/complete_coords/ENSSSCG00000010554.complete
    output: data/remapped_vars/ENSSSCG00000010554.remapped
    jobid: 75
    wildcards: id=ENSSSCG00000010554

[Mon Nov 23 12:56:35 2020]
rule merge_results:
    input: data/var_coords_remapped_report/ENSSSCG00000006648.vars.report, data/complete_coords/ENSSSCG00000006648.complete
    output: data/remapped_vars/ENSSSCG00000006648.remapped
    jobid: 77
    wildcards: id=ENSSSCG00000006648


[Mon Nov 23 12:56:35 2020]
rule merge_results:
    input: data/var_coords_remapped_report/ENSSSCG00000007216.vars.report, data/complete_coords/ENSSSCG00000007216.complete
    output: data/remapped_vars/ENSSSCG00000007216.remapped
    jobid: 127
    wildcards: id=ENSSSCG00000007216


[Mon Nov 23 12:56:35 2020]
rule merge_results:
    input: data/var_coords_remapped_report/ENSSSCG00000029988.vars.report, data/complete_coords/ENSSSCG00000029988.complete
    output: data/remapped_vars/ENSSSCG00000029988.remapped
    jobid: 11
    wildcards: id=ENSSSCG00000029988

[Mon Nov 23 12:56:35 2020]
rule merge_results:
    input: data/var_coords_remapped_report/ENSSSCG00000011147.vars.report, data/complete_coords/ENSSSCG00000011147.complete
    output: data/remapped_vars/ENSSSCG00000011147.remapped
    jobid: 239
    wildcards: id=ENSSSCG00000011147


[Mon Nov 23 12:56:35 2020]
rule merge_results:
    input: data/var_coords_remapped_report/ENSSSCG00000003017.vars.report, data/complete_coords/ENSSSCG00000003017.complete
    output: data/remapped_vars/ENSSSCG00000003017.remapped
    jobid: 247
    wildcards: id=ENSSSCG00000003017

[Mon Nov 23 12:56:35 2020]
rule merge_results:
    input: data/var_coords_remapped_report/ENSSSCG00000020864.vars.report, data/complete_coords/ENSSSCG00000020864.complete
    output: data/remapped_vars/ENSSSCG00000020864.remapped
    jobid: 157
    wildcards: id=ENSSSCG00000020864

[Mon Nov 23 12:56:35 2020]
Finished job 239.
50 of 135 steps (37%) done
[Mon Nov 23 12:56:36 2020]
Finished job 75.
51 of 135 steps (38%) done
[Mon Nov 23 12:56:36 2020]
Finished job 77.
52 of 135 steps (39%) done
[Mon Nov 23 12:56:36 2020]
Finished job 127.
53 of 135 steps (39%) done
[Mon Nov 23 12:56:36 2020]
Finished job 11.
54 of 135 steps (40%) done
[Mon Nov 23 12:56:36 2020]
Finished job 247.
55 of 135 steps (41%) done
[Mon Nov 23 12:56:36 2020]
Finished job 157.
56 of 135 steps (41%) done
Select jobs to execute...

[Mon Nov 23 12:56:36 2020]
rule merge_results:
    input: data/var_coords_remapped_report/ENSSSCG00000006924.vars.report, data/complete_coords/ENSSSCG00000006924.complete
    output: data/remapped_vars/ENSSSCG00000006924.remapped
    jobid: 267
    wildcards: id=ENSSSCG00000006924

[Mon Nov 23 12:56:36 2020]
rule merge_results:
    input: data/var_coords_remapped_report/ENSSSCG00000012840.vars.report, data/complete_coords/ENSSSCG00000012840.complete
    output: data/remapped_vars/ENSSSCG00000012840.remapped
    jobid: 177
    wildcards: id=ENSSSCG00000012840

[Mon Nov 23 12:56:36 2020]
rule merge_results:
    input: data/var_coords_remapped_report/ENSSSCG00000015801.vars.report, data/complete_coords/ENSSSCG00000015801.complete
    output: data/remapped_vars/ENSSSCG00000015801.remapped
    jobid: 55
    wildcards: id=ENSSSCG00000015801

[Mon Nov 23 12:56:36 2020]
rule merge_results:
    input: data/var_coords_remapped_report/ENSSSCG00000009406.vars.report, data/complete_coords/ENSSSCG00000009406.complete
    output: data/remapped_vars/ENSSSCG00000009406.remapped
    jobid: 147
    wildcards: id=ENSSSCG00000009406

[Mon Nov 23 12:56:36 2020]
rule merge_results:
    input: data/var_coords_remapped_report/ENSSSCG00000015070.vars.report, data/complete_coords/ENSSSCG00000015070.complete
    output: data/remapped_vars/ENSSSCG00000015070.remapped
    jobid: 23
    wildcards: id=ENSSSCG00000015070


[Mon Nov 23 12:56:36 2020]
rule merge_results:
    input: data/var_coords_remapped_report/ENSSSCG00000011512.vars.report, data/complete_coords/ENSSSCG00000011512.complete
    output: data/remapped_vars/ENSSSCG00000011512.remapped
    jobid: 83
    wildcards: id=ENSSSCG00000011512


[Mon Nov 23 12:56:36 2020]
rule merge_results:
    input: data/var_coords_remapped_report/ENSSSCG00000000922.vars.report, data/complete_coords/ENSSSCG00000000922.complete
    output: data/remapped_vars/ENSSSCG00000000922.remapped
    jobid: 89
    wildcards: id=ENSSSCG00000000922

[Mon Nov 23 12:56:37 2020]
Finished job 147.
57 of 135 steps (42%) done
[Mon Nov 23 12:56:37 2020]
Finished job 55.
58 of 135 steps (43%) done
[Mon Nov 23 12:56:37 2020]
Finished job 23.
59 of 135 steps (44%) done
[Mon Nov 23 12:56:37 2020]
Finished job 267.
60 of 135 steps (44%) done
[Mon Nov 23 12:56:37 2020]
Finished job 83.
61 of 135 steps (45%) done
[Mon Nov 23 12:56:37 2020]
Finished job 177.
62 of 135 steps (46%) done
[Mon Nov 23 12:56:37 2020]
Finished job 89.
63 of 135 steps (47%) done
Select jobs to execute...

[Mon Nov 23 12:56:37 2020]
rule merge_results:
    input: data/var_coords_remapped_report/ENSSSCG00000005488.vars.report, data/complete_coords/ENSSSCG00000005488.complete
    output: data/remapped_vars/ENSSSCG00000005488.remapped
    jobid: 235
    wildcards: id=ENSSSCG00000005488

[Mon Nov 23 12:56:37 2020]
rule merge_results:
    input: data/var_coords_remapped_report/ENSSSCG00000025058.vars.report, data/complete_coords/ENSSSCG00000025058.complete
    output: data/remapped_vars/ENSSSCG00000025058.remapped
    jobid: 49
    wildcards: id=ENSSSCG00000025058


[Mon Nov 23 12:56:37 2020]
rule merge_results:
    input: data/var_coords_remapped_report/ENSSSCG00000011862.vars.report, data/complete_coords/ENSSSCG00000011862.complete
    output: data/remapped_vars/ENSSSCG00000011862.remapped
    jobid: 139
    wildcards: id=ENSSSCG00000011862


[Mon Nov 23 12:56:37 2020]
rule merge_results:
    input: data/var_coords_remapped_report/ENSSSCG00000003141.vars.report, data/complete_coords/ENSSSCG00000003141.complete
    output: data/remapped_vars/ENSSSCG00000003141.remapped
    jobid: 161
    wildcards: id=ENSSSCG00000003141


[Mon Nov 23 12:56:37 2020]
rule merge_results:
    input: data/var_coords_remapped_report/ENSSSCG00000007522.vars.report, data/complete_coords/ENSSSCG00000007522.complete
    output: data/remapped_vars/ENSSSCG00000007522.remapped
    jobid: 131
    wildcards: id=ENSSSCG00000007522


[Mon Nov 23 12:56:37 2020]
rule merge_results:
    input: data/var_coords_remapped_report/ENSSSCG00000016200.vars.report, data/complete_coords/ENSSSCG00000016200.complete
    output: data/remapped_vars/ENSSSCG00000016200.remapped
    jobid: 183
    wildcards: id=ENSSSCG00000016200

[Mon Nov 23 12:56:37 2020]
rule merge_results:
    input: data/var_coords_remapped_report/ENSSSCG00000000038.vars.report, data/complete_coords/ENSSSCG00000000038.complete
    output: data/remapped_vars/ENSSSCG00000000038.remapped
    jobid: 251
    wildcards: id=ENSSSCG00000000038

[Mon Nov 23 12:56:38 2020]
Finished job 131.
64 of 135 steps (47%) done
[Mon Nov 23 12:56:38 2020]
Finished job 235.
65 of 135 steps (48%) done
[Mon Nov 23 12:56:38 2020]
Finished job 49.
66 of 135 steps (49%) done
[Mon Nov 23 12:56:38 2020]
Finished job 183.
67 of 135 steps (50%) done
[Mon Nov 23 12:56:38 2020]
Finished job 139.
68 of 135 steps (50%) done
[Mon Nov 23 12:56:38 2020]
Finished job 161.
69 of 135 steps (51%) done
[Mon Nov 23 12:56:38 2020]
Finished job 251.
70 of 135 steps (52%) done
Select jobs to execute...

[Mon Nov 23 12:56:38 2020]
rule merge_results:
    input: data/var_coords_remapped_report/ENSSSCG00000010787.vars.report, data/complete_coords/ENSSSCG00000010787.complete
    output: data/remapped_vars/ENSSSCG00000010787.remapped
    jobid: 265
    wildcards: id=ENSSSCG00000010787

[Mon Nov 23 12:56:38 2020]
rule merge_results:
    input: data/var_coords_remapped_report/ENSSSCG00000012593.vars.report, data/complete_coords/ENSSSCG00000012593.complete
    output: data/remapped_vars/ENSSSCG00000012593.remapped
    jobid: 25
    wildcards: id=ENSSSCG00000012593

[Mon Nov 23 12:56:38 2020]
rule merge_results:
    input: data/var_coords_remapped_report/ENSSSCG00000010937.vars.report, data/complete_coords/ENSSSCG00000010937.complete
    output: data/remapped_vars/ENSSSCG00000010937.remapped
    jobid: 145
    wildcards: id=ENSSSCG00000010937


[Mon Nov 23 12:56:38 2020]
rule merge_results:
    input: data/var_coords_remapped_report/ENSSSCG00000027877.vars.report, data/complete_coords/ENSSSCG00000027877.complete
    output: data/remapped_vars/ENSSSCG00000027877.remapped
    jobid: 163
    wildcards: id=ENSSSCG00000027877


[Mon Nov 23 12:56:38 2020]
rule merge_results:
    input: data/var_coords_remapped_report/ENSSSCG00000011033.vars.report, data/complete_coords/ENSSSCG00000011033.complete
    output: data/remapped_vars/ENSSSCG00000011033.remapped
    jobid: 175
    wildcards: id=ENSSSCG00000011033


[Mon Nov 23 12:56:38 2020]
rule merge_results:
    input: data/var_coords_remapped_report/ENSSSCG00000011850.vars.report, data/complete_coords/ENSSSCG00000011850.complete
    output: data/remapped_vars/ENSSSCG00000011850.remapped
    jobid: 85
    wildcards: id=ENSSSCG00000011850


[Mon Nov 23 12:56:38 2020]
rule merge_results:
    input: data/var_coords_remapped_report/ENSSSCG00000006337.vars.report, data/complete_coords/ENSSSCG00000006337.complete
    output: data/remapped_vars/ENSSSCG00000006337.remapped
    jobid: 259
    wildcards: id=ENSSSCG00000006337

[Mon Nov 23 12:56:39 2020]
Finished job 163.
71 of 135 steps (53%) done
[Mon Nov 23 12:56:39 2020]
Finished job 265.
72 of 135 steps (53%) done
[Mon Nov 23 12:56:39 2020]
Finished job 259.
73 of 135 steps (54%) done
[Mon Nov 23 12:56:39 2020]
Finished job 85.
74 of 135 steps (55%) done
[Mon Nov 23 12:56:39 2020]
Finished job 175.
75 of 135 steps (56%) done
[Mon Nov 23 12:56:39 2020]
Finished job 25.
76 of 135 steps (56%) done
[Mon Nov 23 12:56:39 2020]
Finished job 145.
77 of 135 steps (57%) done
Select jobs to execute...

[Mon Nov 23 12:56:39 2020]
rule merge_results:
    input: data/var_coords_remapped_report/ENSSSCG00000022432.vars.report, data/complete_coords/ENSSSCG00000022432.complete
    output: data/remapped_vars/ENSSSCG00000022432.remapped
    jobid: 257
    wildcards: id=ENSSSCG00000022432

[Mon Nov 23 12:56:39 2020]
rule merge_results:
    input: data/var_coords_remapped_report/ENSSSCG00000023666.vars.report, data/complete_coords/ENSSSCG00000023666.complete
    output: data/remapped_vars/ENSSSCG00000023666.remapped
    jobid: 51
    wildcards: id=ENSSSCG00000023666


[Mon Nov 23 12:56:39 2020]
rule merge_results:
    input: data/var_coords_remapped_report/ENSSSCG00000015652.vars.report, data/complete_coords/ENSSSCG00000015652.complete
    output: data/remapped_vars/ENSSSCG00000015652.remapped
    jobid: 197
    wildcards: id=ENSSSCG00000015652


[Mon Nov 23 12:56:39 2020]
rule merge_results:
    input: data/var_coords_remapped_report/ENSSSCG00000012371.vars.report, data/complete_coords/ENSSSCG00000012371.complete
    output: data/remapped_vars/ENSSSCG00000012371.remapped
    jobid: 115
    wildcards: id=ENSSSCG00000012371


[Mon Nov 23 12:56:39 2020]
rule merge_results:
    input: data/var_coords_remapped_report/ENSSSCG00000007277.vars.report, data/complete_coords/ENSSSCG00000007277.complete
    output: data/remapped_vars/ENSSSCG00000007277.remapped
    jobid: 167
    wildcards: id=ENSSSCG00000007277


[Mon Nov 23 12:56:39 2020]
rule merge_results:
    input: data/var_coords_remapped_report/ENSSSCG00000001404.vars.report, data/complete_coords/ENSSSCG00000001404.complete
    output: data/remapped_vars/ENSSSCG00000001404.remapped
    jobid: 87
    wildcards: id=ENSSSCG00000001404

[Mon Nov 23 12:56:39 2020]
rule merge_results:
    input: data/var_coords_remapped_report/ENSSSCG00000016047.vars.report, data/complete_coords/ENSSSCG00000016047.complete
    output: data/remapped_vars/ENSSSCG00000016047.remapped
    jobid: 249
    wildcards: id=ENSSSCG00000016047

[Mon Nov 23 12:56:40 2020]
Finished job 257.
78 of 135 steps (58%) done
[Mon Nov 23 12:56:40 2020]
Finished job 51.
79 of 135 steps (59%) done
[Mon Nov 23 12:56:40 2020]
Finished job 167.
80 of 135 steps (59%) done
[Mon Nov 23 12:56:40 2020]
Finished job 249.
81 of 135 steps (60%) done
[Mon Nov 23 12:56:40 2020]
Finished job 115.
82 of 135 steps (61%) done
[Mon Nov 23 12:56:40 2020]
Finished job 87.
83 of 135 steps (61%) done
[Mon Nov 23 12:56:40 2020]
Finished job 197.
84 of 135 steps (62%) done
Select jobs to execute...

[Mon Nov 23 12:56:40 2020]
rule merge_results:
    input: data/var_coords_remapped_report/ENSSSCG00000008842.vars.report, data/complete_coords/ENSSSCG00000008842.complete
    output: data/remapped_vars/ENSSSCG00000008842.remapped
    jobid: 47
    wildcards: id=ENSSSCG00000008842

[Mon Nov 23 12:56:40 2020]
rule merge_results:
    input: data/var_coords_remapped_report/ENSSSCG00000017227.vars.report, data/complete_coords/ENSSSCG00000017227.complete
    output: data/remapped_vars/ENSSSCG00000017227.remapped
    jobid: 137
    wildcards: id=ENSSSCG00000017227


[Mon Nov 23 12:56:40 2020]
rule merge_results:
    input: data/var_coords_remapped_report/ENSSSCG00000030758.vars.report, data/complete_coords/ENSSSCG00000030758.complete
    output: data/remapped_vars/ENSSSCG00000030758.remapped
    jobid: 237
    wildcards: id=ENSSSCG00000030758

[Mon Nov 23 12:56:40 2020]
rule merge_results:
    input: data/var_coords_remapped_report/ENSSSCG00000007146.vars.report, data/complete_coords/ENSSSCG00000007146.complete
    output: data/remapped_vars/ENSSSCG00000007146.remapped
    jobid: 33
    wildcards: id=ENSSSCG00000007146


[Mon Nov 23 12:56:40 2020]
rule merge_results:
    input: data/var_coords_remapped_report/ENSSSCG00000026409.vars.report, data/complete_coords/ENSSSCG00000026409.complete
    output: data/remapped_vars/ENSSSCG00000026409.remapped
    jobid: 3
    wildcards: id=ENSSSCG00000026409


[Mon Nov 23 12:56:40 2020]
rule merge_results:
    input: data/var_coords_remapped_report/ENSSSCG00000007744.vars.report, data/complete_coords/ENSSSCG00000007744.complete
    output: data/remapped_vars/ENSSSCG00000007744.remapped
    jobid: 63
    wildcards: id=ENSSSCG00000007744


[Mon Nov 23 12:56:40 2020]
rule merge_results:
    input: data/var_coords_remapped_report/ENSSSCG00000004875.vars.report, data/complete_coords/ENSSSCG00000004875.complete
    output: data/remapped_vars/ENSSSCG00000004875.remapped
    jobid: 93
    wildcards: id=ENSSSCG00000004875

[Mon Nov 23 12:56:41 2020]
Finished job 93.
85 of 135 steps (63%) done
[Mon Nov 23 12:56:41 2020]
Finished job 137.
86 of 135 steps (64%) done
[Mon Nov 23 12:56:41 2020]
Finished job 237.
87 of 135 steps (64%) done
[Mon Nov 23 12:56:41 2020]
Finished job 47.
88 of 135 steps (65%) done
[Mon Nov 23 12:56:41 2020]
Finished job 33.
89 of 135 steps (66%) done
[Mon Nov 23 12:56:41 2020]
Finished job 63.
90 of 135 steps (67%) done
[Mon Nov 23 12:56:41 2020]
Finished job 3.
91 of 135 steps (67%) done
Select jobs to execute...

[Mon Nov 23 12:56:41 2020]
rule merge_results:
    input: data/var_coords_remapped_report/ENSSSCG00000027555.vars.report, data/complete_coords/ENSSSCG00000027555.complete
    output: data/remapped_vars/ENSSSCG00000027555.remapped
    jobid: 193
    wildcards: id=ENSSSCG00000027555

[Mon Nov 23 12:56:41 2020]
rule merge_results:
    input: data/var_coords_remapped_report/ENSSSCG00000010310.vars.report, data/complete_coords/ENSSSCG00000010310.complete
    output: data/remapped_vars/ENSSSCG00000010310.remapped
    jobid: 169
    wildcards: id=ENSSSCG00000010310


[Mon Nov 23 12:56:41 2020]
rule merge_results:
    input: data/var_coords_remapped_report/ENSSSCG00000008088.vars.report, data/complete_coords/ENSSSCG00000008088.complete
    output: data/remapped_vars/ENSSSCG00000008088.remapped
    jobid: 129
    wildcards: id=ENSSSCG00000008088


[Mon Nov 23 12:56:41 2020]
rule merge_results:
    input: data/var_coords_remapped_report/ENSSSCG00000010591.vars.report, data/complete_coords/ENSSSCG00000010591.complete
    output: data/remapped_vars/ENSSSCG00000010591.remapped
    jobid: 219
    wildcards: id=ENSSSCG00000010591


[Mon Nov 23 12:56:41 2020]
rule merge_results:
    input: data/var_coords_remapped_report/ENSSSCG00000030168.vars.report, data/complete_coords/ENSSSCG00000030168.complete
    output: data/remapped_vars/ENSSSCG00000030168.remapped
    jobid: 159
    wildcards: id=ENSSSCG00000030168


[Mon Nov 23 12:56:41 2020]
rule merge_results:
    input: data/var_coords_remapped_report/ENSSSCG00000007214.vars.report, data/complete_coords/ENSSSCG00000007214.complete
    output: data/remapped_vars/ENSSSCG00000007214.remapped
    jobid: 213
    wildcards: id=ENSSSCG00000007214

[Mon Nov 23 12:56:41 2020]
rule merge_results:
    input: data/var_coords_remapped_report/ENSSSCG00000016940.vars.report, data/complete_coords/ENSSSCG00000016940.complete
    output: data/remapped_vars/ENSSSCG00000016940.remapped
    jobid: 35
    wildcards: id=ENSSSCG00000016940

[Mon Nov 23 12:56:42 2020]
Finished job 169.
92 of 135 steps (68%) done
[Mon Nov 23 12:56:42 2020]
Finished job 193.
93 of 135 steps (69%) done
[Mon Nov 23 12:56:42 2020]
Finished job 129.
94 of 135 steps (70%) done
[Mon Nov 23 12:56:42 2020]
Finished job 219.
95 of 135 steps (70%) done
[Mon Nov 23 12:56:42 2020]
Finished job 35.
96 of 135 steps (71%) done
[Mon Nov 23 12:56:42 2020]
Finished job 213.
97 of 135 steps (72%) done
[Mon Nov 23 12:56:42 2020]
Finished job 159.
98 of 135 steps (73%) done
Select jobs to execute...

[Mon Nov 23 12:56:42 2020]
rule merge_results:
    input: data/var_coords_remapped_report/ENSSSCG00000008090.vars.report, data/complete_coords/ENSSSCG00000008090.complete
    output: data/remapped_vars/ENSSSCG00000008090.remapped
    jobid: 199
    wildcards: id=ENSSSCG00000008090

[Mon Nov 23 12:56:42 2020]
rule merge_results:
    input: data/var_coords_remapped_report/ENSSSCG00000026214.vars.report, data/complete_coords/ENSSSCG00000026214.complete
    output: data/remapped_vars/ENSSSCG00000026214.remapped
    jobid: 27
    wildcards: id=ENSSSCG00000026214

[Mon Nov 23 12:56:42 2020]
rule merge_results:
    input: data/var_coords_remapped_report/ENSSSCG00000005193.vars.report, data/complete_coords/ENSSSCG00000005193.complete
    output: data/remapped_vars/ENSSSCG00000005193.remapped
    jobid: 141
    wildcards: id=ENSSSCG00000005193

[Mon Nov 23 12:56:42 2020]
rule merge_results:
    input: data/var_coords_remapped_report/ENSSSCG00000007217.vars.report, data/complete_coords/ENSSSCG00000007217.complete
    output: data/remapped_vars/ENSSSCG00000007217.remapped
    jobid: 117
    wildcards: id=ENSSSCG00000007217


[Mon Nov 23 12:56:42 2020]
rule merge_results:
    input: data/var_coords_remapped_report/ENSSSCG00000006403.vars.report, data/complete_coords/ENSSSCG00000006403.complete
    output: data/remapped_vars/ENSSSCG00000006403.remapped
    jobid: 39
    wildcards: id=ENSSSCG00000006403

[Mon Nov 23 12:56:42 2020]
rule merge_results:
    input: data/var_coords_remapped_report/ENSSSCG00000017121.vars.report, data/complete_coords/ENSSSCG00000017121.complete
    output: data/remapped_vars/ENSSSCG00000017121.remapped
    jobid: 69
    wildcards: id=ENSSSCG00000017121


[Mon Nov 23 12:56:42 2020]
rule merge_results:
    input: data/var_coords_remapped_report/ENSSSCG00000013369.vars.report, data/complete_coords/ENSSSCG00000013369.complete
    output: data/remapped_vars/ENSSSCG00000013369.remapped
    jobid: 65
    wildcards: id=ENSSSCG00000013369

[Mon Nov 23 12:56:43 2020]
Finished job 27.
99 of 135 steps (73%) done
[Mon Nov 23 12:56:43 2020]
Finished job 199.
100 of 135 steps (74%) done
[Mon Nov 23 12:56:43 2020]
Finished job 117.
101 of 135 steps (75%) done
[Mon Nov 23 12:56:43 2020]
Finished job 65.
102 of 135 steps (76%) done
[Mon Nov 23 12:56:43 2020]
Finished job 141.
103 of 135 steps (76%) done
[Mon Nov 23 12:56:43 2020]
Finished job 69.
104 of 135 steps (77%) done
[Mon Nov 23 12:56:43 2020]
Finished job 39.
105 of 135 steps (78%) done
Select jobs to execute...

[Mon Nov 23 12:56:43 2020]
rule merge_results:
    input: data/var_coords_remapped_report/ENSSSCG00000000481.vars.report, data/complete_coords/ENSSSCG00000000481.complete
    output: data/remapped_vars/ENSSSCG00000000481.remapped
    jobid: 261
    wildcards: id=ENSSSCG00000000481

[Mon Nov 23 12:56:43 2020]
rule merge_results:
    input: data/var_coords_remapped_report/ENSSSCG00000025273.vars.report, data/complete_coords/ENSSSCG00000025273.complete
    output: data/remapped_vars/ENSSSCG00000025273.remapped
    jobid: 201
    wildcards: id=ENSSSCG00000025273


[Mon Nov 23 12:56:43 2020]
rule merge_results:
    input: data/var_coords_remapped_report/ENSSSCG00000002961.vars.report, data/complete_coords/ENSSSCG00000002961.complete
    output: data/remapped_vars/ENSSSCG00000002961.remapped
    jobid: 37
    wildcards: id=ENSSSCG00000002961


[Mon Nov 23 12:56:43 2020]
rule merge_results:
    input: data/var_coords_remapped_report/ENSSSCG00000001743.vars.report, data/complete_coords/ENSSSCG00000001743.complete
    output: data/remapped_vars/ENSSSCG00000001743.remapped
    jobid: 7
    wildcards: id=ENSSSCG00000001743


[Mon Nov 23 12:56:43 2020]
rule merge_results:
    input: data/var_coords_remapped_report/ENSSSCG00000011453.vars.report, data/complete_coords/ENSSSCG00000011453.complete
    output: data/remapped_vars/ENSSSCG00000011453.remapped
    jobid: 29
    wildcards: id=ENSSSCG00000011453

[Mon Nov 23 12:56:43 2020]
rule merge_results:
    input: data/var_coords_remapped_report/ENSSSCG00000001050.vars.report, data/complete_coords/ENSSSCG00000001050.complete
    output: data/remapped_vars/ENSSSCG00000001050.remapped
    jobid: 67
    wildcards: id=ENSSSCG00000001050


[Mon Nov 23 12:56:43 2020]
rule merge_results:
    input: data/var_coords_remapped_report/ENSSSCG00000015048.vars.report, data/complete_coords/ENSSSCG00000015048.complete
    output: data/remapped_vars/ENSSSCG00000015048.remapped
    jobid: 61
    wildcards: id=ENSSSCG00000015048

[Mon Nov 23 12:56:44 2020]
Finished job 7.
106 of 135 steps (79%) done
[Mon Nov 23 12:56:44 2020]
Finished job 261.
107 of 135 steps (79%) done
[Mon Nov 23 12:56:44 2020]
Finished job 201.
108 of 135 steps (80%) done
[Mon Nov 23 12:56:44 2020]
Finished job 67.
109 of 135 steps (81%) done
[Mon Nov 23 12:56:44 2020]
Finished job 29.
110 of 135 steps (81%) done
[Mon Nov 23 12:56:44 2020]
Finished job 61.
111 of 135 steps (82%) done
[Mon Nov 23 12:56:44 2020]
Finished job 37.
112 of 135 steps (83%) done
Select jobs to execute...

[Mon Nov 23 12:56:44 2020]
rule merge_results:
    input: data/var_coords_remapped_report/ENSSSCG00000013579.vars.report, data/complete_coords/ENSSSCG00000013579.complete
    output: data/remapped_vars/ENSSSCG00000013579.remapped
    jobid: 165
    wildcards: id=ENSSSCG00000013579

[Mon Nov 23 12:56:44 2020]
rule merge_results:
    input: data/var_coords_remapped_report/ENSSSCG00000010780.vars.report, data/complete_coords/ENSSSCG00000010780.complete
    output: data/remapped_vars/ENSSSCG00000010780.remapped
    jobid: 135
    wildcards: id=ENSSSCG00000010780


[Mon Nov 23 12:56:44 2020]
rule merge_results:
    input: data/var_coords_remapped_report/ENSSSCG00000004296.vars.report, data/complete_coords/ENSSSCG00000004296.complete
    output: data/remapped_vars/ENSSSCG00000004296.remapped
    jobid: 195
    wildcards: id=ENSSSCG00000004296


[Mon Nov 23 12:56:44 2020]
rule merge_results:
    input: data/var_coords_remapped_report/ENSSSCG00000006215.vars.report, data/complete_coords/ENSSSCG00000006215.complete
    output: data/remapped_vars/ENSSSCG00000006215.remapped
    jobid: 97
    wildcards: id=ENSSSCG00000006215


[Mon Nov 23 12:56:44 2020]
rule merge_results:
    input: data/var_coords_remapped_report/ENSSSCG00000008521.vars.report, data/complete_coords/ENSSSCG00000008521.complete
    output: data/remapped_vars/ENSSSCG00000008521.remapped
    jobid: 187
    wildcards: id=ENSSSCG00000008521

[Mon Nov 23 12:56:44 2020]
rule merge_results:
    input: data/var_coords_remapped_report/ENSSSCG00000021739.vars.report, data/complete_coords/ENSSSCG00000021739.complete
    output: data/remapped_vars/ENSSSCG00000021739.remapped
    jobid: 217
    wildcards: id=ENSSSCG00000021739


[Mon Nov 23 12:56:44 2020]
rule merge_results:
    input: data/var_coords_remapped_report/ENSSSCG00000026583.vars.report, data/complete_coords/ENSSSCG00000026583.complete
    output: data/remapped_vars/ENSSSCG00000026583.remapped
    jobid: 95
    wildcards: id=ENSSSCG00000026583

[Mon Nov 23 12:56:45 2020]
Finished job 135.
113 of 135 steps (84%) done
[Mon Nov 23 12:56:45 2020]
Finished job 165.
114 of 135 steps (84%) done
[Mon Nov 23 12:56:45 2020]
Finished job 195.
115 of 135 steps (85%) done
[Mon Nov 23 12:56:45 2020]
Finished job 97.
116 of 135 steps (86%) done
[Mon Nov 23 12:56:45 2020]
Finished job 187.
117 of 135 steps (87%) done
[Mon Nov 23 12:56:45 2020]
Finished job 95.
118 of 135 steps (87%) done
[Mon Nov 23 12:56:45 2020]
Finished job 217.
119 of 135 steps (88%) done
Select jobs to execute...

[Mon Nov 23 12:56:45 2020]
rule merge_results:
    input: data/var_coords_remapped_report/ENSSSCG00000030733.vars.report, data/complete_coords/ENSSSCG00000030733.complete
    output: data/remapped_vars/ENSSSCG00000030733.remapped
    jobid: 133
    wildcards: id=ENSSSCG00000030733

[Mon Nov 23 12:56:45 2020]
rule merge_results:
    input: data/var_coords_remapped_report/ENSSSCG00000000932.vars.report, data/complete_coords/ENSSSCG00000000932.complete
    output: data/remapped_vars/ENSSSCG00000000932.remapped
    jobid: 253
    wildcards: id=ENSSSCG00000000932


[Mon Nov 23 12:56:45 2020]
rule merge_results:
    input: data/var_coords_remapped_report/ENSSSCG00000017399.vars.report, data/complete_coords/ENSSSCG00000017399.complete
    output: data/remapped_vars/ENSSSCG00000017399.remapped
    jobid: 5
    wildcards: id=ENSSSCG00000017399

[Mon Nov 23 12:56:45 2020]
rule merge_results:
    input: data/var_coords_remapped_report/ENSSSCG00000004904.vars.report, data/complete_coords/ENSSSCG00000004904.complete
    output: data/remapped_vars/ENSSSCG00000004904.remapped
    jobid: 211
    wildcards: id=ENSSSCG00000004904

[Mon Nov 23 12:56:45 2020]
rule merge_results:
    input: data/var_coords_remapped_report/ENSSSCG00000004475.vars.report, data/complete_coords/ENSSSCG00000004475.complete
    output: data/remapped_vars/ENSSSCG00000004475.remapped
    jobid: 181
    wildcards: id=ENSSSCG00000004475


[Mon Nov 23 12:56:45 2020]
rule merge_results:
    input: data/var_coords_remapped_report/ENSSSCG00000009477.vars.report, data/complete_coords/ENSSSCG00000009477.complete
    output: data/remapped_vars/ENSSSCG00000009477.remapped
    jobid: 185
    wildcards: id=ENSSSCG00000009477

[Mon Nov 23 12:56:45 2020]
rule merge_results:
    input: data/var_coords_remapped_report/ENSSSCG00000017103.vars.report, data/complete_coords/ENSSSCG00000017103.complete
    output: data/remapped_vars/ENSSSCG00000017103.remapped
    jobid: 215
    wildcards: id=ENSSSCG00000017103

[Mon Nov 23 12:56:46 2020]
Finished job 215.
120 of 135 steps (89%) done
[Mon Nov 23 12:56:46 2020]
Finished job 181.
121 of 135 steps (90%) done
[Mon Nov 23 12:56:46 2020]
Finished job 253.
122 of 135 steps (90%) done
[Mon Nov 23 12:56:46 2020]
Finished job 133.
123 of 135 steps (91%) done
[Mon Nov 23 12:56:46 2020]
Finished job 5.
124 of 135 steps (92%) done
[Mon Nov 23 12:56:46 2020]
Finished job 211.
125 of 135 steps (93%) done
[Mon Nov 23 12:56:46 2020]
Finished job 185.
126 of 135 steps (93%) done
Select jobs to execute...

[Mon Nov 23 12:56:46 2020]
rule merge_results:
    input: data/var_coords_remapped_report/ENSSSCG00000014428.vars.report, data/complete_coords/ENSSSCG00000014428.complete
    output: data/remapped_vars/ENSSSCG00000014428.remapped
    jobid: 53
    wildcards: id=ENSSSCG00000014428

[Mon Nov 23 12:56:46 2020]
rule merge_results:
    input: data/var_coords_remapped_report/ENSSSCG00000002756.vars.report, data/complete_coords/ENSSSCG00000002756.complete
    output: data/remapped_vars/ENSSSCG00000002756.remapped
    jobid: 171
    wildcards: id=ENSSSCG00000002756


[Mon Nov 23 12:56:46 2020]
rule merge_results:
    input: data/var_coords_remapped_report/ENSSSCG00000006719.vars.report, data/complete_coords/ENSSSCG00000006719.complete
    output: data/remapped_vars/ENSSSCG00000006719.remapped
    jobid: 43
    wildcards: id=ENSSSCG00000006719


[Mon Nov 23 12:56:46 2020]
rule merge_results:
    input: data/var_coords_remapped_report/ENSSSCG00000030227.vars.report, data/complete_coords/ENSSSCG00000030227.complete
    output: data/remapped_vars/ENSSSCG00000030227.remapped
    jobid: 255
    wildcards: id=ENSSSCG00000030227

[Mon Nov 23 12:56:46 2020]
rule merge_results:
    input: data/var_coords_remapped_report/ENSSSCG00000008948.vars.report, data/complete_coords/ENSSSCG00000008948.complete
    output: data/remapped_vars/ENSSSCG00000008948.remapped
    jobid: 113
    wildcards: id=ENSSSCG00000008948


[Mon Nov 23 12:56:46 2020]
rule merge_results:
    input: data/var_coords_remapped_report/ENSSSCG00000024497.vars.report, data/complete_coords/ENSSSCG00000024497.complete
    output: data/remapped_vars/ENSSSCG00000024497.remapped
    jobid: 233
    wildcards: id=ENSSSCG00000024497


[Mon Nov 23 12:56:46 2020]
rule merge_results:
    input: data/var_coords_remapped_report/ENSSSCG00000001428.vars.report, data/complete_coords/ENSSSCG00000001428.complete
    output: data/remapped_vars/ENSSSCG00000001428.remapped
    jobid: 91
    wildcards: id=ENSSSCG00000001428

[Mon Nov 23 12:56:47 2020]
Finished job 171.
127 of 135 steps (94%) done
[Mon Nov 23 12:56:47 2020]
Finished job 43.
128 of 135 steps (95%) done
[Mon Nov 23 12:56:47 2020]
Finished job 255.
129 of 135 steps (96%) done
[Mon Nov 23 12:56:47 2020]
Finished job 113.
130 of 135 steps (96%) done
[Mon Nov 23 12:56:47 2020]
Finished job 91.
131 of 135 steps (97%) done
[Mon Nov 23 12:56:47 2020]
Finished job 233.
132 of 135 steps (98%) done
[Mon Nov 23 12:56:47 2020]
Finished job 53.
133 of 135 steps (99%) done
Select jobs to execute...

[Mon Nov 23 12:56:47 2020]
rule merge_results:
    input: data/var_coords_remapped_report/ENSSSCG00000005163.vars.report, data/complete_coords/ENSSSCG00000005163.complete
    output: data/remapped_vars/ENSSSCG00000005163.remapped
    jobid: 31
    wildcards: id=ENSSSCG00000005163

[Mon Nov 23 12:56:47 2020]
Finished job 31.
134 of 135 steps (99%) done
Select jobs to execute...

[Mon Nov 23 12:56:47 2020]
localrule all:
    input: data/remapped_vars/ENSSSCG00000008326.remapped, data/remapped_vars/ENSSSCG00000026409.remapped, data/remapped_vars/ENSSSCG00000017399.remapped, data/remapped_vars/ENSSSCG00000001743.remapped, data/remapped_vars/ENSSSCG00000010929.remapped, data/remapped_vars/ENSSSCG00000029988.remapped, data/remapped_vars/ENSSSCG00000000866.remapped, data/remapped_vars/ENSSSCG00000025244.remapped, data/remapped_vars/ENSSSCG00000002749.remapped, data/remapped_vars/ENSSSCG00000010816.remapped, data/remapped_vars/ENSSSCG00000031002.remapped, data/remapped_vars/ENSSSCG00000015070.remapped, data/remapped_vars/ENSSSCG00000012593.remapped, data/remapped_vars/ENSSSCG00000026214.remapped, data/remapped_vars/ENSSSCG00000011453.remapped, data/remapped_vars/ENSSSCG00000005163.remapped, data/remapped_vars/ENSSSCG00000007146.remapped, data/remapped_vars/ENSSSCG00000016940.remapped, data/remapped_vars/ENSSSCG00000002961.remapped, data/remapped_vars/ENSSSCG00000006403.remapped, data/remapped_vars/ENSSSCG00000026201.remapped, data/remapped_vars/ENSSSCG00000006719.remapped, data/remapped_vars/ENSSSCG00000026592.remapped, data/remapped_vars/ENSSSCG00000008842.remapped, data/remapped_vars/ENSSSCG00000025058.remapped, data/remapped_vars/ENSSSCG00000023666.remapped, data/remapped_vars/ENSSSCG00000014428.remapped, data/remapped_vars/ENSSSCG00000015801.remapped, data/remapped_vars/ENSSSCG00000007153.remapped, data/remapped_vars/ENSSSCG00000002385.remapped, data/remapped_vars/ENSSSCG00000015048.remapped, data/remapped_vars/ENSSSCG00000007744.remapped, data/remapped_vars/ENSSSCG00000013369.remapped, data/remapped_vars/ENSSSCG00000001050.remapped, data/remapped_vars/ENSSSCG00000017121.remapped, data/remapped_vars/ENSSSCG00000012257.remapped, data/remapped_vars/ENSSSCG00000012117.remapped, data/remapped_vars/ENSSSCG00000010554.remapped, data/remapped_vars/ENSSSCG00000006648.remapped, data/remapped_vars/ENSSSCG00000023876.remapped, data/remapped_vars/ENSSSCG00000011436.remapped, data/remapped_vars/ENSSSCG00000011512.remapped, data/remapped_vars/ENSSSCG00000011850.remapped, data/remapped_vars/ENSSSCG00000001404.remapped, data/remapped_vars/ENSSSCG00000000922.remapped, data/remapped_vars/ENSSSCG00000001428.remapped, data/remapped_vars/ENSSSCG00000004875.remapped, data/remapped_vars/ENSSSCG00000026583.remapped, data/remapped_vars/ENSSSCG00000006215.remapped, data/remapped_vars/ENSSSCG00000009115.remapped, data/remapped_vars/ENSSSCG00000007226.remapped, data/remapped_vars/ENSSSCG00000010459.remapped, data/remapped_vars/ENSSSCG00000010948.remapped, data/remapped_vars/ENSSSCG00000002686.remapped, data/remapped_vars/ENSSSCG00000016273.remapped, data/remapped_vars/ENSSSCG00000020924.remapped, data/remapped_vars/ENSSSCG00000008948.remapped, data/remapped_vars/ENSSSCG00000012371.remapped, data/remapped_vars/ENSSSCG00000007217.remapped, data/remapped_vars/ENSSSCG00000006386.remapped, data/remapped_vars/ENSSSCG00000028431.remapped, data/remapped_vars/ENSSSCG00000012077.remapped, data/remapped_vars/ENSSSCG00000024689.remapped, data/remapped_vars/ENSSSCG00000007216.remapped, data/remapped_vars/ENSSSCG00000008088.remapped, data/remapped_vars/ENSSSCG00000007522.remapped, data/remapped_vars/ENSSSCG00000030733.remapped, data/remapped_vars/ENSSSCG00000010780.remapped, data/remapped_vars/ENSSSCG00000017227.remapped, data/remapped_vars/ENSSSCG00000011862.remapped, data/remapped_vars/ENSSSCG00000005193.remapped, data/remapped_vars/ENSSSCG00000025500.remapped, data/remapped_vars/ENSSSCG00000010937.remapped, data/remapped_vars/ENSSSCG00000009406.remapped, data/remapped_vars/ENSSSCG00000005503.remapped, data/remapped_vars/ENSSSCG00000002777.remapped, data/remapped_vars/ENSSSCG00000029990.remapped, data/remapped_vars/ENSSSCG00000015616.remapped, data/remapped_vars/ENSSSCG00000020864.remapped, data/remapped_vars/ENSSSCG00000030168.remapped, data/remapped_vars/ENSSSCG00000003141.remapped, data/remapped_vars/ENSSSCG00000027877.remapped, data/remapped_vars/ENSSSCG00000013579.remapped, data/remapped_vars/ENSSSCG00000007277.remapped, data/remapped_vars/ENSSSCG00000010310.remapped, data/remapped_vars/ENSSSCG00000002756.remapped, data/remapped_vars/ENSSSCG00000009695.remapped, data/remapped_vars/ENSSSCG00000011033.remapped, data/remapped_vars/ENSSSCG00000012840.remapped, data/remapped_vars/ENSSSCG00000028629.remapped, data/remapped_vars/ENSSSCG00000004475.remapped, data/remapped_vars/ENSSSCG00000016200.remapped, data/remapped_vars/ENSSSCG00000009477.remapped, data/remapped_vars/ENSSSCG00000008521.remapped, data/remapped_vars/ENSSSCG00000001741.remapped, data/remapped_vars/ENSSSCG00000012118.remapped, data/remapped_vars/ENSSSCG00000027555.remapped, data/remapped_vars/ENSSSCG00000004296.remapped, data/remapped_vars/ENSSSCG00000015652.remapped, data/remapped_vars/ENSSSCG00000008090.remapped, data/remapped_vars/ENSSSCG00000025273.remapped, data/remapped_vars/ENSSSCG00000031069.remapped, data/remapped_vars/ENSSSCG00000024973.remapped, data/remapped_vars/ENSSSCG00000023686.remapped, data/remapped_vars/ENSSSCG00000031060.remapped, data/remapped_vars/ENSSSCG00000004904.remapped, data/remapped_vars/ENSSSCG00000007214.remapped, data/remapped_vars/ENSSSCG00000017103.remapped, data/remapped_vars/ENSSSCG00000021739.remapped, data/remapped_vars/ENSSSCG00000010591.remapped, data/remapped_vars/ENSSSCG00000015053.remapped, data/remapped_vars/ENSSSCG00000014170.remapped, data/remapped_vars/ENSSSCG00000007221.remapped, data/remapped_vars/ENSSSCG00000003130.remapped, data/remapped_vars/ENSSSCG00000009002.remapped, data/remapped_vars/ENSSSCG00000007218.remapped, data/remapped_vars/ENSSSCG00000024497.remapped, data/remapped_vars/ENSSSCG00000005488.remapped, data/remapped_vars/ENSSSCG00000030758.remapped, data/remapped_vars/ENSSSCG00000011147.remapped, data/remapped_vars/ENSSSCG00000027850.remapped, data/remapped_vars/ENSSSCG00000026109.remapped, data/remapped_vars/ENSSSCG00000010885.remapped, data/remapped_vars/ENSSSCG00000003017.remapped, data/remapped_vars/ENSSSCG00000016047.remapped, data/remapped_vars/ENSSSCG00000000038.remapped, data/remapped_vars/ENSSSCG00000000932.remapped, data/remapped_vars/ENSSSCG00000030227.remapped, data/remapped_vars/ENSSSCG00000022432.remapped, data/remapped_vars/ENSSSCG00000006337.remapped, data/remapped_vars/ENSSSCG00000000481.remapped, data/remapped_vars/ENSSSCG00000007215.remapped, data/remapped_vars/ENSSSCG00000010787.remapped, data/remapped_vars/ENSSSCG00000006924.remapped
    jobid: 0

[Mon Nov 23 12:56:47 2020]
Finished job 0.
135 of 135 steps (100%) done
Complete log: /home/pelmo/sscrofa_variant_remapping/.snakemake/log/2020-11-23T125627.502476.snakemake.log
