Building DAG of jobs...
Using shell: /usr/bin/bash
Provided cores: 1 (use --cores to define parallelism)
Rules claiming more threads will be scaled down.
Job counts:
	count	jobs
	1	all
	134	get_coords
	135

[Thu Nov 12 16:40:15 2020]
rule get_coords:
    input: data/starting_files/ENSSSCG00000010937
    output: data/gene_coords/ENSSSCG00000010937.gene, data/var_coords/ENSSSCG00000010937.vars
    jobid: 73
    wildcards: id=ENSSSCG00000010937

[Thu Nov 12 16:40:15 2020]
Finished job 73.
1 of 135 steps (0.74%) done

[Thu Nov 12 16:40:15 2020]
rule get_coords:
    input: data/starting_files/ENSSSCG00000024973
    output: data/gene_coords/ENSSSCG00000024973.gene, data/var_coords/ENSSSCG00000024973.vars
    jobid: 103
    wildcards: id=ENSSSCG00000024973

[Thu Nov 12 16:40:15 2020]
Finished job 103.
2 of 135 steps (1%) done

[Thu Nov 12 16:40:16 2020]
rule get_coords:
    input: data/starting_files/ENSSSCG00000011862
    output: data/gene_coords/ENSSSCG00000011862.gene, data/var_coords/ENSSSCG00000011862.vars
    jobid: 70
    wildcards: id=ENSSSCG00000011862

[Thu Nov 12 16:40:16 2020]
Finished job 70.
3 of 135 steps (2%) done

[Thu Nov 12 16:40:16 2020]
rule get_coords:
    input: data/starting_files/ENSSSCG00000008090
    output: data/gene_coords/ENSSSCG00000008090.gene, data/var_coords/ENSSSCG00000008090.vars
    jobid: 100
    wildcards: id=ENSSSCG00000008090

[Thu Nov 12 16:40:16 2020]
Finished job 100.
4 of 135 steps (3%) done

[Thu Nov 12 16:40:16 2020]
rule get_coords:
    input: data/starting_files/ENSSSCG00000006337
    output: data/gene_coords/ENSSSCG00000006337.gene, data/var_coords/ENSSSCG00000006337.vars
    jobid: 130
    wildcards: id=ENSSSCG00000006337

[Thu Nov 12 16:40:16 2020]
Finished job 130.
5 of 135 steps (4%) done

[Thu Nov 12 16:40:17 2020]
rule get_coords:
    input: data/starting_files/ENSSSCG00000026214
    output: data/gene_coords/ENSSSCG00000026214.gene, data/var_coords/ENSSSCG00000026214.vars
    jobid: 14
    wildcards: id=ENSSSCG00000026214

[Thu Nov 12 16:40:17 2020]
Finished job 14.
6 of 135 steps (4%) done

[Thu Nov 12 16:40:17 2020]
rule get_coords:
    input: data/starting_files/ENSSSCG00000007153
    output: data/gene_coords/ENSSSCG00000007153.gene, data/var_coords/ENSSSCG00000007153.vars
    jobid: 29
    wildcards: id=ENSSSCG00000007153

[Thu Nov 12 16:40:17 2020]
Finished job 29.
7 of 135 steps (5%) done

[Thu Nov 12 16:40:17 2020]
rule get_coords:
    input: data/starting_files/ENSSSCG00000009406
    output: data/gene_coords/ENSSSCG00000009406.gene, data/var_coords/ENSSSCG00000009406.vars
    jobid: 74
    wildcards: id=ENSSSCG00000009406

[Thu Nov 12 16:40:18 2020]
Finished job 74.
8 of 135 steps (6%) done

[Thu Nov 12 16:40:18 2020]
rule get_coords:
    input: data/starting_files/ENSSSCG00000011453
    output: data/gene_coords/ENSSSCG00000011453.gene, data/var_coords/ENSSSCG00000011453.vars
    jobid: 15
    wildcards: id=ENSSSCG00000011453

[Thu Nov 12 16:40:18 2020]
Finished job 15.
9 of 135 steps (7%) done

[Thu Nov 12 16:40:18 2020]
rule get_coords:
    input: data/starting_files/ENSSSCG00000002385
    output: data/gene_coords/ENSSSCG00000002385.gene, data/var_coords/ENSSSCG00000002385.vars
    jobid: 30
    wildcards: id=ENSSSCG00000002385

[Thu Nov 12 16:40:18 2020]
Finished job 30.
10 of 135 steps (7%) done

[Thu Nov 12 16:40:18 2020]
rule get_coords:
    input: data/starting_files/ENSSSCG00000000922
    output: data/gene_coords/ENSSSCG00000000922.gene, data/var_coords/ENSSSCG00000000922.vars
    jobid: 45
    wildcards: id=ENSSSCG00000000922

[Thu Nov 12 16:40:19 2020]
Finished job 45.
11 of 135 steps (8%) done

[Thu Nov 12 16:40:19 2020]
rule get_coords:
    input: data/starting_files/ENSSSCG00000002777
    output: data/gene_coords/ENSSSCG00000002777.gene, data/var_coords/ENSSSCG00000002777.vars
    jobid: 76
    wildcards: id=ENSSSCG00000002777

[Thu Nov 12 16:40:19 2020]
Finished job 76.
12 of 135 steps (9%) done

[Thu Nov 12 16:40:19 2020]
rule get_coords:
    input: data/starting_files/ENSSSCG00000015048
    output: data/gene_coords/ENSSSCG00000015048.gene, data/var_coords/ENSSSCG00000015048.vars
    jobid: 31
    wildcards: id=ENSSSCG00000015048

[Thu Nov 12 16:40:19 2020]
Finished job 31.
13 of 135 steps (10%) done

[Thu Nov 12 16:40:19 2020]
rule get_coords:
    input: data/starting_files/ENSSSCG00000004904
    output: data/gene_coords/ENSSSCG00000004904.gene, data/var_coords/ENSSSCG00000004904.vars
    jobid: 106
    wildcards: id=ENSSSCG00000004904

[Thu Nov 12 16:40:20 2020]
Finished job 106.
14 of 135 steps (10%) done

[Thu Nov 12 16:40:20 2020]
rule get_coords:
    input: data/starting_files/ENSSSCG00000007146
    output: data/gene_coords/ENSSSCG00000007146.gene, data/var_coords/ENSSSCG00000007146.vars
    jobid: 17
    wildcards: id=ENSSSCG00000007146

[Thu Nov 12 16:40:20 2020]
Finished job 17.
15 of 135 steps (11%) done

[Thu Nov 12 16:40:20 2020]
rule get_coords:
    input: data/starting_files/ENSSSCG00000031002
    output: data/gene_coords/ENSSSCG00000031002.gene, data/var_coords/ENSSSCG00000031002.vars
    jobid: 11
    wildcards: id=ENSSSCG00000031002

[Thu Nov 12 16:40:20 2020]
Finished job 11.
16 of 135 steps (12%) done

[Thu Nov 12 16:40:20 2020]
rule get_coords:
    input: data/starting_files/ENSSSCG00000029990
    output: data/gene_coords/ENSSSCG00000029990.gene, data/var_coords/ENSSSCG00000029990.vars
    jobid: 77
    wildcards: id=ENSSSCG00000029990

[Thu Nov 12 16:40:21 2020]
Finished job 77.
17 of 135 steps (13%) done

[Thu Nov 12 16:40:21 2020]
rule get_coords:
    input: data/starting_files/ENSSSCG00000016940
    output: data/gene_coords/ENSSSCG00000016940.gene, data/var_coords/ENSSSCG00000016940.vars
    jobid: 18
    wildcards: id=ENSSSCG00000016940

[Thu Nov 12 16:40:21 2020]
Finished job 18.
18 of 135 steps (13%) done

[Thu Nov 12 16:40:21 2020]
rule get_coords:
    input: data/starting_files/ENSSSCG00000013369
    output: data/gene_coords/ENSSSCG00000013369.gene, data/var_coords/ENSSSCG00000013369.vars
    jobid: 33
    wildcards: id=ENSSSCG00000013369

[Thu Nov 12 16:40:21 2020]
Finished job 33.
19 of 135 steps (14%) done

[Thu Nov 12 16:40:21 2020]
rule get_coords:
    input: data/starting_files/ENSSSCG00000015616
    output: data/gene_coords/ENSSSCG00000015616.gene, data/var_coords/ENSSSCG00000015616.vars
    jobid: 78
    wildcards: id=ENSSSCG00000015616

[Thu Nov 12 16:40:22 2020]
Finished job 78.
20 of 135 steps (15%) done

[Thu Nov 12 16:40:22 2020]
rule get_coords:
    input: data/starting_files/ENSSSCG00000002961
    output: data/gene_coords/ENSSSCG00000002961.gene, data/var_coords/ENSSSCG00000002961.vars
    jobid: 19
    wildcards: id=ENSSSCG00000002961

[Thu Nov 12 16:40:22 2020]
Finished job 19.
21 of 135 steps (16%) done

[Thu Nov 12 16:40:22 2020]
rule get_coords:
    input: data/starting_files/ENSSSCG00000006215
    output: data/gene_coords/ENSSSCG00000006215.gene, data/var_coords/ENSSSCG00000006215.vars
    jobid: 49
    wildcards: id=ENSSSCG00000006215

[Thu Nov 12 16:40:22 2020]
Finished job 49.
22 of 135 steps (16%) done

[Thu Nov 12 16:40:22 2020]
rule get_coords:
    input: data/starting_files/ENSSSCG00000020864
    output: data/gene_coords/ENSSSCG00000020864.gene, data/var_coords/ENSSSCG00000020864.vars
    jobid: 79
    wildcards: id=ENSSSCG00000020864

[Thu Nov 12 16:40:23 2020]
Finished job 79.
23 of 135 steps (17%) done

[Thu Nov 12 16:40:23 2020]
rule get_coords:
    input: data/starting_files/ENSSSCG00000006403
    output: data/gene_coords/ENSSSCG00000006403.gene, data/var_coords/ENSSSCG00000006403.vars
    jobid: 20
    wildcards: id=ENSSSCG00000006403

[Thu Nov 12 16:40:23 2020]
Finished job 20.
24 of 135 steps (18%) done

[Thu Nov 12 16:40:23 2020]
rule get_coords:
    input: data/starting_files/ENSSSCG00000009115
    output: data/gene_coords/ENSSSCG00000009115.gene, data/var_coords/ENSSSCG00000009115.vars
    jobid: 50
    wildcards: id=ENSSSCG00000009115

[Thu Nov 12 16:40:23 2020]
Finished job 50.
25 of 135 steps (19%) done

[Thu Nov 12 16:40:23 2020]
rule get_coords:
    input: data/starting_files/ENSSSCG00000010591
    output: data/gene_coords/ENSSSCG00000010591.gene, data/var_coords/ENSSSCG00000010591.vars
    jobid: 110
    wildcards: id=ENSSSCG00000010591

[Thu Nov 12 16:40:24 2020]
Finished job 110.
26 of 135 steps (19%) done

[Thu Nov 12 16:40:24 2020]
rule get_coords:
    input: data/starting_files/ENSSSCG00000026201
    output: data/gene_coords/ENSSSCG00000026201.gene, data/var_coords/ENSSSCG00000026201.vars
    jobid: 21
    wildcards: id=ENSSSCG00000026201

[Thu Nov 12 16:40:24 2020]
Finished job 21.
27 of 135 steps (20%) done

[Thu Nov 12 16:40:24 2020]
rule get_coords:
    input: data/starting_files/ENSSSCG00000007226
    output: data/gene_coords/ENSSSCG00000007226.gene, data/var_coords/ENSSSCG00000007226.vars
    jobid: 51
    wildcards: id=ENSSSCG00000007226

[Thu Nov 12 16:40:25 2020]
Finished job 51.
28 of 135 steps (21%) done

[Thu Nov 12 16:40:25 2020]
rule get_coords:
    input: data/starting_files/ENSSSCG00000015053
    output: data/gene_coords/ENSSSCG00000015053.gene, data/var_coords/ENSSSCG00000015053.vars
    jobid: 111
    wildcards: id=ENSSSCG00000015053

[Thu Nov 12 16:40:25 2020]
Finished job 111.
29 of 135 steps (21%) done

[Thu Nov 12 16:40:25 2020]
rule get_coords:
    input: data/starting_files/ENSSSCG00000011436
    output: data/gene_coords/ENSSSCG00000011436.gene, data/var_coords/ENSSSCG00000011436.vars
    jobid: 41
    wildcards: id=ENSSSCG00000011436

[Thu Nov 12 16:40:25 2020]
Finished job 41.
30 of 135 steps (22%) done

[Thu Nov 12 16:40:25 2020]
rule get_coords:
    input: data/starting_files/ENSSSCG00000015070
    output: data/gene_coords/ENSSSCG00000015070.gene, data/var_coords/ENSSSCG00000015070.vars
    jobid: 12
    wildcards: id=ENSSSCG00000015070

[Thu Nov 12 16:40:26 2020]
Finished job 12.
31 of 135 steps (23%) done

[Thu Nov 12 16:40:26 2020]
rule get_coords:
    input: data/starting_files/ENSSSCG00000027877
    output: data/gene_coords/ENSSSCG00000027877.gene, data/var_coords/ENSSSCG00000027877.vars
    jobid: 82
    wildcards: id=ENSSSCG00000027877

[Thu Nov 12 16:40:26 2020]
Finished job 82.
32 of 135 steps (24%) done

[Thu Nov 12 16:40:26 2020]
rule get_coords:
    input: data/starting_files/ENSSSCG00000026592
    output: data/gene_coords/ENSSSCG00000026592.gene, data/var_coords/ENSSSCG00000026592.vars
    jobid: 23
    wildcards: id=ENSSSCG00000026592

[Thu Nov 12 16:40:26 2020]
Finished job 23.
33 of 135 steps (24%) done

[Thu Nov 12 16:40:26 2020]
rule get_coords:
    input: data/starting_files/ENSSSCG00000010948
    output: data/gene_coords/ENSSSCG00000010948.gene, data/var_coords/ENSSSCG00000010948.vars
    jobid: 53
    wildcards: id=ENSSSCG00000010948

[Thu Nov 12 16:40:26 2020]
Finished job 53.
34 of 135 steps (25%) done

[Thu Nov 12 16:40:26 2020]
rule get_coords:
    input: data/starting_files/ENSSSCG00000013579
    output: data/gene_coords/ENSSSCG00000013579.gene, data/var_coords/ENSSSCG00000013579.vars
    jobid: 83
    wildcards: id=ENSSSCG00000013579

[Thu Nov 12 16:40:27 2020]
Finished job 83.
35 of 135 steps (26%) done

[Thu Nov 12 16:40:27 2020]
rule get_coords:
    input: data/starting_files/ENSSSCG00000007221
    output: data/gene_coords/ENSSSCG00000007221.gene, data/var_coords/ENSSSCG00000007221.vars
    jobid: 113
    wildcards: id=ENSSSCG00000007221

[Thu Nov 12 16:40:27 2020]
Finished job 113.
36 of 135 steps (27%) done

[Thu Nov 12 16:40:27 2020]
rule get_coords:
    input: data/starting_files/ENSSSCG00000008842
    output: data/gene_coords/ENSSSCG00000008842.gene, data/var_coords/ENSSSCG00000008842.vars
    jobid: 24
    wildcards: id=ENSSSCG00000008842

[Thu Nov 12 16:40:27 2020]
Finished job 24.
37 of 135 steps (27%) done

[Thu Nov 12 16:40:27 2020]
rule get_coords:
    input: data/starting_files/ENSSSCG00000006648
    output: data/gene_coords/ENSSSCG00000006648.gene, data/var_coords/ENSSSCG00000006648.vars
    jobid: 39
    wildcards: id=ENSSSCG00000006648

[Thu Nov 12 16:40:28 2020]
Finished job 39.
38 of 135 steps (28%) done

[Thu Nov 12 16:40:28 2020]
rule get_coords:
    input: data/starting_files/ENSSSCG00000010554
    output: data/gene_coords/ENSSSCG00000010554.gene, data/var_coords/ENSSSCG00000010554.vars
    jobid: 38
    wildcards: id=ENSSSCG00000010554

[Thu Nov 12 16:40:28 2020]
Finished job 38.
39 of 135 steps (29%) done

[Thu Nov 12 16:40:28 2020]
rule get_coords:
    input: data/starting_files/ENSSSCG00000002686
    output: data/gene_coords/ENSSSCG00000002686.gene, data/var_coords/ENSSSCG00000002686.vars
    jobid: 54
    wildcards: id=ENSSSCG00000002686

[Thu Nov 12 16:40:28 2020]
Finished job 54.
40 of 135 steps (30%) done

[Thu Nov 12 16:40:28 2020]
rule get_coords:
    input: data/starting_files/ENSSSCG00000007277
    output: data/gene_coords/ENSSSCG00000007277.gene, data/var_coords/ENSSSCG00000007277.vars
    jobid: 84
    wildcards: id=ENSSSCG00000007277

[Thu Nov 12 16:40:29 2020]
Finished job 84.
41 of 135 steps (30%) done

[Thu Nov 12 16:40:29 2020]
rule get_coords:
    input: data/starting_files/ENSSSCG00000003130
    output: data/gene_coords/ENSSSCG00000003130.gene, data/var_coords/ENSSSCG00000003130.vars
    jobid: 114
    wildcards: id=ENSSSCG00000003130

[Thu Nov 12 16:40:29 2020]
Finished job 114.
42 of 135 steps (31%) done

[Thu Nov 12 16:40:29 2020]
rule get_coords:
    input: data/starting_files/ENSSSCG00000014170
    output: data/gene_coords/ENSSSCG00000014170.gene, data/var_coords/ENSSSCG00000014170.vars
    jobid: 112
    wildcards: id=ENSSSCG00000014170

[Thu Nov 12 16:40:29 2020]
Finished job 112.
43 of 135 steps (32%) done

[Thu Nov 12 16:40:29 2020]
rule get_coords:
    input: data/starting_files/ENSSSCG00000025058
    output: data/gene_coords/ENSSSCG00000025058.gene, data/var_coords/ENSSSCG00000025058.vars
    jobid: 25
    wildcards: id=ENSSSCG00000025058

[Thu Nov 12 16:40:30 2020]
Finished job 25.
44 of 135 steps (33%) done

[Thu Nov 12 16:40:30 2020]
rule get_coords:
    input: data/starting_files/ENSSSCG00000023876
    output: data/gene_coords/ENSSSCG00000023876.gene, data/var_coords/ENSSSCG00000023876.vars
    jobid: 40
    wildcards: id=ENSSSCG00000023876

[Thu Nov 12 16:40:30 2020]
Finished job 40.
45 of 135 steps (33%) done

[Thu Nov 12 16:40:30 2020]
rule get_coords:
    input: data/starting_files/ENSSSCG00000016273
    output: data/gene_coords/ENSSSCG00000016273.gene, data/var_coords/ENSSSCG00000016273.vars
    jobid: 55
    wildcards: id=ENSSSCG00000016273

[Thu Nov 12 16:40:30 2020]
Finished job 55.
46 of 135 steps (34%) done

[Thu Nov 12 16:40:30 2020]
rule get_coords:
    input: data/starting_files/ENSSSCG00000014428
    output: data/gene_coords/ENSSSCG00000014428.gene, data/var_coords/ENSSSCG00000014428.vars
    jobid: 27
    wildcards: id=ENSSSCG00000014428

[Thu Nov 12 16:40:31 2020]
Finished job 27.
47 of 135 steps (35%) done

[Thu Nov 12 16:40:31 2020]
rule get_coords:
    input: data/starting_files/ENSSSCG00000025500
    output: data/gene_coords/ENSSSCG00000025500.gene, data/var_coords/ENSSSCG00000025500.vars
    jobid: 72
    wildcards: id=ENSSSCG00000025500

[Thu Nov 12 16:40:31 2020]
Finished job 72.
48 of 135 steps (36%) done

[Thu Nov 12 16:40:31 2020]
rule get_coords:
    input: data/starting_files/ENSSSCG00000031069
    output: data/gene_coords/ENSSSCG00000031069.gene, data/var_coords/ENSSSCG00000031069.vars
    jobid: 102
    wildcards: id=ENSSSCG00000031069

[Thu Nov 12 16:40:31 2020]
Finished job 102.
49 of 135 steps (36%) done

[Thu Nov 12 16:40:31 2020]
rule get_coords:
    input: data/starting_files/ENSSSCG00000011512
    output: data/gene_coords/ENSSSCG00000011512.gene, data/var_coords/ENSSSCG00000011512.vars
    jobid: 42
    wildcards: id=ENSSSCG00000011512

[Thu Nov 12 16:40:32 2020]
Finished job 42.
50 of 135 steps (37%) done

[Thu Nov 12 16:40:32 2020]
rule get_coords:
    input: data/starting_files/ENSSSCG00000020924
    output: data/gene_coords/ENSSSCG00000020924.gene, data/var_coords/ENSSSCG00000020924.vars
    jobid: 56
    wildcards: id=ENSSSCG00000020924

[Thu Nov 12 16:40:32 2020]
Finished job 56.
51 of 135 steps (38%) done

[Thu Nov 12 16:40:32 2020]
rule get_coords:
    input: data/starting_files/ENSSSCG00000007218
    output: data/gene_coords/ENSSSCG00000007218.gene, data/var_coords/ENSSSCG00000007218.vars
    jobid: 116
    wildcards: id=ENSSSCG00000007218

[Thu Nov 12 16:40:32 2020]
Finished job 116.
52 of 135 steps (39%) done

[Thu Nov 12 16:40:32 2020]
rule get_coords:
    input: data/starting_files/ENSSSCG00000000481
    output: data/gene_coords/ENSSSCG00000000481.gene, data/var_coords/ENSSSCG00000000481.vars
    jobid: 131
    wildcards: id=ENSSSCG00000000481

[Thu Nov 12 16:40:33 2020]
Finished job 131.
53 of 135 steps (39%) done

[Thu Nov 12 16:40:33 2020]
rule get_coords:
    input: data/starting_files/ENSSSCG00000008948
    output: data/gene_coords/ENSSSCG00000008948.gene, data/var_coords/ENSSSCG00000008948.vars
    jobid: 57
    wildcards: id=ENSSSCG00000008948

[Thu Nov 12 16:40:33 2020]
Finished job 57.
54 of 135 steps (40%) done

[Thu Nov 12 16:40:33 2020]
rule get_coords:
    input: data/starting_files/ENSSSCG00000002756
    output: data/gene_coords/ENSSSCG00000002756.gene, data/var_coords/ENSSSCG00000002756.vars
    jobid: 86
    wildcards: id=ENSSSCG00000002756

[Thu Nov 12 16:40:33 2020]
Finished job 86.
55 of 135 steps (41%) done

[Thu Nov 12 16:40:33 2020]
rule get_coords:
    input: data/starting_files/ENSSSCG00000009695
    output: data/gene_coords/ENSSSCG00000009695.gene, data/var_coords/ENSSSCG00000009695.vars
    jobid: 87
    wildcards: id=ENSSSCG00000009695

[Thu Nov 12 16:40:34 2020]
Finished job 87.
56 of 135 steps (41%) done

[Thu Nov 12 16:40:34 2020]
rule get_coords:
    input: data/starting_files/ENSSSCG00000024497
    output: data/gene_coords/ENSSSCG00000024497.gene, data/var_coords/ENSSSCG00000024497.vars
    jobid: 117
    wildcards: id=ENSSSCG00000024497

[Thu Nov 12 16:40:34 2020]
Finished job 117.
57 of 135 steps (42%) done

[Thu Nov 12 16:40:34 2020]
rule get_coords:
    input: data/starting_files/ENSSSCG00000007215
    output: data/gene_coords/ENSSSCG00000007215.gene, data/var_coords/ENSSSCG00000007215.vars
    jobid: 132
    wildcards: id=ENSSSCG00000007215

[Thu Nov 12 16:40:34 2020]
Finished job 132.
58 of 135 steps (43%) done

[Thu Nov 12 16:40:34 2020]
rule get_coords:
    input: data/starting_files/ENSSSCG00000027555
    output: data/gene_coords/ENSSSCG00000027555.gene, data/var_coords/ENSSSCG00000027555.vars
    jobid: 97
    wildcards: id=ENSSSCG00000027555

[Thu Nov 12 16:40:35 2020]
Finished job 97.
59 of 135 steps (44%) done

[Thu Nov 12 16:40:35 2020]
rule get_coords:
    input: data/starting_files/ENSSSCG00000001404
    output: data/gene_coords/ENSSSCG00000001404.gene, data/var_coords/ENSSSCG00000001404.vars
    jobid: 44
    wildcards: id=ENSSSCG00000001404

[Thu Nov 12 16:40:35 2020]
Finished job 44.
60 of 135 steps (44%) done

[Thu Nov 12 16:40:35 2020]
rule get_coords:
    input: data/starting_files/ENSSSCG00000023686
    output: data/gene_coords/ENSSSCG00000023686.gene, data/var_coords/ENSSSCG00000023686.vars
    jobid: 104
    wildcards: id=ENSSSCG00000023686

[Thu Nov 12 16:40:35 2020]
Finished job 104.
61 of 135 steps (45%) done

[Thu Nov 12 16:40:35 2020]
rule get_coords:
    input: data/starting_files/ENSSSCG00000006719
    output: data/gene_coords/ENSSSCG00000006719.gene, data/var_coords/ENSSSCG00000006719.vars
    jobid: 22
    wildcards: id=ENSSSCG00000006719

[Thu Nov 12 16:40:36 2020]
Finished job 22.
62 of 135 steps (46%) done

[Thu Nov 12 16:40:36 2020]
rule get_coords:
    input: data/starting_files/ENSSSCG00000029988
    output: data/gene_coords/ENSSSCG00000029988.gene, data/var_coords/ENSSSCG00000029988.vars
    jobid: 6
    wildcards: id=ENSSSCG00000029988

[Thu Nov 12 16:40:36 2020]
Finished job 6.
63 of 135 steps (47%) done

[Thu Nov 12 16:40:36 2020]
rule get_coords:
    input: data/starting_files/ENSSSCG00000012117
    output: data/gene_coords/ENSSSCG00000012117.gene, data/var_coords/ENSSSCG00000012117.vars
    jobid: 37
    wildcards: id=ENSSSCG00000012117

[Thu Nov 12 16:40:36 2020]
Finished job 37.
64 of 135 steps (47%) done

[Thu Nov 12 16:40:36 2020]
rule get_coords:
    input: data/starting_files/ENSSSCG00000010459
    output: data/gene_coords/ENSSSCG00000010459.gene, data/var_coords/ENSSSCG00000010459.vars
    jobid: 52
    wildcards: id=ENSSSCG00000010459

[Thu Nov 12 16:40:37 2020]
Finished job 52.
65 of 135 steps (48%) done

[Thu Nov 12 16:40:37 2020]
rule get_coords:
    input: data/starting_files/ENSSSCG00000007217
    output: data/gene_coords/ENSSSCG00000007217.gene, data/var_coords/ENSSSCG00000007217.vars
    jobid: 59
    wildcards: id=ENSSSCG00000007217

[Thu Nov 12 16:40:37 2020]
Finished job 59.
66 of 135 steps (49%) done

[Thu Nov 12 16:40:37 2020]
rule get_coords:
    input: data/starting_files/ENSSSCG00000007522
    output: data/gene_coords/ENSSSCG00000007522.gene, data/var_coords/ENSSSCG00000007522.vars
    jobid: 66
    wildcards: id=ENSSSCG00000007522

[Thu Nov 12 16:40:37 2020]
Finished job 66.
67 of 135 steps (50%) done

[Thu Nov 12 16:40:37 2020]
rule get_coords:
    input: data/starting_files/ENSSSCG00000012118
    output: data/gene_coords/ENSSSCG00000012118.gene, data/var_coords/ENSSSCG00000012118.vars
    jobid: 96
    wildcards: id=ENSSSCG00000012118

[Thu Nov 12 16:40:38 2020]
Finished job 96.
68 of 135 steps (50%) done

[Thu Nov 12 16:40:38 2020]
rule get_coords:
    input: data/starting_files/ENSSSCG00000004296
    output: data/gene_coords/ENSSSCG00000004296.gene, data/var_coords/ENSSSCG00000004296.vars
    jobid: 98
    wildcards: id=ENSSSCG00000004296

[Thu Nov 12 16:40:38 2020]
Finished job 98.
69 of 135 steps (51%) done

[Thu Nov 12 16:40:38 2020]
rule get_coords:
    input: data/starting_files/ENSSSCG00000030227
    output: data/gene_coords/ENSSSCG00000030227.gene, data/var_coords/ENSSSCG00000030227.vars
    jobid: 128
    wildcards: id=ENSSSCG00000030227

[Thu Nov 12 16:40:38 2020]
Finished job 128.
70 of 135 steps (52%) done

[Thu Nov 12 16:40:38 2020]
rule get_coords:
    input: data/starting_files/ENSSSCG00000010780
    output: data/gene_coords/ENSSSCG00000010780.gene, data/var_coords/ENSSSCG00000010780.vars
    jobid: 68
    wildcards: id=ENSSSCG00000010780

[Thu Nov 12 16:40:39 2020]
Finished job 68.
71 of 135 steps (53%) done

[Thu Nov 12 16:40:39 2020]
rule get_coords:
    input: data/starting_files/ENSSSCG00000005163
    output: data/gene_coords/ENSSSCG00000005163.gene, data/var_coords/ENSSSCG00000005163.vars
    jobid: 16
    wildcards: id=ENSSSCG00000005163

[Thu Nov 12 16:40:39 2020]
Finished job 16.
72 of 135 steps (53%) done

[Thu Nov 12 16:40:39 2020]
rule get_coords:
    input: data/starting_files/ENSSSCG00000025244
    output: data/gene_coords/ENSSSCG00000025244.gene, data/var_coords/ENSSSCG00000025244.vars
    jobid: 8
    wildcards: id=ENSSSCG00000025244

[Thu Nov 12 16:40:39 2020]
Finished job 8.
73 of 135 steps (54%) done

[Thu Nov 12 16:40:39 2020]
rule get_coords:
    input: data/starting_files/ENSSSCG00000001428
    output: data/gene_coords/ENSSSCG00000001428.gene, data/var_coords/ENSSSCG00000001428.vars
    jobid: 46
    wildcards: id=ENSSSCG00000001428

[Thu Nov 12 16:40:40 2020]
Finished job 46.
74 of 135 steps (55%) done

[Thu Nov 12 16:40:40 2020]
rule get_coords:
    input: data/starting_files/ENSSSCG00000011147
    output: data/gene_coords/ENSSSCG00000011147.gene, data/var_coords/ENSSSCG00000011147.vars
    jobid: 120
    wildcards: id=ENSSSCG00000011147

[Thu Nov 12 16:40:40 2020]
Finished job 120.
75 of 135 steps (56%) done

[Thu Nov 12 16:40:40 2020]
rule get_coords:
    input: data/starting_files/ENSSSCG00000008326
    output: data/gene_coords/ENSSSCG00000008326.gene, data/var_coords/ENSSSCG00000008326.vars
    jobid: 1
    wildcards: id=ENSSSCG00000008326

[Thu Nov 12 16:40:40 2020]
Finished job 1.
76 of 135 steps (56%) done

[Thu Nov 12 16:40:40 2020]
rule get_coords:
    input: data/starting_files/ENSSSCG00000028629
    output: data/gene_coords/ENSSSCG00000028629.gene, data/var_coords/ENSSSCG00000028629.vars
    jobid: 90
    wildcards: id=ENSSSCG00000028629

[Thu Nov 12 16:40:41 2020]
Finished job 90.
77 of 135 steps (57%) done

[Thu Nov 12 16:40:41 2020]
rule get_coords:
    input: data/starting_files/ENSSSCG00000028431
    output: data/gene_coords/ENSSSCG00000028431.gene, data/var_coords/ENSSSCG00000028431.vars
    jobid: 61
    wildcards: id=ENSSSCG00000028431

[Thu Nov 12 16:40:41 2020]
Finished job 61.
78 of 135 steps (58%) done

[Thu Nov 12 16:40:41 2020]
rule get_coords:
    input: data/starting_files/ENSSSCG00000006386
    output: data/gene_coords/ENSSSCG00000006386.gene, data/var_coords/ENSSSCG00000006386.vars
    jobid: 60
    wildcards: id=ENSSSCG00000006386

[Thu Nov 12 16:40:41 2020]
Finished job 60.
79 of 135 steps (59%) done

[Thu Nov 12 16:40:41 2020]
rule get_coords:
    input: data/starting_files/ENSSSCG00000004475
    output: data/gene_coords/ENSSSCG00000004475.gene, data/var_coords/ENSSSCG00000004475.vars
    jobid: 91
    wildcards: id=ENSSSCG00000004475

[Thu Nov 12 16:40:42 2020]
Finished job 91.
80 of 135 steps (59%) done

[Thu Nov 12 16:40:42 2020]
rule get_coords:
    input: data/starting_files/ENSSSCG00000031060
    output: data/gene_coords/ENSSSCG00000031060.gene, data/var_coords/ENSSSCG00000031060.vars
    jobid: 105
    wildcards: id=ENSSSCG00000031060

[Thu Nov 12 16:40:42 2020]
Finished job 105.
81 of 135 steps (60%) done

[Thu Nov 12 16:40:42 2020]
rule get_coords:
    input: data/starting_files/ENSSSCG00000027850
    output: data/gene_coords/ENSSSCG00000027850.gene, data/var_coords/ENSSSCG00000027850.vars
    jobid: 121
    wildcards: id=ENSSSCG00000027850

[Thu Nov 12 16:40:42 2020]
Finished job 121.
82 of 135 steps (61%) done

[Thu Nov 12 16:40:42 2020]
rule get_coords:
    input: data/starting_files/ENSSSCG00000005503
    output: data/gene_coords/ENSSSCG00000005503.gene, data/var_coords/ENSSSCG00000005503.vars
    jobid: 75
    wildcards: id=ENSSSCG00000005503

[Thu Nov 12 16:40:43 2020]
Finished job 75.
83 of 135 steps (61%) done

[Thu Nov 12 16:40:43 2020]
rule get_coords:
    input: data/starting_files/ENSSSCG00000002749
    output: data/gene_coords/ENSSSCG00000002749.gene, data/var_coords/ENSSSCG00000002749.vars
    jobid: 9
    wildcards: id=ENSSSCG00000002749

[Thu Nov 12 16:40:43 2020]
Finished job 9.
84 of 135 steps (62%) done

[Thu Nov 12 16:40:43 2020]
rule get_coords:
    input: data/starting_files/ENSSSCG00000000932
    output: data/gene_coords/ENSSSCG00000000932.gene, data/var_coords/ENSSSCG00000000932.vars
    jobid: 127
    wildcards: id=ENSSSCG00000000932

[Thu Nov 12 16:40:43 2020]
Finished job 127.
85 of 135 steps (63%) done

[Thu Nov 12 16:40:43 2020]
rule get_coords:
    input: data/starting_files/ENSSSCG00000017227
    output: data/gene_coords/ENSSSCG00000017227.gene, data/var_coords/ENSSSCG00000017227.vars
    jobid: 69
    wildcards: id=ENSSSCG00000017227

[Thu Nov 12 16:40:44 2020]
Finished job 69.
86 of 135 steps (64%) done

[Thu Nov 12 16:40:44 2020]
rule get_coords:
    input: data/starting_files/ENSSSCG00000001050
    output: data/gene_coords/ENSSSCG00000001050.gene, data/var_coords/ENSSSCG00000001050.vars
    jobid: 34
    wildcards: id=ENSSSCG00000001050

[Thu Nov 12 16:40:44 2020]
Finished job 34.
87 of 135 steps (64%) done

[Thu Nov 12 16:40:44 2020]
rule get_coords:
    input: data/starting_files/ENSSSCG00000021739
    output: data/gene_coords/ENSSSCG00000021739.gene, data/var_coords/ENSSSCG00000021739.vars
    jobid: 109
    wildcards: id=ENSSSCG00000021739

[Thu Nov 12 16:40:44 2020]
Finished job 109.
88 of 135 steps (65%) done

[Thu Nov 12 16:40:44 2020]
rule get_coords:
    input: data/starting_files/ENSSSCG00000022432
    output: data/gene_coords/ENSSSCG00000022432.gene, data/var_coords/ENSSSCG00000022432.vars
    jobid: 129
    wildcards: id=ENSSSCG00000022432

[Thu Nov 12 16:40:44 2020]
Finished job 129.
89 of 135 steps (66%) done

[Thu Nov 12 16:40:45 2020]
rule get_coords:
    input: data/starting_files/ENSSSCG00000007744
    output: data/gene_coords/ENSSSCG00000007744.gene, data/var_coords/ENSSSCG00000007744.vars
    jobid: 32
    wildcards: id=ENSSSCG00000007744

[Thu Nov 12 16:40:45 2020]
Finished job 32.
90 of 135 steps (67%) done

[Thu Nov 12 16:40:45 2020]
rule get_coords:
    input: data/starting_files/ENSSSCG00000015652
    output: data/gene_coords/ENSSSCG00000015652.gene, data/var_coords/ENSSSCG00000015652.vars
    jobid: 99
    wildcards: id=ENSSSCG00000015652

[Thu Nov 12 16:40:45 2020]
Finished job 99.
91 of 135 steps (67%) done

[Thu Nov 12 16:40:45 2020]
rule get_coords:
    input: data/starting_files/ENSSSCG00000004875
    output: data/gene_coords/ENSSSCG00000004875.gene, data/var_coords/ENSSSCG00000004875.vars
    jobid: 47
    wildcards: id=ENSSSCG00000004875

[Thu Nov 12 16:40:45 2020]
Finished job 47.
92 of 135 steps (68%) done

[Thu Nov 12 16:40:45 2020]
rule get_coords:
    input: data/starting_files/ENSSSCG00000030733
    output: data/gene_coords/ENSSSCG00000030733.gene, data/var_coords/ENSSSCG00000030733.vars
    jobid: 67
    wildcards: id=ENSSSCG00000030733

[Thu Nov 12 16:40:46 2020]
Finished job 67.
93 of 135 steps (69%) done

[Thu Nov 12 16:40:46 2020]
rule get_coords:
    input: data/starting_files/ENSSSCG00000007214
    output: data/gene_coords/ENSSSCG00000007214.gene, data/var_coords/ENSSSCG00000007214.vars
    jobid: 107
    wildcards: id=ENSSSCG00000007214

[Thu Nov 12 16:40:46 2020]
Finished job 107.
94 of 135 steps (70%) done

[Thu Nov 12 16:40:46 2020]
rule get_coords:
    input: data/starting_files/ENSSSCG00000000866
    output: data/gene_coords/ENSSSCG00000000866.gene, data/var_coords/ENSSSCG00000000866.vars
    jobid: 7
    wildcards: id=ENSSSCG00000000866

[Thu Nov 12 16:40:46 2020]
Finished job 7.
95 of 135 steps (70%) done

[Thu Nov 12 16:40:46 2020]
rule get_coords:
    input: data/starting_files/ENSSSCG00000010310
    output: data/gene_coords/ENSSSCG00000010310.gene, data/var_coords/ENSSSCG00000010310.vars
    jobid: 85
    wildcards: id=ENSSSCG00000010310

[Thu Nov 12 16:40:47 2020]
Finished job 85.
96 of 135 steps (71%) done

[Thu Nov 12 16:40:47 2020]
rule get_coords:
    input: data/starting_files/ENSSSCG00000006924
    output: data/gene_coords/ENSSSCG00000006924.gene, data/var_coords/ENSSSCG00000006924.vars
    jobid: 134
    wildcards: id=ENSSSCG00000006924

[Thu Nov 12 16:40:47 2020]
Finished job 134.
97 of 135 steps (72%) done

[Thu Nov 12 16:40:47 2020]
rule get_coords:
    input: data/starting_files/ENSSSCG00000009002
    output: data/gene_coords/ENSSSCG00000009002.gene, data/var_coords/ENSSSCG00000009002.vars
    jobid: 115
    wildcards: id=ENSSSCG00000009002

[Thu Nov 12 16:40:48 2020]
Finished job 115.
98 of 135 steps (73%) done

[Thu Nov 12 16:40:48 2020]
rule get_coords:
    input: data/starting_files/ENSSSCG00000030758
    output: data/gene_coords/ENSSSCG00000030758.gene, data/var_coords/ENSSSCG00000030758.vars
    jobid: 119
    wildcards: id=ENSSSCG00000030758

[Thu Nov 12 16:40:48 2020]
Finished job 119.
99 of 135 steps (73%) done

[Thu Nov 12 16:40:48 2020]
rule get_coords:
    input: data/starting_files/ENSSSCG00000026409
    output: data/gene_coords/ENSSSCG00000026409.gene, data/var_coords/ENSSSCG00000026409.vars
    jobid: 2
    wildcards: id=ENSSSCG00000026409

[Thu Nov 12 16:40:48 2020]
Finished job 2.
100 of 135 steps (74%) done

[Thu Nov 12 16:40:48 2020]
rule get_coords:
    input: data/starting_files/ENSSSCG00000012840
    output: data/gene_coords/ENSSSCG00000012840.gene, data/var_coords/ENSSSCG00000012840.vars
    jobid: 89
    wildcards: id=ENSSSCG00000012840

[Thu Nov 12 16:40:49 2020]
Finished job 89.
101 of 135 steps (75%) done

[Thu Nov 12 16:40:49 2020]
rule get_coords:
    input: data/starting_files/ENSSSCG00000012077
    output: data/gene_coords/ENSSSCG00000012077.gene, data/var_coords/ENSSSCG00000012077.vars
    jobid: 62
    wildcards: id=ENSSSCG00000012077

[Thu Nov 12 16:40:49 2020]
Finished job 62.
102 of 135 steps (76%) done

[Thu Nov 12 16:40:49 2020]
rule get_coords:
    input: data/starting_files/ENSSSCG00000023666
    output: data/gene_coords/ENSSSCG00000023666.gene, data/var_coords/ENSSSCG00000023666.vars
    jobid: 26
    wildcards: id=ENSSSCG00000023666

[Thu Nov 12 16:40:49 2020]
Finished job 26.
103 of 135 steps (76%) done

[Thu Nov 12 16:40:49 2020]
rule get_coords:
    input: data/starting_files/ENSSSCG00000005193
    output: data/gene_coords/ENSSSCG00000005193.gene, data/var_coords/ENSSSCG00000005193.vars
    jobid: 71
    wildcards: id=ENSSSCG00000005193

[Thu Nov 12 16:40:49 2020]
Finished job 71.
104 of 135 steps (77%) done

[Thu Nov 12 16:40:49 2020]
rule get_coords:
    input: data/starting_files/ENSSSCG00000001743
    output: data/gene_coords/ENSSSCG00000001743.gene, data/var_coords/ENSSSCG00000001743.vars
    jobid: 4
    wildcards: id=ENSSSCG00000001743

[Thu Nov 12 16:40:50 2020]
Finished job 4.
105 of 135 steps (78%) done

[Thu Nov 12 16:40:50 2020]
rule get_coords:
    input: data/starting_files/ENSSSCG00000007216
    output: data/gene_coords/ENSSSCG00000007216.gene, data/var_coords/ENSSSCG00000007216.vars
    jobid: 64
    wildcards: id=ENSSSCG00000007216

[Thu Nov 12 16:40:50 2020]
Finished job 64.
106 of 135 steps (79%) done

[Thu Nov 12 16:40:50 2020]
rule get_coords:
    input: data/starting_files/ENSSSCG00000008521
    output: data/gene_coords/ENSSSCG00000008521.gene, data/var_coords/ENSSSCG00000008521.vars
    jobid: 94
    wildcards: id=ENSSSCG00000008521

[Thu Nov 12 16:40:50 2020]
Finished job 94.
107 of 135 steps (79%) done

[Thu Nov 12 16:40:50 2020]
rule get_coords:
    input: data/starting_files/ENSSSCG00000003017
    output: data/gene_coords/ENSSSCG00000003017.gene, data/var_coords/ENSSSCG00000003017.vars
    jobid: 124
    wildcards: id=ENSSSCG00000003017

[Thu Nov 12 16:40:51 2020]
Finished job 124.
108 of 135 steps (80%) done

[Thu Nov 12 16:40:51 2020]
rule get_coords:
    input: data/starting_files/ENSSSCG00000017121
    output: data/gene_coords/ENSSSCG00000017121.gene, data/var_coords/ENSSSCG00000017121.vars
    jobid: 35
    wildcards: id=ENSSSCG00000017121

[Thu Nov 12 16:40:51 2020]
Finished job 35.
109 of 135 steps (81%) done

[Thu Nov 12 16:40:51 2020]
rule get_coords:
    input: data/starting_files/ENSSSCG00000030168
    output: data/gene_coords/ENSSSCG00000030168.gene, data/var_coords/ENSSSCG00000030168.vars
    jobid: 80
    wildcards: id=ENSSSCG00000030168

[Thu Nov 12 16:40:51 2020]
Finished job 80.
110 of 135 steps (81%) done

[Thu Nov 12 16:40:51 2020]
rule get_coords:
    input: data/starting_files/ENSSSCG00000010929
    output: data/gene_coords/ENSSSCG00000010929.gene, data/var_coords/ENSSSCG00000010929.vars
    jobid: 5
    wildcards: id=ENSSSCG00000010929

[Thu Nov 12 16:40:52 2020]
Finished job 5.
111 of 135 steps (82%) done

[Thu Nov 12 16:40:52 2020]
rule get_coords:
    input: data/starting_files/ENSSSCG00000008088
    output: data/gene_coords/ENSSSCG00000008088.gene, data/var_coords/ENSSSCG00000008088.vars
    jobid: 65
    wildcards: id=ENSSSCG00000008088

[Thu Nov 12 16:40:52 2020]
Finished job 65.
112 of 135 steps (83%) done

[Thu Nov 12 16:40:52 2020]
rule get_coords:
    input: data/starting_files/ENSSSCG00000001741
    output: data/gene_coords/ENSSSCG00000001741.gene, data/var_coords/ENSSSCG00000001741.vars
    jobid: 95
    wildcards: id=ENSSSCG00000001741

[Thu Nov 12 16:40:52 2020]
Finished job 95.
113 of 135 steps (84%) done

[Thu Nov 12 16:40:52 2020]
rule get_coords:
    input: data/starting_files/ENSSSCG00000016047
    output: data/gene_coords/ENSSSCG00000016047.gene, data/var_coords/ENSSSCG00000016047.vars
    jobid: 125
    wildcards: id=ENSSSCG00000016047

[Thu Nov 12 16:40:53 2020]
Finished job 125.
114 of 135 steps (84%) done

[Thu Nov 12 16:40:53 2020]
rule get_coords:
    input: data/starting_files/ENSSSCG00000000038
    output: data/gene_coords/ENSSSCG00000000038.gene, data/var_coords/ENSSSCG00000000038.vars
    jobid: 126
    wildcards: id=ENSSSCG00000000038

[Thu Nov 12 16:40:53 2020]
Finished job 126.
115 of 135 steps (85%) done

[Thu Nov 12 16:40:53 2020]
rule get_coords:
    input: data/starting_files/ENSSSCG00000015801
    output: data/gene_coords/ENSSSCG00000015801.gene, data/var_coords/ENSSSCG00000015801.vars
    jobid: 28
    wildcards: id=ENSSSCG00000015801

[Thu Nov 12 16:40:53 2020]
Finished job 28.
116 of 135 steps (86%) done

[Thu Nov 12 16:40:53 2020]
rule get_coords:
    input: data/starting_files/ENSSSCG00000011850
    output: data/gene_coords/ENSSSCG00000011850.gene, data/var_coords/ENSSSCG00000011850.vars
    jobid: 43
    wildcards: id=ENSSSCG00000011850

[Thu Nov 12 16:40:54 2020]
Finished job 43.
117 of 135 steps (87%) done

[Thu Nov 12 16:40:54 2020]
rule get_coords:
    input: data/starting_files/ENSSSCG00000025273
    output: data/gene_coords/ENSSSCG00000025273.gene, data/var_coords/ENSSSCG00000025273.vars
    jobid: 101
    wildcards: id=ENSSSCG00000025273

[Thu Nov 12 16:40:54 2020]
Finished job 101.
118 of 135 steps (87%) done

[Thu Nov 12 16:40:54 2020]
rule get_coords:
    input: data/starting_files/ENSSSCG00000003141
    output: data/gene_coords/ENSSSCG00000003141.gene, data/var_coords/ENSSSCG00000003141.vars
    jobid: 81
    wildcards: id=ENSSSCG00000003141

[Thu Nov 12 16:40:54 2020]
Finished job 81.
119 of 135 steps (88%) done

[Thu Nov 12 16:40:54 2020]
rule get_coords:
    input: data/starting_files/ENSSSCG00000026583
    output: data/gene_coords/ENSSSCG00000026583.gene, data/var_coords/ENSSSCG00000026583.vars
    jobid: 48
    wildcards: id=ENSSSCG00000026583

[Thu Nov 12 16:40:55 2020]
Finished job 48.
120 of 135 steps (89%) done

[Thu Nov 12 16:40:55 2020]
rule get_coords:
    input: data/starting_files/ENSSSCG00000017103
    output: data/gene_coords/ENSSSCG00000017103.gene, data/var_coords/ENSSSCG00000017103.vars
    jobid: 108
    wildcards: id=ENSSSCG00000017103

[Thu Nov 12 16:40:55 2020]
Finished job 108.
121 of 135 steps (90%) done

[Thu Nov 12 16:40:55 2020]
rule get_coords:
    input: data/starting_files/ENSSSCG00000017399
    output: data/gene_coords/ENSSSCG00000017399.gene, data/var_coords/ENSSSCG00000017399.vars
    jobid: 3
    wildcards: id=ENSSSCG00000017399

[Thu Nov 12 16:40:55 2020]
Finished job 3.
122 of 135 steps (90%) done

[Thu Nov 12 16:40:55 2020]
rule get_coords:
    input: data/starting_files/ENSSSCG00000024689
    output: data/gene_coords/ENSSSCG00000024689.gene, data/var_coords/ENSSSCG00000024689.vars
    jobid: 63
    wildcards: id=ENSSSCG00000024689

[Thu Nov 12 16:40:55 2020]
Finished job 63.
123 of 135 steps (91%) done

[Thu Nov 12 16:40:55 2020]
rule get_coords:
    input: data/starting_files/ENSSSCG00000009477
    output: data/gene_coords/ENSSSCG00000009477.gene, data/var_coords/ENSSSCG00000009477.vars
    jobid: 93
    wildcards: id=ENSSSCG00000009477

[Thu Nov 12 16:40:56 2020]
Finished job 93.
124 of 135 steps (92%) done

[Thu Nov 12 16:40:56 2020]
rule get_coords:
    input: data/starting_files/ENSSSCG00000010885
    output: data/gene_coords/ENSSSCG00000010885.gene, data/var_coords/ENSSSCG00000010885.vars
    jobid: 123
    wildcards: id=ENSSSCG00000010885

[Thu Nov 12 16:40:56 2020]
Finished job 123.
125 of 135 steps (93%) done

[Thu Nov 12 16:40:56 2020]
rule get_coords:
    input: data/starting_files/ENSSSCG00000010816
    output: data/gene_coords/ENSSSCG00000010816.gene, data/var_coords/ENSSSCG00000010816.vars
    jobid: 10
    wildcards: id=ENSSSCG00000010816

[Thu Nov 12 16:40:56 2020]
Finished job 10.
126 of 135 steps (93%) done

[Thu Nov 12 16:40:56 2020]
rule get_coords:
    input: data/starting_files/ENSSSCG00000026109
    output: data/gene_coords/ENSSSCG00000026109.gene, data/var_coords/ENSSSCG00000026109.vars
    jobid: 122
    wildcards: id=ENSSSCG00000026109

[Thu Nov 12 16:40:57 2020]
Finished job 122.
127 of 135 steps (94%) done

[Thu Nov 12 16:40:57 2020]
rule get_coords:
    input: data/starting_files/ENSSSCG00000016200
    output: data/gene_coords/ENSSSCG00000016200.gene, data/var_coords/ENSSSCG00000016200.vars
    jobid: 92
    wildcards: id=ENSSSCG00000016200

[Thu Nov 12 16:40:57 2020]
Finished job 92.
128 of 135 steps (95%) done

[Thu Nov 12 16:40:57 2020]
rule get_coords:
    input: data/starting_files/ENSSSCG00000010787
    output: data/gene_coords/ENSSSCG00000010787.gene, data/var_coords/ENSSSCG00000010787.vars
    jobid: 133
    wildcards: id=ENSSSCG00000010787

[Thu Nov 12 16:40:57 2020]
Finished job 133.
129 of 135 steps (96%) done

[Thu Nov 12 16:40:57 2020]
rule get_coords:
    input: data/starting_files/ENSSSCG00000012371
    output: data/gene_coords/ENSSSCG00000012371.gene, data/var_coords/ENSSSCG00000012371.vars
    jobid: 58
    wildcards: id=ENSSSCG00000012371

[Thu Nov 12 16:40:58 2020]
Finished job 58.
130 of 135 steps (96%) done

[Thu Nov 12 16:40:58 2020]
rule get_coords:
    input: data/starting_files/ENSSSCG00000011033
    output: data/gene_coords/ENSSSCG00000011033.gene, data/var_coords/ENSSSCG00000011033.vars
    jobid: 88
    wildcards: id=ENSSSCG00000011033

[Thu Nov 12 16:40:58 2020]
Finished job 88.
131 of 135 steps (97%) done

[Thu Nov 12 16:40:58 2020]
rule get_coords:
    input: data/starting_files/ENSSSCG00000005488
    output: data/gene_coords/ENSSSCG00000005488.gene, data/var_coords/ENSSSCG00000005488.vars
    jobid: 118
    wildcards: id=ENSSSCG00000005488

[Thu Nov 12 16:40:58 2020]
Finished job 118.
132 of 135 steps (98%) done

[Thu Nov 12 16:40:58 2020]
rule get_coords:
    input: data/starting_files/ENSSSCG00000012257
    output: data/gene_coords/ENSSSCG00000012257.gene, data/var_coords/ENSSSCG00000012257.vars
    jobid: 36
    wildcards: id=ENSSSCG00000012257

[Thu Nov 12 16:40:59 2020]
Finished job 36.
133 of 135 steps (99%) done

[Thu Nov 12 16:40:59 2020]
rule get_coords:
    input: data/starting_files/ENSSSCG00000012593
    output: data/gene_coords/ENSSSCG00000012593.gene, data/var_coords/ENSSSCG00000012593.vars
    jobid: 13
    wildcards: id=ENSSSCG00000012593

[Thu Nov 12 16:40:59 2020]
Finished job 13.
134 of 135 steps (99%) done

[Thu Nov 12 16:40:59 2020]
localrule all:
    input: data/gene_coords/ENSSSCG00000008326.gene, data/gene_coords/ENSSSCG00000026409.gene, data/gene_coords/ENSSSCG00000017399.gene, data/gene_coords/ENSSSCG00000001743.gene, data/gene_coords/ENSSSCG00000010929.gene, data/gene_coords/ENSSSCG00000029988.gene, data/gene_coords/ENSSSCG00000000866.gene, data/gene_coords/ENSSSCG00000025244.gene, data/gene_coords/ENSSSCG00000002749.gene, data/gene_coords/ENSSSCG00000010816.gene, data/gene_coords/ENSSSCG00000031002.gene, data/gene_coords/ENSSSCG00000015070.gene, data/gene_coords/ENSSSCG00000012593.gene, data/gene_coords/ENSSSCG00000026214.gene, data/gene_coords/ENSSSCG00000011453.gene, data/gene_coords/ENSSSCG00000005163.gene, data/gene_coords/ENSSSCG00000007146.gene, data/gene_coords/ENSSSCG00000016940.gene, data/gene_coords/ENSSSCG00000002961.gene, data/gene_coords/ENSSSCG00000006403.gene, data/gene_coords/ENSSSCG00000026201.gene, data/gene_coords/ENSSSCG00000006719.gene, data/gene_coords/ENSSSCG00000026592.gene, data/gene_coords/ENSSSCG00000008842.gene, data/gene_coords/ENSSSCG00000025058.gene, data/gene_coords/ENSSSCG00000023666.gene, data/gene_coords/ENSSSCG00000014428.gene, data/gene_coords/ENSSSCG00000015801.gene, data/gene_coords/ENSSSCG00000007153.gene, data/gene_coords/ENSSSCG00000002385.gene, data/gene_coords/ENSSSCG00000015048.gene, data/gene_coords/ENSSSCG00000007744.gene, data/gene_coords/ENSSSCG00000013369.gene, data/gene_coords/ENSSSCG00000001050.gene, data/gene_coords/ENSSSCG00000017121.gene, data/gene_coords/ENSSSCG00000012257.gene, data/gene_coords/ENSSSCG00000012117.gene, data/gene_coords/ENSSSCG00000010554.gene, data/gene_coords/ENSSSCG00000006648.gene, data/gene_coords/ENSSSCG00000023876.gene, data/gene_coords/ENSSSCG00000011436.gene, data/gene_coords/ENSSSCG00000011512.gene, data/gene_coords/ENSSSCG00000011850.gene, data/gene_coords/ENSSSCG00000001404.gene, data/gene_coords/ENSSSCG00000000922.gene, data/gene_coords/ENSSSCG00000001428.gene, data/gene_coords/ENSSSCG00000004875.gene, data/gene_coords/ENSSSCG00000026583.gene, data/gene_coords/ENSSSCG00000006215.gene, data/gene_coords/ENSSSCG00000009115.gene, data/gene_coords/ENSSSCG00000007226.gene, data/gene_coords/ENSSSCG00000010459.gene, data/gene_coords/ENSSSCG00000010948.gene, data/gene_coords/ENSSSCG00000002686.gene, data/gene_coords/ENSSSCG00000016273.gene, data/gene_coords/ENSSSCG00000020924.gene, data/gene_coords/ENSSSCG00000008948.gene, data/gene_coords/ENSSSCG00000012371.gene, data/gene_coords/ENSSSCG00000007217.gene, data/gene_coords/ENSSSCG00000006386.gene, data/gene_coords/ENSSSCG00000028431.gene, data/gene_coords/ENSSSCG00000012077.gene, data/gene_coords/ENSSSCG00000024689.gene, data/gene_coords/ENSSSCG00000007216.gene, data/gene_coords/ENSSSCG00000008088.gene, data/gene_coords/ENSSSCG00000007522.gene, data/gene_coords/ENSSSCG00000030733.gene, data/gene_coords/ENSSSCG00000010780.gene, data/gene_coords/ENSSSCG00000017227.gene, data/gene_coords/ENSSSCG00000011862.gene, data/gene_coords/ENSSSCG00000005193.gene, data/gene_coords/ENSSSCG00000025500.gene, data/gene_coords/ENSSSCG00000010937.gene, data/gene_coords/ENSSSCG00000009406.gene, data/gene_coords/ENSSSCG00000005503.gene, data/gene_coords/ENSSSCG00000002777.gene, data/gene_coords/ENSSSCG00000029990.gene, data/gene_coords/ENSSSCG00000015616.gene, data/gene_coords/ENSSSCG00000020864.gene, data/gene_coords/ENSSSCG00000030168.gene, data/gene_coords/ENSSSCG00000003141.gene, data/gene_coords/ENSSSCG00000027877.gene, data/gene_coords/ENSSSCG00000013579.gene, data/gene_coords/ENSSSCG00000007277.gene, data/gene_coords/ENSSSCG00000010310.gene, data/gene_coords/ENSSSCG00000002756.gene, data/gene_coords/ENSSSCG00000009695.gene, data/gene_coords/ENSSSCG00000011033.gene, data/gene_coords/ENSSSCG00000012840.gene, data/gene_coords/ENSSSCG00000028629.gene, data/gene_coords/ENSSSCG00000004475.gene, data/gene_coords/ENSSSCG00000016200.gene, data/gene_coords/ENSSSCG00000009477.gene, data/gene_coords/ENSSSCG00000008521.gene, data/gene_coords/ENSSSCG00000001741.gene, data/gene_coords/ENSSSCG00000012118.gene, data/gene_coords/ENSSSCG00000027555.gene, data/gene_coords/ENSSSCG00000004296.gene, data/gene_coords/ENSSSCG00000015652.gene, data/gene_coords/ENSSSCG00000008090.gene, data/gene_coords/ENSSSCG00000025273.gene, data/gene_coords/ENSSSCG00000031069.gene, data/gene_coords/ENSSSCG00000024973.gene, data/gene_coords/ENSSSCG00000023686.gene, data/gene_coords/ENSSSCG00000031060.gene, data/gene_coords/ENSSSCG00000004904.gene, data/gene_coords/ENSSSCG00000007214.gene, data/gene_coords/ENSSSCG00000017103.gene, data/gene_coords/ENSSSCG00000021739.gene, data/gene_coords/ENSSSCG00000010591.gene, data/gene_coords/ENSSSCG00000015053.gene, data/gene_coords/ENSSSCG00000014170.gene, data/gene_coords/ENSSSCG00000007221.gene, data/gene_coords/ENSSSCG00000003130.gene, data/gene_coords/ENSSSCG00000009002.gene, data/gene_coords/ENSSSCG00000007218.gene, data/gene_coords/ENSSSCG00000024497.gene, data/gene_coords/ENSSSCG00000005488.gene, data/gene_coords/ENSSSCG00000030758.gene, data/gene_coords/ENSSSCG00000011147.gene, data/gene_coords/ENSSSCG00000027850.gene, data/gene_coords/ENSSSCG00000026109.gene, data/gene_coords/ENSSSCG00000010885.gene, data/gene_coords/ENSSSCG00000003017.gene, data/gene_coords/ENSSSCG00000016047.gene, data/gene_coords/ENSSSCG00000000038.gene, data/gene_coords/ENSSSCG00000000932.gene, data/gene_coords/ENSSSCG00000030227.gene, data/gene_coords/ENSSSCG00000022432.gene, data/gene_coords/ENSSSCG00000006337.gene, data/gene_coords/ENSSSCG00000000481.gene, data/gene_coords/ENSSSCG00000007215.gene, data/gene_coords/ENSSSCG00000010787.gene, data/gene_coords/ENSSSCG00000006924.gene, data/var_coords/ENSSSCG00000008326.vars, data/var_coords/ENSSSCG00000026409.vars, data/var_coords/ENSSSCG00000017399.vars, data/var_coords/ENSSSCG00000001743.vars, data/var_coords/ENSSSCG00000010929.vars, data/var_coords/ENSSSCG00000029988.vars, data/var_coords/ENSSSCG00000000866.vars, data/var_coords/ENSSSCG00000025244.vars, data/var_coords/ENSSSCG00000002749.vars, data/var_coords/ENSSSCG00000010816.vars, data/var_coords/ENSSSCG00000031002.vars, data/var_coords/ENSSSCG00000015070.vars, data/var_coords/ENSSSCG00000012593.vars, data/var_coords/ENSSSCG00000026214.vars, data/var_coords/ENSSSCG00000011453.vars, data/var_coords/ENSSSCG00000005163.vars, data/var_coords/ENSSSCG00000007146.vars, data/var_coords/ENSSSCG00000016940.vars, data/var_coords/ENSSSCG00000002961.vars, data/var_coords/ENSSSCG00000006403.vars, data/var_coords/ENSSSCG00000026201.vars, data/var_coords/ENSSSCG00000006719.vars, data/var_coords/ENSSSCG00000026592.vars, data/var_coords/ENSSSCG00000008842.vars, data/var_coords/ENSSSCG00000025058.vars, data/var_coords/ENSSSCG00000023666.vars, data/var_coords/ENSSSCG00000014428.vars, data/var_coords/ENSSSCG00000015801.vars, data/var_coords/ENSSSCG00000007153.vars, data/var_coords/ENSSSCG00000002385.vars, data/var_coords/ENSSSCG00000015048.vars, data/var_coords/ENSSSCG00000007744.vars, data/var_coords/ENSSSCG00000013369.vars, data/var_coords/ENSSSCG00000001050.vars, data/var_coords/ENSSSCG00000017121.vars, data/var_coords/ENSSSCG00000012257.vars, data/var_coords/ENSSSCG00000012117.vars, data/var_coords/ENSSSCG00000010554.vars, data/var_coords/ENSSSCG00000006648.vars, data/var_coords/ENSSSCG00000023876.vars, data/var_coords/ENSSSCG00000011436.vars, data/var_coords/ENSSSCG00000011512.vars, data/var_coords/ENSSSCG00000011850.vars, data/var_coords/ENSSSCG00000001404.vars, data/var_coords/ENSSSCG00000000922.vars, data/var_coords/ENSSSCG00000001428.vars, data/var_coords/ENSSSCG00000004875.vars, data/var_coords/ENSSSCG00000026583.vars, data/var_coords/ENSSSCG00000006215.vars, data/var_coords/ENSSSCG00000009115.vars, data/var_coords/ENSSSCG00000007226.vars, data/var_coords/ENSSSCG00000010459.vars, data/var_coords/ENSSSCG00000010948.vars, data/var_coords/ENSSSCG00000002686.vars, data/var_coords/ENSSSCG00000016273.vars, data/var_coords/ENSSSCG00000020924.vars, data/var_coords/ENSSSCG00000008948.vars, data/var_coords/ENSSSCG00000012371.vars, data/var_coords/ENSSSCG00000007217.vars, data/var_coords/ENSSSCG00000006386.vars, data/var_coords/ENSSSCG00000028431.vars, data/var_coords/ENSSSCG00000012077.vars, data/var_coords/ENSSSCG00000024689.vars, data/var_coords/ENSSSCG00000007216.vars, data/var_coords/ENSSSCG00000008088.vars, data/var_coords/ENSSSCG00000007522.vars, data/var_coords/ENSSSCG00000030733.vars, data/var_coords/ENSSSCG00000010780.vars, data/var_coords/ENSSSCG00000017227.vars, data/var_coords/ENSSSCG00000011862.vars, data/var_coords/ENSSSCG00000005193.vars, data/var_coords/ENSSSCG00000025500.vars, data/var_coords/ENSSSCG00000010937.vars, data/var_coords/ENSSSCG00000009406.vars, data/var_coords/ENSSSCG00000005503.vars, data/var_coords/ENSSSCG00000002777.vars, data/var_coords/ENSSSCG00000029990.vars, data/var_coords/ENSSSCG00000015616.vars, data/var_coords/ENSSSCG00000020864.vars, data/var_coords/ENSSSCG00000030168.vars, data/var_coords/ENSSSCG00000003141.vars, data/var_coords/ENSSSCG00000027877.vars, data/var_coords/ENSSSCG00000013579.vars, data/var_coords/ENSSSCG00000007277.vars, data/var_coords/ENSSSCG00000010310.vars, data/var_coords/ENSSSCG00000002756.vars, data/var_coords/ENSSSCG00000009695.vars, data/var_coords/ENSSSCG00000011033.vars, data/var_coords/ENSSSCG00000012840.vars, data/var_coords/ENSSSCG00000028629.vars, data/var_coords/ENSSSCG00000004475.vars, data/var_coords/ENSSSCG00000016200.vars, data/var_coords/ENSSSCG00000009477.vars, data/var_coords/ENSSSCG00000008521.vars, data/var_coords/ENSSSCG00000001741.vars, data/var_coords/ENSSSCG00000012118.vars, data/var_coords/ENSSSCG00000027555.vars, data/var_coords/ENSSSCG00000004296.vars, data/var_coords/ENSSSCG00000015652.vars, data/var_coords/ENSSSCG00000008090.vars, data/var_coords/ENSSSCG00000025273.vars, data/var_coords/ENSSSCG00000031069.vars, data/var_coords/ENSSSCG00000024973.vars, data/var_coords/ENSSSCG00000023686.vars, data/var_coords/ENSSSCG00000031060.vars, data/var_coords/ENSSSCG00000004904.vars, data/var_coords/ENSSSCG00000007214.vars, data/var_coords/ENSSSCG00000017103.vars, data/var_coords/ENSSSCG00000021739.vars, data/var_coords/ENSSSCG00000010591.vars, data/var_coords/ENSSSCG00000015053.vars, data/var_coords/ENSSSCG00000014170.vars, data/var_coords/ENSSSCG00000007221.vars, data/var_coords/ENSSSCG00000003130.vars, data/var_coords/ENSSSCG00000009002.vars, data/var_coords/ENSSSCG00000007218.vars, data/var_coords/ENSSSCG00000024497.vars, data/var_coords/ENSSSCG00000005488.vars, data/var_coords/ENSSSCG00000030758.vars, data/var_coords/ENSSSCG00000011147.vars, data/var_coords/ENSSSCG00000027850.vars, data/var_coords/ENSSSCG00000026109.vars, data/var_coords/ENSSSCG00000010885.vars, data/var_coords/ENSSSCG00000003017.vars, data/var_coords/ENSSSCG00000016047.vars, data/var_coords/ENSSSCG00000000038.vars, data/var_coords/ENSSSCG00000000932.vars, data/var_coords/ENSSSCG00000030227.vars, data/var_coords/ENSSSCG00000022432.vars, data/var_coords/ENSSSCG00000006337.vars, data/var_coords/ENSSSCG00000000481.vars, data/var_coords/ENSSSCG00000007215.vars, data/var_coords/ENSSSCG00000010787.vars, data/var_coords/ENSSSCG00000006924.vars
    jobid: 0

[Thu Nov 12 16:40:59 2020]
Finished job 0.
135 of 135 steps (100%) done
Complete log: /home/pelmo/tesi/remap_sscrofa/.snakemake/log/2020-11-12T164015.196452.snakemake.log
