Building DAG of jobs...
Using shell: /usr/bin/bash
Provided cores: 2
Rules claiming more threads will be scaled down.
Job counts:
	count	jobs
	1	all
	2	verify_vars
	3
Select jobs to execute...

[Thu Dec  3 11:12:57 2020]
rule verify_vars:
    input: data/remapped_vars/ENSSSCG00000008088.remapped
    output: data/verified_vars/ENSSSCG00000008088.verified
    jobid: 333
    wildcards: id=ENSSSCG00000008088

[Thu Dec  3 11:12:57 2020]
rule verify_vars:
    input: data/remapped_vars/ENSSSCG00000006386.remapped
    output: data/verified_vars/ENSSSCG00000006386.verified
    jobid: 328
    wildcards: id=ENSSSCG00000006386

[Thu Dec  3 11:12:59 2020]
Error in rule verify_vars:
    jobid: 333
    output: data/verified_vars/ENSSSCG00000008088.verified

RuleException:
CalledProcessError in line 41 of /home/pelmo/sscrofa_variant_remapping/Snakefile:
Command 'set -euo pipefail;  /home/pelmo/anaconda3/envs/snakemake/bin/python3.9 /home/pelmo/sscrofa_variant_remapping/.snakemake/scripts/tmp7lhsxh5i.var_confirmation.py' returned non-zero exit status 1.
  File "/home/pelmo/anaconda3/envs/snakemake/lib/python3.9/site-packages/snakemake/executors/__init__.py", line 2273, in run_wrapper
  File "/home/pelmo/sscrofa_variant_remapping/Snakefile", line 41, in __rule_verify_vars
  File "/home/pelmo/anaconda3/envs/snakemake/lib/python3.9/site-packages/snakemake/executors/__init__.py", line 560, in _callback
  File "/home/pelmo/anaconda3/envs/snakemake/lib/python3.9/concurrent/futures/thread.py", line 52, in run
  File "/home/pelmo/anaconda3/envs/snakemake/lib/python3.9/site-packages/snakemake/executors/__init__.py", line 546, in cached_or_run
  File "/home/pelmo/anaconda3/envs/snakemake/lib/python3.9/site-packages/snakemake/executors/__init__.py", line 2304, in run_wrapper
[Thu Dec  3 11:21:28 2020]
Finished job 328.
1 of 3 steps (33%) done
Shutting down, this might take some time.
Exiting because a job execution failed. Look above for error message
Complete log: /home/pelmo/sscrofa_variant_remapping/.snakemake/log/2020-12-03T111257.102228.snakemake.log
