Building DAG of jobs...
Using shell: /usr/bin/bash
Provided cores: 7
Rules claiming more threads will be scaled down.
Job counts:
	count	jobs
	1	all
	129	merge_results
	130
Select jobs to execute...

[Mon Nov 23 15:05:21 2020]
rule merge_results:
    input: data/var_coords_remapped_report/ENSSSCG00000007153.vars.report, data/complete_coords/ENSSSCG00000007153.complete
    output: data/remapped_vars/ENSSSCG00000007153.remapped, data/unmapped_vars/ENSSSCG00000007153.unmapped
    jobid: 57
    wildcards: id=ENSSSCG00000007153

[Mon Nov 23 15:05:21 2020]
rule merge_results:
    input: data/var_coords_remapped_report/ENSSSCG00000009406.vars.report, data/complete_coords/ENSSSCG00000009406.complete
    output: data/remapped_vars/ENSSSCG00000009406.remapped, data/unmapped_vars/ENSSSCG00000009406.unmapped
    jobid: 147
    wildcards: id=ENSSSCG00000009406

[Mon Nov 23 15:05:21 2020]
rule merge_results:
    input: data/var_coords_remapped_report/ENSSSCG00000023686.vars.report, data/complete_coords/ENSSSCG00000023686.complete
    output: data/remapped_vars/ENSSSCG00000023686.remapped, data/unmapped_vars/ENSSSCG00000023686.unmapped
    jobid: 207
    wildcards: id=ENSSSCG00000023686

[Mon Nov 23 15:05:21 2020]
rule merge_results:
    input: data/var_coords_remapped_report/ENSSSCG00000027877.vars.report, data/complete_coords/ENSSSCG00000027877.complete
    output: data/remapped_vars/ENSSSCG00000027877.remapped, data/unmapped_vars/ENSSSCG00000027877.unmapped
    jobid: 163
    wildcards: id=ENSSSCG00000027877

[Mon Nov 23 15:05:21 2020]
rule merge_results:
    input: data/var_coords_remapped_report/ENSSSCG00000015053.vars.report, data/complete_coords/ENSSSCG00000015053.complete
    output: data/remapped_vars/ENSSSCG00000015053.remapped, data/unmapped_vars/ENSSSCG00000015053.unmapped
    jobid: 221
    wildcards: id=ENSSSCG00000015053

[Mon Nov 23 15:05:21 2020]
rule merge_results:
    input: data/var_coords_remapped_report/ENSSSCG00000003141.vars.report, data/complete_coords/ENSSSCG00000003141.complete
    output: data/remapped_vars/ENSSSCG00000003141.remapped, data/unmapped_vars/ENSSSCG00000003141.unmapped
    jobid: 161
    wildcards: id=ENSSSCG00000003141

[Mon Nov 23 15:05:21 2020]
rule merge_results:
    input: data/var_coords_remapped_report/ENSSSCG00000031060.vars.report, data/complete_coords/ENSSSCG00000031060.complete
    output: data/remapped_vars/ENSSSCG00000031060.remapped, data/unmapped_vars/ENSSSCG00000031060.unmapped
    jobid: 209
    wildcards: id=ENSSSCG00000031060

[Mon Nov 23 15:05:21 2020]
Finished job 163.
1 of 130 steps (0.77%) done
[Mon Nov 23 15:05:22 2020]
Finished job 207.
2 of 130 steps (2%) done
[Mon Nov 23 15:05:22 2020]
Finished job 161.
3 of 130 steps (2%) done
[Mon Nov 23 15:05:22 2020]
Finished job 221.
4 of 130 steps (3%) done
[Mon Nov 23 15:05:22 2020]
Finished job 209.
5 of 130 steps (4%) done
[Mon Nov 23 15:05:22 2020]
Finished job 147.
6 of 130 steps (5%) done
[Mon Nov 23 15:05:22 2020]
Finished job 57.
7 of 130 steps (5%) done
Select jobs to execute...

[Mon Nov 23 15:05:22 2020]
rule merge_results:
    input: data/var_coords_remapped_report/ENSSSCG00000025244.vars.report, data/complete_coords/ENSSSCG00000025244.complete
    output: data/remapped_vars/ENSSSCG00000025244.remapped, data/unmapped_vars/ENSSSCG00000025244.unmapped
    jobid: 15
    wildcards: id=ENSSSCG00000025244

[Mon Nov 23 15:05:22 2020]
rule merge_results:
    input: data/var_coords_remapped_report/ENSSSCG00000000932.vars.report, data/complete_coords/ENSSSCG00000000932.complete
    output: data/remapped_vars/ENSSSCG00000000932.remapped, data/unmapped_vars/ENSSSCG00000000932.unmapped
    jobid: 253
    wildcards: id=ENSSSCG00000000932


[Mon Nov 23 15:05:22 2020]
rule merge_results:
    input: data/var_coords_remapped_report/ENSSSCG00000007221.vars.report, data/complete_coords/ENSSSCG00000007221.complete
    output: data/remapped_vars/ENSSSCG00000007221.remapped, data/unmapped_vars/ENSSSCG00000007221.unmapped
    jobid: 225
    wildcards: id=ENSSSCG00000007221


[Mon Nov 23 15:05:22 2020]
rule merge_results:
    input: data/var_coords_remapped_report/ENSSSCG00000027850.vars.report, data/complete_coords/ENSSSCG00000027850.complete
    output: data/remapped_vars/ENSSSCG00000027850.remapped, data/unmapped_vars/ENSSSCG00000027850.unmapped
    jobid: 241
    wildcards: id=ENSSSCG00000027850


[Mon Nov 23 15:05:22 2020]
rule merge_results:
    input: data/var_coords_remapped_report/ENSSSCG00000015048.vars.report, data/complete_coords/ENSSSCG00000015048.complete
    output: data/remapped_vars/ENSSSCG00000015048.remapped, data/unmapped_vars/ENSSSCG00000015048.unmapped
    jobid: 61
    wildcards: id=ENSSSCG00000015048


[Mon Nov 23 15:05:22 2020]
rule merge_results:
    input: data/var_coords_remapped_report/ENSSSCG00000005163.vars.report, data/complete_coords/ENSSSCG00000005163.complete
    output: data/remapped_vars/ENSSSCG00000005163.remapped, data/unmapped_vars/ENSSSCG00000005163.unmapped
    jobid: 31
    wildcards: id=ENSSSCG00000005163


[Mon Nov 23 15:05:22 2020]
rule merge_results:
    input: data/var_coords_remapped_report/ENSSSCG00000004475.vars.report, data/complete_coords/ENSSSCG00000004475.complete
    output: data/remapped_vars/ENSSSCG00000004475.remapped, data/unmapped_vars/ENSSSCG00000004475.unmapped
    jobid: 181
    wildcards: id=ENSSSCG00000004475

[Mon Nov 23 15:05:23 2020]
Finished job 181.
8 of 130 steps (6%) done
[Mon Nov 23 15:05:23 2020]
Finished job 241.
9 of 130 steps (7%) done
[Mon Nov 23 15:05:23 2020]
Finished job 225.
10 of 130 steps (8%) done
[Mon Nov 23 15:05:23 2020]
Finished job 253.
11 of 130 steps (8%) done
[Mon Nov 23 15:05:23 2020]
Finished job 15.
12 of 130 steps (9%) done
[Mon Nov 23 15:05:23 2020]
Finished job 31.
13 of 130 steps (10%) done
[Mon Nov 23 15:05:23 2020]
Finished job 61.
14 of 130 steps (11%) done
Select jobs to execute...

[Mon Nov 23 15:05:23 2020]
rule merge_results:
    input: data/var_coords_remapped_report/ENSSSCG00000007277.vars.report, data/complete_coords/ENSSSCG00000007277.complete
    output: data/remapped_vars/ENSSSCG00000007277.remapped, data/unmapped_vars/ENSSSCG00000007277.unmapped
    jobid: 167
    wildcards: id=ENSSSCG00000007277

[Mon Nov 23 15:05:23 2020]
rule merge_results:
    input: data/var_coords_remapped_report/ENSSSCG00000008326.vars.report, data/complete_coords/ENSSSCG00000008326.complete
    output: data/remapped_vars/ENSSSCG00000008326.remapped, data/unmapped_vars/ENSSSCG00000008326.unmapped
    jobid: 1
    wildcards: id=ENSSSCG00000008326


[Mon Nov 23 15:05:23 2020]
rule merge_results:
    input: data/var_coords_remapped_report/ENSSSCG00000026592.vars.report, data/complete_coords/ENSSSCG00000026592.complete
    output: data/remapped_vars/ENSSSCG00000026592.remapped, data/unmapped_vars/ENSSSCG00000026592.unmapped
    jobid: 45
    wildcards: id=ENSSSCG00000026592

[Mon Nov 23 15:05:23 2020]
rule merge_results:
    input: data/var_coords_remapped_report/ENSSSCG00000002686.vars.report, data/complete_coords/ENSSSCG00000002686.complete
    output: data/remapped_vars/ENSSSCG00000002686.remapped, data/unmapped_vars/ENSSSCG00000002686.unmapped
    jobid: 107
    wildcards: id=ENSSSCG00000002686

[Mon Nov 23 15:05:23 2020]
rule merge_results:
    input: data/var_coords_remapped_report/ENSSSCG00000026109.vars.report, data/complete_coords/ENSSSCG00000026109.complete
    output: data/remapped_vars/ENSSSCG00000026109.remapped, data/unmapped_vars/ENSSSCG00000026109.unmapped
    jobid: 243
    wildcards: id=ENSSSCG00000026109


[Mon Nov 23 15:05:23 2020]
rule merge_results:
    input: data/var_coords_remapped_report/ENSSSCG00000007146.vars.report, data/complete_coords/ENSSSCG00000007146.complete
    output: data/remapped_vars/ENSSSCG00000007146.remapped, data/unmapped_vars/ENSSSCG00000007146.unmapped
    jobid: 33
    wildcards: id=ENSSSCG00000007146

[Mon Nov 23 15:05:23 2020]
rule merge_results:
    input: data/var_coords_remapped_report/ENSSSCG00000007744.vars.report, data/complete_coords/ENSSSCG00000007744.complete
    output: data/remapped_vars/ENSSSCG00000007744.remapped, data/unmapped_vars/ENSSSCG00000007744.unmapped
    jobid: 63
    wildcards: id=ENSSSCG00000007744

[Mon Nov 23 15:05:24 2020]
Finished job 63.
15 of 130 steps (12%) done
[Mon Nov 23 15:05:24 2020]
Finished job 1.
16 of 130 steps (12%) done
[Mon Nov 23 15:05:24 2020]
Finished job 45.
17 of 130 steps (13%) done
[Mon Nov 23 15:05:24 2020]
Finished job 167.
18 of 130 steps (14%) done
[Mon Nov 23 15:05:24 2020]
Finished job 33.
19 of 130 steps (15%) done
[Mon Nov 23 15:05:24 2020]
Finished job 243.
20 of 130 steps (15%) done
[Mon Nov 23 15:05:24 2020]
Finished job 107.
21 of 130 steps (16%) done
Select jobs to execute...

[Mon Nov 23 15:05:24 2020]
rule merge_results:
    input: data/var_coords_remapped_report/ENSSSCG00000009002.vars.report, data/complete_coords/ENSSSCG00000009002.complete
    output: data/remapped_vars/ENSSSCG00000009002.remapped, data/unmapped_vars/ENSSSCG00000009002.unmapped
    jobid: 229
    wildcards: id=ENSSSCG00000009002

[Mon Nov 23 15:05:24 2020]
rule merge_results:
    input: data/var_coords_remapped_report/ENSSSCG00000006337.vars.report, data/complete_coords/ENSSSCG00000006337.complete
    output: data/remapped_vars/ENSSSCG00000006337.remapped, data/unmapped_vars/ENSSSCG00000006337.unmapped
    jobid: 259
    wildcards: id=ENSSSCG00000006337

[Mon Nov 23 15:05:24 2020]
rule merge_results:
    input: data/var_coords_remapped_report/ENSSSCG00000004296.vars.report, data/complete_coords/ENSSSCG00000004296.complete
    output: data/remapped_vars/ENSSSCG00000004296.remapped, data/unmapped_vars/ENSSSCG00000004296.unmapped
    jobid: 195
    wildcards: id=ENSSSCG00000004296


[Mon Nov 23 15:05:24 2020]
rule merge_results:
    input: data/var_coords_remapped_report/ENSSSCG00000013579.vars.report, data/complete_coords/ENSSSCG00000013579.complete
    output: data/remapped_vars/ENSSSCG00000013579.remapped, data/unmapped_vars/ENSSSCG00000013579.unmapped
    jobid: 165
    wildcards: id=ENSSSCG00000013579


[Mon Nov 23 15:05:24 2020]
rule merge_results:
    input: data/var_coords_remapped_report/ENSSSCG00000016940.vars.report, data/complete_coords/ENSSSCG00000016940.complete
    output: data/remapped_vars/ENSSSCG00000016940.remapped, data/unmapped_vars/ENSSSCG00000016940.unmapped
    jobid: 35
    wildcards: id=ENSSSCG00000016940

[Mon Nov 23 15:05:24 2020]
rule merge_results:
    input: data/var_coords_remapped_report/ENSSSCG00000013369.vars.report, data/complete_coords/ENSSSCG00000013369.complete
    output: data/remapped_vars/ENSSSCG00000013369.remapped, data/unmapped_vars/ENSSSCG00000013369.unmapped
    jobid: 65
    wildcards: id=ENSSSCG00000013369


[Mon Nov 23 15:05:24 2020]
rule merge_results:
    input: data/var_coords_remapped_report/ENSSSCG00000009477.vars.report, data/complete_coords/ENSSSCG00000009477.complete
    output: data/remapped_vars/ENSSSCG00000009477.remapped, data/unmapped_vars/ENSSSCG00000009477.unmapped
    jobid: 185
    wildcards: id=ENSSSCG00000009477

[Mon Nov 23 15:05:25 2020]
Finished job 165.
22 of 130 steps (17%) done
[Mon Nov 23 15:05:25 2020]
Finished job 229.
23 of 130 steps (18%) done
[Mon Nov 23 15:05:25 2020]
Finished job 259.
24 of 130 steps (18%) done
[Mon Nov 23 15:05:25 2020]
Finished job 65.
25 of 130 steps (19%) done
[Mon Nov 23 15:05:25 2020]
Finished job 195.
26 of 130 steps (20%) done
[Mon Nov 23 15:05:25 2020]
Finished job 35.
27 of 130 steps (21%) done
[Mon Nov 23 15:05:25 2020]
Finished job 185.
28 of 130 steps (22%) done
Select jobs to execute...

[Mon Nov 23 15:05:25 2020]
rule merge_results:
    input: data/var_coords_remapped_report/ENSSSCG00000007218.vars.report, data/complete_coords/ENSSSCG00000007218.complete
    output: data/remapped_vars/ENSSSCG00000007218.remapped, data/unmapped_vars/ENSSSCG00000007218.unmapped
    jobid: 231
    wildcards: id=ENSSSCG00000007218

[Mon Nov 23 15:05:25 2020]
rule merge_results:
    input: data/var_coords_remapped_report/ENSSSCG00000000481.vars.report, data/complete_coords/ENSSSCG00000000481.complete
    output: data/remapped_vars/ENSSSCG00000000481.remapped, data/unmapped_vars/ENSSSCG00000000481.unmapped
    jobid: 261
    wildcards: id=ENSSSCG00000000481

[Mon Nov 23 15:05:25 2020]
rule merge_results:
    input: data/var_coords_remapped_report/ENSSSCG00000023876.vars.report, data/complete_coords/ENSSSCG00000023876.complete
    output: data/remapped_vars/ENSSSCG00000023876.remapped, data/unmapped_vars/ENSSSCG00000023876.unmapped
    jobid: 79
    wildcards: id=ENSSSCG00000023876


[Mon Nov 23 15:05:25 2020]
rule merge_results:
    input: data/var_coords_remapped_report/ENSSSCG00000002756.vars.report, data/complete_coords/ENSSSCG00000002756.complete
    output: data/remapped_vars/ENSSSCG00000002756.remapped, data/unmapped_vars/ENSSSCG00000002756.unmapped
    jobid: 171
    wildcards: id=ENSSSCG00000002756

[Mon Nov 23 15:05:25 2020]
rule merge_results:
    input: data/var_coords_remapped_report/ENSSSCG00000002961.vars.report, data/complete_coords/ENSSSCG00000002961.complete
    output: data/remapped_vars/ENSSSCG00000002961.remapped, data/unmapped_vars/ENSSSCG00000002961.unmapped
    jobid: 37
    wildcards: id=ENSSSCG00000002961


[Mon Nov 23 15:05:25 2020]
rule merge_results:
    input: data/var_coords_remapped_report/ENSSSCG00000001050.vars.report, data/complete_coords/ENSSSCG00000001050.complete
    output: data/remapped_vars/ENSSSCG00000001050.remapped, data/unmapped_vars/ENSSSCG00000001050.unmapped
    jobid: 67
    wildcards: id=ENSSSCG00000001050


[Mon Nov 23 15:05:25 2020]
rule merge_results:
    input: data/var_coords_remapped_report/ENSSSCG00000008521.vars.report, data/complete_coords/ENSSSCG00000008521.complete
    output: data/remapped_vars/ENSSSCG00000008521.remapped, data/unmapped_vars/ENSSSCG00000008521.unmapped
    jobid: 187
    wildcards: id=ENSSSCG00000008521

[Mon Nov 23 15:05:26 2020]
Finished job 37.
29 of 130 steps (22%) done
[Mon Nov 23 15:05:26 2020]
Finished job 231.
30 of 130 steps (23%) done
[Mon Nov 23 15:05:26 2020]
Finished job 261.
31 of 130 steps (24%) done
[Mon Nov 23 15:05:26 2020]
Finished job 67.
32 of 130 steps (25%) done
[Mon Nov 23 15:05:26 2020]
Finished job 187.
33 of 130 steps (25%) done
[Mon Nov 23 15:05:26 2020]
Finished job 171.
34 of 130 steps (26%) done
[Mon Nov 23 15:05:26 2020]
Finished job 79.
35 of 130 steps (27%) done
Select jobs to execute...

[Mon Nov 23 15:05:26 2020]
rule merge_results:
    input: data/var_coords_remapped_report/ENSSSCG00000011436.vars.report, data/complete_coords/ENSSSCG00000011436.complete
    output: data/remapped_vars/ENSSSCG00000011436.remapped, data/unmapped_vars/ENSSSCG00000011436.unmapped
    jobid: 81
    wildcards: id=ENSSSCG00000011436

[Mon Nov 23 15:05:26 2020]
rule merge_results:
    input: data/var_coords_remapped_report/ENSSSCG00000020924.vars.report, data/complete_coords/ENSSSCG00000020924.complete
    output: data/remapped_vars/ENSSSCG00000020924.remapped, data/unmapped_vars/ENSSSCG00000020924.unmapped
    jobid: 111
    wildcards: id=ENSSSCG00000020924

[Mon Nov 23 15:05:26 2020]
rule merge_results:
    input: data/var_coords_remapped_report/ENSSSCG00000003130.vars.report, data/complete_coords/ENSSSCG00000003130.complete
    output: data/remapped_vars/ENSSSCG00000003130.remapped, data/unmapped_vars/ENSSSCG00000003130.unmapped
    jobid: 227
    wildcards: id=ENSSSCG00000003130


[Mon Nov 23 15:05:26 2020]
rule merge_results:
    input: data/var_coords_remapped_report/ENSSSCG00000007215.vars.report, data/complete_coords/ENSSSCG00000007215.complete
    output: data/remapped_vars/ENSSSCG00000007215.remapped, data/unmapped_vars/ENSSSCG00000007215.unmapped
    jobid: 263
    wildcards: id=ENSSSCG00000007215


[Mon Nov 23 15:05:26 2020]
rule merge_results:
    input: data/var_coords_remapped_report/ENSSSCG00000011512.vars.report, data/complete_coords/ENSSSCG00000011512.complete
    output: data/remapped_vars/ENSSSCG00000011512.remapped, data/unmapped_vars/ENSSSCG00000011512.unmapped
    jobid: 83
    wildcards: id=ENSSSCG00000011512

[Mon Nov 23 15:05:26 2020]
rule merge_results:
    input: data/var_coords_remapped_report/ENSSSCG00000003017.vars.report, data/complete_coords/ENSSSCG00000003017.complete
    output: data/remapped_vars/ENSSSCG00000003017.remapped, data/unmapped_vars/ENSSSCG00000003017.unmapped
    jobid: 247
    wildcards: id=ENSSSCG00000003017


[Mon Nov 23 15:05:26 2020]
rule merge_results:
    input: data/var_coords_remapped_report/ENSSSCG00000001428.vars.report, data/complete_coords/ENSSSCG00000001428.complete
    output: data/remapped_vars/ENSSSCG00000001428.remapped, data/unmapped_vars/ENSSSCG00000001428.unmapped
    jobid: 91
    wildcards: id=ENSSSCG00000001428

[Mon Nov 23 15:05:27 2020]
Finished job 83.
36 of 130 steps (28%) done
[Mon Nov 23 15:05:27 2020]
Finished job 81.
37 of 130 steps (28%) done
[Mon Nov 23 15:05:27 2020]
Finished job 227.
38 of 130 steps (29%) done
[Mon Nov 23 15:05:27 2020]
Finished job 111.
39 of 130 steps (30%) done
[Mon Nov 23 15:05:27 2020]
Finished job 263.
40 of 130 steps (31%) done
[Mon Nov 23 15:05:27 2020]
Finished job 247.
41 of 130 steps (32%) done
[Mon Nov 23 15:05:27 2020]
Finished job 91.
42 of 130 steps (32%) done
Select jobs to execute...

[Mon Nov 23 15:05:27 2020]
rule merge_results:
    input: data/var_coords_remapped_report/ENSSSCG00000016273.vars.report, data/complete_coords/ENSSSCG00000016273.complete
    output: data/remapped_vars/ENSSSCG00000016273.remapped, data/unmapped_vars/ENSSSCG00000016273.unmapped
    jobid: 109
    wildcards: id=ENSSSCG00000016273

[Mon Nov 23 15:05:27 2020]
rule merge_results:
    input: data/var_coords_remapped_report/ENSSSCG00000010310.vars.report, data/complete_coords/ENSSSCG00000010310.complete
    output: data/remapped_vars/ENSSSCG00000010310.remapped, data/unmapped_vars/ENSSSCG00000010310.unmapped
    jobid: 169
    wildcards: id=ENSSSCG00000010310

[Mon Nov 23 15:05:27 2020]
rule merge_results:
    input: data/var_coords_remapped_report/ENSSSCG00000010948.vars.report, data/complete_coords/ENSSSCG00000010948.complete
    output: data/remapped_vars/ENSSSCG00000010948.remapped, data/unmapped_vars/ENSSSCG00000010948.unmapped
    jobid: 105
    wildcards: id=ENSSSCG00000010948


[Mon Nov 23 15:05:27 2020]
rule merge_results:
    input: data/var_coords_remapped_report/ENSSSCG00000024497.vars.report, data/complete_coords/ENSSSCG00000024497.complete
    output: data/remapped_vars/ENSSSCG00000024497.remapped, data/unmapped_vars/ENSSSCG00000024497.unmapped
    jobid: 233
    wildcards: id=ENSSSCG00000024497


[Mon Nov 23 15:05:27 2020]
rule merge_results:
    input: data/var_coords_remapped_report/ENSSSCG00000008948.vars.report, data/complete_coords/ENSSSCG00000008948.complete
    output: data/remapped_vars/ENSSSCG00000008948.remapped, data/unmapped_vars/ENSSSCG00000008948.unmapped
    jobid: 113
    wildcards: id=ENSSSCG00000008948

[Mon Nov 23 15:05:27 2020]
rule merge_results:
    input: data/var_coords_remapped_report/ENSSSCG00000010885.vars.report, data/complete_coords/ENSSSCG00000010885.complete
    output: data/remapped_vars/ENSSSCG00000010885.remapped, data/unmapped_vars/ENSSSCG00000010885.unmapped
    jobid: 245
    wildcards: id=ENSSSCG00000010885


[Mon Nov 23 15:05:27 2020]
rule merge_results:
    input: data/var_coords_remapped_report/ENSSSCG00000016200.vars.report, data/complete_coords/ENSSSCG00000016200.complete
    output: data/remapped_vars/ENSSSCG00000016200.remapped, data/unmapped_vars/ENSSSCG00000016200.unmapped
    jobid: 183
    wildcards: id=ENSSSCG00000016200

[Mon Nov 23 15:05:28 2020]
Finished job 245.
43 of 130 steps (33%) done
[Mon Nov 23 15:05:28 2020]
Finished job 109.
44 of 130 steps (34%) done
[Mon Nov 23 15:05:28 2020]
Finished job 169.
45 of 130 steps (35%) done
[Mon Nov 23 15:05:28 2020]
Finished job 105.
46 of 130 steps (35%) done
[Mon Nov 23 15:05:28 2020]
Finished job 183.
47 of 130 steps (36%) done
[Mon Nov 23 15:05:28 2020]
Finished job 113.
48 of 130 steps (37%) done
[Mon Nov 23 15:05:28 2020]
Finished job 233.
49 of 130 steps (38%) done
Select jobs to execute...

[Mon Nov 23 15:05:28 2020]
rule merge_results:
    input: data/var_coords_remapped_report/ENSSSCG00000022432.vars.report, data/complete_coords/ENSSSCG00000022432.complete
    output: data/remapped_vars/ENSSSCG00000022432.remapped, data/unmapped_vars/ENSSSCG00000022432.unmapped
    jobid: 257
    wildcards: id=ENSSSCG00000022432

[Mon Nov 23 15:05:28 2020]
rule merge_results:
    input: data/var_coords_remapped_report/ENSSSCG00000010780.vars.report, data/complete_coords/ENSSSCG00000010780.complete
    output: data/remapped_vars/ENSSSCG00000010780.remapped, data/unmapped_vars/ENSSSCG00000010780.unmapped
    jobid: 135
    wildcards: id=ENSSSCG00000010780

[Mon Nov 23 15:05:28 2020]
rule merge_results:
    input: data/var_coords_remapped_report/ENSSSCG00000030227.vars.report, data/complete_coords/ENSSSCG00000030227.complete
    output: data/remapped_vars/ENSSSCG00000030227.remapped, data/unmapped_vars/ENSSSCG00000030227.unmapped
    jobid: 255
    wildcards: id=ENSSSCG00000030227

[Mon Nov 23 15:05:28 2020]
rule merge_results:
    input: data/var_coords_remapped_report/ENSSSCG00000006648.vars.report, data/complete_coords/ENSSSCG00000006648.complete
    output: data/remapped_vars/ENSSSCG00000006648.remapped, data/unmapped_vars/ENSSSCG00000006648.unmapped
    jobid: 77
    wildcards: id=ENSSSCG00000006648

[Mon Nov 23 15:05:28 2020]
rule merge_results:
    input: data/var_coords_remapped_report/ENSSSCG00000009695.vars.report, data/complete_coords/ENSSSCG00000009695.complete
    output: data/remapped_vars/ENSSSCG00000009695.remapped, data/unmapped_vars/ENSSSCG00000009695.unmapped
    jobid: 173
    wildcards: id=ENSSSCG00000009695

[Mon Nov 23 15:05:28 2020]
rule merge_results:
    input: data/var_coords_remapped_report/ENSSSCG00000011453.vars.report, data/complete_coords/ENSSSCG00000011453.complete
    output: data/remapped_vars/ENSSSCG00000011453.remapped, data/unmapped_vars/ENSSSCG00000011453.unmapped
    jobid: 29
    wildcards: id=ENSSSCG00000011453


[Mon Nov 23 15:05:28 2020]
rule merge_results:
    input: data/var_coords_remapped_report/ENSSSCG00000017121.vars.report, data/complete_coords/ENSSSCG00000017121.complete
    output: data/remapped_vars/ENSSSCG00000017121.remapped, data/unmapped_vars/ENSSSCG00000017121.unmapped
    jobid: 69
    wildcards: id=ENSSSCG00000017121

[Mon Nov 23 15:05:29 2020]
Finished job 69.
50 of 130 steps (38%) done
[Mon Nov 23 15:05:29 2020]
Finished job 257.
51 of 130 steps (39%) done
[Mon Nov 23 15:05:29 2020]
Finished job 135.
52 of 130 steps (40%) done
[Mon Nov 23 15:05:29 2020]
Finished job 255.
53 of 130 steps (41%) done
[Mon Nov 23 15:05:29 2020]
Finished job 173.
54 of 130 steps (42%) done
[Mon Nov 23 15:05:29 2020]
Finished job 77.
55 of 130 steps (42%) done
[Mon Nov 23 15:05:29 2020]
Finished job 29.
56 of 130 steps (43%) done
Select jobs to execute...

[Mon Nov 23 15:05:29 2020]
rule merge_results:
    input: data/var_coords_remapped_report/ENSSSCG00000023666.vars.report, data/complete_coords/ENSSSCG00000023666.complete
    output: data/remapped_vars/ENSSSCG00000023666.remapped, data/unmapped_vars/ENSSSCG00000023666.unmapped
    jobid: 51
    wildcards: id=ENSSSCG00000023666

[Mon Nov 23 15:05:29 2020]
rule merge_results:
    input: data/var_coords_remapped_report/ENSSSCG00000014170.vars.report, data/complete_coords/ENSSSCG00000014170.complete
    output: data/remapped_vars/ENSSSCG00000014170.remapped, data/unmapped_vars/ENSSSCG00000014170.unmapped
    jobid: 223
    wildcards: id=ENSSSCG00000014170


[Mon Nov 23 15:05:29 2020]
rule merge_results:
    input: data/var_coords_remapped_report/ENSSSCG00000010816.vars.report, data/complete_coords/ENSSSCG00000010816.complete
    output: data/remapped_vars/ENSSSCG00000010816.remapped, data/unmapped_vars/ENSSSCG00000010816.unmapped
    jobid: 19
    wildcards: id=ENSSSCG00000010816


[Mon Nov 23 15:05:29 2020]
rule merge_results:
    input: data/var_coords_remapped_report/ENSSSCG00000012257.vars.report, data/complete_coords/ENSSSCG00000012257.complete
    output: data/remapped_vars/ENSSSCG00000012257.remapped, data/unmapped_vars/ENSSSCG00000012257.unmapped
    jobid: 71
    wildcards: id=ENSSSCG00000012257


[Mon Nov 23 15:05:29 2020]
rule merge_results:
    input: data/var_coords_remapped_report/ENSSSCG00000012118.vars.report, data/complete_coords/ENSSSCG00000012118.complete
    output: data/remapped_vars/ENSSSCG00000012118.remapped, data/unmapped_vars/ENSSSCG00000012118.unmapped
    jobid: 191
    wildcards: id=ENSSSCG00000012118

[Mon Nov 23 15:05:29 2020]
rule merge_results:
    input: data/var_coords_remapped_report/ENSSSCG00000007522.vars.report, data/complete_coords/ENSSSCG00000007522.complete
    output: data/remapped_vars/ENSSSCG00000007522.remapped, data/unmapped_vars/ENSSSCG00000007522.unmapped
    jobid: 131
    wildcards: id=ENSSSCG00000007522

[Mon Nov 23 15:05:29 2020]
rule merge_results:
    input: data/var_coords_remapped_report/ENSSSCG00000026201.vars.report, data/complete_coords/ENSSSCG00000026201.complete
    output: data/remapped_vars/ENSSSCG00000026201.remapped, data/unmapped_vars/ENSSSCG00000026201.unmapped
    jobid: 41
    wildcards: id=ENSSSCG00000026201

[Mon Nov 23 15:05:30 2020]
Finished job 223.
57 of 130 steps (44%) done
[Mon Nov 23 15:05:30 2020]
Finished job 51.
58 of 130 steps (45%) done
[Mon Nov 23 15:05:30 2020]
Finished job 191.
59 of 130 steps (45%) done
[Mon Nov 23 15:05:30 2020]
Finished job 41.
60 of 130 steps (46%) done
[Mon Nov 23 15:05:30 2020]
Finished job 71.
61 of 130 steps (47%) done
[Mon Nov 23 15:05:30 2020]
Finished job 131.
62 of 130 steps (48%) done
[Mon Nov 23 15:05:30 2020]
Finished job 19.
63 of 130 steps (48%) done
Select jobs to execute...

[Mon Nov 23 15:05:30 2020]
rule merge_results:
    input: data/var_coords_remapped_report/ENSSSCG00000011033.vars.report, data/complete_coords/ENSSSCG00000011033.complete
    output: data/remapped_vars/ENSSSCG00000011033.remapped, data/unmapped_vars/ENSSSCG00000011033.unmapped
    jobid: 175
    wildcards: id=ENSSSCG00000011033

[Mon Nov 23 15:05:30 2020]
rule merge_results:
    input: data/var_coords_remapped_report/ENSSSCG00000005193.vars.report, data/complete_coords/ENSSSCG00000005193.complete
    output: data/remapped_vars/ENSSSCG00000005193.remapped, data/unmapped_vars/ENSSSCG00000005193.unmapped
    jobid: 141
    wildcards: id=ENSSSCG00000005193


[Mon Nov 23 15:05:30 2020]
rule merge_results:
    input: data/var_coords_remapped_report/ENSSSCG00000025058.vars.report, data/complete_coords/ENSSSCG00000025058.complete
    output: data/remapped_vars/ENSSSCG00000025058.remapped, data/unmapped_vars/ENSSSCG00000025058.unmapped
    jobid: 49
    wildcards: id=ENSSSCG00000025058


[Mon Nov 23 15:05:30 2020]
rule merge_results:
    input: data/var_coords_remapped_report/ENSSSCG00000007214.vars.report, data/complete_coords/ENSSSCG00000007214.complete
    output: data/remapped_vars/ENSSSCG00000007214.remapped, data/unmapped_vars/ENSSSCG00000007214.unmapped
    jobid: 213
    wildcards: id=ENSSSCG00000007214


[Mon Nov 23 15:05:30 2020]
rule merge_results:
    input: data/var_coords_remapped_report/ENSSSCG00000029990.vars.report, data/complete_coords/ENSSSCG00000029990.complete
    output: data/remapped_vars/ENSSSCG00000029990.remapped, data/unmapped_vars/ENSSSCG00000029990.unmapped
    jobid: 153
    wildcards: id=ENSSSCG00000029990


[Mon Nov 23 15:05:30 2020]
rule merge_results:
    input: data/var_coords_remapped_report/ENSSSCG00000012077.vars.report, data/complete_coords/ENSSSCG00000012077.complete
    output: data/remapped_vars/ENSSSCG00000012077.remapped, data/unmapped_vars/ENSSSCG00000012077.unmapped
    jobid: 123
    wildcards: id=ENSSSCG00000012077

[Mon Nov 23 15:05:30 2020]
rule merge_results:
    input: data/var_coords_remapped_report/ENSSSCG00000000038.vars.report, data/complete_coords/ENSSSCG00000000038.complete
    output: data/remapped_vars/ENSSSCG00000000038.remapped, data/unmapped_vars/ENSSSCG00000000038.unmapped
    jobid: 251
    wildcards: id=ENSSSCG00000000038

[Mon Nov 23 15:05:31 2020]
Finished job 251.
64 of 130 steps (49%) done
[Mon Nov 23 15:05:31 2020]
Finished job 175.
65 of 130 steps (50%) done
[Mon Nov 23 15:05:31 2020]
Finished job 141.
66 of 130 steps (51%) done
[Mon Nov 23 15:05:31 2020]
Finished job 213.
67 of 130 steps (52%) done
[Mon Nov 23 15:05:31 2020]
Finished job 49.
68 of 130 steps (52%) done
[Mon Nov 23 15:05:31 2020]
Finished job 153.
69 of 130 steps (53%) done
[Mon Nov 23 15:05:31 2020]
Finished job 123.
70 of 130 steps (54%) done
Select jobs to execute...

[Mon Nov 23 15:05:31 2020]
rule merge_results:
    input: data/var_coords_remapped_report/ENSSSCG00000015652.vars.report, data/complete_coords/ENSSSCG00000015652.complete
    output: data/remapped_vars/ENSSSCG00000015652.remapped, data/unmapped_vars/ENSSSCG00000015652.unmapped
    jobid: 197
    wildcards: id=ENSSSCG00000015652

[Mon Nov 23 15:05:31 2020]
rule merge_results:
    input: data/var_coords_remapped_report/ENSSSCG00000017227.vars.report, data/complete_coords/ENSSSCG00000017227.complete
    output: data/remapped_vars/ENSSSCG00000017227.remapped, data/unmapped_vars/ENSSSCG00000017227.unmapped
    jobid: 137
    wildcards: id=ENSSSCG00000017227


[Mon Nov 23 15:05:31 2020]
rule merge_results:
    input: data/var_coords_remapped_report/ENSSSCG00000012593.vars.report, data/complete_coords/ENSSSCG00000012593.complete
    output: data/remapped_vars/ENSSSCG00000012593.remapped, data/unmapped_vars/ENSSSCG00000012593.unmapped
    jobid: 25
    wildcards: id=ENSSSCG00000012593


[Mon Nov 23 15:05:31 2020]
rule merge_results:
    input: data/var_coords_remapped_report/ENSSSCG00000031002.vars.report, data/complete_coords/ENSSSCG00000031002.complete
    output: data/remapped_vars/ENSSSCG00000031002.remapped, data/unmapped_vars/ENSSSCG00000031002.unmapped
    jobid: 21
    wildcards: id=ENSSSCG00000031002


[Mon Nov 23 15:05:31 2020]
rule merge_results:
    input: data/var_coords_remapped_report/ENSSSCG00000008842.vars.report, data/complete_coords/ENSSSCG00000008842.complete
    output: data/remapped_vars/ENSSSCG00000008842.remapped, data/unmapped_vars/ENSSSCG00000008842.unmapped
    jobid: 47
    wildcards: id=ENSSSCG00000008842

[Mon Nov 23 15:05:31 2020]
rule merge_results:
    input: data/var_coords_remapped_report/ENSSSCG00000015801.vars.report, data/complete_coords/ENSSSCG00000015801.complete
    output: data/remapped_vars/ENSSSCG00000015801.remapped, data/unmapped_vars/ENSSSCG00000015801.unmapped
    jobid: 55
    wildcards: id=ENSSSCG00000015801

[Mon Nov 23 15:05:31 2020]
rule merge_results:
    input: data/var_coords_remapped_report/ENSSSCG00000001404.vars.report, data/complete_coords/ENSSSCG00000001404.complete
    output: data/remapped_vars/ENSSSCG00000001404.remapped, data/unmapped_vars/ENSSSCG00000001404.unmapped
    jobid: 87
    wildcards: id=ENSSSCG00000001404

[Mon Nov 23 15:05:32 2020]
Finished job 25.
71 of 130 steps (55%) done
[Mon Nov 23 15:05:32 2020]
Finished job 197.
72 of 130 steps (55%) done
[Mon Nov 23 15:05:32 2020]
Finished job 137.
73 of 130 steps (56%) done
[Mon Nov 23 15:05:32 2020]
Finished job 55.
74 of 130 steps (57%) done
[Mon Nov 23 15:05:32 2020]
Finished job 21.
75 of 130 steps (58%) done
[Mon Nov 23 15:05:32 2020]
Finished job 87.
76 of 130 steps (58%) done
[Mon Nov 23 15:05:32 2020]
Finished job 47.
77 of 130 steps (59%) done
Select jobs to execute...

[Mon Nov 23 15:05:32 2020]
rule merge_results:
    input: data/var_coords_remapped_report/ENSSSCG00000011850.vars.report, data/complete_coords/ENSSSCG00000011850.complete
    output: data/remapped_vars/ENSSSCG00000011850.remapped, data/unmapped_vars/ENSSSCG00000011850.unmapped
    jobid: 85
    wildcards: id=ENSSSCG00000011850

[Mon Nov 23 15:05:32 2020]
rule merge_results:
    input: data/var_coords_remapped_report/ENSSSCG00000024973.vars.report, data/complete_coords/ENSSSCG00000024973.complete
    output: data/remapped_vars/ENSSSCG00000024973.remapped, data/unmapped_vars/ENSSSCG00000024973.unmapped
    jobid: 205
    wildcards: id=ENSSSCG00000024973


[Mon Nov 23 15:05:32 2020]
rule merge_results:
    input: data/var_coords_remapped_report/ENSSSCG00000002749.vars.report, data/complete_coords/ENSSSCG00000002749.complete
    output: data/remapped_vars/ENSSSCG00000002749.remapped, data/unmapped_vars/ENSSSCG00000002749.unmapped
    jobid: 17
    wildcards: id=ENSSSCG00000002749


[Mon Nov 23 15:05:32 2020]
rule merge_results:
    input: data/var_coords_remapped_report/ENSSSCG00000005488.vars.report, data/complete_coords/ENSSSCG00000005488.complete
    output: data/remapped_vars/ENSSSCG00000005488.remapped, data/unmapped_vars/ENSSSCG00000005488.unmapped
    jobid: 235
    wildcards: id=ENSSSCG00000005488


[Mon Nov 23 15:05:32 2020]
rule merge_results:
    input: data/var_coords_remapped_report/ENSSSCG00000012371.vars.report, data/complete_coords/ENSSSCG00000012371.complete
    output: data/remapped_vars/ENSSSCG00000012371.remapped, data/unmapped_vars/ENSSSCG00000012371.unmapped
    jobid: 115
    wildcards: id=ENSSSCG00000012371


[Mon Nov 23 15:05:32 2020]
rule merge_results:
    input: data/var_coords_remapped_report/ENSSSCG00000010787.vars.report, data/complete_coords/ENSSSCG00000010787.complete
    output: data/remapped_vars/ENSSSCG00000010787.remapped, data/unmapped_vars/ENSSSCG00000010787.unmapped
    jobid: 265
    wildcards: id=ENSSSCG00000010787

[Mon Nov 23 15:05:32 2020]
rule merge_results:
    input: data/var_coords_remapped_report/ENSSSCG00000012840.vars.report, data/complete_coords/ENSSSCG00000012840.complete
    output: data/remapped_vars/ENSSSCG00000012840.remapped, data/unmapped_vars/ENSSSCG00000012840.unmapped
    jobid: 177
    wildcards: id=ENSSSCG00000012840

[Mon Nov 23 15:05:33 2020]
Finished job 235.
78 of 130 steps (60%) done
[Mon Nov 23 15:05:33 2020]
Finished job 17.
79 of 130 steps (61%) done
[Mon Nov 23 15:05:33 2020]
Finished job 205.
80 of 130 steps (62%) done
[Mon Nov 23 15:05:33 2020]
Finished job 85.
81 of 130 steps (62%) done
[Mon Nov 23 15:05:33 2020]
Finished job 177.
82 of 130 steps (63%) done
[Mon Nov 23 15:05:33 2020]
Finished job 265.
83 of 130 steps (64%) done
[Mon Nov 23 15:05:33 2020]
Finished job 115.
84 of 130 steps (65%) done
Select jobs to execute...

[Mon Nov 23 15:05:33 2020]
rule merge_results:
    input: data/var_coords_remapped_report/ENSSSCG00000025273.vars.report, data/complete_coords/ENSSSCG00000025273.complete
    output: data/remapped_vars/ENSSSCG00000025273.remapped, data/unmapped_vars/ENSSSCG00000025273.unmapped
    jobid: 201
    wildcards: id=ENSSSCG00000025273

[Mon Nov 23 15:05:33 2020]
rule merge_results:
    input: data/var_coords_remapped_report/ENSSSCG00000027555.vars.report, data/complete_coords/ENSSSCG00000027555.complete
    output: data/remapped_vars/ENSSSCG00000027555.remapped, data/unmapped_vars/ENSSSCG00000027555.unmapped
    jobid: 193
    wildcards: id=ENSSSCG00000027555


[Mon Nov 23 15:05:33 2020]
rule merge_results:
    input: data/var_coords_remapped_report/ENSSSCG00000006403.vars.report, data/complete_coords/ENSSSCG00000006403.complete
    output: data/remapped_vars/ENSSSCG00000006403.remapped, data/unmapped_vars/ENSSSCG00000006403.unmapped
    jobid: 39
    wildcards: id=ENSSSCG00000006403

[Mon Nov 23 15:05:33 2020]
rule merge_results:
    input: data/var_coords_remapped_report/ENSSSCG00000010591.vars.report, data/complete_coords/ENSSSCG00000010591.complete
    output: data/remapped_vars/ENSSSCG00000010591.remapped, data/unmapped_vars/ENSSSCG00000010591.unmapped
    jobid: 219
    wildcards: id=ENSSSCG00000010591


[Mon Nov 23 15:05:33 2020]
rule merge_results:
    input: data/var_coords_remapped_report/ENSSSCG00000001741.vars.report, data/complete_coords/ENSSSCG00000001741.complete
    output: data/remapped_vars/ENSSSCG00000001741.remapped, data/unmapped_vars/ENSSSCG00000001741.unmapped
    jobid: 189
    wildcards: id=ENSSSCG00000001741


[Mon Nov 23 15:05:33 2020]
rule merge_results:
    input: data/var_coords_remapped_report/ENSSSCG00000026409.vars.report, data/complete_coords/ENSSSCG00000026409.complete
    output: data/remapped_vars/ENSSSCG00000026409.remapped, data/unmapped_vars/ENSSSCG00000026409.unmapped
    jobid: 3
    wildcards: id=ENSSSCG00000026409

[Mon Nov 23 15:05:33 2020]
rule merge_results:
    input: data/var_coords_remapped_report/ENSSSCG00000004875.vars.report, data/complete_coords/ENSSSCG00000004875.complete
    output: data/remapped_vars/ENSSSCG00000004875.remapped, data/unmapped_vars/ENSSSCG00000004875.unmapped
    jobid: 93
    wildcards: id=ENSSSCG00000004875

[Mon Nov 23 15:05:34 2020]
Finished job 93.
85 of 130 steps (65%) done
[Mon Nov 23 15:05:34 2020]
Finished job 39.
86 of 130 steps (66%) done
[Mon Nov 23 15:05:34 2020]
Finished job 201.
87 of 130 steps (67%) done
[Mon Nov 23 15:05:34 2020]
Finished job 193.
88 of 130 steps (68%) done
[Mon Nov 23 15:05:34 2020]
Finished job 219.
89 of 130 steps (68%) done
[Mon Nov 23 15:05:34 2020]
Finished job 189.
90 of 130 steps (69%) done
[Mon Nov 23 15:05:34 2020]
Finished job 3.
91 of 130 steps (70%) done
Select jobs to execute...

[Mon Nov 23 15:05:34 2020]
rule merge_results:
    input: data/var_coords_remapped_report/ENSSSCG00000011862.vars.report, data/complete_coords/ENSSSCG00000011862.complete
    output: data/remapped_vars/ENSSSCG00000011862.remapped, data/unmapped_vars/ENSSSCG00000011862.unmapped
    jobid: 139
    wildcards: id=ENSSSCG00000011862

[Mon Nov 23 15:05:34 2020]
rule merge_results:
    input: data/var_coords_remapped_report/ENSSSCG00000007217.vars.report, data/complete_coords/ENSSSCG00000007217.complete
    output: data/remapped_vars/ENSSSCG00000007217.remapped, data/unmapped_vars/ENSSSCG00000007217.unmapped
    jobid: 117
    wildcards: id=ENSSSCG00000007217

[Mon Nov 23 15:05:34 2020]
rule merge_results:
    input: data/var_coords_remapped_report/ENSSSCG00000012117.vars.report, data/complete_coords/ENSSSCG00000012117.complete
    output: data/remapped_vars/ENSSSCG00000012117.remapped, data/unmapped_vars/ENSSSCG00000012117.unmapped
    jobid: 73
    wildcards: id=ENSSSCG00000012117

[Mon Nov 23 15:05:34 2020]
rule merge_results:
    input: data/var_coords_remapped_report/ENSSSCG00000008090.vars.report, data/complete_coords/ENSSSCG00000008090.complete
    output: data/remapped_vars/ENSSSCG00000008090.remapped, data/unmapped_vars/ENSSSCG00000008090.unmapped
    jobid: 199
    wildcards: id=ENSSSCG00000008090


[Mon Nov 23 15:05:34 2020]
rule merge_results:
    input: data/var_coords_remapped_report/ENSSSCG00000030758.vars.report, data/complete_coords/ENSSSCG00000030758.complete
    output: data/remapped_vars/ENSSSCG00000030758.remapped, data/unmapped_vars/ENSSSCG00000030758.unmapped
    jobid: 237
    wildcards: id=ENSSSCG00000030758

[Mon Nov 23 15:05:34 2020]
rule merge_results:
    input: data/var_coords_remapped_report/ENSSSCG00000016047.vars.report, data/complete_coords/ENSSSCG00000016047.complete
    output: data/remapped_vars/ENSSSCG00000016047.remapped, data/unmapped_vars/ENSSSCG00000016047.unmapped
    jobid: 249
    wildcards: id=ENSSSCG00000016047

[Mon Nov 23 15:05:34 2020]
rule merge_results:
    input: data/var_coords_remapped_report/ENSSSCG00000024689.vars.report, data/complete_coords/ENSSSCG00000024689.complete
    output: data/remapped_vars/ENSSSCG00000024689.remapped, data/unmapped_vars/ENSSSCG00000024689.unmapped
    jobid: 125
    wildcards: id=ENSSSCG00000024689

[Mon Nov 23 15:05:35 2020]
Finished job 199.
92 of 130 steps (71%) done
[Mon Nov 23 15:05:35 2020]
Finished job 117.
93 of 130 steps (72%) done
[Mon Nov 23 15:05:35 2020]
Finished job 139.
94 of 130 steps (72%) done
[Mon Nov 23 15:05:35 2020]
Finished job 237.
95 of 130 steps (73%) done
[Mon Nov 23 15:05:35 2020]
Finished job 73.
96 of 130 steps (74%) done
[Mon Nov 23 15:05:35 2020]
Finished job 125.
97 of 130 steps (75%) done
[Mon Nov 23 15:05:35 2020]
Finished job 249.
98 of 130 steps (75%) done
Select jobs to execute...

[Mon Nov 23 15:05:35 2020]
rule merge_results:
    input: data/var_coords_remapped_report/ENSSSCG00000006215.vars.report, data/complete_coords/ENSSSCG00000006215.complete
    output: data/remapped_vars/ENSSSCG00000006215.remapped, data/unmapped_vars/ENSSSCG00000006215.unmapped
    jobid: 97
    wildcards: id=ENSSSCG00000006215

[Mon Nov 23 15:05:35 2020]
rule merge_results:
    input: data/var_coords_remapped_report/ENSSSCG00000020864.vars.report, data/complete_coords/ENSSSCG00000020864.complete
    output: data/remapped_vars/ENSSSCG00000020864.remapped, data/unmapped_vars/ENSSSCG00000020864.unmapped
    jobid: 157
    wildcards: id=ENSSSCG00000020864


[Mon Nov 23 15:05:35 2020]
rule merge_results:
    input: data/var_coords_remapped_report/ENSSSCG00000000922.vars.report, data/complete_coords/ENSSSCG00000000922.complete
    output: data/remapped_vars/ENSSSCG00000000922.remapped, data/unmapped_vars/ENSSSCG00000000922.unmapped
    jobid: 89
    wildcards: id=ENSSSCG00000000922


[Mon Nov 23 15:05:35 2020]
rule merge_results:
    input: data/var_coords_remapped_report/ENSSSCG00000021739.vars.report, data/complete_coords/ENSSSCG00000021739.complete
    output: data/remapped_vars/ENSSSCG00000021739.remapped, data/unmapped_vars/ENSSSCG00000021739.unmapped
    jobid: 217
    wildcards: id=ENSSSCG00000021739

[Mon Nov 23 15:05:35 2020]
rule merge_results:
    input: data/var_coords_remapped_report/ENSSSCG00000007216.vars.report, data/complete_coords/ENSSSCG00000007216.complete
    output: data/remapped_vars/ENSSSCG00000007216.remapped, data/unmapped_vars/ENSSSCG00000007216.unmapped
    jobid: 127
    wildcards: id=ENSSSCG00000007216


[Mon Nov 23 15:05:35 2020]
rule merge_results:
    input: data/var_coords_remapped_report/ENSSSCG00000006386.vars.report, data/complete_coords/ENSSSCG00000006386.complete
    output: data/remapped_vars/ENSSSCG00000006386.remapped, data/unmapped_vars/ENSSSCG00000006386.unmapped
    jobid: 119
    wildcards: id=ENSSSCG00000006386

[Mon Nov 23 15:05:35 2020]
rule merge_results:
    input: data/var_coords_remapped_report/ENSSSCG00000010929.vars.report, data/complete_coords/ENSSSCG00000010929.complete
    output: data/remapped_vars/ENSSSCG00000010929.remapped, data/unmapped_vars/ENSSSCG00000010929.unmapped
    jobid: 9
    wildcards: id=ENSSSCG00000010929

[Mon Nov 23 15:05:36 2020]
Finished job 119.
99 of 130 steps (76%) done
[Mon Nov 23 15:05:36 2020]
Finished job 97.
100 of 130 steps (77%) done
[Mon Nov 23 15:05:36 2020]
Finished job 127.
101 of 130 steps (78%) done
[Mon Nov 23 15:05:36 2020]
Finished job 9.
102 of 130 steps (78%) done
[Mon Nov 23 15:05:36 2020]
Finished job 157.
103 of 130 steps (79%) done
[Mon Nov 23 15:05:36 2020]
Finished job 89.
104 of 130 steps (80%) done
[Mon Nov 23 15:05:36 2020]
Finished job 217.
105 of 130 steps (81%) done
Select jobs to execute...

[Mon Nov 23 15:05:36 2020]
rule merge_results:
    input: data/var_coords_remapped_report/ENSSSCG00000030733.vars.report, data/complete_coords/ENSSSCG00000030733.complete
    output: data/remapped_vars/ENSSSCG00000030733.remapped, data/unmapped_vars/ENSSSCG00000030733.unmapped
    jobid: 133
    wildcards: id=ENSSSCG00000030733

[Mon Nov 23 15:05:36 2020]
rule merge_results:
    input: data/var_coords_remapped_report/ENSSSCG00000015070.vars.report, data/complete_coords/ENSSSCG00000015070.complete
    output: data/remapped_vars/ENSSSCG00000015070.remapped, data/unmapped_vars/ENSSSCG00000015070.unmapped
    jobid: 23
    wildcards: id=ENSSSCG00000015070

[Mon Nov 23 15:05:36 2020]
rule merge_results:
    input: data/var_coords_remapped_report/ENSSSCG00000014428.vars.report, data/complete_coords/ENSSSCG00000014428.complete
    output: data/remapped_vars/ENSSSCG00000014428.remapped, data/unmapped_vars/ENSSSCG00000014428.unmapped
    jobid: 53
    wildcards: id=ENSSSCG00000014428


[Mon Nov 23 15:05:36 2020]
rule merge_results:
    input: data/var_coords_remapped_report/ENSSSCG00000001743.vars.report, data/complete_coords/ENSSSCG00000001743.complete
    output: data/remapped_vars/ENSSSCG00000001743.remapped, data/unmapped_vars/ENSSSCG00000001743.unmapped
    jobid: 7
    wildcards: id=ENSSSCG00000001743

[Mon Nov 23 15:05:36 2020]
rule merge_results:
    input: data/var_coords_remapped_report/ENSSSCG00000002385.vars.report, data/complete_coords/ENSSSCG00000002385.complete
    output: data/remapped_vars/ENSSSCG00000002385.remapped, data/unmapped_vars/ENSSSCG00000002385.unmapped
    jobid: 59
    wildcards: id=ENSSSCG00000002385


[Mon Nov 23 15:05:36 2020]
rule merge_results:
    input: data/var_coords_remapped_report/ENSSSCG00000011147.vars.report, data/complete_coords/ENSSSCG00000011147.complete
    output: data/remapped_vars/ENSSSCG00000011147.remapped, data/unmapped_vars/ENSSSCG00000011147.unmapped
    jobid: 239
    wildcards: id=ENSSSCG00000011147


[Mon Nov 23 15:05:36 2020]
rule merge_results:
    input: data/var_coords_remapped_report/ENSSSCG00000028629.vars.report, data/complete_coords/ENSSSCG00000028629.complete
    output: data/remapped_vars/ENSSSCG00000028629.remapped, data/unmapped_vars/ENSSSCG00000028629.unmapped
    jobid: 179
    wildcards: id=ENSSSCG00000028629

[Mon Nov 23 15:05:37 2020]
Finished job 239.
106 of 130 steps (82%) done
[Mon Nov 23 15:05:37 2020]
Finished job 23.
107 of 130 steps (82%) done
[Mon Nov 23 15:05:37 2020]
Finished job 133.
108 of 130 steps (83%) done
[Mon Nov 23 15:05:37 2020]
Finished job 179.
109 of 130 steps (84%) done
[Mon Nov 23 15:05:37 2020]
Finished job 7.
110 of 130 steps (85%) done
[Mon Nov 23 15:05:37 2020]
Finished job 59.
111 of 130 steps (85%) done
[Mon Nov 23 15:05:37 2020]
Finished job 53.
112 of 130 steps (86%) done
Select jobs to execute...

[Mon Nov 23 15:05:37 2020]
rule merge_results:
    input: data/var_coords_remapped_report/ENSSSCG00000010459.vars.report, data/complete_coords/ENSSSCG00000010459.complete
    output: data/remapped_vars/ENSSSCG00000010459.remapped, data/unmapped_vars/ENSSSCG00000010459.unmapped
    jobid: 103
    wildcards: id=ENSSSCG00000010459

[Mon Nov 23 15:05:37 2020]
rule merge_results:
    input: data/var_coords_remapped_report/ENSSSCG00000010554.vars.report, data/complete_coords/ENSSSCG00000010554.complete
    output: data/remapped_vars/ENSSSCG00000010554.remapped, data/unmapped_vars/ENSSSCG00000010554.unmapped
    jobid: 75
    wildcards: id=ENSSSCG00000010554

[Mon Nov 23 15:05:37 2020]
rule merge_results:
    input: data/var_coords_remapped_report/ENSSSCG00000006924.vars.report, data/complete_coords/ENSSSCG00000006924.complete
    output: data/remapped_vars/ENSSSCG00000006924.remapped, data/unmapped_vars/ENSSSCG00000006924.unmapped
    jobid: 267
    wildcards: id=ENSSSCG00000006924


[Mon Nov 23 15:05:37 2020]
rule merge_results:
    input: data/var_coords_remapped_report/ENSSSCG00000028431.vars.report, data/complete_coords/ENSSSCG00000028431.complete
    output: data/remapped_vars/ENSSSCG00000028431.remapped, data/unmapped_vars/ENSSSCG00000028431.unmapped
    jobid: 121
    wildcards: id=ENSSSCG00000028431


[Mon Nov 23 15:05:37 2020]
rule merge_results:
    input: data/var_coords_remapped_report/ENSSSCG00000002777.vars.report, data/complete_coords/ENSSSCG00000002777.complete
    output: data/remapped_vars/ENSSSCG00000002777.remapped, data/unmapped_vars/ENSSSCG00000002777.unmapped
    jobid: 151
    wildcards: id=ENSSSCG00000002777


[Mon Nov 23 15:05:37 2020]
rule merge_results:
    input: data/var_coords_remapped_report/ENSSSCG00000004904.vars.report, data/complete_coords/ENSSSCG00000004904.complete
    output: data/remapped_vars/ENSSSCG00000004904.remapped, data/unmapped_vars/ENSSSCG00000004904.unmapped
    jobid: 211
    wildcards: id=ENSSSCG00000004904


[Mon Nov 23 15:05:37 2020]
rule merge_results:
    input: data/var_coords_remapped_report/ENSSSCG00000030168.vars.report, data/complete_coords/ENSSSCG00000030168.complete
    output: data/remapped_vars/ENSSSCG00000030168.remapped, data/unmapped_vars/ENSSSCG00000030168.unmapped
    jobid: 159
    wildcards: id=ENSSSCG00000030168

[Mon Nov 23 15:05:38 2020]
Finished job 121.
113 of 130 steps (87%) done
[Mon Nov 23 15:05:38 2020]
Finished job 75.
114 of 130 steps (88%) done
[Mon Nov 23 15:05:38 2020]
Finished job 267.
115 of 130 steps (88%) done
[Mon Nov 23 15:05:38 2020]
Finished job 151.
116 of 130 steps (89%) done
[Mon Nov 23 15:05:38 2020]
Finished job 103.
117 of 130 steps (90%) done
[Mon Nov 23 15:05:38 2020]
Finished job 211.
118 of 130 steps (91%) done
[Mon Nov 23 15:05:38 2020]
Finished job 159.
119 of 130 steps (92%) done
Select jobs to execute...

[Mon Nov 23 15:05:38 2020]
rule merge_results:
    input: data/var_coords_remapped_report/ENSSSCG00000031069.vars.report, data/complete_coords/ENSSSCG00000031069.complete
    output: data/remapped_vars/ENSSSCG00000031069.remapped, data/unmapped_vars/ENSSSCG00000031069.unmapped
    jobid: 203
    wildcards: id=ENSSSCG00000031069

[Mon Nov 23 15:05:38 2020]
rule merge_results:
    input: data/var_coords_remapped_report/ENSSSCG00000025500.vars.report, data/complete_coords/ENSSSCG00000025500.complete
    output: data/remapped_vars/ENSSSCG00000025500.remapped, data/unmapped_vars/ENSSSCG00000025500.unmapped
    jobid: 143
    wildcards: id=ENSSSCG00000025500


[Mon Nov 23 15:05:38 2020]
rule merge_results:
    input: data/var_coords_remapped_report/ENSSSCG00000000866.vars.report, data/complete_coords/ENSSSCG00000000866.complete
    output: data/remapped_vars/ENSSSCG00000000866.remapped, data/unmapped_vars/ENSSSCG00000000866.unmapped
    jobid: 13
    wildcards: id=ENSSSCG00000000866


[Mon Nov 23 15:05:38 2020]
rule merge_results:
    input: data/var_coords_remapped_report/ENSSSCG00000006719.vars.report, data/complete_coords/ENSSSCG00000006719.complete
    output: data/remapped_vars/ENSSSCG00000006719.remapped, data/unmapped_vars/ENSSSCG00000006719.unmapped
    jobid: 43
    wildcards: id=ENSSSCG00000006719

[Mon Nov 23 15:05:38 2020]
rule merge_results:
    input: data/var_coords_remapped_report/ENSSSCG00000017399.vars.report, data/complete_coords/ENSSSCG00000017399.complete
    output: data/remapped_vars/ENSSSCG00000017399.remapped, data/unmapped_vars/ENSSSCG00000017399.unmapped
    jobid: 5
    wildcards: id=ENSSSCG00000017399


[Mon Nov 23 15:05:38 2020]
rule merge_results:
    input: data/var_coords_remapped_report/ENSSSCG00000026583.vars.report, data/complete_coords/ENSSSCG00000026583.complete
    output: data/remapped_vars/ENSSSCG00000026583.remapped, data/unmapped_vars/ENSSSCG00000026583.unmapped
    jobid: 95
    wildcards: id=ENSSSCG00000026583


[Mon Nov 23 15:05:38 2020]
rule merge_results:
    input: data/var_coords_remapped_report/ENSSSCG00000015616.vars.report, data/complete_coords/ENSSSCG00000015616.complete
    output: data/remapped_vars/ENSSSCG00000015616.remapped, data/unmapped_vars/ENSSSCG00000015616.unmapped
    jobid: 155
    wildcards: id=ENSSSCG00000015616

[Mon Nov 23 15:05:39 2020]
Finished job 95.
120 of 130 steps (92%) done
[Mon Nov 23 15:05:39 2020]
Finished job 143.
121 of 130 steps (93%) done
[Mon Nov 23 15:05:39 2020]
Finished job 203.
122 of 130 steps (94%) done
[Mon Nov 23 15:05:39 2020]
Finished job 43.
123 of 130 steps (95%) done
[Mon Nov 23 15:05:39 2020]
Finished job 5.
124 of 130 steps (95%) done
[Mon Nov 23 15:05:39 2020]
Finished job 155.
125 of 130 steps (96%) done
[Mon Nov 23 15:05:39 2020]
Finished job 13.
126 of 130 steps (97%) done
Select jobs to execute...

[Mon Nov 23 15:05:39 2020]
rule merge_results:
    input: data/var_coords_remapped_report/ENSSSCG00000017103.vars.report, data/complete_coords/ENSSSCG00000017103.complete
    output: data/remapped_vars/ENSSSCG00000017103.remapped, data/unmapped_vars/ENSSSCG00000017103.unmapped
    jobid: 215
    wildcards: id=ENSSSCG00000017103

[Mon Nov 23 15:05:39 2020]
rule merge_results:
    input: data/var_coords_remapped_report/ENSSSCG00000009115.vars.report, data/complete_coords/ENSSSCG00000009115.complete
    output: data/remapped_vars/ENSSSCG00000009115.remapped, data/unmapped_vars/ENSSSCG00000009115.unmapped
    jobid: 99
    wildcards: id=ENSSSCG00000009115

[Mon Nov 23 15:05:39 2020]
rule merge_results:
    input: data/var_coords_remapped_report/ENSSSCG00000008088.vars.report, data/complete_coords/ENSSSCG00000008088.complete
    output: data/remapped_vars/ENSSSCG00000008088.remapped, data/unmapped_vars/ENSSSCG00000008088.unmapped
    jobid: 129
    wildcards: id=ENSSSCG00000008088

[Mon Nov 23 15:05:40 2020]
Finished job 129.
127 of 130 steps (98%) done
[Mon Nov 23 15:05:40 2020]
Finished job 215.
128 of 130 steps (98%) done
[Mon Nov 23 15:05:40 2020]
Finished job 99.
129 of 130 steps (99%) done
Select jobs to execute...

[Mon Nov 23 15:05:40 2020]
localrule all:
    input: data/remapped_vars/ENSSSCG00000008326.remapped, data/remapped_vars/ENSSSCG00000026409.remapped, data/remapped_vars/ENSSSCG00000017399.remapped, data/remapped_vars/ENSSSCG00000001743.remapped, data/remapped_vars/ENSSSCG00000010929.remapped, data/remapped_vars/ENSSSCG00000029988.remapped, data/remapped_vars/ENSSSCG00000000866.remapped, data/remapped_vars/ENSSSCG00000025244.remapped, data/remapped_vars/ENSSSCG00000002749.remapped, data/remapped_vars/ENSSSCG00000010816.remapped, data/remapped_vars/ENSSSCG00000031002.remapped, data/remapped_vars/ENSSSCG00000015070.remapped, data/remapped_vars/ENSSSCG00000012593.remapped, data/remapped_vars/ENSSSCG00000026214.remapped, data/remapped_vars/ENSSSCG00000011453.remapped, data/remapped_vars/ENSSSCG00000005163.remapped, data/remapped_vars/ENSSSCG00000007146.remapped, data/remapped_vars/ENSSSCG00000016940.remapped, data/remapped_vars/ENSSSCG00000002961.remapped, data/remapped_vars/ENSSSCG00000006403.remapped, data/remapped_vars/ENSSSCG00000026201.remapped, data/remapped_vars/ENSSSCG00000006719.remapped, data/remapped_vars/ENSSSCG00000026592.remapped, data/remapped_vars/ENSSSCG00000008842.remapped, data/remapped_vars/ENSSSCG00000025058.remapped, data/remapped_vars/ENSSSCG00000023666.remapped, data/remapped_vars/ENSSSCG00000014428.remapped, data/remapped_vars/ENSSSCG00000015801.remapped, data/remapped_vars/ENSSSCG00000007153.remapped, data/remapped_vars/ENSSSCG00000002385.remapped, data/remapped_vars/ENSSSCG00000015048.remapped, data/remapped_vars/ENSSSCG00000007744.remapped, data/remapped_vars/ENSSSCG00000013369.remapped, data/remapped_vars/ENSSSCG00000001050.remapped, data/remapped_vars/ENSSSCG00000017121.remapped, data/remapped_vars/ENSSSCG00000012257.remapped, data/remapped_vars/ENSSSCG00000012117.remapped, data/remapped_vars/ENSSSCG00000010554.remapped, data/remapped_vars/ENSSSCG00000006648.remapped, data/remapped_vars/ENSSSCG00000023876.remapped, data/remapped_vars/ENSSSCG00000011436.remapped, data/remapped_vars/ENSSSCG00000011512.remapped, data/remapped_vars/ENSSSCG00000011850.remapped, data/remapped_vars/ENSSSCG00000001404.remapped, data/remapped_vars/ENSSSCG00000000922.remapped, data/remapped_vars/ENSSSCG00000001428.remapped, data/remapped_vars/ENSSSCG00000004875.remapped, data/remapped_vars/ENSSSCG00000026583.remapped, data/remapped_vars/ENSSSCG00000006215.remapped, data/remapped_vars/ENSSSCG00000009115.remapped, data/remapped_vars/ENSSSCG00000007226.remapped, data/remapped_vars/ENSSSCG00000010459.remapped, data/remapped_vars/ENSSSCG00000010948.remapped, data/remapped_vars/ENSSSCG00000002686.remapped, data/remapped_vars/ENSSSCG00000016273.remapped, data/remapped_vars/ENSSSCG00000020924.remapped, data/remapped_vars/ENSSSCG00000008948.remapped, data/remapped_vars/ENSSSCG00000012371.remapped, data/remapped_vars/ENSSSCG00000007217.remapped, data/remapped_vars/ENSSSCG00000006386.remapped, data/remapped_vars/ENSSSCG00000028431.remapped, data/remapped_vars/ENSSSCG00000012077.remapped, data/remapped_vars/ENSSSCG00000024689.remapped, data/remapped_vars/ENSSSCG00000007216.remapped, data/remapped_vars/ENSSSCG00000008088.remapped, data/remapped_vars/ENSSSCG00000007522.remapped, data/remapped_vars/ENSSSCG00000030733.remapped, data/remapped_vars/ENSSSCG00000010780.remapped, data/remapped_vars/ENSSSCG00000017227.remapped, data/remapped_vars/ENSSSCG00000011862.remapped, data/remapped_vars/ENSSSCG00000005193.remapped, data/remapped_vars/ENSSSCG00000025500.remapped, data/remapped_vars/ENSSSCG00000010937.remapped, data/remapped_vars/ENSSSCG00000009406.remapped, data/remapped_vars/ENSSSCG00000005503.remapped, data/remapped_vars/ENSSSCG00000002777.remapped, data/remapped_vars/ENSSSCG00000029990.remapped, data/remapped_vars/ENSSSCG00000015616.remapped, data/remapped_vars/ENSSSCG00000020864.remapped, data/remapped_vars/ENSSSCG00000030168.remapped, data/remapped_vars/ENSSSCG00000003141.remapped, data/remapped_vars/ENSSSCG00000027877.remapped, data/remapped_vars/ENSSSCG00000013579.remapped, data/remapped_vars/ENSSSCG00000007277.remapped, data/remapped_vars/ENSSSCG00000010310.remapped, data/remapped_vars/ENSSSCG00000002756.remapped, data/remapped_vars/ENSSSCG00000009695.remapped, data/remapped_vars/ENSSSCG00000011033.remapped, data/remapped_vars/ENSSSCG00000012840.remapped, data/remapped_vars/ENSSSCG00000028629.remapped, data/remapped_vars/ENSSSCG00000004475.remapped, data/remapped_vars/ENSSSCG00000016200.remapped, data/remapped_vars/ENSSSCG00000009477.remapped, data/remapped_vars/ENSSSCG00000008521.remapped, data/remapped_vars/ENSSSCG00000001741.remapped, data/remapped_vars/ENSSSCG00000012118.remapped, data/remapped_vars/ENSSSCG00000027555.remapped, data/remapped_vars/ENSSSCG00000004296.remapped, data/remapped_vars/ENSSSCG00000015652.remapped, data/remapped_vars/ENSSSCG00000008090.remapped, data/remapped_vars/ENSSSCG00000025273.remapped, data/remapped_vars/ENSSSCG00000031069.remapped, data/remapped_vars/ENSSSCG00000024973.remapped, data/remapped_vars/ENSSSCG00000023686.remapped, data/remapped_vars/ENSSSCG00000031060.remapped, data/remapped_vars/ENSSSCG00000004904.remapped, data/remapped_vars/ENSSSCG00000007214.remapped, data/remapped_vars/ENSSSCG00000017103.remapped, data/remapped_vars/ENSSSCG00000021739.remapped, data/remapped_vars/ENSSSCG00000010591.remapped, data/remapped_vars/ENSSSCG00000015053.remapped, data/remapped_vars/ENSSSCG00000014170.remapped, data/remapped_vars/ENSSSCG00000007221.remapped, data/remapped_vars/ENSSSCG00000003130.remapped, data/remapped_vars/ENSSSCG00000009002.remapped, data/remapped_vars/ENSSSCG00000007218.remapped, data/remapped_vars/ENSSSCG00000024497.remapped, data/remapped_vars/ENSSSCG00000005488.remapped, data/remapped_vars/ENSSSCG00000030758.remapped, data/remapped_vars/ENSSSCG00000011147.remapped, data/remapped_vars/ENSSSCG00000027850.remapped, data/remapped_vars/ENSSSCG00000026109.remapped, data/remapped_vars/ENSSSCG00000010885.remapped, data/remapped_vars/ENSSSCG00000003017.remapped, data/remapped_vars/ENSSSCG00000016047.remapped, data/remapped_vars/ENSSSCG00000000038.remapped, data/remapped_vars/ENSSSCG00000000932.remapped, data/remapped_vars/ENSSSCG00000030227.remapped, data/remapped_vars/ENSSSCG00000022432.remapped, data/remapped_vars/ENSSSCG00000006337.remapped, data/remapped_vars/ENSSSCG00000000481.remapped, data/remapped_vars/ENSSSCG00000007215.remapped, data/remapped_vars/ENSSSCG00000010787.remapped, data/remapped_vars/ENSSSCG00000006924.remapped
    jobid: 0

[Mon Nov 23 15:05:40 2020]
Finished job 0.
130 of 130 steps (100%) done
Complete log: /home/pelmo/sscrofa_variant_remapping/.snakemake/log/2020-11-23T150520.977921.snakemake.log
