Building DAG of jobs...
Using shell: /usr/bin/bash
Provided cores: 7
Rules claiming more threads will be scaled down.
Job counts:
	count	jobs
	1	all
	134	get_coords
	135
Select jobs to execute...

[Fri Nov 20 14:57:23 2020]
rule get_coords:
    input: data/starting_files/ENSSSCG00000010816
    output: data/gene_coords/ENSSSCG00000010816.gene, data/var_coords/ENSSSCG00000010816.vars, data/complete_coords/ENSSSCG00000010816.complete
    jobid: 10
    wildcards: id=ENSSSCG00000010816

[Fri Nov 20 14:57:23 2020]
rule get_coords:
    input: data/starting_files/ENSSSCG00000008090
    output: data/gene_coords/ENSSSCG00000008090.gene, data/var_coords/ENSSSCG00000008090.vars, data/complete_coords/ENSSSCG00000008090.complete
    jobid: 100
    wildcards: id=ENSSSCG00000008090

[Fri Nov 20 14:57:23 2020]
rule get_coords:
    input: data/starting_files/ENSSSCG00000017227
    output: data/gene_coords/ENSSSCG00000017227.gene, data/var_coords/ENSSSCG00000017227.vars, data/complete_coords/ENSSSCG00000017227.complete
    jobid: 69
    wildcards: id=ENSSSCG00000017227

[Fri Nov 20 14:57:23 2020]
rule get_coords:
    input: data/starting_files/ENSSSCG00000008842
    output: data/gene_coords/ENSSSCG00000008842.gene, data/var_coords/ENSSSCG00000008842.vars, data/complete_coords/ENSSSCG00000008842.complete
    jobid: 24
    wildcards: id=ENSSSCG00000008842

[Fri Nov 20 14:57:23 2020]
rule get_coords:
    input: data/starting_files/ENSSSCG00000007217
    output: data/gene_coords/ENSSSCG00000007217.gene, data/var_coords/ENSSSCG00000007217.vars, data/complete_coords/ENSSSCG00000007217.complete
    jobid: 59
    wildcards: id=ENSSSCG00000007217

[Fri Nov 20 14:57:23 2020]
rule get_coords:
    input: data/starting_files/ENSSSCG00000015652
    output: data/gene_coords/ENSSSCG00000015652.gene, data/var_coords/ENSSSCG00000015652.vars, data/complete_coords/ENSSSCG00000015652.complete
    jobid: 99
    wildcards: id=ENSSSCG00000015652

[Fri Nov 20 14:57:23 2020]
rule get_coords:
    input: data/starting_files/ENSSSCG00000003130
    output: data/gene_coords/ENSSSCG00000003130.gene, data/var_coords/ENSSSCG00000003130.vars, data/complete_coords/ENSSSCG00000003130.complete
    jobid: 114
    wildcards: id=ENSSSCG00000003130

[Fri Nov 20 14:57:25 2020]
Finished job 59.
1 of 135 steps (0.74%) done
[Fri Nov 20 14:57:25 2020]
Finished job 100.
2 of 135 steps (1%) done
[Fri Nov 20 14:57:25 2020]
Finished job 114.
3 of 135 steps (2%) done
[Fri Nov 20 14:57:25 2020]
Finished job 24.
4 of 135 steps (3%) done
[Fri Nov 20 14:57:25 2020]
Finished job 99.
5 of 135 steps (4%) done
[Fri Nov 20 14:57:25 2020]
Finished job 69.
6 of 135 steps (4%) done
[Fri Nov 20 14:57:25 2020]
Finished job 10.
7 of 135 steps (5%) done
Select jobs to execute...

[Fri Nov 20 14:57:25 2020]
rule get_coords:
    input: data/starting_files/ENSSSCG00000024497
    output: data/gene_coords/ENSSSCG00000024497.gene, data/var_coords/ENSSSCG00000024497.vars, data/complete_coords/ENSSSCG00000024497.complete
    jobid: 117
    wildcards: id=ENSSSCG00000024497

[Fri Nov 20 14:57:25 2020]
rule get_coords:
    input: data/starting_files/ENSSSCG00000009002
    output: data/gene_coords/ENSSSCG00000009002.gene, data/var_coords/ENSSSCG00000009002.vars, data/complete_coords/ENSSSCG00000009002.complete
    jobid: 115
    wildcards: id=ENSSSCG00000009002


[Fri Nov 20 14:57:25 2020]
rule get_coords:
    input: data/starting_files/ENSSSCG00000015801
    output: data/gene_coords/ENSSSCG00000015801.gene, data/var_coords/ENSSSCG00000015801.vars, data/complete_coords/ENSSSCG00000015801.complete
    jobid: 28
    wildcards: id=ENSSSCG00000015801


[Fri Nov 20 14:57:25 2020]
rule get_coords:
    input: data/starting_files/ENSSSCG00000031069
    output: data/gene_coords/ENSSSCG00000031069.gene, data/var_coords/ENSSSCG00000031069.vars, data/complete_coords/ENSSSCG00000031069.complete
    jobid: 102
    wildcards: id=ENSSSCG00000031069

[Fri Nov 20 14:57:25 2020]
rule get_coords:
    input: data/starting_files/ENSSSCG00000010937
    output: data/gene_coords/ENSSSCG00000010937.gene, data/var_coords/ENSSSCG00000010937.vars, data/complete_coords/ENSSSCG00000010937.complete
    jobid: 73
    wildcards: id=ENSSSCG00000010937

[Fri Nov 20 14:57:25 2020]
rule get_coords:
    input: data/starting_files/ENSSSCG00000011850
    output: data/gene_coords/ENSSSCG00000011850.gene, data/var_coords/ENSSSCG00000011850.vars, data/complete_coords/ENSSSCG00000011850.complete
    jobid: 43
    wildcards: id=ENSSSCG00000011850

[Fri Nov 20 14:57:25 2020]
rule get_coords:
    input: data/starting_files/ENSSSCG00000023686
    output: data/gene_coords/ENSSSCG00000023686.gene, data/var_coords/ENSSSCG00000023686.vars, data/complete_coords/ENSSSCG00000023686.complete
    jobid: 104
    wildcards: id=ENSSSCG00000023686

[Fri Nov 20 14:57:26 2020]
Finished job 28.
8 of 135 steps (6%) done
[Fri Nov 20 14:57:26 2020]
Finished job 117.
9 of 135 steps (7%) done
[Fri Nov 20 14:57:26 2020]
Finished job 115.
10 of 135 steps (7%) done
[Fri Nov 20 14:57:26 2020]
Finished job 104.
11 of 135 steps (8%) done
[Fri Nov 20 14:57:26 2020]
Finished job 102.
12 of 135 steps (9%) done
[Fri Nov 20 14:57:26 2020]
Finished job 43.
13 of 135 steps (10%) done
[Fri Nov 20 14:57:26 2020]
Finished job 73.
14 of 135 steps (10%) done
Select jobs to execute...

[Fri Nov 20 14:57:26 2020]
rule get_coords:
    input: data/starting_files/ENSSSCG00000002385
    output: data/gene_coords/ENSSSCG00000002385.gene, data/var_coords/ENSSSCG00000002385.vars, data/complete_coords/ENSSSCG00000002385.complete
    jobid: 30
    wildcards: id=ENSSSCG00000002385

[Fri Nov 20 14:57:26 2020]
rule get_coords:
    input: data/starting_files/ENSSSCG00000005503
    output: data/gene_coords/ENSSSCG00000005503.gene, data/var_coords/ENSSSCG00000005503.vars, data/complete_coords/ENSSSCG00000005503.complete
    jobid: 75
    wildcards: id=ENSSSCG00000005503


[Fri Nov 20 14:57:26 2020]
rule get_coords:
    input: data/starting_files/ENSSSCG00000000922
    output: data/gene_coords/ENSSSCG00000000922.gene, data/var_coords/ENSSSCG00000000922.vars, data/complete_coords/ENSSSCG00000000922.complete
    jobid: 45
    wildcards: id=ENSSSCG00000000922


[Fri Nov 20 14:57:26 2020]
rule get_coords:
    input: data/starting_files/ENSSSCG00000011147
    output: data/gene_coords/ENSSSCG00000011147.gene, data/var_coords/ENSSSCG00000011147.vars, data/complete_coords/ENSSSCG00000011147.complete
    jobid: 120
    wildcards: id=ENSSSCG00000011147


[Fri Nov 20 14:57:26 2020]
rule get_coords:
    input: data/starting_files/ENSSSCG00000007218
    output: data/gene_coords/ENSSSCG00000007218.gene, data/var_coords/ENSSSCG00000007218.vars, data/complete_coords/ENSSSCG00000007218.complete
    jobid: 116
    wildcards: id=ENSSSCG00000007218


[Fri Nov 20 14:57:26 2020]
rule get_coords:
    input: data/starting_files/ENSSSCG00000006924
    output: data/gene_coords/ENSSSCG00000006924.gene, data/var_coords/ENSSSCG00000006924.vars, data/complete_coords/ENSSSCG00000006924.complete
    jobid: 134
    wildcards: id=ENSSSCG00000006924

[Fri Nov 20 14:57:26 2020]
rule get_coords:
    input: data/starting_files/ENSSSCG00000009406
    output: data/gene_coords/ENSSSCG00000009406.gene, data/var_coords/ENSSSCG00000009406.vars, data/complete_coords/ENSSSCG00000009406.complete
    jobid: 74
    wildcards: id=ENSSSCG00000009406

[Fri Nov 20 14:57:27 2020]
Finished job 120.
15 of 135 steps (11%) done
[Fri Nov 20 14:57:27 2020]
Finished job 45.
16 of 135 steps (12%) done
[Fri Nov 20 14:57:27 2020]
Finished job 30.
17 of 135 steps (13%) done
[Fri Nov 20 14:57:27 2020]
Finished job 75.
18 of 135 steps (13%) done
[Fri Nov 20 14:57:27 2020]
Finished job 116.
19 of 135 steps (14%) done
[Fri Nov 20 14:57:27 2020]
Finished job 74.
20 of 135 steps (15%) done
[Fri Nov 20 14:57:27 2020]
Finished job 134.
21 of 135 steps (16%) done
Select jobs to execute...

[Fri Nov 20 14:57:27 2020]
rule get_coords:
    input: data/starting_files/ENSSSCG00000004875
    output: data/gene_coords/ENSSSCG00000004875.gene, data/var_coords/ENSSSCG00000004875.vars, data/complete_coords/ENSSSCG00000004875.complete
    jobid: 47
    wildcards: id=ENSSSCG00000004875

[Fri Nov 20 14:57:27 2020]
rule get_coords:
    input: data/starting_files/ENSSSCG00000025500
    output: data/gene_coords/ENSSSCG00000025500.gene, data/var_coords/ENSSSCG00000025500.vars, data/complete_coords/ENSSSCG00000025500.complete
    jobid: 72
    wildcards: id=ENSSSCG00000025500


[Fri Nov 20 14:57:27 2020]
rule get_coords:
    input: data/starting_files/ENSSSCG00000008326
    output: data/gene_coords/ENSSSCG00000008326.gene, data/var_coords/ENSSSCG00000008326.vars, data/complete_coords/ENSSSCG00000008326.complete
    jobid: 1
    wildcards: id=ENSSSCG00000008326


[Fri Nov 20 14:57:27 2020]
rule get_coords:
    input: data/starting_files/ENSSSCG00000007744
    output: data/gene_coords/ENSSSCG00000007744.gene, data/var_coords/ENSSSCG00000007744.vars, data/complete_coords/ENSSSCG00000007744.complete
    jobid: 32
    wildcards: id=ENSSSCG00000007744

[Fri Nov 20 14:57:27 2020]
rule get_coords:
    input: data/starting_files/ENSSSCG00000026109
    output: data/gene_coords/ENSSSCG00000026109.gene, data/var_coords/ENSSSCG00000026109.vars, data/complete_coords/ENSSSCG00000026109.complete
    jobid: 122
    wildcards: id=ENSSSCG00000026109

[Fri Nov 20 14:57:27 2020]
rule get_coords:
    input: data/starting_files/ENSSSCG00000029990
    output: data/gene_coords/ENSSSCG00000029990.gene, data/var_coords/ENSSSCG00000029990.vars, data/complete_coords/ENSSSCG00000029990.complete
    jobid: 77
    wildcards: id=ENSSSCG00000029990


[Fri Nov 20 14:57:27 2020]
rule get_coords:
    input: data/starting_files/ENSSSCG00000015616
    output: data/gene_coords/ENSSSCG00000015616.gene, data/var_coords/ENSSSCG00000015616.vars, data/complete_coords/ENSSSCG00000015616.complete
    jobid: 78
    wildcards: id=ENSSSCG00000015616

[Fri Nov 20 14:57:28 2020]
Finished job 1.
22 of 135 steps (16%) done
[Fri Nov 20 14:57:29 2020]
Finished job 72.
23 of 135 steps (17%) done
[Fri Nov 20 14:57:29 2020]
Finished job 47.
24 of 135 steps (18%) done
[Fri Nov 20 14:57:29 2020]
Finished job 122.
25 of 135 steps (19%) done
[Fri Nov 20 14:57:29 2020]
Finished job 78.
26 of 135 steps (19%) done
[Fri Nov 20 14:57:29 2020]
Finished job 32.
27 of 135 steps (20%) done
[Fri Nov 20 14:57:29 2020]
Finished job 77.
28 of 135 steps (21%) done
Select jobs to execute...

[Fri Nov 20 14:57:29 2020]
rule get_coords:
    input: data/starting_files/ENSSSCG00000003017
    output: data/gene_coords/ENSSSCG00000003017.gene, data/var_coords/ENSSSCG00000003017.vars, data/complete_coords/ENSSSCG00000003017.complete
    jobid: 124
    wildcards: id=ENSSSCG00000003017

[Fri Nov 20 14:57:29 2020]
rule get_coords:
    input: data/starting_files/ENSSSCG00000020864
    output: data/gene_coords/ENSSSCG00000020864.gene, data/var_coords/ENSSSCG00000020864.vars, data/complete_coords/ENSSSCG00000020864.complete
    jobid: 79
    wildcards: id=ENSSSCG00000020864

[Fri Nov 20 14:57:29 2020]
rule get_coords:
    input: data/starting_files/ENSSSCG00000001050
    output: data/gene_coords/ENSSSCG00000001050.gene, data/var_coords/ENSSSCG00000001050.vars, data/complete_coords/ENSSSCG00000001050.complete
    jobid: 34
    wildcards: id=ENSSSCG00000001050


[Fri Nov 20 14:57:29 2020]
rule get_coords:
    input: data/starting_files/ENSSSCG00000006215
    output: data/gene_coords/ENSSSCG00000006215.gene, data/var_coords/ENSSSCG00000006215.vars, data/complete_coords/ENSSSCG00000006215.complete
    jobid: 49
    wildcards: id=ENSSSCG00000006215

[Fri Nov 20 14:57:29 2020]
rule get_coords:
    input: data/starting_files/ENSSSCG00000002777
    output: data/gene_coords/ENSSSCG00000002777.gene, data/var_coords/ENSSSCG00000002777.vars, data/complete_coords/ENSSSCG00000002777.complete
    jobid: 76
    wildcards: id=ENSSSCG00000002777


[Fri Nov 20 14:57:29 2020]
rule get_coords:
    input: data/starting_files/ENSSSCG00000017121
    output: data/gene_coords/ENSSSCG00000017121.gene, data/var_coords/ENSSSCG00000017121.vars, data/complete_coords/ENSSSCG00000017121.complete
    jobid: 35
    wildcards: id=ENSSSCG00000017121

[Fri Nov 20 14:57:29 2020]
rule get_coords:
    input: data/starting_files/ENSSSCG00000009115
    output: data/gene_coords/ENSSSCG00000009115.gene, data/var_coords/ENSSSCG00000009115.vars, data/complete_coords/ENSSSCG00000009115.complete
    jobid: 50
    wildcards: id=ENSSSCG00000009115

[Fri Nov 20 14:57:30 2020]
Finished job 124.
29 of 135 steps (21%) done
[Fri Nov 20 14:57:30 2020]
Finished job 49.
30 of 135 steps (22%) done
[Fri Nov 20 14:57:30 2020]
Finished job 34.
31 of 135 steps (23%) done
[Fri Nov 20 14:57:30 2020]
Finished job 35.
32 of 135 steps (24%) done
[Fri Nov 20 14:57:30 2020]
Finished job 79.
33 of 135 steps (24%) done
[Fri Nov 20 14:57:30 2020]
Finished job 76.
34 of 135 steps (25%) done
[Fri Nov 20 14:57:30 2020]
Finished job 50.
35 of 135 steps (26%) done
Select jobs to execute...

[Fri Nov 20 14:57:30 2020]
rule get_coords:
    input: data/starting_files/ENSSSCG00000012257
    output: data/gene_coords/ENSSSCG00000012257.gene, data/var_coords/ENSSSCG00000012257.vars, data/complete_coords/ENSSSCG00000012257.complete
    jobid: 36
    wildcards: id=ENSSSCG00000012257

[Fri Nov 20 14:57:30 2020]
rule get_coords:
    input: data/starting_files/ENSSSCG00000007226
    output: data/gene_coords/ENSSSCG00000007226.gene, data/var_coords/ENSSSCG00000007226.vars, data/complete_coords/ENSSSCG00000007226.complete
    jobid: 51
    wildcards: id=ENSSSCG00000007226


[Fri Nov 20 14:57:30 2020]
rule get_coords:
    input: data/starting_files/ENSSSCG00000003141
    output: data/gene_coords/ENSSSCG00000003141.gene, data/var_coords/ENSSSCG00000003141.vars, data/complete_coords/ENSSSCG00000003141.complete
    jobid: 81
    wildcards: id=ENSSSCG00000003141


[Fri Nov 20 14:57:30 2020]
rule get_coords:
    input: data/starting_files/ENSSSCG00000000038
    output: data/gene_coords/ENSSSCG00000000038.gene, data/var_coords/ENSSSCG00000000038.vars, data/complete_coords/ENSSSCG00000000038.complete
    jobid: 126
    wildcards: id=ENSSSCG00000000038


[Fri Nov 20 14:57:30 2020]
rule get_coords:
    input: data/starting_files/ENSSSCG00000016047
    output: data/gene_coords/ENSSSCG00000016047.gene, data/var_coords/ENSSSCG00000016047.vars, data/complete_coords/ENSSSCG00000016047.complete
    jobid: 125
    wildcards: id=ENSSSCG00000016047

[Fri Nov 20 14:57:30 2020]
rule get_coords:
    input: data/starting_files/ENSSSCG00000001428
    output: data/gene_coords/ENSSSCG00000001428.gene, data/var_coords/ENSSSCG00000001428.vars, data/complete_coords/ENSSSCG00000001428.complete
    jobid: 46
    wildcards: id=ENSSSCG00000001428


[Fri Nov 20 14:57:30 2020]
rule get_coords:
    input: data/starting_files/ENSSSCG00000010459
    output: data/gene_coords/ENSSSCG00000010459.gene, data/var_coords/ENSSSCG00000010459.vars, data/complete_coords/ENSSSCG00000010459.complete
    jobid: 52
    wildcards: id=ENSSSCG00000010459

[Fri Nov 20 14:57:31 2020]
Finished job 81.
36 of 135 steps (27%) done
[Fri Nov 20 14:57:31 2020]
Finished job 51.
37 of 135 steps (27%) done
[Fri Nov 20 14:57:31 2020]
Finished job 126.
38 of 135 steps (28%) done
[Fri Nov 20 14:57:31 2020]
Finished job 36.
39 of 135 steps (29%) done
[Fri Nov 20 14:57:31 2020]
Finished job 46.
40 of 135 steps (30%) done
[Fri Nov 20 14:57:31 2020]
Finished job 125.
41 of 135 steps (30%) done
[Fri Nov 20 14:57:31 2020]
Finished job 52.
42 of 135 steps (31%) done
Select jobs to execute...

[Fri Nov 20 14:57:31 2020]
rule get_coords:
    input: data/starting_files/ENSSSCG00000011453
    output: data/gene_coords/ENSSSCG00000011453.gene, data/var_coords/ENSSSCG00000011453.vars, data/complete_coords/ENSSSCG00000011453.complete
    jobid: 15
    wildcards: id=ENSSSCG00000011453

[Fri Nov 20 14:57:31 2020]
rule get_coords:
    input: data/starting_files/ENSSSCG00000030168
    output: data/gene_coords/ENSSSCG00000030168.gene, data/var_coords/ENSSSCG00000030168.vars, data/complete_coords/ENSSSCG00000030168.complete
    jobid: 80
    wildcards: id=ENSSSCG00000030168


[Fri Nov 20 14:57:31 2020]
rule get_coords:
    input: data/starting_files/ENSSSCG00000010885
    output: data/gene_coords/ENSSSCG00000010885.gene, data/var_coords/ENSSSCG00000010885.vars, data/complete_coords/ENSSSCG00000010885.complete
    jobid: 123
    wildcards: id=ENSSSCG00000010885


[Fri Nov 20 14:57:31 2020]
rule get_coords:
    input: data/starting_files/ENSSSCG00000007153
    output: data/gene_coords/ENSSSCG00000007153.gene, data/var_coords/ENSSSCG00000007153.vars, data/complete_coords/ENSSSCG00000007153.complete
    jobid: 29
    wildcards: id=ENSSSCG00000007153


[Fri Nov 20 14:57:31 2020]
rule get_coords:
    input: data/starting_files/ENSSSCG00000013369
    output: data/gene_coords/ENSSSCG00000013369.gene, data/var_coords/ENSSSCG00000013369.vars, data/complete_coords/ENSSSCG00000013369.complete
    jobid: 33
    wildcards: id=ENSSSCG00000013369


[Fri Nov 20 14:57:32 2020]
rule get_coords:
    input: data/starting_files/ENSSSCG00000027877
    output: data/gene_coords/ENSSSCG00000027877.gene, data/var_coords/ENSSSCG00000027877.vars, data/complete_coords/ENSSSCG00000027877.complete
    jobid: 82
    wildcards: id=ENSSSCG00000027877

[Fri Nov 20 14:57:32 2020]
rule get_coords:
    input: data/starting_files/ENSSSCG00000000932
    output: data/gene_coords/ENSSSCG00000000932.gene, data/var_coords/ENSSSCG00000000932.vars, data/complete_coords/ENSSSCG00000000932.complete
    jobid: 127
    wildcards: id=ENSSSCG00000000932

[Fri Nov 20 14:57:32 2020]
Finished job 123.
43 of 135 steps (32%) done
[Fri Nov 20 14:57:33 2020]
Finished job 80.
44 of 135 steps (33%) done
[Fri Nov 20 14:57:33 2020]
Finished job 15.
45 of 135 steps (33%) done
[Fri Nov 20 14:57:33 2020]
Finished job 33.
46 of 135 steps (34%) done
[Fri Nov 20 14:57:33 2020]
Finished job 127.
47 of 135 steps (35%) done
[Fri Nov 20 14:57:33 2020]
Finished job 82.
48 of 135 steps (36%) done
[Fri Nov 20 14:57:33 2020]
Finished job 29.
49 of 135 steps (36%) done
Select jobs to execute...

[Fri Nov 20 14:57:33 2020]
rule get_coords:
    input: data/starting_files/ENSSSCG00000014428
    output: data/gene_coords/ENSSSCG00000014428.gene, data/var_coords/ENSSSCG00000014428.vars, data/complete_coords/ENSSSCG00000014428.complete
    jobid: 27
    wildcards: id=ENSSSCG00000014428

[Fri Nov 20 14:57:33 2020]
rule get_coords:
    input: data/starting_files/ENSSSCG00000010554
    output: data/gene_coords/ENSSSCG00000010554.gene, data/var_coords/ENSSSCG00000010554.vars, data/complete_coords/ENSSSCG00000010554.complete
    jobid: 38
    wildcards: id=ENSSSCG00000010554


[Fri Nov 20 14:57:33 2020]
rule get_coords:
    input: data/starting_files/ENSSSCG00000010948
    output: data/gene_coords/ENSSSCG00000010948.gene, data/var_coords/ENSSSCG00000010948.vars, data/complete_coords/ENSSSCG00000010948.complete
    jobid: 53
    wildcards: id=ENSSSCG00000010948


[Fri Nov 20 14:57:33 2020]
rule get_coords:
    input: data/starting_files/ENSSSCG00000012117
    output: data/gene_coords/ENSSSCG00000012117.gene, data/var_coords/ENSSSCG00000012117.vars, data/complete_coords/ENSSSCG00000012117.complete
    jobid: 37
    wildcards: id=ENSSSCG00000012117

[Fri Nov 20 14:57:33 2020]
rule get_coords:
    input: data/starting_files/ENSSSCG00000027850
    output: data/gene_coords/ENSSSCG00000027850.gene, data/var_coords/ENSSSCG00000027850.vars, data/complete_coords/ENSSSCG00000027850.complete
    jobid: 121
    wildcards: id=ENSSSCG00000027850


[Fri Nov 20 14:57:33 2020]
rule get_coords:
    input: data/starting_files/ENSSSCG00000015048
    output: data/gene_coords/ENSSSCG00000015048.gene, data/var_coords/ENSSSCG00000015048.vars, data/complete_coords/ENSSSCG00000015048.complete
    jobid: 31
    wildcards: id=ENSSSCG00000015048


[Fri Nov 20 14:57:33 2020]
rule get_coords:
    input: data/starting_files/ENSSSCG00000026583
    output: data/gene_coords/ENSSSCG00000026583.gene, data/var_coords/ENSSSCG00000026583.vars, data/complete_coords/ENSSSCG00000026583.complete
    jobid: 48
    wildcards: id=ENSSSCG00000026583

[Fri Nov 20 14:57:34 2020]
Finished job 37.
50 of 135 steps (37%) done
[Fri Nov 20 14:57:34 2020]
Finished job 38.
51 of 135 steps (38%) done
[Fri Nov 20 14:57:34 2020]
Finished job 53.
52 of 135 steps (39%) done
[Fri Nov 20 14:57:34 2020]
Finished job 27.
53 of 135 steps (39%) done
[Fri Nov 20 14:57:34 2020]
Finished job 48.
54 of 135 steps (40%) done
[Fri Nov 20 14:57:35 2020]
Finished job 31.
55 of 135 steps (41%) done
[Fri Nov 20 14:57:35 2020]
Finished job 121.
56 of 135 steps (41%) done
Select jobs to execute...

[Fri Nov 20 14:57:35 2020]
rule get_coords:
    input: data/starting_files/ENSSSCG00000005488
    output: data/gene_coords/ENSSSCG00000005488.gene, data/var_coords/ENSSSCG00000005488.vars, data/complete_coords/ENSSSCG00000005488.complete
    jobid: 118
    wildcards: id=ENSSSCG00000005488

[Fri Nov 20 14:57:35 2020]
rule get_coords:
    input: data/starting_files/ENSSSCG00000013579
    output: data/gene_coords/ENSSSCG00000013579.gene, data/var_coords/ENSSSCG00000013579.vars, data/complete_coords/ENSSSCG00000013579.complete
    jobid: 83
    wildcards: id=ENSSSCG00000013579


[Fri Nov 20 14:57:35 2020]
rule get_coords:
    input: data/starting_files/ENSSSCG00000030227
    output: data/gene_coords/ENSSSCG00000030227.gene, data/var_coords/ENSSSCG00000030227.vars, data/complete_coords/ENSSSCG00000030227.complete
    jobid: 128
    wildcards: id=ENSSSCG00000030227


[Fri Nov 20 14:57:35 2020]
rule get_coords:
    input: data/starting_files/ENSSSCG00000030758
    output: data/gene_coords/ENSSSCG00000030758.gene, data/var_coords/ENSSSCG00000030758.vars, data/complete_coords/ENSSSCG00000030758.complete
    jobid: 119
    wildcards: id=ENSSSCG00000030758

[Fri Nov 20 14:57:35 2020]
rule get_coords:
    input: data/starting_files/ENSSSCG00000023666
    output: data/gene_coords/ENSSSCG00000023666.gene, data/var_coords/ENSSSCG00000023666.vars, data/complete_coords/ENSSSCG00000023666.complete
    jobid: 26
    wildcards: id=ENSSSCG00000023666

[Fri Nov 20 14:57:35 2020]
rule get_coords:
    input: data/starting_files/ENSSSCG00000012840
    output: data/gene_coords/ENSSSCG00000012840.gene, data/var_coords/ENSSSCG00000012840.vars, data/complete_coords/ENSSSCG00000012840.complete
    jobid: 89
    wildcards: id=ENSSSCG00000012840


[Fri Nov 20 14:57:35 2020]
rule get_coords:
    input: data/starting_files/ENSSSCG00000001404
    output: data/gene_coords/ENSSSCG00000001404.gene, data/var_coords/ENSSSCG00000001404.vars, data/complete_coords/ENSSSCG00000001404.complete
    jobid: 44
    wildcards: id=ENSSSCG00000001404

[Fri Nov 20 14:57:35 2020]
Finished job 128.
57 of 135 steps (42%) done
[Fri Nov 20 14:57:36 2020]
Finished job 118.
58 of 135 steps (43%) done
[Fri Nov 20 14:57:36 2020]
Finished job 83.
59 of 135 steps (44%) done
[Fri Nov 20 14:57:36 2020]
Finished job 119.
60 of 135 steps (44%) done
[Fri Nov 20 14:57:36 2020]
Finished job 89.
61 of 135 steps (45%) done
[Fri Nov 20 14:57:36 2020]
Finished job 26.
62 of 135 steps (46%) done
[Fri Nov 20 14:57:36 2020]
Finished job 44.
63 of 135 steps (47%) done
Select jobs to execute...

[Fri Nov 20 14:57:36 2020]
rule get_coords:
    input: data/starting_files/ENSSSCG00000001743
    output: data/gene_coords/ENSSSCG00000001743.gene, data/var_coords/ENSSSCG00000001743.vars, data/complete_coords/ENSSSCG00000001743.complete
    jobid: 4
    wildcards: id=ENSSSCG00000001743

[Fri Nov 20 14:57:36 2020]
rule get_coords:
    input: data/starting_files/ENSSSCG00000011436
    output: data/gene_coords/ENSSSCG00000011436.gene, data/var_coords/ENSSSCG00000011436.vars, data/complete_coords/ENSSSCG00000011436.complete
    jobid: 41
    wildcards: id=ENSSSCG00000011436


[Fri Nov 20 14:57:36 2020]
rule get_coords:
    input: data/starting_files/ENSSSCG00000025273
    output: data/gene_coords/ENSSSCG00000025273.gene, data/var_coords/ENSSSCG00000025273.vars, data/complete_coords/ENSSSCG00000025273.complete
    jobid: 101
    wildcards: id=ENSSSCG00000025273

[Fri Nov 20 14:57:36 2020]
rule get_coords:
    input: data/starting_files/ENSSSCG00000005193
    output: data/gene_coords/ENSSSCG00000005193.gene, data/var_coords/ENSSSCG00000005193.vars, data/complete_coords/ENSSSCG00000005193.complete
    jobid: 71
    wildcards: id=ENSSSCG00000005193


[Fri Nov 20 14:57:36 2020]
rule get_coords:
    input: data/starting_files/ENSSSCG00000017103
    output: data/gene_coords/ENSSSCG00000017103.gene, data/var_coords/ENSSSCG00000017103.vars, data/complete_coords/ENSSSCG00000017103.complete
    jobid: 108
    wildcards: id=ENSSSCG00000017103

[Fri Nov 20 14:57:36 2020]
rule get_coords:
    input: data/starting_files/ENSSSCG00000020924
    output: data/gene_coords/ENSSSCG00000020924.gene, data/var_coords/ENSSSCG00000020924.vars, data/complete_coords/ENSSSCG00000020924.complete
    jobid: 56
    wildcards: id=ENSSSCG00000020924


[Fri Nov 20 14:57:36 2020]
rule get_coords:
    input: data/starting_files/ENSSSCG00000000481
    output: data/gene_coords/ENSSSCG00000000481.gene, data/var_coords/ENSSSCG00000000481.vars, data/complete_coords/ENSSSCG00000000481.complete
    jobid: 131
    wildcards: id=ENSSSCG00000000481

[Fri Nov 20 14:57:37 2020]
Finished job 71.
64 of 135 steps (47%) done
[Fri Nov 20 14:57:37 2020]
Finished job 41.
65 of 135 steps (48%) done
[Fri Nov 20 14:57:37 2020]
Finished job 4.
66 of 135 steps (49%) done
[Fri Nov 20 14:57:37 2020]
Finished job 56.
67 of 135 steps (50%) done
[Fri Nov 20 14:57:37 2020]
Finished job 101.
68 of 135 steps (50%) done
[Fri Nov 20 14:57:37 2020]
Finished job 108.
69 of 135 steps (51%) done
[Fri Nov 20 14:57:38 2020]
Finished job 131.
70 of 135 steps (52%) done
Select jobs to execute...

[Fri Nov 20 14:57:38 2020]
rule get_coords:
    input: data/starting_files/ENSSSCG00000023876
    output: data/gene_coords/ENSSSCG00000023876.gene, data/var_coords/ENSSSCG00000023876.vars, data/complete_coords/ENSSSCG00000023876.complete
    jobid: 40
    wildcards: id=ENSSSCG00000023876

[Fri Nov 20 14:57:38 2020]
rule get_coords:
    input: data/starting_files/ENSSSCG00000025058
    output: data/gene_coords/ENSSSCG00000025058.gene, data/var_coords/ENSSSCG00000025058.vars, data/complete_coords/ENSSSCG00000025058.complete
    jobid: 25
    wildcards: id=ENSSSCG00000025058


[Fri Nov 20 14:57:38 2020]
rule get_coords:
    input: data/starting_files/ENSSSCG00000012593
    output: data/gene_coords/ENSSSCG00000012593.gene, data/var_coords/ENSSSCG00000012593.vars, data/complete_coords/ENSSSCG00000012593.complete
    jobid: 13
    wildcards: id=ENSSSCG00000012593


[Fri Nov 20 14:57:38 2020]
rule get_coords:
    input: data/starting_files/ENSSSCG00000016273
    output: data/gene_coords/ENSSSCG00000016273.gene, data/var_coords/ENSSSCG00000016273.vars, data/complete_coords/ENSSSCG00000016273.complete
    jobid: 55
    wildcards: id=ENSSSCG00000016273

[Fri Nov 20 14:57:38 2020]
rule get_coords:
    input: data/starting_files/ENSSSCG00000011862
    output: data/gene_coords/ENSSSCG00000011862.gene, data/var_coords/ENSSSCG00000011862.vars, data/complete_coords/ENSSSCG00000011862.complete
    jobid: 70
    wildcards: id=ENSSSCG00000011862


[Fri Nov 20 14:57:38 2020]
rule get_coords:
    input: data/starting_files/ENSSSCG00000010310
    output: data/gene_coords/ENSSSCG00000010310.gene, data/var_coords/ENSSSCG00000010310.vars, data/complete_coords/ENSSSCG00000010310.complete
    jobid: 85
    wildcards: id=ENSSSCG00000010310


[Fri Nov 20 14:57:38 2020]
rule get_coords:
    input: data/starting_files/ENSSSCG00000008521
    output: data/gene_coords/ENSSSCG00000008521.gene, data/var_coords/ENSSSCG00000008521.vars, data/complete_coords/ENSSSCG00000008521.complete
    jobid: 94
    wildcards: id=ENSSSCG00000008521

[Fri Nov 20 14:57:39 2020]
Finished job 55.
71 of 135 steps (53%) done
[Fri Nov 20 14:57:39 2020]
Finished job 70.
72 of 135 steps (53%) done
[Fri Nov 20 14:57:39 2020]
Finished job 13.
73 of 135 steps (54%) done
[Fri Nov 20 14:57:39 2020]
Finished job 25.
74 of 135 steps (55%) done
[Fri Nov 20 14:57:39 2020]
Finished job 94.
75 of 135 steps (56%) done
[Fri Nov 20 14:57:39 2020]
Finished job 85.
76 of 135 steps (56%) done
[Fri Nov 20 14:57:39 2020]
Finished job 40.
77 of 135 steps (57%) done
Select jobs to execute...

[Fri Nov 20 14:57:39 2020]
rule get_coords:
    input: data/starting_files/ENSSSCG00000007214
    output: data/gene_coords/ENSSSCG00000007214.gene, data/var_coords/ENSSSCG00000007214.vars, data/complete_coords/ENSSSCG00000007214.complete
    jobid: 107
    wildcards: id=ENSSSCG00000007214


[Fri Nov 20 14:57:39 2020]
rule get_coords:
    input: data/starting_files/ENSSSCG00000006337
    output: data/gene_coords/ENSSSCG00000006337.gene, data/var_coords/ENSSSCG00000006337.vars, data/complete_coords/ENSSSCG00000006337.complete
    jobid: 130
    wildcards: id=ENSSSCG00000006337

[Fri Nov 20 14:57:39 2020]
rule get_coords:
    input: data/starting_files/ENSSSCG00000029988
    output: data/gene_coords/ENSSSCG00000029988.gene, data/var_coords/ENSSSCG00000029988.vars, data/complete_coords/ENSSSCG00000029988.complete
    jobid: 6
    wildcards: id=ENSSSCG00000029988


[Fri Nov 20 14:57:39 2020]
rule get_coords:
    input: data/starting_files/ENSSSCG00000016200
    output: data/gene_coords/ENSSSCG00000016200.gene, data/var_coords/ENSSSCG00000016200.vars, data/complete_coords/ENSSSCG00000016200.complete
    jobid: 92
    wildcards: id=ENSSSCG00000016200


[Fri Nov 20 14:57:39 2020]
rule get_coords:
    input: data/starting_files/ENSSSCG00000011512
    output: data/gene_coords/ENSSSCG00000011512.gene, data/var_coords/ENSSSCG00000011512.vars, data/complete_coords/ENSSSCG00000011512.complete
    jobid: 42
    wildcards: id=ENSSSCG00000011512


[Fri Nov 20 14:57:39 2020]
rule get_coords:
    input: data/starting_files/ENSSSCG00000017399
    output: data/gene_coords/ENSSSCG00000017399.gene, data/var_coords/ENSSSCG00000017399.vars, data/complete_coords/ENSSSCG00000017399.complete
    jobid: 3
    wildcards: id=ENSSSCG00000017399

[Fri Nov 20 14:57:39 2020]
rule get_coords:
    input: data/starting_files/ENSSSCG00000016940
    output: data/gene_coords/ENSSSCG00000016940.gene, data/var_coords/ENSSSCG00000016940.vars, data/complete_coords/ENSSSCG00000016940.complete
    jobid: 18
    wildcards: id=ENSSSCG00000016940

[Fri Nov 20 14:57:40 2020]
Finished job 107.
78 of 135 steps (58%) done
[Fri Nov 20 14:57:40 2020]
Finished job 42.
79 of 135 steps (59%) done
[Fri Nov 20 14:57:40 2020]
Finished job 130.
80 of 135 steps (59%) done
[Fri Nov 20 14:57:40 2020]
Finished job 18.
81 of 135 steps (60%) done
[Fri Nov 20 14:57:40 2020]
Finished job 6.
82 of 135 steps (61%) done
[Fri Nov 20 14:57:40 2020]
Finished job 92.
83 of 135 steps (61%) done
[Fri Nov 20 14:57:40 2020]
Finished job 3.
84 of 135 steps (62%) done
Select jobs to execute...

[Fri Nov 20 14:57:40 2020]
rule get_coords:
    input: data/starting_files/ENSSSCG00000007146
    output: data/gene_coords/ENSSSCG00000007146.gene, data/var_coords/ENSSSCG00000007146.vars, data/complete_coords/ENSSSCG00000007146.complete
    jobid: 17
    wildcards: id=ENSSSCG00000007146

[Fri Nov 20 14:57:40 2020]
rule get_coords:
    input: data/starting_files/ENSSSCG00000012077
    output: data/gene_coords/ENSSSCG00000012077.gene, data/var_coords/ENSSSCG00000012077.vars, data/complete_coords/ENSSSCG00000012077.complete
    jobid: 62
    wildcards: id=ENSSSCG00000012077

[Fri Nov 20 14:57:40 2020]
rule get_coords:
    input: data/starting_files/ENSSSCG00000009695
    output: data/gene_coords/ENSSSCG00000009695.gene, data/var_coords/ENSSSCG00000009695.vars, data/complete_coords/ENSSSCG00000009695.complete
    jobid: 87
    wildcards: id=ENSSSCG00000009695


[Fri Nov 20 14:57:40 2020]
rule get_coords:
    input: data/starting_files/ENSSSCG00000024689
    output: data/gene_coords/ENSSSCG00000024689.gene, data/var_coords/ENSSSCG00000024689.vars, data/complete_coords/ENSSSCG00000024689.complete
    jobid: 63
    wildcards: id=ENSSSCG00000024689


[Fri Nov 20 14:57:40 2020]
rule get_coords:
    input: data/starting_files/ENSSSCG00000031002
    output: data/gene_coords/ENSSSCG00000031002.gene, data/var_coords/ENSSSCG00000031002.vars, data/complete_coords/ENSSSCG00000031002.complete
    jobid: 11
    wildcards: id=ENSSSCG00000031002

[Fri Nov 20 14:57:40 2020]
rule get_coords:
    input: data/starting_files/ENSSSCG00000009477
    output: data/gene_coords/ENSSSCG00000009477.gene, data/var_coords/ENSSSCG00000009477.vars, data/complete_coords/ENSSSCG00000009477.complete
    jobid: 93
    wildcards: id=ENSSSCG00000009477

[Fri Nov 20 14:57:40 2020]
rule get_coords:
    input: data/starting_files/ENSSSCG00000002756
    output: data/gene_coords/ENSSSCG00000002756.gene, data/var_coords/ENSSSCG00000002756.vars, data/complete_coords/ENSSSCG00000002756.complete
    jobid: 86
    wildcards: id=ENSSSCG00000002756

[Fri Nov 20 14:57:41 2020]
Finished job 17.
85 of 135 steps (63%) done
[Fri Nov 20 14:57:42 2020]
Finished job 87.
86 of 135 steps (64%) done
[Fri Nov 20 14:57:42 2020]
Finished job 11.
87 of 135 steps (64%) done
[Fri Nov 20 14:57:42 2020]
Finished job 63.
88 of 135 steps (65%) done
[Fri Nov 20 14:57:42 2020]
Finished job 93.
89 of 135 steps (66%) done
[Fri Nov 20 14:57:42 2020]
Finished job 86.
90 of 135 steps (67%) done
[Fri Nov 20 14:57:42 2020]
Finished job 62.
91 of 135 steps (67%) done
Select jobs to execute...

[Fri Nov 20 14:57:42 2020]
rule get_coords:
    input: data/starting_files/ENSSSCG00000002961
    output: data/gene_coords/ENSSSCG00000002961.gene, data/var_coords/ENSSSCG00000002961.vars, data/complete_coords/ENSSSCG00000002961.complete
    jobid: 19
    wildcards: id=ENSSSCG00000002961

[Fri Nov 20 14:57:42 2020]
rule get_coords:
    input: data/starting_files/ENSSSCG00000024973
    output: data/gene_coords/ENSSSCG00000024973.gene, data/var_coords/ENSSSCG00000024973.vars, data/complete_coords/ENSSSCG00000024973.complete
    jobid: 103
    wildcards: id=ENSSSCG00000024973


[Fri Nov 20 14:57:42 2020]
rule get_coords:
    input: data/starting_files/ENSSSCG00000026409
    output: data/gene_coords/ENSSSCG00000026409.gene, data/var_coords/ENSSSCG00000026409.vars, data/complete_coords/ENSSSCG00000026409.complete
    jobid: 2
    wildcards: id=ENSSSCG00000026409


[Fri Nov 20 14:57:42 2020]
rule get_coords:
    input: data/starting_files/ENSSSCG00000007216
    output: data/gene_coords/ENSSSCG00000007216.gene, data/var_coords/ENSSSCG00000007216.vars, data/complete_coords/ENSSSCG00000007216.complete
    jobid: 64
    wildcards: id=ENSSSCG00000007216

[Fri Nov 20 14:57:42 2020]
rule get_coords:
    input: data/starting_files/ENSSSCG00000022432
    output: data/gene_coords/ENSSSCG00000022432.gene, data/var_coords/ENSSSCG00000022432.vars, data/complete_coords/ENSSSCG00000022432.complete
    jobid: 129
    wildcards: id=ENSSSCG00000022432


[Fri Nov 20 14:57:42 2020]
rule get_coords:
    input: data/starting_files/ENSSSCG00000007277
    output: data/gene_coords/ENSSSCG00000007277.gene, data/var_coords/ENSSSCG00000007277.vars, data/complete_coords/ENSSSCG00000007277.complete
    jobid: 84
    wildcards: id=ENSSSCG00000007277

[Fri Nov 20 14:57:42 2020]
rule get_coords:
    input: data/starting_files/ENSSSCG00000010929
    output: data/gene_coords/ENSSSCG00000010929.gene, data/var_coords/ENSSSCG00000010929.vars, data/complete_coords/ENSSSCG00000010929.complete
    jobid: 5
    wildcards: id=ENSSSCG00000010929

[Fri Nov 20 14:57:43 2020]
Finished job 2.
92 of 135 steps (68%) done
[Fri Nov 20 14:57:43 2020]
Finished job 103.
93 of 135 steps (69%) done
[Fri Nov 20 14:57:43 2020]
Finished job 64.
94 of 135 steps (70%) done
[Fri Nov 20 14:57:43 2020]
Finished job 19.
95 of 135 steps (70%) done
[Fri Nov 20 14:57:43 2020]
Finished job 5.
96 of 135 steps (71%) done
[Fri Nov 20 14:57:43 2020]
Finished job 129.
97 of 135 steps (72%) done
[Fri Nov 20 14:57:43 2020]
Finished job 84.
98 of 135 steps (73%) done
Select jobs to execute...

[Fri Nov 20 14:57:43 2020]
rule get_coords:
    input: data/starting_files/ENSSSCG00000015070
    output: data/gene_coords/ENSSSCG00000015070.gene, data/var_coords/ENSSSCG00000015070.vars, data/complete_coords/ENSSSCG00000015070.complete
    jobid: 12
    wildcards: id=ENSSSCG00000015070

[Fri Nov 20 14:57:43 2020]
rule get_coords:
    input: data/starting_files/ENSSSCG00000026201
    output: data/gene_coords/ENSSSCG00000026201.gene, data/var_coords/ENSSSCG00000026201.vars, data/complete_coords/ENSSSCG00000026201.complete
    jobid: 21
    wildcards: id=ENSSSCG00000026201


[Fri Nov 20 14:57:43 2020]
rule get_coords:
    input: data/starting_files/ENSSSCG00000021739
    output: data/gene_coords/ENSSSCG00000021739.gene, data/var_coords/ENSSSCG00000021739.vars, data/complete_coords/ENSSSCG00000021739.complete
    jobid: 109
    wildcards: id=ENSSSCG00000021739


[Fri Nov 20 14:57:43 2020]
rule get_coords:
    input: data/starting_files/ENSSSCG00000008948
    output: data/gene_coords/ENSSSCG00000008948.gene, data/var_coords/ENSSSCG00000008948.vars, data/complete_coords/ENSSSCG00000008948.complete
    jobid: 57
    wildcards: id=ENSSSCG00000008948


[Fri Nov 20 14:57:43 2020]
rule get_coords:
    input: data/starting_files/ENSSSCG00000002686
    output: data/gene_coords/ENSSSCG00000002686.gene, data/var_coords/ENSSSCG00000002686.vars, data/complete_coords/ENSSSCG00000002686.complete
    jobid: 54
    wildcards: id=ENSSSCG00000002686

[Fri Nov 20 14:57:43 2020]
rule get_coords:
    input: data/starting_files/ENSSSCG00000006648
    output: data/gene_coords/ENSSSCG00000006648.gene, data/var_coords/ENSSSCG00000006648.vars, data/complete_coords/ENSSSCG00000006648.complete
    jobid: 39
    wildcards: id=ENSSSCG00000006648


[Fri Nov 20 14:57:43 2020]
rule get_coords:
    input: data/starting_files/ENSSSCG00000008088
    output: data/gene_coords/ENSSSCG00000008088.gene, data/var_coords/ENSSSCG00000008088.vars, data/complete_coords/ENSSSCG00000008088.complete
    jobid: 65
    wildcards: id=ENSSSCG00000008088

[Fri Nov 20 14:57:45 2020]
Finished job 21.
99 of 135 steps (73%) done
[Fri Nov 20 14:57:45 2020]
Finished job 12.
100 of 135 steps (74%) done
[Fri Nov 20 14:57:45 2020]
Finished job 54.
101 of 135 steps (75%) done
[Fri Nov 20 14:57:45 2020]
Finished job 39.
102 of 135 steps (76%) done
[Fri Nov 20 14:57:45 2020]
Finished job 57.
103 of 135 steps (76%) done
[Fri Nov 20 14:57:45 2020]
Finished job 65.
104 of 135 steps (77%) done
[Fri Nov 20 14:57:45 2020]
Finished job 109.
105 of 135 steps (78%) done
Select jobs to execute...

[Fri Nov 20 14:57:45 2020]
rule get_coords:
    input: data/starting_files/ENSSSCG00000015053
    output: data/gene_coords/ENSSSCG00000015053.gene, data/var_coords/ENSSSCG00000015053.vars, data/complete_coords/ENSSSCG00000015053.complete
    jobid: 111
    wildcards: id=ENSSSCG00000015053

[Fri Nov 20 14:57:45 2020]
rule get_coords:
    input: data/starting_files/ENSSSCG00000012118
    output: data/gene_coords/ENSSSCG00000012118.gene, data/var_coords/ENSSSCG00000012118.vars, data/complete_coords/ENSSSCG00000012118.complete
    jobid: 96
    wildcards: id=ENSSSCG00000012118


[Fri Nov 20 14:57:45 2020]
rule get_coords:
    input: data/starting_files/ENSSSCG00000006719
    output: data/gene_coords/ENSSSCG00000006719.gene, data/var_coords/ENSSSCG00000006719.vars, data/complete_coords/ENSSSCG00000006719.complete
    jobid: 22
    wildcards: id=ENSSSCG00000006719


[Fri Nov 20 14:57:45 2020]
rule get_coords:
    input: data/starting_files/ENSSSCG00000000866
    output: data/gene_coords/ENSSSCG00000000866.gene, data/var_coords/ENSSSCG00000000866.vars, data/complete_coords/ENSSSCG00000000866.complete
    jobid: 7
    wildcards: id=ENSSSCG00000000866

[Fri Nov 20 14:57:45 2020]
rule get_coords:
    input: data/starting_files/ENSSSCG00000026214
    output: data/gene_coords/ENSSSCG00000026214.gene, data/var_coords/ENSSSCG00000026214.vars, data/complete_coords/ENSSSCG00000026214.complete
    jobid: 14
    wildcards: id=ENSSSCG00000026214


[Fri Nov 20 14:57:45 2020]
rule get_coords:
    input: data/starting_files/ENSSSCG00000030733
    output: data/gene_coords/ENSSSCG00000030733.gene, data/var_coords/ENSSSCG00000030733.vars, data/complete_coords/ENSSSCG00000030733.complete
    jobid: 67
    wildcards: id=ENSSSCG00000030733

[Fri Nov 20 14:57:45 2020]
rule get_coords:
    input: data/starting_files/ENSSSCG00000028431
    output: data/gene_coords/ENSSSCG00000028431.gene, data/var_coords/ENSSSCG00000028431.vars, data/complete_coords/ENSSSCG00000028431.complete
    jobid: 61
    wildcards: id=ENSSSCG00000028431

[Fri Nov 20 14:57:46 2020]
Finished job 14.
106 of 135 steps (79%) done
[Fri Nov 20 14:57:46 2020]
Finished job 111.
107 of 135 steps (79%) done
[Fri Nov 20 14:57:46 2020]
Finished job 22.
108 of 135 steps (80%) done
[Fri Nov 20 14:57:47 2020]
Finished job 96.
109 of 135 steps (81%) done
[Fri Nov 20 14:57:47 2020]
Finished job 67.
110 of 135 steps (81%) done
[Fri Nov 20 14:57:47 2020]
Finished job 7.
111 of 135 steps (82%) done
[Fri Nov 20 14:57:47 2020]
Finished job 61.
112 of 135 steps (83%) done
Select jobs to execute...

[Fri Nov 20 14:57:47 2020]
rule get_coords:
    input: data/starting_files/ENSSSCG00000031060
    output: data/gene_coords/ENSSSCG00000031060.gene, data/var_coords/ENSSSCG00000031060.vars, data/complete_coords/ENSSSCG00000031060.complete
    jobid: 105
    wildcards: id=ENSSSCG00000031060

[Fri Nov 20 14:57:47 2020]
rule get_coords:
    input: data/starting_files/ENSSSCG00000006386
    output: data/gene_coords/ENSSSCG00000006386.gene, data/var_coords/ENSSSCG00000006386.vars, data/complete_coords/ENSSSCG00000006386.complete
    jobid: 60
    wildcards: id=ENSSSCG00000006386


[Fri Nov 20 14:57:47 2020]
rule get_coords:
    input: data/starting_files/ENSSSCG00000028629
    output: data/gene_coords/ENSSSCG00000028629.gene, data/var_coords/ENSSSCG00000028629.vars, data/complete_coords/ENSSSCG00000028629.complete
    jobid: 90
    wildcards: id=ENSSSCG00000028629

[Fri Nov 20 14:57:47 2020]
rule get_coords:
    input: data/starting_files/ENSSSCG00000025244
    output: data/gene_coords/ENSSSCG00000025244.gene, data/var_coords/ENSSSCG00000025244.vars, data/complete_coords/ENSSSCG00000025244.complete
    jobid: 8
    wildcards: id=ENSSSCG00000025244


[Fri Nov 20 14:57:47 2020]
rule get_coords:
    input: data/starting_files/ENSSSCG00000014170
    output: data/gene_coords/ENSSSCG00000014170.gene, data/var_coords/ENSSSCG00000014170.vars, data/complete_coords/ENSSSCG00000014170.complete
    jobid: 112
    wildcards: id=ENSSSCG00000014170

[Fri Nov 20 14:57:47 2020]
rule get_coords:
    input: data/starting_files/ENSSSCG00000027555
    output: data/gene_coords/ENSSSCG00000027555.gene, data/var_coords/ENSSSCG00000027555.vars, data/complete_coords/ENSSSCG00000027555.complete
    jobid: 97
    wildcards: id=ENSSSCG00000027555


[Fri Nov 20 14:57:47 2020]
rule get_coords:
    input: data/starting_files/ENSSSCG00000006403
    output: data/gene_coords/ENSSSCG00000006403.gene, data/var_coords/ENSSSCG00000006403.vars, data/complete_coords/ENSSSCG00000006403.complete
    jobid: 20
    wildcards: id=ENSSSCG00000006403

[Fri Nov 20 14:57:48 2020]
Finished job 90.
113 of 135 steps (84%) done
[Fri Nov 20 14:57:48 2020]
Finished job 8.
114 of 135 steps (84%) done
[Fri Nov 20 14:57:48 2020]
Finished job 20.
115 of 135 steps (85%) done
[Fri Nov 20 14:57:48 2020]
Finished job 105.
116 of 135 steps (86%) done
[Fri Nov 20 14:57:48 2020]
Finished job 60.
117 of 135 steps (87%) done
[Fri Nov 20 14:57:48 2020]
Finished job 97.
118 of 135 steps (87%) done
[Fri Nov 20 14:57:48 2020]
Finished job 112.
119 of 135 steps (88%) done
Select jobs to execute...

[Fri Nov 20 14:57:48 2020]
rule get_coords:
    input: data/starting_files/ENSSSCG00000012371
    output: data/gene_coords/ENSSSCG00000012371.gene, data/var_coords/ENSSSCG00000012371.vars, data/complete_coords/ENSSSCG00000012371.complete
    jobid: 58
    wildcards: id=ENSSSCG00000012371

[Fri Nov 20 14:57:48 2020]
rule get_coords:
    input: data/starting_files/ENSSSCG00000011033
    output: data/gene_coords/ENSSSCG00000011033.gene, data/var_coords/ENSSSCG00000011033.vars, data/complete_coords/ENSSSCG00000011033.complete
    jobid: 88
    wildcards: id=ENSSSCG00000011033

[Fri Nov 20 14:57:48 2020]
rule get_coords:
    input: data/starting_files/ENSSSCG00000001741
    output: data/gene_coords/ENSSSCG00000001741.gene, data/var_coords/ENSSSCG00000001741.vars, data/complete_coords/ENSSSCG00000001741.complete
    jobid: 95
    wildcards: id=ENSSSCG00000001741


[Fri Nov 20 14:57:48 2020]
rule get_coords:
    input: data/starting_files/ENSSSCG00000004904
    output: data/gene_coords/ENSSSCG00000004904.gene, data/var_coords/ENSSSCG00000004904.vars, data/complete_coords/ENSSSCG00000004904.complete
    jobid: 106
    wildcards: id=ENSSSCG00000004904


[Fri Nov 20 14:57:48 2020]
rule get_coords:
    input: data/starting_files/ENSSSCG00000005163
    output: data/gene_coords/ENSSSCG00000005163.gene, data/var_coords/ENSSSCG00000005163.vars, data/complete_coords/ENSSSCG00000005163.complete
    jobid: 16
    wildcards: id=ENSSSCG00000005163

[Fri Nov 20 14:57:48 2020]
rule get_coords:
    input: data/starting_files/ENSSSCG00000010591
    output: data/gene_coords/ENSSSCG00000010591.gene, data/var_coords/ENSSSCG00000010591.vars, data/complete_coords/ENSSSCG00000010591.complete
    jobid: 110
    wildcards: id=ENSSSCG00000010591


[Fri Nov 20 14:57:48 2020]
rule get_coords:
    input: data/starting_files/ENSSSCG00000002749
    output: data/gene_coords/ENSSSCG00000002749.gene, data/var_coords/ENSSSCG00000002749.vars, data/complete_coords/ENSSSCG00000002749.complete
    jobid: 9
    wildcards: id=ENSSSCG00000002749

[Fri Nov 20 14:57:50 2020]
Finished job 58.
120 of 135 steps (89%) done
[Fri Nov 20 14:57:50 2020]
Finished job 16.
121 of 135 steps (90%) done
[Fri Nov 20 14:57:50 2020]
Finished job 106.
122 of 135 steps (90%) done
[Fri Nov 20 14:57:50 2020]
Finished job 110.
123 of 135 steps (91%) done
[Fri Nov 20 14:57:50 2020]
Finished job 95.
124 of 135 steps (92%) done
[Fri Nov 20 14:57:50 2020]
Finished job 9.
125 of 135 steps (93%) done
[Fri Nov 20 14:57:50 2020]
Finished job 88.
126 of 135 steps (93%) done
Select jobs to execute...

[Fri Nov 20 14:57:50 2020]
rule get_coords:
    input: data/starting_files/ENSSSCG00000010780
    output: data/gene_coords/ENSSSCG00000010780.gene, data/var_coords/ENSSSCG00000010780.vars, data/complete_coords/ENSSSCG00000010780.complete
    jobid: 68
    wildcards: id=ENSSSCG00000010780

[Fri Nov 20 14:57:50 2020]
rule get_coords:
    input: data/starting_files/ENSSSCG00000026592
    output: data/gene_coords/ENSSSCG00000026592.gene, data/var_coords/ENSSSCG00000026592.vars, data/complete_coords/ENSSSCG00000026592.complete
    jobid: 23
    wildcards: id=ENSSSCG00000026592


[Fri Nov 20 14:57:50 2020]
rule get_coords:
    input: data/starting_files/ENSSSCG00000007522
    output: data/gene_coords/ENSSSCG00000007522.gene, data/var_coords/ENSSSCG00000007522.vars, data/complete_coords/ENSSSCG00000007522.complete
    jobid: 66
    wildcards: id=ENSSSCG00000007522


[Fri Nov 20 14:57:50 2020]
rule get_coords:
    input: data/starting_files/ENSSSCG00000010787
    output: data/gene_coords/ENSSSCG00000010787.gene, data/var_coords/ENSSSCG00000010787.vars, data/complete_coords/ENSSSCG00000010787.complete
    jobid: 133
    wildcards: id=ENSSSCG00000010787

[Fri Nov 20 14:57:50 2020]
rule get_coords:
    input: data/starting_files/ENSSSCG00000004296
    output: data/gene_coords/ENSSSCG00000004296.gene, data/var_coords/ENSSSCG00000004296.vars, data/complete_coords/ENSSSCG00000004296.complete
    jobid: 98
    wildcards: id=ENSSSCG00000004296

[Fri Nov 20 14:57:50 2020]
rule get_coords:
    input: data/starting_files/ENSSSCG00000007221
    output: data/gene_coords/ENSSSCG00000007221.gene, data/var_coords/ENSSSCG00000007221.vars, data/complete_coords/ENSSSCG00000007221.complete
    jobid: 113
    wildcards: id=ENSSSCG00000007221

[Fri Nov 20 14:57:50 2020]
rule get_coords:
    input: data/starting_files/ENSSSCG00000007215
    output: data/gene_coords/ENSSSCG00000007215.gene, data/var_coords/ENSSSCG00000007215.vars, data/complete_coords/ENSSSCG00000007215.complete
    jobid: 132
    wildcards: id=ENSSSCG00000007215

[Fri Nov 20 14:57:51 2020]
Finished job 23.
127 of 135 steps (94%) done
[Fri Nov 20 14:57:51 2020]
Finished job 68.
128 of 135 steps (95%) done
[Fri Nov 20 14:57:52 2020]
Finished job 133.
129 of 135 steps (96%) done
[Fri Nov 20 14:57:52 2020]
Finished job 66.
130 of 135 steps (96%) done
[Fri Nov 20 14:57:52 2020]
Finished job 113.
131 of 135 steps (97%) done
[Fri Nov 20 14:57:52 2020]
Finished job 98.
132 of 135 steps (98%) done
[Fri Nov 20 14:57:52 2020]
Finished job 132.
133 of 135 steps (99%) done
Select jobs to execute...

[Fri Nov 20 14:57:52 2020]
rule get_coords:
    input: data/starting_files/ENSSSCG00000004475
    output: data/gene_coords/ENSSSCG00000004475.gene, data/var_coords/ENSSSCG00000004475.vars, data/complete_coords/ENSSSCG00000004475.complete
    jobid: 91
    wildcards: id=ENSSSCG00000004475

[Fri Nov 20 14:57:53 2020]
Finished job 91.
134 of 135 steps (99%) done
Select jobs to execute...

[Fri Nov 20 14:57:53 2020]
localrule all:
    input: data/complete_coords/ENSSSCG00000008326.complete, data/complete_coords/ENSSSCG00000026409.complete, data/complete_coords/ENSSSCG00000017399.complete, data/complete_coords/ENSSSCG00000001743.complete, data/complete_coords/ENSSSCG00000010929.complete, data/complete_coords/ENSSSCG00000029988.complete, data/complete_coords/ENSSSCG00000000866.complete, data/complete_coords/ENSSSCG00000025244.complete, data/complete_coords/ENSSSCG00000002749.complete, data/complete_coords/ENSSSCG00000010816.complete, data/complete_coords/ENSSSCG00000031002.complete, data/complete_coords/ENSSSCG00000015070.complete, data/complete_coords/ENSSSCG00000012593.complete, data/complete_coords/ENSSSCG00000026214.complete, data/complete_coords/ENSSSCG00000011453.complete, data/complete_coords/ENSSSCG00000005163.complete, data/complete_coords/ENSSSCG00000007146.complete, data/complete_coords/ENSSSCG00000016940.complete, data/complete_coords/ENSSSCG00000002961.complete, data/complete_coords/ENSSSCG00000006403.complete, data/complete_coords/ENSSSCG00000026201.complete, data/complete_coords/ENSSSCG00000006719.complete, data/complete_coords/ENSSSCG00000026592.complete, data/complete_coords/ENSSSCG00000008842.complete, data/complete_coords/ENSSSCG00000025058.complete, data/complete_coords/ENSSSCG00000023666.complete, data/complete_coords/ENSSSCG00000014428.complete, data/complete_coords/ENSSSCG00000015801.complete, data/complete_coords/ENSSSCG00000007153.complete, data/complete_coords/ENSSSCG00000002385.complete, data/complete_coords/ENSSSCG00000015048.complete, data/complete_coords/ENSSSCG00000007744.complete, data/complete_coords/ENSSSCG00000013369.complete, data/complete_coords/ENSSSCG00000001050.complete, data/complete_coords/ENSSSCG00000017121.complete, data/complete_coords/ENSSSCG00000012257.complete, data/complete_coords/ENSSSCG00000012117.complete, data/complete_coords/ENSSSCG00000010554.complete, data/complete_coords/ENSSSCG00000006648.complete, data/complete_coords/ENSSSCG00000023876.complete, data/complete_coords/ENSSSCG00000011436.complete, data/complete_coords/ENSSSCG00000011512.complete, data/complete_coords/ENSSSCG00000011850.complete, data/complete_coords/ENSSSCG00000001404.complete, data/complete_coords/ENSSSCG00000000922.complete, data/complete_coords/ENSSSCG00000001428.complete, data/complete_coords/ENSSSCG00000004875.complete, data/complete_coords/ENSSSCG00000026583.complete, data/complete_coords/ENSSSCG00000006215.complete, data/complete_coords/ENSSSCG00000009115.complete, data/complete_coords/ENSSSCG00000007226.complete, data/complete_coords/ENSSSCG00000010459.complete, data/complete_coords/ENSSSCG00000010948.complete, data/complete_coords/ENSSSCG00000002686.complete, data/complete_coords/ENSSSCG00000016273.complete, data/complete_coords/ENSSSCG00000020924.complete, data/complete_coords/ENSSSCG00000008948.complete, data/complete_coords/ENSSSCG00000012371.complete, data/complete_coords/ENSSSCG00000007217.complete, data/complete_coords/ENSSSCG00000006386.complete, data/complete_coords/ENSSSCG00000028431.complete, data/complete_coords/ENSSSCG00000012077.complete, data/complete_coords/ENSSSCG00000024689.complete, data/complete_coords/ENSSSCG00000007216.complete, data/complete_coords/ENSSSCG00000008088.complete, data/complete_coords/ENSSSCG00000007522.complete, data/complete_coords/ENSSSCG00000030733.complete, data/complete_coords/ENSSSCG00000010780.complete, data/complete_coords/ENSSSCG00000017227.complete, data/complete_coords/ENSSSCG00000011862.complete, data/complete_coords/ENSSSCG00000005193.complete, data/complete_coords/ENSSSCG00000025500.complete, data/complete_coords/ENSSSCG00000010937.complete, data/complete_coords/ENSSSCG00000009406.complete, data/complete_coords/ENSSSCG00000005503.complete, data/complete_coords/ENSSSCG00000002777.complete, data/complete_coords/ENSSSCG00000029990.complete, data/complete_coords/ENSSSCG00000015616.complete, data/complete_coords/ENSSSCG00000020864.complete, data/complete_coords/ENSSSCG00000030168.complete, data/complete_coords/ENSSSCG00000003141.complete, data/complete_coords/ENSSSCG00000027877.complete, data/complete_coords/ENSSSCG00000013579.complete, data/complete_coords/ENSSSCG00000007277.complete, data/complete_coords/ENSSSCG00000010310.complete, data/complete_coords/ENSSSCG00000002756.complete, data/complete_coords/ENSSSCG00000009695.complete, data/complete_coords/ENSSSCG00000011033.complete, data/complete_coords/ENSSSCG00000012840.complete, data/complete_coords/ENSSSCG00000028629.complete, data/complete_coords/ENSSSCG00000004475.complete, data/complete_coords/ENSSSCG00000016200.complete, data/complete_coords/ENSSSCG00000009477.complete, data/complete_coords/ENSSSCG00000008521.complete, data/complete_coords/ENSSSCG00000001741.complete, data/complete_coords/ENSSSCG00000012118.complete, data/complete_coords/ENSSSCG00000027555.complete, data/complete_coords/ENSSSCG00000004296.complete, data/complete_coords/ENSSSCG00000015652.complete, data/complete_coords/ENSSSCG00000008090.complete, data/complete_coords/ENSSSCG00000025273.complete, data/complete_coords/ENSSSCG00000031069.complete, data/complete_coords/ENSSSCG00000024973.complete, data/complete_coords/ENSSSCG00000023686.complete, data/complete_coords/ENSSSCG00000031060.complete, data/complete_coords/ENSSSCG00000004904.complete, data/complete_coords/ENSSSCG00000007214.complete, data/complete_coords/ENSSSCG00000017103.complete, data/complete_coords/ENSSSCG00000021739.complete, data/complete_coords/ENSSSCG00000010591.complete, data/complete_coords/ENSSSCG00000015053.complete, data/complete_coords/ENSSSCG00000014170.complete, data/complete_coords/ENSSSCG00000007221.complete, data/complete_coords/ENSSSCG00000003130.complete, data/complete_coords/ENSSSCG00000009002.complete, data/complete_coords/ENSSSCG00000007218.complete, data/complete_coords/ENSSSCG00000024497.complete, data/complete_coords/ENSSSCG00000005488.complete, data/complete_coords/ENSSSCG00000030758.complete, data/complete_coords/ENSSSCG00000011147.complete, data/complete_coords/ENSSSCG00000027850.complete, data/complete_coords/ENSSSCG00000026109.complete, data/complete_coords/ENSSSCG00000010885.complete, data/complete_coords/ENSSSCG00000003017.complete, data/complete_coords/ENSSSCG00000016047.complete, data/complete_coords/ENSSSCG00000000038.complete, data/complete_coords/ENSSSCG00000000932.complete, data/complete_coords/ENSSSCG00000030227.complete, data/complete_coords/ENSSSCG00000022432.complete, data/complete_coords/ENSSSCG00000006337.complete, data/complete_coords/ENSSSCG00000000481.complete, data/complete_coords/ENSSSCG00000007215.complete, data/complete_coords/ENSSSCG00000010787.complete, data/complete_coords/ENSSSCG00000006924.complete
    jobid: 0

[Fri Nov 20 14:57:53 2020]
Finished job 0.
135 of 135 steps (100%) done
Complete log: /home/pelmo/sscrofa_variant_remapping/.snakemake/log/2020-11-20T145723.581086.snakemake.log
