Building DAG of jobs...
Using shell: /usr/bin/bash
Provided cores: 7
Rules claiming more threads will be scaled down.
Job counts:
	count	jobs
	1	all
	134	remap_genes
	135

[Thu Nov 19 19:04:05 2020]
rule remap_genes:
    input: data/gene_coords/ENSSSCG00000001050.gene
    output: data/gene_coords_remapped/ENSSSCG00000001050.gene.annot, data/gene_coords_remapped/ENSSSCG00000001050.gene.report
    jobid: 67
    wildcards: id=ENSSSCG00000001050


[Thu Nov 19 19:04:05 2020]
rule remap_genes:
    input: data/gene_coords/ENSSSCG00000001743.gene
    output: data/gene_coords_remapped/ENSSSCG00000001743.gene.annot, data/gene_coords_remapped/ENSSSCG00000001743.gene.report
    jobid: 7
    wildcards: id=ENSSSCG00000001743


[Thu Nov 19 19:04:05 2020]
rule remap_genes:
    input: data/gene_coords/ENSSSCG00000020864.gene
    output: data/gene_coords_remapped/ENSSSCG00000020864.gene.annot, data/gene_coords_remapped/ENSSSCG00000020864.gene.report
    jobid: 157
    wildcards: id=ENSSSCG00000020864


[Thu Nov 19 19:04:05 2020]
rule remap_genes:
    input: data/gene_coords/ENSSSCG00000002756.gene
    output: data/gene_coords_remapped/ENSSSCG00000002756.gene.annot, data/gene_coords_remapped/ENSSSCG00000002756.gene.report
    jobid: 171
    wildcards: id=ENSSSCG00000002756


[Thu Nov 19 19:04:05 2020]
rule remap_genes:
    input: data/gene_coords/ENSSSCG00000007522.gene
    output: data/gene_coords_remapped/ENSSSCG00000007522.gene.annot, data/gene_coords_remapped/ENSSSCG00000007522.gene.report
    jobid: 131
    wildcards: id=ENSSSCG00000007522


[Thu Nov 19 19:04:05 2020]
rule remap_genes:
    input: data/gene_coords/ENSSSCG00000025273.gene
    output: data/gene_coords_remapped/ENSSSCG00000025273.gene.annot, data/gene_coords_remapped/ENSSSCG00000025273.gene.report
    jobid: 201
    wildcards: id=ENSSSCG00000025273


[Thu Nov 19 19:04:05 2020]
rule remap_genes:
    input: data/gene_coords/ENSSSCG00000025500.gene
    output: data/gene_coords_remapped/ENSSSCG00000025500.gene.annot, data/gene_coords_remapped/ENSSSCG00000025500.gene.report
    jobid: 143
    wildcards: id=ENSSSCG00000025500

[Thu Nov 19 19:04:05 2020]
Error in rule remap_genes:
    jobid: 7
    output: data/gene_coords_remapped/ENSSSCG00000001743.gene.annot, data/gene_coords_remapped/ENSSSCG00000001743.gene.report
    shell:
        bash scripts/remap_gene.sh data/gene_coords/ENSSSCG00000001743.gene data/gene_coords_remapped/ENSSSCG00000001743.gene.annot data/gene_coords_remapped/ENSSSCG00000001743.gene.report
        (one of the commands exited with non-zero exit code; note that snakemake uses bash strict mode!)

[Thu Nov 19 19:04:05 2020]
[Thu Nov 19 19:04:05 2020]
[Thu Nov 19 19:04:05 2020]
Error in rule remap_genes:
[Thu Nov 19 19:04:05 2020]
Error in rule remap_genes:
Error in rule remap_genes:
    jobid: 131
Error in rule remap_genes:
    jobid: 157
    jobid: 67
    output: data/gene_coords_remapped/ENSSSCG00000007522.gene.annot, data/gene_coords_remapped/ENSSSCG00000007522.gene.report
    jobid: 171
    output: data/gene_coords_remapped/ENSSSCG00000020864.gene.annot, data/gene_coords_remapped/ENSSSCG00000020864.gene.report
    output: data/gene_coords_remapped/ENSSSCG00000001050.gene.annot, data/gene_coords_remapped/ENSSSCG00000001050.gene.report
    shell:
        bash scripts/remap_gene.sh data/gene_coords/ENSSSCG00000007522.gene data/gene_coords_remapped/ENSSSCG00000007522.gene.annot data/gene_coords_remapped/ENSSSCG00000007522.gene.report
        (one of the commands exited with non-zero exit code; note that snakemake uses bash strict mode!)
    output: data/gene_coords_remapped/ENSSSCG00000002756.gene.annot, data/gene_coords_remapped/ENSSSCG00000002756.gene.report
    shell:
        bash scripts/remap_gene.sh data/gene_coords/ENSSSCG00000020864.gene data/gene_coords_remapped/ENSSSCG00000020864.gene.annot data/gene_coords_remapped/ENSSSCG00000020864.gene.report
        (one of the commands exited with non-zero exit code; note that snakemake uses bash strict mode!)
    shell:
        bash scripts/remap_gene.sh data/gene_coords/ENSSSCG00000001050.gene data/gene_coords_remapped/ENSSSCG00000001050.gene.annot data/gene_coords_remapped/ENSSSCG00000001050.gene.report
        (one of the commands exited with non-zero exit code; note that snakemake uses bash strict mode!)

    shell:
        bash scripts/remap_gene.sh data/gene_coords/ENSSSCG00000002756.gene data/gene_coords_remapped/ENSSSCG00000002756.gene.annot data/gene_coords_remapped/ENSSSCG00000002756.gene.report
        (one of the commands exited with non-zero exit code; note that snakemake uses bash strict mode!)



[Thu Nov 19 19:04:05 2020]
Error in rule remap_genes:
    jobid: 201
    output: data/gene_coords_remapped/ENSSSCG00000025273.gene.annot, data/gene_coords_remapped/ENSSSCG00000025273.gene.report
    shell:
        bash scripts/remap_gene.sh data/gene_coords/ENSSSCG00000025273.gene data/gene_coords_remapped/ENSSSCG00000025273.gene.annot data/gene_coords_remapped/ENSSSCG00000025273.gene.report
        (one of the commands exited with non-zero exit code; note that snakemake uses bash strict mode!)

[Thu Nov 19 19:04:05 2020]
Error in rule remap_genes:
    jobid: 143
    output: data/gene_coords_remapped/ENSSSCG00000025500.gene.annot, data/gene_coords_remapped/ENSSSCG00000025500.gene.report
    shell:
        bash scripts/remap_gene.sh data/gene_coords/ENSSSCG00000025500.gene data/gene_coords_remapped/ENSSSCG00000025500.gene.annot data/gene_coords_remapped/ENSSSCG00000025500.gene.report
        (one of the commands exited with non-zero exit code; note that snakemake uses bash strict mode!)

Shutting down, this might take some time.
Exiting because a job execution failed. Look above for error message
Complete log: /home/pelmo/tesi/remap_sscrofa/.snakemake/log/2020-11-19T190405.051397.snakemake.log
